2026-02-08 03:19:31,415 - INFO - Scraper started
2026-02-08 03:19:43,746 - INFO - Browser listening on: ws://127.0.0.1:53443/devtools/browser/68ae2489-1a18-4c83-820e-4b7a01b81fd8
2026-02-08 03:19:59,161 - WARNING - Warning: 'NoneType' object has no attribute 'getProperty'
2026-02-08 03:20:02,124 - WARNING - Warning: 'NoneType' object has no attribute 'getProperty'
2026-02-08 03:20:03,600 - WARNING - Warning: 'NoneType' object has no attribute 'getProperty'
2026-02-08 03:20:06,829 - WARNING - Warning: 'NoneType' object has no attribute 'getProperty'
2026-02-08 03:20:13,515 - WARNING - Warning: 'NoneType' object has no attribute 'getProperty'
2026-02-08 03:20:15,260 - WARNING - Warning: 'NoneType' object has no attribute 'getProperty'
2026-02-08 03:20:18,681 - WARNING - Warning: 'NoneType' object has no attribute 'getProperty'
2026-02-08 03:20:24,879 - WARNING - Warning: 'NoneType' object has no attribute 'getProperty'
2026-02-08 03:20:28,268 - WARNING - Warning: 'NoneType' object has no attribute 'getProperty'
2026-02-08 03:20:29,919 - WARNING - Warning: 'NoneType' object has no attribute 'getProperty'
2026-02-08 03:20:37,627 - WARNING - Warning: 'NoneType' object has no attribute 'getProperty'
2026-02-08 03:20:41,574 - WARNING - Warning: 'NoneType' object has no attribute 'getProperty'
2026-02-08 03:20:42,900 - WARNING - Warning: 'NoneType' object has no attribute 'getProperty'
2026-02-08 03:20:44,283 - WARNING - Warning: 'NoneType' object has no attribute 'getProperty'
2026-02-08 03:20:44,293 - INFO - End Page Analysis | Total Card: 32| Total Scrape: 32
2026-02-08 03:20:49,445 - WARNING - Warning: 'NoneType' object has no attribute 'getProperty'
2026-02-08 03:20:51,043 - WARNING - Warning: 'NoneType' object has no attribute 'getProperty'
2026-02-08 03:21:00,187 - WARNING - Warning: 'NoneType' object has no attribute 'getProperty'
2026-02-08 03:21:04,453 - WARNING - Warning: 'NoneType' object has no attribute 'getProperty'
2026-02-08 03:21:05,740 - WARNING - Warning: 'NoneType' object has no attribute 'getProperty'
2026-02-08 03:21:10,094 - WARNING - Warning: 'NoneType' object has no attribute 'getProperty'
2026-02-08 03:21:18,119 - WARNING - Warning: 'NoneType' object has no attribute 'getProperty'
2026-02-08 03:21:18,141 - WARNING - Warning: Unsupported relative time format
2026-02-08 03:21:19,542 - WARNING - Warning: 'NoneType' object has no attribute 'getProperty'
2026-02-08 03:21:31,054 - WARNING - Warning: 'NoneType' object has no attribute 'getProperty'
2026-02-08 03:21:32,277 - WARNING - Warning: 'NoneType' object has no attribute 'getProperty'
2026-02-08 03:21:33,752 - WARNING - Warning: 'NoneType' object has no attribute 'getProperty'
2026-02-08 03:21:33,764 - INFO - End Page Analysis | Total Card: 32| Total Scrape: 32
2026-02-08 03:21:38,850 - WARNING - Warning: 'NoneType' object has no attribute 'getProperty'
2026-02-08 03:21:40,465 - WARNING - Warning: 'NoneType' object has no attribute 'getProperty'
2026-02-08 03:21:42,114 - WARNING - Warning: 'NoneType' object has no attribute 'getProperty'
2026-02-08 03:21:49,470 - WARNING - Warning: 'NoneType' object has no attribute 'getProperty'
2026-02-08 03:21:51,007 - WARNING - Warning: 'NoneType' object has no attribute 'getProperty'
2026-02-08 03:21:52,539 - WARNING - Warning: 'NoneType' object has no attribute 'getProperty'
2026-02-08 03:21:55,548 - WARNING - Warning: 'NoneType' object has no attribute 'getProperty'
2026-02-08 03:21:59,101 - WARNING - Warning: 'NoneType' object has no attribute 'getProperty'
2026-02-08 03:22:02,131 - WARNING - Warning: 'NoneType' object has no attribute 'getProperty'
2026-02-08 03:22:05,492 - WARNING - Warning: 'NoneType' object has no attribute 'getProperty'
2026-02-08 03:22:08,747 - WARNING - Warning: 'NoneType' object has no attribute 'getProperty'
2026-02-08 03:22:20,269 - WARNING - Warning: 'NoneType' object has no attribute 'getProperty'
2026-02-08 03:22:23,353 - WARNING - Warning: 'NoneType' object has no attribute 'getProperty'
2026-02-08 03:22:26,972 - WARNING - Warning: 'NoneType' object has no attribute 'getProperty'
2026-02-08 03:22:26,982 - INFO - End Page Analysis | Total Card: 32| Total Scrape: 32
2026-02-08 03:22:32,464 - WARNING - Warning: 'NoneType' object has no attribute 'getProperty'
2026-02-08 03:22:37,511 - WARNING - Warning: 'NoneType' object has no attribute 'getProperty'
2026-02-08 03:22:39,145 - WARNING - Warning: 'NoneType' object has no attribute 'getProperty'
2026-02-08 03:22:40,729 - WARNING - Warning: 'NoneType' object has no attribute 'getProperty'
2026-02-08 03:22:42,509 - WARNING - Warning: 'NoneType' object has no attribute 'getProperty'
2026-02-08 03:22:44,198 - WARNING - Warning: 'NoneType' object has no attribute 'getProperty'
2026-02-08 03:22:45,742 - WARNING - Warning: 'NoneType' object has no attribute 'getProperty'
2026-02-08 03:22:47,426 - WARNING - Warning: 'NoneType' object has no attribute 'getProperty'
2026-02-08 03:22:49,070 - WARNING - Warning: 'NoneType' object has no attribute 'getProperty'
2026-02-08 03:22:50,802 - WARNING - Warning: 'NoneType' object has no attribute 'getProperty'
2026-02-08 03:22:52,583 - WARNING - Warning: 'NoneType' object has no attribute 'getProperty'
2026-02-08 03:22:56,144 - WARNING - Warning: 'NoneType' object has no attribute 'getProperty'
2026-02-08 03:22:58,448 - WARNING - Warning: 'NoneType' object has no attribute 'getProperty'
2026-02-08 03:23:05,062 - WARNING - Warning: 'NoneType' object has no attribute 'getProperty'
2026-02-08 03:23:06,638 - WARNING - Warning: 'NoneType' object has no attribute 'getProperty'
2026-02-08 03:23:08,400 - WARNING - Warning: 'NoneType' object has no attribute 'getProperty'
2026-02-08 03:23:10,020 - WARNING - Warning: 'NoneType' object has no attribute 'getProperty'
2026-02-08 03:23:11,777 - WARNING - Warning: 'NoneType' object has no attribute 'getProperty'
2026-02-08 03:23:13,431 - WARNING - Warning: 'NoneType' object has no attribute 'getProperty'
2026-02-08 03:23:13,436 - WARNING - Warning: Unsupported relative time format
2026-02-08 03:23:17,869 - WARNING - Warning: 'NoneType' object has no attribute 'getProperty'
2026-02-08 03:23:20,107 - WARNING - Warning: 'NoneType' object has no attribute 'getProperty'
2026-02-08 03:23:22,306 - WARNING - Warning: 'NoneType' object has no attribute 'getProperty'
2026-02-08 03:23:24,423 - WARNING - Warning: 'NoneType' object has no attribute 'getProperty'
2026-02-08 03:23:26,588 - INFO - End Page Analysis | Total Card: 32| Total Scrape: 32
2026-02-08 03:23:31,050 - WARNING - Warning: 'NoneType' object has no attribute 'getProperty'
2026-02-08 03:23:34,405 - WARNING - Warning: 'NoneType' object has no attribute 'getProperty'
2026-02-08 03:23:36,051 - WARNING - Warning: 'NoneType' object has no attribute 'getProperty'
2026-02-08 03:23:39,399 - WARNING - Warning: 'NoneType' object has no attribute 'getProperty'
2026-02-08 03:23:44,469 - WARNING - Warning: Unsupported relative time format
2026-02-08 03:23:46,285 - WARNING - Warning: 'NoneType' object has no attribute 'getProperty'
2026-02-08 03:23:49,684 - WARNING - Warning: 'NoneType' object has no attribute 'getProperty'
2026-02-08 03:23:51,402 - WARNING - Warning: 'NoneType' object has no attribute 'getProperty'
2026-02-08 03:23:53,108 - WARNING - Warning: 'NoneType' object has no attribute 'getProperty'
2026-02-08 03:23:59,132 - WARNING - Warning: 'NoneType' object has no attribute 'getProperty'
2026-02-08 03:24:01,024 - WARNING - Warning: 'NoneType' object has no attribute 'getProperty'
2026-02-08 03:24:02,859 - WARNING - Warning: 'NoneType' object has no attribute 'getProperty'
2026-02-08 03:24:04,479 - WARNING - Warning: 'NoneType' object has no attribute 'getProperty'
2026-02-08 03:24:06,187 - WARNING - Warning: 'NoneType' object has no attribute 'getProperty'
2026-02-08 03:24:08,188 - WARNING - Warning: 'NoneType' object has no attribute 'getProperty'
2026-02-08 03:24:10,165 - WARNING - Warning: 'NoneType' object has no attribute 'getProperty'
2026-02-08 03:24:11,861 - WARNING - Warning: 'NoneType' object has no attribute 'getProperty'
2026-02-08 03:24:13,629 - WARNING - Warning: 'NoneType' object has no attribute 'getProperty'
2026-02-08 03:24:15,320 - WARNING - Warning: 'NoneType' object has no attribute 'getProperty'
2026-02-08 03:24:19,220 - WARNING - Warning: 'NoneType' object has no attribute 'getProperty'
2026-02-08 03:24:20,987 - WARNING - Warning: 'NoneType' object has no attribute 'getProperty'
2026-02-08 03:24:22,711 - WARNING - Warning: 'NoneType' object has no attribute 'getProperty'
2026-02-08 03:24:24,685 - WARNING - Warning: 'NoneType' object has no attribute 'getProperty'
2026-02-08 03:24:26,611 - WARNING - Warning: 'NoneType' object has no attribute 'getProperty'
2026-02-08 03:24:26,623 - INFO - End Page Analysis | Total Card: 32| Total Scrape: 32
2026-02-08 03:24:28,838 - INFO - End Full Analysis | Total Card: 160| Total Scrape: 160
2026-02-08 03:24:36,591 - WARNING - Warning: 'NoneType' object has no attribute 'getProperty'
2026-02-08 03:24:41,269 - WARNING - Warning: 'NoneType' object has no attribute 'getProperty'
2026-02-08 03:24:57,385 - WARNING - Warning: 'NoneType' object has no attribute 'getProperty'
2026-02-08 03:25:07,213 - WARNING - Warning: 'NoneType' object has no attribute 'getProperty'
2026-02-08 03:25:17,882 - WARNING - Warning: 'NoneType' object has no attribute 'getProperty'
2026-02-08 03:25:19,394 - WARNING - Warning: 'NoneType' object has no attribute 'getProperty'
2026-02-08 03:25:19,404 - INFO - End Page Analysis | Total Card: 32| Total Scrape: 32
2026-02-08 03:25:22,993 - WARNING - Warning: 'NoneType' object has no attribute 'getProperty'
2026-02-08 03:25:24,431 - WARNING - Warning: 'NoneType' object has no attribute 'getProperty'
2026-02-08 03:25:25,696 - WARNING - Warning: 'NoneType' object has no attribute 'getProperty'
2026-02-08 03:25:28,705 - WARNING - Warning: 'NoneType' object has no attribute 'getProperty'
2026-02-08 03:25:30,183 - WARNING - Warning: 'NoneType' object has no attribute 'getProperty'
2026-02-08 03:25:31,560 - WARNING - Warning: Unsupported relative time format
2026-02-08 03:25:32,824 - WARNING - Warning: 'NoneType' object has no attribute 'getProperty'
2026-02-08 03:25:34,285 - WARNING - Warning: 'NoneType' object has no attribute 'getProperty'
2026-02-08 03:25:41,449 - WARNING - Warning: 'NoneType' object has no attribute 'getProperty'
2026-02-08 03:25:44,306 - WARNING - Warning: 'NoneType' object has no attribute 'getProperty'
2026-02-08 03:25:45,808 - WARNING - Warning: 'NoneType' object has no attribute 'getProperty'
2026-02-08 03:25:48,584 - WARNING - Warning: 'NoneType' object has no attribute 'getProperty'
2026-02-08 03:25:49,935 - WARNING - Warning: 'NoneType' object has no attribute 'getProperty'
2026-02-08 03:26:01,556 - WARNING - Warning: 'NoneType' object has no attribute 'getProperty'
2026-02-08 03:26:06,267 - WARNING - Warning: 'NoneType' object has no attribute 'getProperty'
2026-02-08 03:26:07,774 - INFO - End Page Analysis | Total Card: 32| Total Scrape: 32
2026-02-08 03:26:12,836 - WARNING - Warning: 'NoneType' object has no attribute 'getProperty'
2026-02-08 03:26:17,367 - WARNING - Warning: 'NoneType' object has no attribute 'getProperty'
2026-02-08 03:26:18,978 - WARNING - Warning: 'NoneType' object has no attribute 'getProperty'
2026-02-08 03:26:22,049 - WARNING - Warning: 'NoneType' object has no attribute 'getProperty'
2026-02-08 03:26:23,495 - WARNING - Warning: 'NoneType' object has no attribute 'getProperty'
2026-02-08 03:26:24,930 - WARNING - Warning: 'NoneType' object has no attribute 'getProperty'
2026-02-08 03:26:28,264 - WARNING - Warning: 'NoneType' object has no attribute 'getProperty'
2026-02-08 03:26:32,587 - WARNING - Warning: 'NoneType' object has no attribute 'getProperty'
2026-02-08 03:26:34,545 - WARNING - Warning: 'NoneType' object has no attribute 'getProperty'
2026-02-08 03:26:39,166 - WARNING - Warning: 'NoneType' object has no attribute 'getProperty'
2026-02-08 03:26:49,023 - WARNING - Warning: 'NoneType' object has no attribute 'getProperty'
2026-02-08 03:26:57,155 - WARNING - Warning: 'NoneType' object has no attribute 'getProperty'
2026-02-08 03:27:00,315 - INFO - End Page Analysis | Total Card: 32| Total Scrape: 32
2026-02-08 03:27:04,134 - WARNING - Warning: 'NoneType' object has no attribute 'getProperty'
2026-02-08 03:27:05,839 - WARNING - Warning: 'NoneType' object has no attribute 'getProperty'
2026-02-08 03:27:09,584 - WARNING - Warning: 'NoneType' object has no attribute 'getProperty'
2026-02-08 03:27:11,028 - WARNING - Warning: 'NoneType' object has no attribute 'getProperty'
2026-02-08 03:27:17,531 - WARNING - Warning: 'NoneType' object has no attribute 'getProperty'
2026-02-08 03:27:20,854 - WARNING - Warning: 'NoneType' object has no attribute 'getProperty'
2026-02-08 03:27:22,576 - WARNING - Warning: 'NoneType' object has no attribute 'getProperty'
2026-02-08 03:27:26,284 - WARNING - Warning: 'NoneType' object has no attribute 'getProperty'
2026-02-08 03:27:27,947 - WARNING - Warning: 'NoneType' object has no attribute 'getProperty'
2026-02-08 03:27:32,846 - WARNING - Warning: 'NoneType' object has no attribute 'getProperty'
2026-02-08 03:27:41,687 - WARNING - Warning: 'NoneType' object has no attribute 'getProperty'
2026-02-08 03:27:49,783 - WARNING - Warning: 'NoneType' object has no attribute 'getProperty'
2026-02-08 03:27:53,310 - WARNING - Warning: 'NoneType' object has no attribute 'getProperty'
2026-02-08 03:27:53,315 - WARNING - Warning: Unsupported relative time format
2026-02-08 03:27:56,566 - INFO - End Page Analysis | Total Card: 32| Total Scrape: 32
2026-02-08 03:28:00,717 - WARNING - Warning: 'NoneType' object has no attribute 'getProperty'
2026-02-08 03:28:03,297 - WARNING - Warning: 'NoneType' object has no attribute 'getProperty'
2026-02-08 03:28:06,842 - WARNING - Warning: 'NoneType' object has no attribute 'getProperty'
2026-02-08 03:28:08,656 - WARNING - Warning: 'NoneType' object has no attribute 'getProperty'
2026-02-08 03:28:13,757 - WARNING - Warning: 'NoneType' object has no attribute 'getProperty'
2026-02-08 03:28:15,595 - WARNING - Warning: 'NoneType' object has no attribute 'getProperty'
2026-02-08 03:28:17,228 - WARNING - Warning: 'NoneType' object has no attribute 'getProperty'
2026-02-08 03:28:19,028 - WARNING - Warning: 'NoneType' object has no attribute 'getProperty'
2026-02-08 03:28:28,277 - WARNING - Warning: 'NoneType' object has no attribute 'getProperty'
2026-02-08 03:28:31,935 - WARNING - Warning: 'NoneType' object has no attribute 'getProperty'
2026-02-08 03:28:33,933 - WARNING - Warning: Unsupported relative time format
2026-02-08 03:28:41,399 - WARNING - Warning: 'NoneType' object has no attribute 'getProperty'
2026-02-08 03:28:43,296 - WARNING - Warning: 'NoneType' object has no attribute 'getProperty'
2026-02-08 03:28:47,179 - WARNING - Warning: 'NoneType' object has no attribute 'getProperty'
2026-02-08 03:28:54,396 - WARNING - Warning: 'NoneType' object has no attribute 'getProperty'
2026-02-08 03:28:56,757 - WARNING - Warning: 'NoneType' object has no attribute 'getProperty'
2026-02-08 03:28:58,660 - WARNING - Warning: 'NoneType' object has no attribute 'getProperty'
2026-02-08 03:28:58,685 - INFO - End Page Analysis | Total Card: 32| Total Scrape: 32
2026-02-08 03:29:00,876 - INFO - End Full Analysis | Total Card: 160| Total Scrape: 160
2026-02-08 03:29:08,007 - WARNING - Warning: 'NoneType' object has no attribute 'getProperty'
2026-02-08 03:29:09,581 - WARNING - Warning: 'NoneType' object has no attribute 'getProperty'
2026-02-08 03:29:22,242 - WARNING - Warning: 'NoneType' object has no attribute 'getProperty'
2026-02-08 03:29:29,687 - WARNING - Warning: 'NoneType' object has no attribute 'getProperty'
2026-02-08 03:29:33,841 - WARNING - Warning: 'NoneType' object has no attribute 'getProperty'
2026-02-08 03:29:38,412 - WARNING - Warning: 'NoneType' object has no attribute 'getProperty'
2026-02-08 03:29:39,885 - WARNING - Warning: 'NoneType' object has no attribute 'getProperty'
2026-02-08 03:29:47,620 - WARNING - Warning: 'NoneType' object has no attribute 'getProperty'
2026-02-08 03:29:51,528 - INFO - End Page Analysis | Total Card: 32| Total Scrape: 32
2026-02-08 03:29:55,030 - WARNING - Warning: 'NoneType' object has no attribute 'getProperty'
2026-02-08 03:29:58,905 - WARNING - Warning: 'NoneType' object has no attribute 'getProperty'
2026-02-08 03:30:07,222 - WARNING - Warning: 'NoneType' object has no attribute 'getProperty'
2026-02-08 03:30:08,615 - WARNING - Warning: 'NoneType' object has no attribute 'getProperty'
2026-02-08 03:30:16,245 - WARNING - Warning: 'NoneType' object has no attribute 'getProperty'
2026-02-08 03:30:21,991 - WARNING - Warning: 'NoneType' object has no attribute 'getProperty'
2026-02-08 03:30:29,091 - WARNING - Warning: 'NoneType' object has no attribute 'getProperty'
2026-02-08 03:30:30,802 - WARNING - Warning: 'NoneType' object has no attribute 'getProperty'
2026-02-08 03:30:36,772 - WARNING - Warning: 'NoneType' object has no attribute 'getProperty'
2026-02-08 03:30:40,094 - INFO - End Page Analysis | Total Card: 32| Total Scrape: 32
2026-02-08 03:30:45,411 - WARNING - Warning: 'NoneType' object has no attribute 'getProperty'
2026-02-08 03:30:50,417 - WARNING - Warning: Unsupported relative time format
2026-02-08 03:31:01,803 - WARNING - Warning: 'NoneType' object has no attribute 'getProperty'
2026-02-08 03:31:10,687 - WARNING - Warning: 'NoneType' object has no attribute 'getProperty'
2026-02-08 03:31:13,804 - WARNING - Warning: 'NoneType' object has no attribute 'getProperty'
2026-02-08 03:31:19,194 - WARNING - Warning: 'NoneType' object has no attribute 'getProperty'
2026-02-08 03:31:24,011 - WARNING - Warning: 'NoneType' object has no attribute 'getProperty'
2026-02-08 03:31:25,546 - WARNING - Warning: 'NoneType' object has no attribute 'getProperty'
2026-02-08 03:31:27,208 - WARNING - Warning: 'NoneType' object has no attribute 'getProperty'
2026-02-08 03:31:34,834 - INFO - End Page Analysis | Total Card: 32| Total Scrape: 32
2026-02-08 03:31:42,109 - WARNING - Warning: 'NoneType' object has no attribute 'getProperty'
2026-02-08 03:31:53,331 - WARNING - Warning: 'NoneType' object has no attribute 'getProperty'
2026-02-08 03:31:56,493 - WARNING - Warning: 'NoneType' object has no attribute 'getProperty'
2026-02-08 03:31:59,861 - WARNING - Warning: 'NoneType' object has no attribute 'getProperty'
2026-02-08 03:32:04,765 - WARNING - Warning: 'NoneType' object has no attribute 'getProperty'
2026-02-08 03:32:06,454 - WARNING - Warning: 'NoneType' object has no attribute 'getProperty'
2026-02-08 03:32:08,203 - WARNING - Warning: 'NoneType' object has no attribute 'getProperty'
2026-02-08 03:32:11,778 - WARNING - Warning: 'NoneType' object has no attribute 'getProperty'
2026-02-08 03:32:17,223 - WARNING - Warning: 'NoneType' object has no attribute 'getProperty'
2026-02-08 03:32:18,815 - WARNING - Warning: 'NoneType' object has no attribute 'getProperty'
2026-02-08 03:32:31,309 - WARNING - Warning: 'NoneType' object has no attribute 'getProperty'
2026-02-08 03:32:31,322 - INFO - End Page Analysis | Total Card: 32| Total Scrape: 32
2026-02-08 03:32:39,235 - WARNING - Warning: 'NoneType' object has no attribute 'getProperty'
2026-02-08 03:32:41,050 - WARNING - Warning: 'NoneType' object has no attribute 'getProperty'
2026-02-08 03:32:46,281 - WARNING - Warning: Unsupported relative time format
2026-02-08 03:32:48,127 - WARNING - Warning: 'NoneType' object has no attribute 'getProperty'
2026-02-08 03:32:51,872 - WARNING - Warning: 'NoneType' object has no attribute 'getProperty'
2026-02-08 03:33:12,014 - WARNING - Warning: 'NoneType' object has no attribute 'getProperty'
2026-02-08 03:33:13,906 - WARNING - Warning: 'NoneType' object has no attribute 'getProperty'
2026-02-08 03:33:15,638 - WARNING - Warning: 'NoneType' object has no attribute 'getProperty'
2026-02-08 03:33:33,290 - INFO - End Page Analysis | Total Card: 32| Total Scrape: 32
2026-02-08 03:33:35,470 - INFO - End Full Analysis | Total Card: 160| Total Scrape: 160
2026-02-08 03:33:42,685 - WARNING - Warning: 'NoneType' object has no attribute 'getProperty'
2026-02-08 03:33:48,981 - WARNING - Warning: 'NoneType' object has no attribute 'getProperty'
2026-02-08 03:33:53,430 - WARNING - Warning: 'NoneType' object has no attribute 'getProperty'
2026-02-08 03:33:54,817 - WARNING - Warning: 'NoneType' object has no attribute 'getProperty'
2026-02-08 03:34:01,848 - WARNING - Warning: 'NoneType' object has no attribute 'getProperty'
2026-02-08 03:34:03,426 - WARNING - Warning: 'NoneType' object has no attribute 'getProperty'
2026-02-08 03:34:06,094 - WARNING - Warning: 'NoneType' object has no attribute 'getProperty'
2026-02-08 03:34:11,711 - WARNING - Warning: 'NoneType' object has no attribute 'getProperty'
2026-02-08 03:34:13,049 - WARNING - Warning: 'NoneType' object has no attribute 'getProperty'
2026-02-08 03:34:18,703 - WARNING - Warning: 'NoneType' object has no attribute 'getProperty'
2026-02-08 03:34:23,461 - WARNING - Warning: 'NoneType' object has no attribute 'getProperty'
2026-02-08 03:34:25,292 - WARNING - Warning: 'NoneType' object has no attribute 'getProperty'
2026-02-08 03:34:28,416 - INFO - End Page Analysis | Total Card: 32| Total Scrape: 32
2026-02-08 03:34:31,640 - WARNING - Warning: 'NoneType' object has no attribute 'getProperty'
2026-02-08 03:34:36,344 - WARNING - Warning: 'NoneType' object has no attribute 'getProperty'
2026-02-08 03:34:39,534 - WARNING - Warning: 'NoneType' object has no attribute 'getProperty'
2026-02-08 03:34:40,575 - WARNING - Warning: 'NoneType' object has no attribute 'getProperty'
2026-02-08 03:34:46,283 - WARNING - Warning: 'NoneType' object has no attribute 'getProperty'
2026-02-08 03:34:47,456 - WARNING - Warning: 'NoneType' object has no attribute 'getProperty'
2026-02-08 03:34:49,633 - WARNING - Warning: 'NoneType' object has no attribute 'getProperty'
2026-02-08 03:34:53,982 - WARNING - Warning: 'NoneType' object has no attribute 'getProperty'
2026-02-08 03:34:55,068 - WARNING - Warning: 'NoneType' object has no attribute 'getProperty'
2026-02-08 03:34:59,500 - WARNING - Warning: 'NoneType' object has no attribute 'getProperty'
2026-02-08 03:35:03,291 - WARNING - Warning: 'NoneType' object has no attribute 'getProperty'
2026-02-08 03:35:04,791 - WARNING - Warning: 'NoneType' object has no attribute 'getProperty'
2026-02-08 03:35:07,542 - INFO - End Page Analysis | Total Card: 32| Total Scrape: 32
2026-02-08 03:35:10,987 - WARNING - Warning: 'NoneType' object has no attribute 'getProperty'
2026-02-08 03:35:12,456 - WARNING - Warning: 'NoneType' object has no attribute 'getProperty'
2026-02-08 03:35:14,098 - WARNING - Warning: 'NoneType' object has no attribute 'getProperty'
2026-02-08 03:35:17,355 - WARNING - Warning: 'NoneType' object has no attribute 'getProperty'
2026-02-08 03:35:22,221 - WARNING - Warning: 'NoneType' object has no attribute 'getProperty'
2026-02-08 03:35:25,210 - WARNING - Warning: 'NoneType' object has no attribute 'getProperty'
2026-02-08 03:35:26,886 - WARNING - Warning: 'NoneType' object has no attribute 'getProperty'
2026-02-08 03:35:30,149 - WARNING - Warning: 'NoneType' object has no attribute 'getProperty'
2026-02-08 03:35:36,315 - WARNING - Warning: 'NoneType' object has no attribute 'getProperty'
2026-02-08 03:35:43,024 - WARNING - Warning: 'NoneType' object has no attribute 'getProperty'
2026-02-08 03:35:44,620 - WARNING - Warning: 'NoneType' object has no attribute 'getProperty'
2026-02-08 03:35:48,034 - WARNING - Warning: 'NoneType' object has no attribute 'getProperty'
2026-02-08 03:35:49,829 - WARNING - Warning: 'NoneType' object has no attribute 'getProperty'
2026-02-08 03:35:51,758 - WARNING - Warning: 'NoneType' object has no attribute 'getProperty'
2026-02-08 03:35:53,579 - WARNING - Warning: 'NoneType' object has no attribute 'getProperty'
2026-02-08 03:36:01,900 - WARNING - Warning: 'NoneType' object has no attribute 'getProperty'
2026-02-08 03:36:01,910 - INFO - End Page Analysis | Total Card: 32| Total Scrape: 32
2026-02-08 03:36:07,616 - WARNING - Warning: 'NoneType' object has no attribute 'getProperty'
2026-02-08 03:36:11,386 - WARNING - Warning: 'NoneType' object has no attribute 'getProperty'
2026-02-08 03:36:13,145 - WARNING - Warning: 'NoneType' object has no attribute 'getProperty'
2026-02-08 03:36:14,797 - WARNING - Warning: 'NoneType' object has no attribute 'getProperty'
2026-02-08 03:36:31,099 - WARNING - Warning: 'NoneType' object has no attribute 'getProperty'
2026-02-08 03:36:32,775 - WARNING - Warning: 'NoneType' object has no attribute 'getProperty'
2026-02-08 03:36:41,437 - WARNING - Warning: 'NoneType' object has no attribute 'getProperty'
2026-02-08 03:37:01,604 - WARNING - Warning: 'NoneType' object has no attribute 'getProperty'
2026-02-08 03:37:01,619 - INFO - End Page Analysis | Total Card: 32| Total Scrape: 32
2026-02-08 03:37:07,503 - WARNING - Warning: 'NoneType' object has no attribute 'getProperty'
2026-02-08 03:37:11,110 - WARNING - Warning: 'NoneType' object has no attribute 'getProperty'
2026-02-08 03:37:16,231 - WARNING - Warning: 'NoneType' object has no attribute 'getProperty'
2026-02-08 03:37:19,632 - WARNING - Warning: 'NoneType' object has no attribute 'getProperty'
2026-02-08 03:37:21,541 - WARNING - Warning: 'NoneType' object has no attribute 'getProperty'
2026-02-08 03:37:28,811 - WARNING - Warning: 'NoneType' object has no attribute 'getProperty'
2026-02-08 03:37:30,719 - WARNING - Warning: 'NoneType' object has no attribute 'getProperty'
2026-02-08 03:37:32,402 - WARNING - Warning: 'NoneType' object has no attribute 'getProperty'
2026-02-08 03:37:38,007 - WARNING - Warning: 'NoneType' object has no attribute 'getProperty'
2026-02-08 03:37:40,009 - WARNING - Warning: 'NoneType' object has no attribute 'getProperty'
2026-02-08 03:37:41,800 - WARNING - Warning: 'NoneType' object has no attribute 'getProperty'
2026-02-08 03:37:45,440 - WARNING - Warning: 'NoneType' object has no attribute 'getProperty'
2026-02-08 03:37:45,445 - WARNING - Warning: Unsupported relative time format
2026-02-08 03:37:47,307 - WARNING - Warning: 'NoneType' object has no attribute 'getProperty'
2026-02-08 03:37:59,574 - WARNING - Warning: 'NoneType' object has no attribute 'getProperty'
2026-02-08 03:37:59,579 - WARNING - Warning: Unsupported relative time format
2026-02-08 03:38:01,468 - WARNING - Warning: 'NoneType' object has no attribute 'getProperty'
2026-02-08 03:38:03,289 - INFO - End Page Analysis | Total Card: 32| Total Scrape: 32
2026-02-08 03:38:05,464 - INFO - End Full Analysis | Total Card: 160| Total Scrape: 160
2026-02-08 03:38:20,238 - WARNING - Warning: 'NoneType' object has no attribute 'getProperty'
2026-02-08 03:38:26,834 - WARNING - Warning: 'NoneType' object has no attribute 'getProperty'
2026-02-08 03:38:28,297 - WARNING - Warning: 'NoneType' object has no attribute 'getProperty'
2026-02-08 03:38:31,448 - WARNING - Warning: 'NoneType' object has no attribute 'getProperty'
2026-02-08 03:38:40,159 - WARNING - Warning: 'NoneType' object has no attribute 'getProperty'
2026-02-08 03:38:48,852 - WARNING - Warning: 'NoneType' object has no attribute 'getProperty'
2026-02-08 03:38:50,309 - WARNING - Warning: 'NoneType' object has no attribute 'getProperty'
2026-02-08 03:38:55,161 - WARNING - Warning: 'NoneType' object has no attribute 'getProperty'
2026-02-08 03:38:58,840 - INFO - End Page Analysis | Total Card: 32| Total Scrape: 32
2026-02-08 03:39:03,131 - WARNING - Warning: Unsupported relative time format
2026-02-08 03:39:07,519 - WARNING - Warning: 'NoneType' object has no attribute 'getProperty'
2026-02-08 03:39:11,874 - WARNING - Warning: 'NoneType' object has no attribute 'getProperty'
2026-02-08 03:39:13,507 - WARNING - Warning: 'NoneType' object has no attribute 'getProperty'
2026-02-08 03:39:16,923 - WARNING - Warning: 'NoneType' object has no attribute 'getProperty'
2026-02-08 03:39:18,778 - WARNING - Warning: 'NoneType' object has no attribute 'getProperty'
2026-02-08 03:39:23,711 - WARNING - Warning: 'NoneType' object has no attribute 'getProperty'
2026-02-08 03:39:25,214 - WARNING - Warning: 'NoneType' object has no attribute 'getProperty'
2026-02-08 03:39:26,647 - WARNING - Warning: 'NoneType' object has no attribute 'getProperty'
2026-02-08 03:39:28,121 - WARNING - Warning: 'NoneType' object has no attribute 'getProperty'
2026-02-08 03:39:32,459 - WARNING - Warning: 'NoneType' object has no attribute 'getProperty'
2026-02-08 03:39:33,982 - WARNING - Warning: 'NoneType' object has no attribute 'getProperty'
2026-02-08 03:39:35,566 - WARNING - Warning: 'NoneType' object has no attribute 'getProperty'
2026-02-08 03:39:46,521 - WARNING - Warning: 'NoneType' object has no attribute 'getProperty'
2026-02-08 03:39:48,091 - WARNING - Warning: 'NoneType' object has no attribute 'getProperty'
2026-02-08 03:39:51,539 - WARNING - Warning: 'NoneType' object has no attribute 'getProperty'
2026-02-08 03:39:51,556 - INFO - End Page Analysis | Total Card: 32| Total Scrape: 32
2026-02-08 03:39:55,500 - WARNING - Warning: 'NoneType' object has no attribute 'getProperty'
2026-02-08 03:39:56,915 - WARNING - Warning: 'NoneType' object has no attribute 'getProperty'
2026-02-08 03:40:05,408 - WARNING - Warning: 'NoneType' object has no attribute 'getProperty'
2026-02-08 03:40:10,345 - WARNING - Warning: 'NoneType' object has no attribute 'getProperty'
2026-02-08 03:40:12,331 - WARNING - Warning: 'NoneType' object has no attribute 'getProperty'
2026-02-08 03:40:16,295 - WARNING - Warning: 'NoneType' object has no attribute 'getProperty'
2026-02-08 03:40:18,021 - WARNING - Warning: 'NoneType' object has no attribute 'getProperty'
2026-02-08 03:40:19,547 - WARNING - Warning: 'NoneType' object has no attribute 'getProperty'
2026-02-08 03:40:21,180 - WARNING - Warning: 'NoneType' object has no attribute 'getProperty'
2026-02-08 03:40:39,405 - WARNING - Warning: 'NoneType' object has no attribute 'getProperty'
2026-02-08 03:40:45,078 - WARNING - Warning: 'NoneType' object has no attribute 'getProperty'
2026-02-08 03:40:48,347 - WARNING - Warning: 'NoneType' object has no attribute 'getProperty'
2026-02-08 03:40:48,358 - INFO - End Page Analysis | Total Card: 32| Total Scrape: 32
2026-02-08 03:40:55,912 - WARNING - Warning: 'NoneType' object has no attribute 'getProperty'
2026-02-08 03:40:55,917 - WARNING - Warning: Unsupported relative time format
2026-02-08 03:40:57,424 - WARNING - Warning: 'NoneType' object has no attribute 'getProperty'
2026-02-08 03:41:03,889 - WARNING - Warning: 'NoneType' object has no attribute 'getProperty'
2026-02-08 03:41:05,610 - WARNING - Warning: 'NoneType' object has no attribute 'getProperty'
2026-02-08 03:41:07,235 - WARNING - Warning: 'NoneType' object has no attribute 'getProperty'
2026-02-08 03:41:12,727 - WARNING - Warning: 'NoneType' object has no attribute 'getProperty'
2026-02-08 03:41:16,736 - WARNING - Warning: 'NoneType' object has no attribute 'getProperty'
2026-02-08 03:41:18,369 - WARNING - Warning: 'NoneType' object has no attribute 'getProperty'
2026-02-08 03:41:20,040 - WARNING - Warning: 'NoneType' object has no attribute 'getProperty'
2026-02-08 03:41:23,283 - WARNING - Warning: 'NoneType' object has no attribute 'getProperty'
2026-02-08 03:41:25,109 - WARNING - Warning: 'NoneType' object has no attribute 'getProperty'
2026-02-08 03:41:27,072 - WARNING - Warning: 'NoneType' object has no attribute 'getProperty'
2026-02-08 03:41:28,664 - WARNING - Warning: 'NoneType' object has no attribute 'getProperty'
2026-02-08 03:41:32,202 - WARNING - Warning: 'NoneType' object has no attribute 'getProperty'
2026-02-08 03:41:32,207 - WARNING - Warning: Unsupported relative time format
2026-02-08 03:41:42,286 - WARNING - Warning: 'NoneType' object has no attribute 'getProperty'
2026-02-08 03:41:43,945 - WARNING - Warning: 'NoneType' object has no attribute 'getProperty'
2026-02-08 03:41:45,725 - INFO - End Page Analysis | Total Card: 32| Total Scrape: 32
2026-02-08 03:41:49,938 - WARNING - Warning: 'NoneType' object has no attribute 'getProperty'
2026-02-08 03:41:51,584 - WARNING - Warning: 'NoneType' object has no attribute 'getProperty'
2026-02-08 03:41:55,085 - WARNING - Warning: 'NoneType' object has no attribute 'getProperty'
2026-02-08 03:41:57,045 - WARNING - Warning: 'NoneType' object has no attribute 'getProperty'
2026-02-08 03:41:58,899 - WARNING - Warning: 'NoneType' object has no attribute 'getProperty'
2026-02-08 03:42:00,599 - WARNING - Warning: 'NoneType' object has no attribute 'getProperty'
2026-02-08 03:42:02,952 - WARNING - Warning: 'NoneType' object has no attribute 'getProperty'
2026-02-08 03:42:06,855 - WARNING - Warning: 'NoneType' object has no attribute 'getProperty'
2026-02-08 03:42:08,762 - WARNING - Warning: 'NoneType' object has no attribute 'getProperty'
2026-02-08 03:42:10,819 - WARNING - Warning: 'NoneType' object has no attribute 'getProperty'
2026-02-08 03:42:12,552 - WARNING - Warning: 'NoneType' object has no attribute 'getProperty'
2026-02-08 03:42:18,141 - WARNING - Warning: 'NoneType' object has no attribute 'getProperty'
2026-02-08 03:42:20,022 - WARNING - Warning: 'NoneType' object has no attribute 'getProperty'
2026-02-08 03:42:21,917 - WARNING - Warning: 'NoneType' object has no attribute 'getProperty'
2026-02-08 03:42:24,045 - WARNING - Warning: 'NoneType' object has no attribute 'getProperty'
2026-02-08 03:42:27,843 - WARNING - Warning: 'NoneType' object has no attribute 'getProperty'
2026-02-08 03:42:31,748 - WARNING - Warning: 'NoneType' object has no attribute 'getProperty'
2026-02-08 03:42:39,192 - WARNING - Warning: 'NoneType' object has no attribute 'getProperty'
2026-02-08 03:42:41,509 - WARNING - Warning: 'NoneType' object has no attribute 'getProperty'
2026-02-08 03:42:47,338 - WARNING - Warning: 'NoneType' object has no attribute 'getProperty'
2026-02-08 03:42:49,215 - INFO - End Page Analysis | Total Card: 32| Total Scrape: 32
2026-02-08 03:42:51,390 - INFO - End Full Analysis | Total Card: 160| Total Scrape: 160
2026-02-08 03:42:51,390 - INFO - terminate chrome process...
2026-02-08 03:42:52,898 - INFO - CSV written successfully
2026-02-08 03:42:52,898 - INFO - Wrote CSV with 800 rows to /home/runner/work/Skillsgauge/Skillsgauge/bronze_datasets/JS/js_2026_02_08.csv
2026-02-08 03:42:52,899 - INFO - Scrapper Ended successfully
