2025-09-21 01:59:21,381 - INFO - Scraper started
2025-09-21 01:59:51,795 - INFO - Browser listening on: ws://127.0.0.1:56237/devtools/browser/e24faf70-14fa-426c-ab70-5396535feac0
2025-09-21 02:00:09,818 - WARNING - Warning: 'NoneType' object has no attribute 'getProperty'
2025-09-21 02:00:13,968 - WARNING - Warning: 'NoneType' object has no attribute 'getProperty'
2025-09-21 02:00:15,786 - WARNING - Warning: 'NoneType' object has no attribute 'getProperty'
2025-09-21 02:00:21,710 - WARNING - Warning: 'NoneType' object has no attribute 'getProperty'
2025-09-21 02:00:24,449 - WARNING - Warning: 'NoneType' object has no attribute 'getProperty'
2025-09-21 02:00:25,798 - WARNING - Warning: 'NoneType' object has no attribute 'getProperty'
2025-09-21 02:00:27,125 - WARNING - Warning: 'NoneType' object has no attribute 'getProperty'
2025-09-21 02:00:29,117 - WARNING - Warning: 'NoneType' object has no attribute 'getProperty'
2025-09-21 02:00:30,592 - WARNING - Warning: 'NoneType' object has no attribute 'getProperty'
2025-09-21 02:00:32,084 - WARNING - Warning: 'NoneType' object has no attribute 'getProperty'
2025-09-21 02:00:34,156 - WARNING - Warning: 'NoneType' object has no attribute 'getProperty'
2025-09-21 02:00:35,845 - WARNING - Warning: 'NoneType' object has no attribute 'getProperty'
2025-09-21 02:00:37,238 - WARNING - Warning: 'NoneType' object has no attribute 'getProperty'
2025-09-21 02:00:38,727 - WARNING - Warning: 'NoneType' object has no attribute 'getProperty'
2025-09-21 02:00:40,198 - WARNING - Warning: 'NoneType' object has no attribute 'getProperty'
2025-09-21 02:00:41,492 - WARNING - Warning: 'NoneType' object has no attribute 'getProperty'
2025-09-21 02:00:44,404 - WARNING - Warning: 'NoneType' object has no attribute 'getProperty'
2025-09-21 02:00:46,271 - WARNING - Warning: 'NoneType' object has no attribute 'getProperty'
2025-09-21 02:00:48,891 - WARNING - Warning: 'NoneType' object has no attribute 'getProperty'
2025-09-21 02:00:50,182 - WARNING - Warning: 'NoneType' object has no attribute 'getProperty'
2025-09-21 02:00:51,649 - WARNING - Warning: 'NoneType' object has no attribute 'getProperty'
2025-09-21 02:00:53,109 - WARNING - Warning: 'NoneType' object has no attribute 'getProperty'
2025-09-21 02:00:54,801 - INFO - End Page Analysis | Total Card: 32| Total Scrape: 32
2025-09-21 02:01:00,090 - WARNING - Warning: 'NoneType' object has no attribute 'getProperty'
2025-09-21 02:01:01,228 - WARNING - Warning: 'NoneType' object has no attribute 'getProperty'
2025-09-21 02:01:03,771 - WARNING - Warning: 'NoneType' object has no attribute 'getProperty'
2025-09-21 02:01:05,572 - WARNING - Warning: 'NoneType' object has no attribute 'getProperty'
2025-09-21 02:01:09,446 - WARNING - Warning: 'NoneType' object has no attribute 'getProperty'
2025-09-21 02:01:10,605 - WARNING - Warning: 'NoneType' object has no attribute 'getProperty'
2025-09-21 02:01:14,302 - WARNING - Warning: 'NoneType' object has no attribute 'getProperty'
2025-09-21 02:01:16,884 - WARNING - Warning: 'NoneType' object has no attribute 'getProperty'
2025-09-21 02:01:18,302 - WARNING - Warning: 'NoneType' object has no attribute 'getProperty'
2025-09-21 02:01:19,594 - WARNING - Warning: 'NoneType' object has no attribute 'getProperty'
2025-09-21 02:01:23,348 - WARNING - Warning: 'NoneType' object has no attribute 'getProperty'
2025-09-21 02:01:24,663 - WARNING - Warning: 'NoneType' object has no attribute 'getProperty'
2025-09-21 02:01:26,029 - WARNING - Warning: 'NoneType' object has no attribute 'getProperty'
2025-09-21 02:01:27,381 - WARNING - Warning: 'NoneType' object has no attribute 'getProperty'
2025-09-21 02:01:28,550 - WARNING - Warning: 'NoneType' object has no attribute 'getProperty'
2025-09-21 02:01:31,372 - WARNING - Warning: 'NoneType' object has no attribute 'getProperty'
2025-09-21 02:01:35,339 - WARNING - Warning: 'NoneType' object has no attribute 'getProperty'
2025-09-21 02:01:36,608 - WARNING - Warning: 'NoneType' object has no attribute 'getProperty'
2025-09-21 02:01:38,147 - WARNING - Warning: 'NoneType' object has no attribute 'getProperty'
2025-09-21 02:01:39,633 - INFO - End Page Analysis | Total Card: 32| Total Scrape: 32
2025-09-21 02:01:44,493 - WARNING - Warning: 'NoneType' object has no attribute 'getProperty'
2025-09-21 02:01:49,716 - WARNING - Warning: 'NoneType' object has no attribute 'getProperty'
2025-09-21 02:01:51,074 - WARNING - Warning: 'NoneType' object has no attribute 'getProperty'
2025-09-21 02:01:52,445 - WARNING - Warning: 'NoneType' object has no attribute 'getProperty'
2025-09-21 02:01:53,681 - WARNING - Warning: 'NoneType' object has no attribute 'getProperty'
2025-09-21 02:01:54,902 - WARNING - Warning: 'NoneType' object has no attribute 'getProperty'
2025-09-21 02:01:56,632 - WARNING - Warning: 'NoneType' object has no attribute 'getProperty'
2025-09-21 02:02:01,672 - WARNING - Warning: 'NoneType' object has no attribute 'getProperty'
2025-09-21 02:02:03,214 - WARNING - Warning: 'NoneType' object has no attribute 'getProperty'
2025-09-21 02:02:07,979 - WARNING - Warning: 'NoneType' object has no attribute 'getProperty'
2025-09-21 02:02:09,422 - WARNING - Warning: 'NoneType' object has no attribute 'getProperty'
2025-09-21 02:02:10,776 - WARNING - Warning: 'NoneType' object has no attribute 'getProperty'
2025-09-21 02:02:12,153 - WARNING - Warning: 'NoneType' object has no attribute 'getProperty'
2025-09-21 02:02:19,590 - WARNING - Warning: 'NoneType' object has no attribute 'getProperty'
2025-09-21 02:02:23,760 - WARNING - Warning: 'NoneType' object has no attribute 'getProperty'
2025-09-21 02:02:25,280 - WARNING - Warning: 'NoneType' object has no attribute 'getProperty'
2025-09-21 02:02:28,513 - WARNING - Warning: 'NoneType' object has no attribute 'getProperty'
2025-09-21 02:02:29,876 - WARNING - Warning: 'NoneType' object has no attribute 'getProperty'
2025-09-21 02:02:29,894 - INFO - End Page Analysis | Total Card: 32| Total Scrape: 32
2025-09-21 02:02:33,492 - WARNING - Warning: 'NoneType' object has no attribute 'getProperty'
2025-09-21 02:02:35,044 - WARNING - Warning: 'NoneType' object has no attribute 'getProperty'
2025-09-21 02:02:37,163 - WARNING - Warning: 'NoneType' object has no attribute 'getProperty'
2025-09-21 02:02:41,914 - WARNING - Warning: 'NoneType' object has no attribute 'getProperty'
2025-09-21 02:02:45,494 - WARNING - Warning: 'NoneType' object has no attribute 'getProperty'
2025-09-21 02:02:47,062 - WARNING - Warning: 'NoneType' object has no attribute 'getProperty'
2025-09-21 02:02:48,986 - WARNING - Warning: 'NoneType' object has no attribute 'getProperty'
2025-09-21 02:02:51,970 - WARNING - Warning: 'NoneType' object has no attribute 'getProperty'
2025-09-21 02:02:53,772 - WARNING - Warning: 'NoneType' object has no attribute 'getProperty'
2025-09-21 02:02:59,923 - WARNING - Warning: 'NoneType' object has no attribute 'getProperty'
2025-09-21 02:03:01,697 - WARNING - Warning: 'NoneType' object has no attribute 'getProperty'
2025-09-21 02:03:04,998 - WARNING - Warning: 'NoneType' object has no attribute 'getProperty'
2025-09-21 02:03:06,367 - WARNING - Warning: 'NoneType' object has no attribute 'getProperty'
2025-09-21 02:03:07,981 - WARNING - Warning: 'NoneType' object has no attribute 'getProperty'
2025-09-21 02:03:09,548 - WARNING - Warning: 'NoneType' object has no attribute 'getProperty'
2025-09-21 02:03:11,162 - WARNING - Warning: 'NoneType' object has no attribute 'getProperty'
2025-09-21 02:03:12,713 - WARNING - Warning: 'NoneType' object has no attribute 'getProperty'
2025-09-21 02:03:14,232 - WARNING - Warning: 'NoneType' object has no attribute 'getProperty'
2025-09-21 02:03:15,751 - WARNING - Warning: 'NoneType' object has no attribute 'getProperty'
2025-09-21 02:03:17,353 - WARNING - Warning: 'NoneType' object has no attribute 'getProperty'
2025-09-21 02:03:22,229 - WARNING - Warning: 'NoneType' object has no attribute 'getProperty'
2025-09-21 02:03:23,668 - WARNING - Warning: 'NoneType' object has no attribute 'getProperty'
2025-09-21 02:03:23,689 - INFO - End Page Analysis | Total Card: 32| Total Scrape: 32
2025-09-21 02:03:29,373 - WARNING - Warning: 'NoneType' object has no attribute 'getProperty'
2025-09-21 02:03:30,913 - WARNING - Warning: 'NoneType' object has no attribute 'getProperty'
2025-09-21 02:03:37,402 - WARNING - Warning: 'NoneType' object has no attribute 'getProperty'
2025-09-21 02:03:39,885 - WARNING - Warning: 'NoneType' object has no attribute 'getProperty'
2025-09-21 02:03:41,957 - WARNING - Warning: 'NoneType' object has no attribute 'getProperty'
2025-09-21 02:03:46,061 - WARNING - Warning: 'NoneType' object has no attribute 'getProperty'
2025-09-21 02:03:47,628 - WARNING - Warning: 'NoneType' object has no attribute 'getProperty'
2025-09-21 02:03:49,711 - WARNING - Warning: 'NoneType' object has no attribute 'getProperty'
2025-09-21 02:03:51,925 - WARNING - Warning: 'NoneType' object has no attribute 'getProperty'
2025-09-21 02:03:57,434 - WARNING - Warning: 'NoneType' object has no attribute 'getProperty'
2025-09-21 02:04:00,651 - WARNING - Warning: 'NoneType' object has no attribute 'getProperty'
2025-09-21 02:04:06,210 - WARNING - Warning: 'NoneType' object has no attribute 'getProperty'
2025-09-21 02:04:08,131 - WARNING - Warning: 'NoneType' object has no attribute 'getProperty'
2025-09-21 02:04:10,028 - WARNING - Warning: 'NoneType' object has no attribute 'getProperty'
2025-09-21 02:04:14,006 - WARNING - Warning: 'NoneType' object has no attribute 'getProperty'
2025-09-21 02:04:15,751 - WARNING - Warning: 'NoneType' object has no attribute 'getProperty'
2025-09-21 02:04:19,011 - WARNING - Warning: 'NoneType' object has no attribute 'getProperty'
2025-09-21 02:04:22,829 - WARNING - Warning: 'NoneType' object has no attribute 'getProperty'
2025-09-21 02:04:24,847 - WARNING - Warning: 'NoneType' object has no attribute 'getProperty'
2025-09-21 02:04:26,718 - WARNING - Warning: 'NoneType' object has no attribute 'getProperty'
2025-09-21 02:04:26,729 - INFO - End Page Analysis | Total Card: 32| Total Scrape: 32
2025-09-21 02:04:28,935 - INFO - End Full Analysis | Total Card: 160| Total Scrape: 160
2025-09-21 02:04:40,223 - WARNING - Warning: 'NoneType' object has no attribute 'getProperty'
2025-09-21 02:04:41,963 - WARNING - Warning: 'NoneType' object has no attribute 'getProperty'
2025-09-21 02:04:43,489 - WARNING - Warning: 'NoneType' object has no attribute 'getProperty'
2025-09-21 02:04:44,720 - WARNING - Warning: 'NoneType' object has no attribute 'getProperty'
2025-09-21 02:04:51,406 - WARNING - Warning: 'NoneType' object has no attribute 'getProperty'
2025-09-21 02:04:54,033 - WARNING - Warning: 'NoneType' object has no attribute 'getProperty'
2025-09-21 02:04:57,504 - WARNING - Warning: 'NoneType' object has no attribute 'getProperty'
2025-09-21 02:04:58,799 - WARNING - Warning: 'NoneType' object has no attribute 'getProperty'
2025-09-21 02:05:04,792 - WARNING - Warning: 'NoneType' object has no attribute 'getProperty'
2025-09-21 02:05:07,434 - WARNING - Warning: 'NoneType' object has no attribute 'getProperty'
2025-09-21 02:05:08,684 - WARNING - Warning: 'NoneType' object has no attribute 'getProperty'
2025-09-21 02:05:11,230 - WARNING - Warning: 'NoneType' object has no attribute 'getProperty'
2025-09-21 02:05:12,409 - WARNING - Warning: 'NoneType' object has no attribute 'getProperty'
2025-09-21 02:05:15,243 - WARNING - Warning: 'NoneType' object has no attribute 'getProperty'
2025-09-21 02:05:17,762 - WARNING - Warning: 'NoneType' object has no attribute 'getProperty'
2025-09-21 02:05:19,002 - INFO - End Page Analysis | Total Card: 32| Total Scrape: 32
2025-09-21 02:05:25,783 - WARNING - Warning: 'NoneType' object has no attribute 'getProperty'
2025-09-21 02:05:30,107 - WARNING - Warning: 'NoneType' object has no attribute 'getProperty'
2025-09-21 02:05:32,953 - WARNING - Warning: 'NoneType' object has no attribute 'getProperty'
2025-09-21 02:05:36,379 - WARNING - Warning: 'NoneType' object has no attribute 'getProperty'
2025-09-21 02:05:38,140 - WARNING - Warning: 'NoneType' object has no attribute 'getProperty'
2025-09-21 02:05:40,995 - WARNING - Warning: 'NoneType' object has no attribute 'getProperty'
2025-09-21 02:05:45,039 - WARNING - Warning: 'NoneType' object has no attribute 'getProperty'
2025-09-21 02:05:47,393 - WARNING - Warning: 'NoneType' object has no attribute 'getProperty'
2025-09-21 02:05:49,514 - WARNING - Warning: 'NoneType' object has no attribute 'getProperty'
2025-09-21 02:05:52,478 - WARNING - Warning: 'NoneType' object has no attribute 'getProperty'
2025-09-21 02:05:53,908 - WARNING - Warning: 'NoneType' object has no attribute 'getProperty'
2025-09-21 02:06:03,547 - WARNING - Warning: 'NoneType' object has no attribute 'getProperty'
2025-09-21 02:06:07,750 - WARNING - Warning: 'NoneType' object has no attribute 'getProperty'
2025-09-21 02:06:11,786 - WARNING - Warning: 'NoneType' object has no attribute 'getProperty'
2025-09-21 02:06:13,464 - INFO - End Page Analysis | Total Card: 32| Total Scrape: 32
2025-09-21 02:06:16,962 - WARNING - Warning: 'NoneType' object has no attribute 'getProperty'
2025-09-21 02:06:18,405 - WARNING - Warning: 'NoneType' object has no attribute 'getProperty'
2025-09-21 02:06:22,378 - WARNING - Warning: 'NoneType' object has no attribute 'getProperty'
2025-09-21 02:06:25,139 - WARNING - Warning: 'NoneType' object has no attribute 'getProperty'
2025-09-21 02:06:28,731 - WARNING - Warning: 'NoneType' object has no attribute 'getProperty'
2025-09-21 02:06:30,119 - WARNING - Warning: 'NoneType' object has no attribute 'getProperty'
2025-09-21 02:06:31,820 - WARNING - Warning: 'NoneType' object has no attribute 'getProperty'
2025-09-21 02:06:34,959 - WARNING - Warning: 'NoneType' object has no attribute 'getProperty'
2025-09-21 02:06:36,272 - WARNING - Warning: 'NoneType' object has no attribute 'getProperty'
2025-09-21 02:06:37,815 - WARNING - Warning: 'NoneType' object has no attribute 'getProperty'
2025-09-21 02:06:41,226 - WARNING - Warning: 'NoneType' object has no attribute 'getProperty'
2025-09-21 02:06:44,529 - WARNING - Warning: 'NoneType' object has no attribute 'getProperty'
2025-09-21 02:06:50,680 - WARNING - Warning: 'NoneType' object has no attribute 'getProperty'
2025-09-21 02:06:52,125 - WARNING - Warning: 'NoneType' object has no attribute 'getProperty'
2025-09-21 02:06:55,015 - WARNING - Warning: 'NoneType' object has no attribute 'getProperty'
2025-09-21 02:06:58,196 - WARNING - Warning: 'NoneType' object has no attribute 'getProperty'
2025-09-21 02:07:06,795 - INFO - End Page Analysis | Total Card: 32| Total Scrape: 32
2025-09-21 02:07:11,680 - WARNING - Warning: 'NoneType' object has no attribute 'getProperty'
2025-09-21 02:07:13,436 - WARNING - Warning: 'NoneType' object has no attribute 'getProperty'
2025-09-21 02:07:15,233 - WARNING - Warning: 'NoneType' object has no attribute 'getProperty'
2025-09-21 02:07:16,891 - WARNING - Warning: 'NoneType' object has no attribute 'getProperty'
2025-09-21 02:07:19,799 - WARNING - Warning: 'NoneType' object has no attribute 'getProperty'
2025-09-21 02:07:21,180 - WARNING - Warning: 'NoneType' object has no attribute 'getProperty'
2025-09-21 02:07:24,833 - WARNING - Warning: 'NoneType' object has no attribute 'getProperty'
2025-09-21 02:07:26,742 - WARNING - Warning: 'NoneType' object has no attribute 'getProperty'
2025-09-21 02:07:28,784 - WARNING - Warning: 'NoneType' object has no attribute 'getProperty'
2025-09-21 02:07:32,012 - WARNING - Warning: 'NoneType' object has no attribute 'getProperty'
2025-09-21 02:07:34,013 - WARNING - Warning: 'NoneType' object has no attribute 'getProperty'
2025-09-21 02:07:35,755 - WARNING - Warning: 'NoneType' object has no attribute 'getProperty'
2025-09-21 02:07:37,237 - WARNING - Warning: 'NoneType' object has no attribute 'getProperty'
2025-09-21 02:07:38,736 - WARNING - Warning: 'NoneType' object has no attribute 'getProperty'
2025-09-21 02:07:44,042 - WARNING - Warning: 'NoneType' object has no attribute 'getProperty'
2025-09-21 02:07:46,128 - WARNING - Warning: 'NoneType' object has no attribute 'getProperty'
2025-09-21 02:07:48,307 - WARNING - Warning: 'NoneType' object has no attribute 'getProperty'
2025-09-21 02:07:53,569 - WARNING - Warning: 'NoneType' object has no attribute 'getProperty'
2025-09-21 02:07:56,695 - WARNING - Warning: 'NoneType' object has no attribute 'getProperty'
2025-09-21 02:07:58,234 - WARNING - Warning: 'NoneType' object has no attribute 'getProperty'
2025-09-21 02:08:00,083 - WARNING - Warning: 'NoneType' object has no attribute 'getProperty'
2025-09-21 02:08:04,319 - WARNING - Warning: 'NoneType' object has no attribute 'getProperty'
2025-09-21 02:08:04,329 - INFO - End Page Analysis | Total Card: 32| Total Scrape: 32
2025-09-21 02:08:08,224 - WARNING - Warning: 'NoneType' object has no attribute 'getProperty'
2025-09-21 02:08:17,372 - WARNING - Warning: 'NoneType' object has no attribute 'getProperty'
2025-09-21 02:08:19,562 - WARNING - Warning: 'NoneType' object has no attribute 'getProperty'
2025-09-21 02:08:21,399 - WARNING - Warning: 'NoneType' object has no attribute 'getProperty'
2025-09-21 02:08:23,333 - WARNING - Warning: 'NoneType' object has no attribute 'getProperty'
2025-09-21 02:08:26,908 - WARNING - Warning: 'NoneType' object has no attribute 'getProperty'
2025-09-21 02:08:28,530 - WARNING - Warning: 'NoneType' object has no attribute 'getProperty'
2025-09-21 02:08:30,161 - WARNING - Warning: 'NoneType' object has no attribute 'getProperty'
2025-09-21 02:08:31,757 - WARNING - Warning: 'NoneType' object has no attribute 'getProperty'
2025-09-21 02:08:33,467 - WARNING - Warning: 'NoneType' object has no attribute 'getProperty'
2025-09-21 02:08:37,639 - WARNING - Warning: 'NoneType' object has no attribute 'getProperty'
2025-09-21 02:08:39,713 - WARNING - Warning: 'NoneType' object has no attribute 'getProperty'
2025-09-21 02:08:41,349 - WARNING - Warning: 'NoneType' object has no attribute 'getProperty'
2025-09-21 02:08:42,966 - WARNING - Warning: 'NoneType' object has no attribute 'getProperty'
2025-09-21 02:08:45,096 - WARNING - Warning: 'NoneType' object has no attribute 'getProperty'
2025-09-21 02:08:47,015 - WARNING - Warning: 'NoneType' object has no attribute 'getProperty'
2025-09-21 02:08:52,734 - WARNING - Warning: 'NoneType' object has no attribute 'getProperty'
2025-09-21 02:09:01,738 - WARNING - Warning: 'NoneType' object has no attribute 'getProperty'
2025-09-21 02:09:05,547 - WARNING - Warning: 'NoneType' object has no attribute 'getProperty'
2025-09-21 02:09:05,561 - INFO - End Page Analysis | Total Card: 32| Total Scrape: 32
2025-09-21 02:09:07,750 - INFO - End Full Analysis | Total Card: 160| Total Scrape: 160
2025-09-21 02:09:16,550 - WARNING - Warning: 'NoneType' object has no attribute 'getProperty'
2025-09-21 02:09:21,752 - WARNING - Warning: 'NoneType' object has no attribute 'getProperty'
2025-09-21 02:09:29,518 - WARNING - Warning: 'NoneType' object has no attribute 'getProperty'
2025-09-21 02:09:30,835 - WARNING - Warning: 'NoneType' object has no attribute 'getProperty'
2025-09-21 02:09:36,022 - WARNING - Warning: 'NoneType' object has no attribute 'getProperty'
2025-09-21 02:09:41,858 - WARNING - Warning: 'NoneType' object has no attribute 'getProperty'
2025-09-21 02:09:44,377 - WARNING - Warning: 'NoneType' object has no attribute 'getProperty'
2025-09-21 02:09:51,196 - WARNING - Warning: 'NoneType' object has no attribute 'getProperty'
2025-09-21 02:09:52,301 - WARNING - Warning: 'NoneType' object has no attribute 'getProperty'
2025-09-21 02:09:54,667 - WARNING - Warning: 'NoneType' object has no attribute 'getProperty'
2025-09-21 02:09:56,126 - WARNING - Warning: 'NoneType' object has no attribute 'getProperty'
2025-09-21 02:09:56,141 - INFO - End Page Analysis | Total Card: 32| Total Scrape: 32
2025-09-21 02:09:59,611 - WARNING - Warning: 'NoneType' object has no attribute 'getProperty'
2025-09-21 02:10:03,477 - WARNING - Warning: 'NoneType' object has no attribute 'getProperty'
2025-09-21 02:10:09,076 - WARNING - Warning: 'NoneType' object has no attribute 'getProperty'
2025-09-21 02:10:10,353 - WARNING - Warning: 'NoneType' object has no attribute 'getProperty'
2025-09-21 02:10:11,719 - WARNING - Warning: 'NoneType' object has no attribute 'getProperty'
2025-09-21 02:10:15,456 - WARNING - Warning: 'NoneType' object has no attribute 'getProperty'
2025-09-21 02:10:30,736 - WARNING - Warning: 'NoneType' object has no attribute 'getProperty'
2025-09-21 02:10:36,055 - WARNING - Warning: 'NoneType' object has no attribute 'getProperty'
2025-09-21 02:10:40,032 - WARNING - Warning: 'NoneType' object has no attribute 'getProperty'
2025-09-21 02:10:41,371 - WARNING - Warning: 'NoneType' object has no attribute 'getProperty'
2025-09-21 02:10:41,381 - INFO - End Page Analysis | Total Card: 32| Total Scrape: 32
2025-09-21 02:10:44,758 - WARNING - Warning: 'NoneType' object has no attribute 'getProperty'
2025-09-21 02:10:50,116 - WARNING - Warning: 'NoneType' object has no attribute 'getProperty'
2025-09-21 02:10:52,968 - WARNING - Warning: 'NoneType' object has no attribute 'getProperty'
2025-09-21 02:10:56,418 - WARNING - Warning: 'NoneType' object has no attribute 'getProperty'
2025-09-21 02:10:59,221 - WARNING - Warning: 'NoneType' object has no attribute 'getProperty'
2025-09-21 02:11:01,129 - WARNING - Warning: 'NoneType' object has no attribute 'getProperty'
2025-09-21 02:11:05,641 - WARNING - Warning: 'NoneType' object has no attribute 'getProperty'
2025-09-21 02:11:08,452 - WARNING - Warning: 'NoneType' object has no attribute 'getProperty'
2025-09-21 02:11:09,929 - WARNING - Warning: 'NoneType' object has no attribute 'getProperty'
2025-09-21 02:11:11,455 - WARNING - Warning: 'NoneType' object has no attribute 'getProperty'
2025-09-21 02:11:17,563 - WARNING - Warning: 'NoneType' object has no attribute 'getProperty'
2025-09-21 02:11:20,119 - WARNING - Warning: 'NoneType' object has no attribute 'getProperty'
2025-09-21 02:11:26,218 - WARNING - Warning: 'NoneType' object has no attribute 'getProperty'
2025-09-21 02:11:31,798 - INFO - End Page Analysis | Total Card: 32| Total Scrape: 32
2025-09-21 02:11:40,825 - WARNING - Warning: 'NoneType' object has no attribute 'getProperty'
2025-09-21 02:11:43,787 - WARNING - Warning: 'NoneType' object has no attribute 'getProperty'
2025-09-21 02:11:46,817 - WARNING - Warning: 'NoneType' object has no attribute 'getProperty'
2025-09-21 02:11:50,010 - WARNING - Warning: 'NoneType' object has no attribute 'getProperty'
2025-09-21 02:11:51,419 - WARNING - Warning: 'NoneType' object has no attribute 'getProperty'
2025-09-21 02:11:52,928 - WARNING - Warning: 'NoneType' object has no attribute 'getProperty'
2025-09-21 02:11:54,495 - WARNING - Warning: 'NoneType' object has no attribute 'getProperty'
2025-09-21 02:11:56,422 - WARNING - Warning: 'NoneType' object has no attribute 'getProperty'
2025-09-21 02:11:57,924 - WARNING - Warning: 'NoneType' object has no attribute 'getProperty'
2025-09-21 02:12:00,967 - WARNING - Warning: Unsupported relative time format
2025-09-21 02:12:07,752 - WARNING - Warning: 'NoneType' object has no attribute 'getProperty'
2025-09-21 02:12:09,636 - WARNING - Warning: 'NoneType' object has no attribute 'getProperty'
2025-09-21 02:12:09,659 - WARNING - Warning: Unsupported relative time format
2025-09-21 02:12:16,119 - WARNING - Warning: 'NoneType' object has no attribute 'getProperty'
2025-09-21 02:12:21,728 - WARNING - Warning: 'NoneType' object has no attribute 'getProperty'
2025-09-21 02:12:23,660 - WARNING - Warning: 'NoneType' object has no attribute 'getProperty'
2025-09-21 02:12:28,667 - WARNING - Warning: Unsupported relative time format
2025-09-21 02:12:28,674 - INFO - End Page Analysis | Total Card: 32| Total Scrape: 32
2025-09-21 02:12:32,599 - WARNING - Warning: 'NoneType' object has no attribute 'getProperty'
2025-09-21 02:12:34,325 - WARNING - Warning: 'NoneType' object has no attribute 'getProperty'
2025-09-21 02:12:37,445 - WARNING - Warning: 'NoneType' object has no attribute 'getProperty'
2025-09-21 02:12:42,233 - WARNING - Warning: 'NoneType' object has no attribute 'getProperty'
2025-09-21 02:12:45,605 - WARNING - Warning: 'NoneType' object has no attribute 'getProperty'
2025-09-21 02:12:47,242 - WARNING - Warning: 'NoneType' object has no attribute 'getProperty'
2025-09-21 02:12:48,826 - WARNING - Warning: 'NoneType' object has no attribute 'getProperty'
2025-09-21 02:12:52,022 - WARNING - Warning: 'NoneType' object has no attribute 'getProperty'
2025-09-21 02:13:01,271 - WARNING - Warning: 'NoneType' object has no attribute 'getProperty'
2025-09-21 02:13:03,247 - WARNING - Warning: 'NoneType' object has no attribute 'getProperty'
2025-09-21 02:13:04,947 - WARNING - Warning: 'NoneType' object has no attribute 'getProperty'
2025-09-21 02:13:08,948 - WARNING - Warning: 'NoneType' object has no attribute 'getProperty'
2025-09-21 02:13:12,846 - WARNING - Warning: 'NoneType' object has no attribute 'getProperty'
2025-09-21 02:13:20,323 - WARNING - Warning: 'NoneType' object has no attribute 'getProperty'
2025-09-21 02:13:28,871 - WARNING - Warning: 'NoneType' object has no attribute 'getProperty'
2025-09-21 02:13:28,882 - INFO - End Page Analysis | Total Card: 32| Total Scrape: 32
2025-09-21 02:13:31,071 - INFO - End Full Analysis | Total Card: 160| Total Scrape: 160
2025-09-21 02:13:45,257 - WARNING - Warning: 'NoneType' object has no attribute 'getProperty'
2025-09-21 02:13:47,070 - WARNING - Warning: 'NoneType' object has no attribute 'getProperty'
2025-09-21 02:13:51,501 - WARNING - Warning: 'NoneType' object has no attribute 'getProperty'
2025-09-21 02:13:52,713 - WARNING - Warning: 'NoneType' object has no attribute 'getProperty'
2025-09-21 02:13:56,964 - WARNING - Warning: 'NoneType' object has no attribute 'getProperty'
2025-09-21 02:13:58,061 - WARNING - Warning: 'NoneType' object has no attribute 'getProperty'
2025-09-21 02:14:00,747 - WARNING - Warning: 'NoneType' object has no attribute 'getProperty'
2025-09-21 02:14:01,965 - WARNING - Warning: 'NoneType' object has no attribute 'getProperty'
2025-09-21 02:14:03,215 - WARNING - Warning: 'NoneType' object has no attribute 'getProperty'
2025-09-21 02:14:04,415 - WARNING - Warning: 'NoneType' object has no attribute 'getProperty'
2025-09-21 02:14:14,537 - WARNING - Warning: 'NoneType' object has no attribute 'getProperty'
2025-09-21 02:14:23,643 - INFO - End Page Analysis | Total Card: 32| Total Scrape: 32
2025-09-21 02:14:36,265 - WARNING - Warning: 'NoneType' object has no attribute 'getProperty'
2025-09-21 02:14:40,217 - WARNING - Warning: 'NoneType' object has no attribute 'getProperty'
2025-09-21 02:14:41,916 - WARNING - Warning: 'NoneType' object has no attribute 'getProperty'
2025-09-21 02:14:43,993 - WARNING - Warning: 'NoneType' object has no attribute 'getProperty'
2025-09-21 02:14:45,315 - WARNING - Warning: 'NoneType' object has no attribute 'getProperty'
2025-09-21 02:14:46,782 - WARNING - Warning: 'NoneType' object has no attribute 'getProperty'
2025-09-21 02:14:48,204 - WARNING - Warning: 'NoneType' object has no attribute 'getProperty'
2025-09-21 02:14:49,678 - WARNING - Warning: 'NoneType' object has no attribute 'getProperty'
2025-09-21 02:15:01,796 - WARNING - Warning: 'NoneType' object has no attribute 'getProperty'
2025-09-21 02:15:03,137 - WARNING - Warning: 'NoneType' object has no attribute 'getProperty'
2025-09-21 02:15:06,376 - WARNING - Warning: 'NoneType' object has no attribute 'getProperty'
2025-09-21 02:15:09,850 - WARNING - Warning: 'NoneType' object has no attribute 'getProperty'
2025-09-21 02:15:13,236 - WARNING - Warning: 'NoneType' object has no attribute 'getProperty'
2025-09-21 02:15:14,720 - WARNING - Warning: 'NoneType' object has no attribute 'getProperty'
2025-09-21 02:15:16,146 - INFO - End Page Analysis | Total Card: 32| Total Scrape: 32
2025-09-21 02:15:23,565 - WARNING - Warning: 'NoneType' object has no attribute 'getProperty'
2025-09-21 02:15:32,323 - WARNING - Warning: 'NoneType' object has no attribute 'getProperty'
2025-09-21 02:15:35,466 - WARNING - Warning: 'NoneType' object has no attribute 'getProperty'
2025-09-21 02:15:43,106 - WARNING - Warning: 'NoneType' object has no attribute 'getProperty'
2025-09-21 02:15:45,921 - WARNING - Warning: 'NoneType' object has no attribute 'getProperty'
2025-09-21 02:15:49,276 - WARNING - Warning: 'NoneType' object has no attribute 'getProperty'
2025-09-21 02:15:53,706 - WARNING - Warning: 'NoneType' object has no attribute 'getProperty'
2025-09-21 02:15:56,626 - WARNING - Warning: 'NoneType' object has no attribute 'getProperty'
2025-09-21 02:15:58,358 - WARNING - Warning: 'NoneType' object has no attribute 'getProperty'
2025-09-21 02:16:03,407 - WARNING - Warning: 'NoneType' object has no attribute 'getProperty'
2025-09-21 02:16:08,383 - WARNING - Warning: 'NoneType' object has no attribute 'getProperty'
2025-09-21 02:16:08,465 - INFO - End Page Analysis | Total Card: 32| Total Scrape: 32
2025-09-21 02:16:12,535 - WARNING - Warning: 'NoneType' object has no attribute 'getProperty'
2025-09-21 02:16:14,647 - WARNING - Warning: 'NoneType' object has no attribute 'getProperty'
2025-09-21 02:16:19,737 - WARNING - Warning: 'NoneType' object has no attribute 'getProperty'
2025-09-21 02:16:23,701 - WARNING - Warning: 'NoneType' object has no attribute 'getProperty'
2025-09-21 02:16:25,424 - WARNING - Warning: 'NoneType' object has no attribute 'getProperty'
2025-09-21 02:16:27,027 - WARNING - Warning: 'NoneType' object has no attribute 'getProperty'
2025-09-21 02:16:28,615 - WARNING - Warning: 'NoneType' object has no attribute 'getProperty'
2025-09-21 02:16:30,801 - WARNING - Warning: 'NoneType' object has no attribute 'getProperty'
2025-09-21 02:16:32,284 - WARNING - Warning: 'NoneType' object has no attribute 'getProperty'
2025-09-21 02:16:34,267 - WARNING - Warning: 'NoneType' object has no attribute 'getProperty'
2025-09-21 02:16:36,026 - WARNING - Warning: 'NoneType' object has no attribute 'getProperty'
2025-09-21 02:16:37,591 - WARNING - Warning: 'NoneType' object has no attribute 'getProperty'
2025-09-21 02:16:39,176 - WARNING - Warning: 'NoneType' object has no attribute 'getProperty'
2025-09-21 02:16:40,791 - WARNING - Warning: 'NoneType' object has no attribute 'getProperty'
2025-09-21 02:16:42,905 - WARNING - Warning: 'NoneType' object has no attribute 'getProperty'
2025-09-21 02:16:44,467 - WARNING - Warning: 'NoneType' object has no attribute 'getProperty'
2025-09-21 02:16:48,242 - WARNING - Warning: 'NoneType' object has no attribute 'getProperty'
2025-09-21 02:16:51,487 - WARNING - Warning: 'NoneType' object has no attribute 'getProperty'
2025-09-21 02:16:55,290 - WARNING - Warning: 'NoneType' object has no attribute 'getProperty'
2025-09-21 02:17:00,782 - WARNING - Warning: 'NoneType' object has no attribute 'getProperty'
2025-09-21 02:17:02,426 - WARNING - Warning: 'NoneType' object has no attribute 'getProperty'
2025-09-21 02:17:06,002 - WARNING - Warning: 'NoneType' object has no attribute 'getProperty'
2025-09-21 02:17:07,627 - INFO - End Page Analysis | Total Card: 32| Total Scrape: 32
2025-09-21 02:17:15,758 - WARNING - Warning: 'NoneType' object has no attribute 'getProperty'
2025-09-21 02:17:17,669 - WARNING - Warning: 'NoneType' object has no attribute 'getProperty'
2025-09-21 02:17:24,531 - WARNING - Warning: 'NoneType' object has no attribute 'getProperty'
2025-09-21 02:17:26,848 - WARNING - Warning: 'NoneType' object has no attribute 'getProperty'
2025-09-21 02:17:28,454 - WARNING - Warning: 'NoneType' object has no attribute 'getProperty'
2025-09-21 02:17:31,856 - WARNING - Warning: 'NoneType' object has no attribute 'getProperty'
2025-09-21 02:17:33,586 - WARNING - Warning: 'NoneType' object has no attribute 'getProperty'
2025-09-21 02:17:35,221 - WARNING - Warning: 'NoneType' object has no attribute 'getProperty'
2025-09-21 02:17:36,877 - WARNING - Warning: 'NoneType' object has no attribute 'getProperty'
2025-09-21 02:17:38,516 - WARNING - Warning: 'NoneType' object has no attribute 'getProperty'
2025-09-21 02:17:40,641 - WARNING - Warning: 'NoneType' object has no attribute 'getProperty'
2025-09-21 02:17:46,514 - WARNING - Warning: 'NoneType' object has no attribute 'getProperty'
2025-09-21 02:17:48,886 - WARNING - Warning: 'NoneType' object has no attribute 'getProperty'
2025-09-21 02:17:51,211 - WARNING - Warning: 'NoneType' object has no attribute 'getProperty'
2025-09-21 02:17:52,985 - WARNING - Warning: 'NoneType' object has no attribute 'getProperty'
2025-09-21 02:18:00,556 - WARNING - Warning: 'NoneType' object has no attribute 'getProperty'
2025-09-21 02:18:02,233 - WARNING - Warning: 'NoneType' object has no attribute 'getProperty'
2025-09-21 02:18:03,953 - WARNING - Warning: 'NoneType' object has no attribute 'getProperty'
2025-09-21 02:18:05,677 - WARNING - Warning: 'NoneType' object has no attribute 'getProperty'
2025-09-21 02:18:07,449 - WARNING - Warning: 'NoneType' object has no attribute 'getProperty'
2025-09-21 02:18:11,637 - WARNING - Warning: 'NoneType' object has no attribute 'getProperty'
2025-09-21 02:18:11,648 - INFO - End Page Analysis | Total Card: 32| Total Scrape: 32
2025-09-21 02:18:13,844 - INFO - End Full Analysis | Total Card: 160| Total Scrape: 160
2025-09-21 02:18:22,916 - WARNING - Warning: 'NoneType' object has no attribute 'getProperty'
2025-09-21 02:18:24,730 - WARNING - Warning: 'NoneType' object has no attribute 'getProperty'
2025-09-21 02:18:33,569 - WARNING - Warning: 'NoneType' object has no attribute 'getProperty'
2025-09-21 02:18:35,973 - WARNING - Warning: 'NoneType' object has no attribute 'getProperty'
2025-09-21 02:18:42,507 - WARNING - Warning: 'NoneType' object has no attribute 'getProperty'
2025-09-21 02:18:43,901 - WARNING - Warning: 'NoneType' object has no attribute 'getProperty'
2025-09-21 02:18:47,487 - WARNING - Warning: 'NoneType' object has no attribute 'getProperty'
2025-09-21 02:18:49,927 - WARNING - Warning: 'NoneType' object has no attribute 'getProperty'
2025-09-21 02:18:52,431 - WARNING - Warning: 'NoneType' object has no attribute 'getProperty'
2025-09-21 02:18:53,736 - WARNING - Warning: 'NoneType' object has no attribute 'getProperty'
2025-09-21 02:18:58,600 - WARNING - Warning: 'NoneType' object has no attribute 'getProperty'
2025-09-21 02:19:04,475 - INFO - End Page Analysis | Total Card: 32| Total Scrape: 32
2025-09-21 02:19:10,577 - WARNING - Warning: 'NoneType' object has no attribute 'getProperty'
2025-09-21 02:19:12,297 - WARNING - Warning: 'NoneType' object has no attribute 'getProperty'
2025-09-21 02:19:18,771 - WARNING - Warning: 'NoneType' object has no attribute 'getProperty'
2025-09-21 02:19:21,697 - WARNING - Warning: 'NoneType' object has no attribute 'getProperty'
2025-09-21 02:19:23,423 - WARNING - Warning: 'NoneType' object has no attribute 'getProperty'
2025-09-21 02:19:25,142 - WARNING - Warning: 'NoneType' object has no attribute 'getProperty'
2025-09-21 02:19:28,616 - WARNING - Warning: 'NoneType' object has no attribute 'getProperty'
2025-09-21 02:19:31,515 - WARNING - Warning: 'NoneType' object has no attribute 'getProperty'
2025-09-21 02:19:43,039 - WARNING - Warning: 'NoneType' object has no attribute 'getProperty'
2025-09-21 02:19:45,959 - WARNING - Warning: 'NoneType' object has no attribute 'getProperty'
2025-09-21 02:19:47,682 - WARNING - Warning: 'NoneType' object has no attribute 'getProperty'
2025-09-21 02:19:49,043 - WARNING - Warning: 'NoneType' object has no attribute 'getProperty'
2025-09-21 02:19:50,264 - WARNING - Warning: 'NoneType' object has no attribute 'getProperty'
2025-09-21 02:19:51,711 - WARNING - Warning: 'NoneType' object has no attribute 'getProperty'
2025-09-21 02:19:53,125 - WARNING - Warning: 'NoneType' object has no attribute 'getProperty'
2025-09-21 02:19:55,946 - INFO - End Page Analysis | Total Card: 32| Total Scrape: 32
2025-09-21 02:19:59,305 - WARNING - Warning: 'NoneType' object has no attribute 'getProperty'
2025-09-21 02:20:03,116 - WARNING - Warning: 'NoneType' object has no attribute 'getProperty'
2025-09-21 02:20:04,989 - WARNING - Warning: 'NoneType' object has no attribute 'getProperty'
2025-09-21 02:20:10,416 - WARNING - Warning: 'NoneType' object has no attribute 'getProperty'
2025-09-21 02:20:11,598 - WARNING - Warning: 'NoneType' object has no attribute 'getProperty'
2025-09-21 02:20:13,167 - WARNING - Warning: 'NoneType' object has no attribute 'getProperty'
2025-09-21 02:20:14,611 - WARNING - Warning: 'NoneType' object has no attribute 'getProperty'
2025-09-21 02:20:16,042 - WARNING - Warning: 'NoneType' object has no attribute 'getProperty'
2025-09-21 02:20:21,377 - WARNING - Warning: 'NoneType' object has no attribute 'getProperty'
2025-09-21 02:20:24,274 - WARNING - Warning: 'NoneType' object has no attribute 'getProperty'
2025-09-21 02:20:28,758 - WARNING - Warning: 'NoneType' object has no attribute 'getProperty'
2025-09-21 02:20:30,253 - WARNING - Warning: 'NoneType' object has no attribute 'getProperty'
2025-09-21 02:20:32,621 - WARNING - Warning: 'NoneType' object has no attribute 'getProperty'
2025-09-21 02:20:34,936 - WARNING - Warning: 'NoneType' object has no attribute 'getProperty'
2025-09-21 02:20:36,931 - WARNING - Warning: 'NoneType' object has no attribute 'getProperty'
2025-09-21 02:20:47,779 - WARNING - Warning: 'NoneType' object has no attribute 'getProperty'
2025-09-21 02:20:47,819 - INFO - End Page Analysis | Total Card: 32| Total Scrape: 32
2025-09-21 02:20:51,599 - WARNING - Warning: 'NoneType' object has no attribute 'getProperty'
2025-09-21 02:20:54,150 - WARNING - Warning: 'NoneType' object has no attribute 'getProperty'
2025-09-21 02:20:55,859 - WARNING - Warning: 'NoneType' object has no attribute 'getProperty'
2025-09-21 02:20:58,098 - WARNING - Warning: 'NoneType' object has no attribute 'getProperty'
2025-09-21 02:21:00,436 - WARNING - Warning: 'NoneType' object has no attribute 'getProperty'
2025-09-21 02:21:03,630 - WARNING - Warning: 'NoneType' object has no attribute 'getProperty'
2025-09-21 02:21:05,180 - WARNING - Warning: 'NoneType' object has no attribute 'getProperty'
2025-09-21 02:21:08,477 - WARNING - Warning: 'NoneType' object has no attribute 'getProperty'
2025-09-21 02:21:10,796 - WARNING - Warning: 'NoneType' object has no attribute 'getProperty'
2025-09-21 02:21:12,334 - WARNING - Warning: 'NoneType' object has no attribute 'getProperty'
2025-09-21 02:21:18,537 - WARNING - Warning: 'NoneType' object has no attribute 'getProperty'
2025-09-21 02:21:20,181 - WARNING - Warning: 'NoneType' object has no attribute 'getProperty'
2025-09-21 02:21:21,758 - WARNING - Warning: 'NoneType' object has no attribute 'getProperty'
2025-09-21 02:21:25,666 - WARNING - Warning: 'NoneType' object has no attribute 'getProperty'
2025-09-21 02:21:27,569 - WARNING - Warning: 'NoneType' object has no attribute 'getProperty'
2025-09-21 02:21:29,989 - WARNING - Warning: 'NoneType' object has no attribute 'getProperty'
2025-09-21 02:21:33,049 - WARNING - Warning: 'NoneType' object has no attribute 'getProperty'
2025-09-21 02:21:34,531 - WARNING - Warning: 'NoneType' object has no attribute 'getProperty'
2025-09-21 02:21:36,385 - WARNING - Warning: 'NoneType' object has no attribute 'getProperty'
2025-09-21 02:21:38,430 - WARNING - Warning: 'NoneType' object has no attribute 'getProperty'
2025-09-21 02:21:40,167 - WARNING - Warning: 'NoneType' object has no attribute 'getProperty'
2025-09-21 02:21:46,373 - INFO - End Page Analysis | Total Card: 32| Total Scrape: 32
2025-09-21 02:21:51,977 - WARNING - Warning: 'NoneType' object has no attribute 'getProperty'
2025-09-21 02:21:53,655 - WARNING - Warning: 'NoneType' object has no attribute 'getProperty'
2025-09-21 02:21:55,731 - WARNING - Warning: 'NoneType' object has no attribute 'getProperty'
2025-09-21 02:21:59,488 - WARNING - Warning: 'NoneType' object has no attribute 'getProperty'
2025-09-21 02:22:01,229 - WARNING - Warning: 'NoneType' object has no attribute 'getProperty'
2025-09-21 02:22:02,891 - WARNING - Warning: 'NoneType' object has no attribute 'getProperty'
2025-09-21 02:22:06,016 - WARNING - Warning: 'NoneType' object has no attribute 'getProperty'
2025-09-21 02:22:07,878 - WARNING - Warning: 'NoneType' object has no attribute 'getProperty'
2025-09-21 02:22:10,590 - WARNING - Warning: 'NoneType' object has no attribute 'getProperty'
2025-09-21 02:22:13,219 - WARNING - Warning: 'NoneType' object has no attribute 'getProperty'
2025-09-21 02:22:14,988 - WARNING - Warning: 'NoneType' object has no attribute 'getProperty'
2025-09-21 02:22:18,734 - WARNING - Warning: 'NoneType' object has no attribute 'getProperty'
2025-09-21 02:22:20,885 - WARNING - Warning: 'NoneType' object has no attribute 'getProperty'
2025-09-21 02:22:24,496 - WARNING - Warning: 'NoneType' object has no attribute 'getProperty'
2025-09-21 02:22:26,433 - WARNING - Warning: 'NoneType' object has no attribute 'getProperty'
2025-09-21 02:22:30,471 - WARNING - Warning: 'NoneType' object has no attribute 'getProperty'
2025-09-21 02:22:32,752 - WARNING - Warning: 'NoneType' object has no attribute 'getProperty'
2025-09-21 02:22:40,615 - WARNING - Warning: 'NoneType' object has no attribute 'getProperty'
2025-09-21 02:22:45,883 - WARNING - Warning: 'NoneType' object has no attribute 'getProperty'
2025-09-21 02:22:49,371 - WARNING - Warning: 'NoneType' object has no attribute 'getProperty'
2025-09-21 02:22:49,383 - INFO - End Page Analysis | Total Card: 32| Total Scrape: 32
2025-09-21 02:22:51,591 - INFO - End Full Analysis | Total Card: 160| Total Scrape: 160
2025-09-21 02:22:51,592 - INFO - terminate chrome process...
2025-09-21 02:22:52,648 - INFO - CSV written successfully
2025-09-21 02:22:52,648 - INFO - Wrote CSV with 800 rows to /home/runner/work/Skillsgauge/Skillsgauge/bronze_datasets/JS/js_2025_09_21.csv
2025-09-21 02:22:52,649 - INFO - Scrapper Ended successfully
