2025-12-07 02:12:45,365 - INFO - Scraper started
2025-12-07 02:13:00,093 - INFO - Browser listening on: ws://127.0.0.1:35031/devtools/browser/03fad708-d563-4b48-b83d-984002a03d8b
2025-12-07 02:13:13,272 - WARNING - Warning: 'NoneType' object has no attribute 'getProperty'
2025-12-07 02:13:15,024 - WARNING - Warning: 'NoneType' object has no attribute 'getProperty'
2025-12-07 02:13:16,811 - WARNING - Warning: 'NoneType' object has no attribute 'getProperty'
2025-12-07 02:13:18,402 - WARNING - Warning: 'NoneType' object has no attribute 'getProperty'
2025-12-07 02:13:20,163 - WARNING - Warning: 'NoneType' object has no attribute 'getProperty'
2025-12-07 02:13:21,754 - WARNING - Warning: 'NoneType' object has no attribute 'getProperty'
2025-12-07 02:13:23,622 - WARNING - Warning: 'NoneType' object has no attribute 'getProperty'
2025-12-07 02:13:25,206 - WARNING - Warning: 'NoneType' object has no attribute 'getProperty'
2025-12-07 02:13:26,912 - WARNING - Warning: 'NoneType' object has no attribute 'getProperty'
2025-12-07 02:13:28,398 - WARNING - Warning: 'NoneType' object has no attribute 'getProperty'
2025-12-07 02:13:30,281 - WARNING - Warning: 'NoneType' object has no attribute 'getProperty'
2025-12-07 02:13:32,059 - WARNING - Warning: 'NoneType' object has no attribute 'getProperty'
2025-12-07 02:13:33,469 - WARNING - Warning: 'NoneType' object has no attribute 'getProperty'
2025-12-07 02:13:35,039 - WARNING - Warning: 'NoneType' object has no attribute 'getProperty'
2025-12-07 02:13:44,229 - WARNING - Warning: 'NoneType' object has no attribute 'getProperty'
2025-12-07 02:13:47,355 - WARNING - Warning: 'NoneType' object has no attribute 'getProperty'
2025-12-07 02:13:48,822 - WARNING - Warning: 'NoneType' object has no attribute 'getProperty'
2025-12-07 02:13:50,321 - WARNING - Warning: 'NoneType' object has no attribute 'getProperty'
2025-12-07 02:13:51,800 - WARNING - Warning: 'NoneType' object has no attribute 'getProperty'
2025-12-07 02:13:59,055 - WARNING - Warning: 'NoneType' object has no attribute 'getProperty'
2025-12-07 02:14:00,384 - WARNING - Warning: 'NoneType' object has no attribute 'getProperty'
2025-12-07 02:14:01,727 - INFO - End Page Analysis | Total Card: 32| Total Scrape: 32
2025-12-07 02:14:08,235 - WARNING - Warning: 'NoneType' object has no attribute 'getProperty'
2025-12-07 02:14:09,501 - WARNING - Warning: 'NoneType' object has no attribute 'getProperty'
2025-12-07 02:14:10,830 - WARNING - Warning: 'NoneType' object has no attribute 'getProperty'
2025-12-07 02:14:14,988 - WARNING - Warning: 'NoneType' object has no attribute 'getProperty'
2025-12-07 02:14:17,703 - WARNING - Warning: 'NoneType' object has no attribute 'getProperty'
2025-12-07 02:14:19,086 - WARNING - Warning: 'NoneType' object has no attribute 'getProperty'
2025-12-07 02:14:23,351 - WARNING - Warning: 'NoneType' object has no attribute 'getProperty'
2025-12-07 02:14:27,846 - WARNING - Warning: 'NoneType' object has no attribute 'getProperty'
2025-12-07 02:14:34,795 - WARNING - Warning: 'NoneType' object has no attribute 'getProperty'
2025-12-07 02:14:36,221 - WARNING - Warning: 'NoneType' object has no attribute 'getProperty'
2025-12-07 02:14:37,658 - WARNING - Warning: 'NoneType' object has no attribute 'getProperty'
2025-12-07 02:14:43,267 - WARNING - Warning: 'NoneType' object has no attribute 'getProperty'
2025-12-07 02:14:44,632 - WARNING - Warning: 'NoneType' object has no attribute 'getProperty'
2025-12-07 02:14:46,044 - WARNING - Warning: 'NoneType' object has no attribute 'getProperty'
2025-12-07 02:14:48,926 - INFO - End Page Analysis | Total Card: 32| Total Scrape: 32
2025-12-07 02:14:52,581 - WARNING - Warning: 'NoneType' object has no attribute 'getProperty'
2025-12-07 02:14:55,936 - WARNING - Warning: 'NoneType' object has no attribute 'getProperty'
2025-12-07 02:15:03,917 - WARNING - Warning: 'NoneType' object has no attribute 'getProperty'
2025-12-07 02:15:05,445 - WARNING - Warning: 'NoneType' object has no attribute 'getProperty'
2025-12-07 02:15:10,290 - WARNING - Warning: 'NoneType' object has no attribute 'getProperty'
2025-12-07 02:15:13,401 - WARNING - Warning: 'NoneType' object has no attribute 'getProperty'
2025-12-07 02:15:14,959 - WARNING - Warning: 'NoneType' object has no attribute 'getProperty'
2025-12-07 02:15:21,694 - WARNING - Warning: 'NoneType' object has no attribute 'getProperty'
2025-12-07 02:15:25,156 - WARNING - Warning: 'NoneType' object has no attribute 'getProperty'
2025-12-07 02:15:26,744 - WARNING - Warning: 'NoneType' object has no attribute 'getProperty'
2025-12-07 02:15:28,309 - WARNING - Warning: 'NoneType' object has no attribute 'getProperty'
2025-12-07 02:15:31,406 - WARNING - Warning: 'NoneType' object has no attribute 'getProperty'
2025-12-07 02:15:34,548 - WARNING - Warning: 'NoneType' object has no attribute 'getProperty'
2025-12-07 02:15:36,130 - WARNING - Warning: 'NoneType' object has no attribute 'getProperty'
2025-12-07 02:15:37,590 - WARNING - Warning: 'NoneType' object has no attribute 'getProperty'
2025-12-07 02:15:39,156 - WARNING - Warning: 'NoneType' object has no attribute 'getProperty'
2025-12-07 02:15:40,615 - WARNING - Warning: 'NoneType' object has no attribute 'getProperty'
2025-12-07 02:15:42,517 - INFO - End Page Analysis | Total Card: 32| Total Scrape: 32
2025-12-07 02:15:48,263 - WARNING - Warning: 'NoneType' object has no attribute 'getProperty'
2025-12-07 02:15:51,564 - WARNING - Warning: 'NoneType' object has no attribute 'getProperty'
2025-12-07 02:15:54,795 - WARNING - Warning: 'NoneType' object has no attribute 'getProperty'
2025-12-07 02:16:02,379 - WARNING - Warning: 'NoneType' object has no attribute 'getProperty'
2025-12-07 02:16:04,265 - WARNING - Warning: 'NoneType' object has no attribute 'getProperty'
2025-12-07 02:16:07,734 - WARNING - Warning: 'NoneType' object has no attribute 'getProperty'
2025-12-07 02:16:09,797 - WARNING - Warning: 'NoneType' object has no attribute 'getProperty'
2025-12-07 02:16:11,505 - WARNING - Warning: 'NoneType' object has no attribute 'getProperty'
2025-12-07 02:16:14,989 - WARNING - Warning: 'NoneType' object has no attribute 'getProperty'
2025-12-07 02:16:16,763 - WARNING - Warning: 'NoneType' object has no attribute 'getProperty'
2025-12-07 02:16:20,270 - WARNING - Warning: 'NoneType' object has no attribute 'getProperty'
2025-12-07 02:16:23,761 - WARNING - Warning: 'NoneType' object has no attribute 'getProperty'
2025-12-07 02:16:29,230 - WARNING - Warning: 'NoneType' object has no attribute 'getProperty'
2025-12-07 02:16:32,667 - WARNING - Warning: 'NoneType' object has no attribute 'getProperty'
2025-12-07 02:16:34,427 - WARNING - Warning: 'NoneType' object has no attribute 'getProperty'
2025-12-07 02:16:36,164 - WARNING - Warning: 'NoneType' object has no attribute 'getProperty'
2025-12-07 02:16:37,916 - WARNING - Warning: 'NoneType' object has no attribute 'getProperty'
2025-12-07 02:16:39,985 - WARNING - Warning: 'NoneType' object has no attribute 'getProperty'
2025-12-07 02:16:41,815 - WARNING - Warning: 'NoneType' object has no attribute 'getProperty'
2025-12-07 02:16:41,915 - INFO - End Page Analysis | Total Card: 32| Total Scrape: 32
2025-12-07 02:16:46,424 - WARNING - Warning: 'NoneType' object has no attribute 'getProperty'
2025-12-07 02:16:50,468 - WARNING - Warning: 'NoneType' object has no attribute 'getProperty'
2025-12-07 02:16:52,149 - WARNING - Warning: 'NoneType' object has no attribute 'getProperty'
2025-12-07 02:16:53,916 - WARNING - Warning: 'NoneType' object has no attribute 'getProperty'
2025-12-07 02:16:55,631 - WARNING - Warning: 'NoneType' object has no attribute 'getProperty'
2025-12-07 02:16:57,446 - WARNING - Warning: 'NoneType' object has no attribute 'getProperty'
2025-12-07 02:16:59,283 - WARNING - Warning: 'NoneType' object has no attribute 'getProperty'
2025-12-07 02:17:04,790 - WARNING - Warning: 'NoneType' object has no attribute 'getProperty'
2025-12-07 02:17:13,052 - WARNING - Warning: 'NoneType' object has no attribute 'getProperty'
2025-12-07 02:17:15,140 - WARNING - Warning: 'NoneType' object has no attribute 'getProperty'
2025-12-07 02:17:18,806 - WARNING - Warning: 'NoneType' object has no attribute 'getProperty'
2025-12-07 02:17:27,494 - WARNING - Warning: 'NoneType' object has no attribute 'getProperty'
2025-12-07 02:17:29,491 - WARNING - Warning: 'NoneType' object has no attribute 'getProperty'
2025-12-07 02:17:31,417 - WARNING - Warning: 'NoneType' object has no attribute 'getProperty'
2025-12-07 02:17:33,315 - WARNING - Warning: 'NoneType' object has no attribute 'getProperty'
2025-12-07 02:17:35,147 - WARNING - Warning: 'NoneType' object has no attribute 'getProperty'
2025-12-07 02:17:41,133 - WARNING - Warning: 'NoneType' object has no attribute 'getProperty'
2025-12-07 02:17:43,031 - WARNING - Warning: 'NoneType' object has no attribute 'getProperty'
2025-12-07 02:17:44,885 - WARNING - Warning: 'NoneType' object has no attribute 'getProperty'
2025-12-07 02:17:46,661 - WARNING - Warning: 'NoneType' object has no attribute 'getProperty'
2025-12-07 02:17:46,713 - INFO - End Page Analysis | Total Card: 32| Total Scrape: 32
2025-12-07 02:17:48,925 - INFO - End Full Analysis | Total Card: 160| Total Scrape: 160
2025-12-07 02:17:59,717 - WARNING - Warning: 'NoneType' object has no attribute 'getProperty'
2025-12-07 02:18:05,031 - WARNING - Warning: 'NoneType' object has no attribute 'getProperty'
2025-12-07 02:18:09,434 - WARNING - Warning: 'NoneType' object has no attribute 'getProperty'
2025-12-07 02:18:15,395 - WARNING - Warning: 'NoneType' object has no attribute 'getProperty'
2025-12-07 02:18:18,218 - WARNING - Warning: 'NoneType' object has no attribute 'getProperty'
2025-12-07 02:18:19,923 - WARNING - Warning: 'NoneType' object has no attribute 'getProperty'
2025-12-07 02:18:26,867 - WARNING - Warning: 'NoneType' object has no attribute 'getProperty'
2025-12-07 02:18:32,250 - WARNING - Warning: 'NoneType' object has no attribute 'getProperty'
2025-12-07 02:18:35,228 - WARNING - Warning: 'NoneType' object has no attribute 'getProperty'
2025-12-07 02:18:36,400 - WARNING - Warning: 'NoneType' object has no attribute 'getProperty'
2025-12-07 02:18:39,480 - WARNING - Warning: 'NoneType' object has no attribute 'getProperty'
2025-12-07 02:18:41,192 - WARNING - Warning: 'NoneType' object has no attribute 'getProperty'
2025-12-07 02:18:42,659 - WARNING - Warning: 'NoneType' object has no attribute 'getProperty'
2025-12-07 02:18:42,668 - INFO - End Page Analysis | Total Card: 32| Total Scrape: 32
2025-12-07 02:18:47,826 - WARNING - Warning: 'NoneType' object has no attribute 'getProperty'
2025-12-07 02:18:49,197 - WARNING - Warning: 'NoneType' object has no attribute 'getProperty'
2025-12-07 02:18:56,176 - WARNING - Warning: 'NoneType' object has no attribute 'getProperty'
2025-12-07 02:18:58,989 - WARNING - Warning: 'NoneType' object has no attribute 'getProperty'
2025-12-07 02:19:01,726 - WARNING - Warning: 'NoneType' object has no attribute 'getProperty'
2025-12-07 02:19:03,113 - WARNING - Warning: 'NoneType' object has no attribute 'getProperty'
2025-12-07 02:19:06,237 - WARNING - Warning: 'NoneType' object has no attribute 'getProperty'
2025-12-07 02:19:13,685 - WARNING - Warning: 'NoneType' object has no attribute 'getProperty'
2025-12-07 02:19:17,006 - WARNING - Warning: 'NoneType' object has no attribute 'getProperty'
2025-12-07 02:19:17,011 - WARNING - Warning: Unsupported relative time format
2025-12-07 02:19:18,737 - WARNING - Warning: 'NoneType' object has no attribute 'getProperty'
2025-12-07 02:19:20,338 - WARNING - Warning: 'NoneType' object has no attribute 'getProperty'
2025-12-07 02:19:22,059 - WARNING - Warning: 'NoneType' object has no attribute 'getProperty'
2025-12-07 02:19:26,865 - WARNING - Warning: 'NoneType' object has no attribute 'getProperty'
2025-12-07 02:19:28,521 - WARNING - Warning: 'NoneType' object has no attribute 'getProperty'
2025-12-07 02:19:33,824 - INFO - End Page Analysis | Total Card: 32| Total Scrape: 32
2025-12-07 02:19:38,642 - WARNING - Warning: Unsupported relative time format
2025-12-07 02:19:45,131 - WARNING - Warning: 'NoneType' object has no attribute 'getProperty'
2025-12-07 02:19:48,303 - WARNING - Warning: 'NoneType' object has no attribute 'getProperty'
2025-12-07 02:19:49,713 - WARNING - Warning: 'NoneType' object has no attribute 'getProperty'
2025-12-07 02:19:50,962 - WARNING - Warning: 'NoneType' object has no attribute 'getProperty'
2025-12-07 02:19:52,695 - WARNING - Warning: 'NoneType' object has no attribute 'getProperty'
2025-12-07 02:19:55,662 - WARNING - Warning: 'NoneType' object has no attribute 'getProperty'
2025-12-07 02:19:58,643 - WARNING - Warning: 'NoneType' object has no attribute 'getProperty'
2025-12-07 02:20:02,825 - WARNING - Warning: 'NoneType' object has no attribute 'getProperty'
2025-12-07 02:20:04,314 - WARNING - Warning: 'NoneType' object has no attribute 'getProperty'
2025-12-07 02:20:10,545 - WARNING - Warning: 'NoneType' object has no attribute 'getProperty'
2025-12-07 02:20:29,575 - INFO - End Page Analysis | Total Card: 32| Total Scrape: 32
2025-12-07 02:20:35,507 - WARNING - Warning: 'NoneType' object has no attribute 'getProperty'
2025-12-07 02:20:38,942 - WARNING - Warning: 'NoneType' object has no attribute 'getProperty'
2025-12-07 02:20:42,426 - WARNING - Warning: 'NoneType' object has no attribute 'getProperty'
2025-12-07 02:20:45,981 - WARNING - Warning: 'NoneType' object has no attribute 'getProperty'
2025-12-07 02:20:48,542 - WARNING - Warning: 'NoneType' object has no attribute 'getProperty'
2025-12-07 02:20:58,541 - WARNING - Warning: 'NoneType' object has no attribute 'getProperty'
2025-12-07 02:21:02,134 - WARNING - Warning: 'NoneType' object has no attribute 'getProperty'
2025-12-07 02:21:04,039 - WARNING - Warning: 'NoneType' object has no attribute 'getProperty'
2025-12-07 02:21:05,774 - WARNING - Warning: 'NoneType' object has no attribute 'getProperty'
2025-12-07 02:21:15,737 - WARNING - Warning: 'NoneType' object has no attribute 'getProperty'
2025-12-07 02:21:28,938 - WARNING - Warning: 'NoneType' object has no attribute 'getProperty'
2025-12-07 02:21:31,330 - WARNING - Warning: 'NoneType' object has no attribute 'getProperty'
2025-12-07 02:21:31,344 - INFO - End Page Analysis | Total Card: 32| Total Scrape: 32
2025-12-07 02:21:35,750 - WARNING - Warning: 'NoneType' object has no attribute 'getProperty'
2025-12-07 02:21:39,416 - WARNING - Warning: 'NoneType' object has no attribute 'getProperty'
2025-12-07 02:21:48,377 - WARNING - Warning: 'NoneType' object has no attribute 'getProperty'
2025-12-07 02:21:50,498 - WARNING - Warning: 'NoneType' object has no attribute 'getProperty'
2025-12-07 02:21:52,369 - WARNING - Warning: 'NoneType' object has no attribute 'getProperty'
2025-12-07 02:21:54,208 - WARNING - Warning: 'NoneType' object has no attribute 'getProperty'
2025-12-07 02:21:56,028 - WARNING - Warning: 'NoneType' object has no attribute 'getProperty'
2025-12-07 02:21:57,832 - WARNING - Warning: 'NoneType' object has no attribute 'getProperty'
2025-12-07 02:22:03,565 - WARNING - Warning: 'NoneType' object has no attribute 'getProperty'
2025-12-07 02:22:05,818 - WARNING - Warning: 'NoneType' object has no attribute 'getProperty'
2025-12-07 02:22:09,927 - WARNING - Warning: 'NoneType' object has no attribute 'getProperty'
2025-12-07 02:22:16,467 - WARNING - Warning: 'NoneType' object has no attribute 'getProperty'
2025-12-07 02:22:22,775 - WARNING - Warning: 'NoneType' object has no attribute 'getProperty'
2025-12-07 02:22:28,907 - WARNING - Warning: 'NoneType' object has no attribute 'getProperty'
2025-12-07 02:22:37,199 - WARNING - Warning: 'NoneType' object has no attribute 'getProperty'
2025-12-07 02:22:37,210 - INFO - End Page Analysis | Total Card: 32| Total Scrape: 32
2025-12-07 02:22:39,435 - INFO - End Full Analysis | Total Card: 160| Total Scrape: 160
2025-12-07 02:22:48,602 - WARNING - Warning: 'NoneType' object has no attribute 'getProperty'
2025-12-07 02:22:54,145 - WARNING - Warning: 'NoneType' object has no attribute 'getProperty'
2025-12-07 02:22:56,819 - WARNING - Warning: 'NoneType' object has no attribute 'getProperty'
2025-12-07 02:23:06,838 - WARNING - Warning: 'NoneType' object has no attribute 'getProperty'
2025-12-07 02:23:09,518 - WARNING - Warning: 'NoneType' object has no attribute 'getProperty'
2025-12-07 02:23:20,381 - WARNING - Warning: 'NoneType' object has no attribute 'getProperty'
2025-12-07 02:23:23,569 - WARNING - Warning: 'NoneType' object has no attribute 'getProperty'
2025-12-07 02:23:29,723 - INFO - End Page Analysis | Total Card: 32| Total Scrape: 32
2025-12-07 02:23:35,196 - WARNING - Warning: 'NoneType' object has no attribute 'getProperty'
2025-12-07 02:23:37,906 - WARNING - Warning: 'NoneType' object has no attribute 'getProperty'
2025-12-07 02:23:40,624 - WARNING - Warning: 'NoneType' object has no attribute 'getProperty'
2025-12-07 02:23:44,463 - WARNING - Warning: Unsupported relative time format
2025-12-07 02:23:53,202 - WARNING - Warning: 'NoneType' object has no attribute 'getProperty'
2025-12-07 02:24:08,550 - WARNING - Warning: Unsupported relative time format
2025-12-07 02:24:18,088 - INFO - End Page Analysis | Total Card: 32| Total Scrape: 32
2025-12-07 02:24:21,960 - WARNING - Warning: 'NoneType' object has no attribute 'getProperty'
2025-12-07 02:24:25,508 - WARNING - Warning: 'NoneType' object has no attribute 'getProperty'
2025-12-07 02:24:31,595 - WARNING - Warning: 'NoneType' object has no attribute 'getProperty'
2025-12-07 02:24:42,874 - WARNING - Warning: Unsupported relative time format
2025-12-07 02:24:49,077 - WARNING - Warning: 'NoneType' object has no attribute 'getProperty'
2025-12-07 02:24:53,648 - WARNING - Warning: 'NoneType' object has no attribute 'getProperty'
2025-12-07 02:24:56,728 - WARNING - Warning: Unsupported relative time format
2025-12-07 02:25:05,166 - WARNING - Warning: 'NoneType' object has no attribute 'getProperty'
2025-12-07 02:25:08,646 - WARNING - Warning: 'NoneType' object has no attribute 'getProperty'
2025-12-07 02:25:12,012 - INFO - End Page Analysis | Total Card: 32| Total Scrape: 32
2025-12-07 02:25:20,665 - WARNING - Warning: 'NoneType' object has no attribute 'getProperty'
2025-12-07 02:25:22,408 - WARNING - Warning: 'NoneType' object has no attribute 'getProperty'
2025-12-07 02:25:25,808 - WARNING - Warning: 'NoneType' object has no attribute 'getProperty'
2025-12-07 02:25:29,351 - WARNING - Warning: 'NoneType' object has no attribute 'getProperty'
2025-12-07 02:25:31,209 - WARNING - Warning: 'NoneType' object has no attribute 'getProperty'
2025-12-07 02:25:34,708 - WARNING - Warning: 'NoneType' object has no attribute 'getProperty'
2025-12-07 02:25:36,397 - WARNING - Warning: 'NoneType' object has no attribute 'getProperty'
2025-12-07 02:25:38,017 - WARNING - Warning: 'NoneType' object has no attribute 'getProperty'
2025-12-07 02:25:39,696 - WARNING - Warning: 'NoneType' object has no attribute 'getProperty'
2025-12-07 02:25:41,443 - WARNING - Warning: 'NoneType' object has no attribute 'getProperty'
2025-12-07 02:25:43,046 - WARNING - Warning: 'NoneType' object has no attribute 'getProperty'
2025-12-07 02:25:47,080 - WARNING - Warning: 'NoneType' object has no attribute 'getProperty'
2025-12-07 02:25:52,328 - WARNING - Warning: 'NoneType' object has no attribute 'getProperty'
2025-12-07 02:25:55,888 - WARNING - Warning: 'NoneType' object has no attribute 'getProperty'
2025-12-07 02:25:57,622 - WARNING - Warning: 'NoneType' object has no attribute 'getProperty'
2025-12-07 02:26:01,140 - WARNING - Warning: 'NoneType' object has no attribute 'getProperty'
2025-12-07 02:26:02,978 - WARNING - Warning: 'NoneType' object has no attribute 'getProperty'
2025-12-07 02:26:06,545 - WARNING - Warning: 'NoneType' object has no attribute 'getProperty'
2025-12-07 02:26:08,352 - WARNING - Warning: 'NoneType' object has no attribute 'getProperty'
2025-12-07 02:26:12,769 - INFO - End Page Analysis | Total Card: 32| Total Scrape: 32
2025-12-07 02:26:24,355 - WARNING - Warning: 'NoneType' object has no attribute 'getProperty'
2025-12-07 02:26:28,432 - WARNING - Warning: 'NoneType' object has no attribute 'getProperty'
2025-12-07 02:26:32,689 - WARNING - Warning: 'NoneType' object has no attribute 'getProperty'
2025-12-07 02:26:36,667 - WARNING - Warning: 'NoneType' object has no attribute 'getProperty'
2025-12-07 02:26:40,389 - WARNING - Warning: 'NoneType' object has no attribute 'getProperty'
2025-12-07 02:26:44,294 - WARNING - Warning: 'NoneType' object has no attribute 'getProperty'
2025-12-07 02:26:48,268 - WARNING - Warning: 'NoneType' object has no attribute 'getProperty'
2025-12-07 02:26:50,280 - WARNING - Warning: 'NoneType' object has no attribute 'getProperty'
2025-12-07 02:27:05,534 - WARNING - Warning: 'NoneType' object has no attribute 'getProperty'
2025-12-07 02:27:07,563 - WARNING - Warning: 'NoneType' object has no attribute 'getProperty'
2025-12-07 02:27:12,119 - WARNING - Warning: 'NoneType' object has no attribute 'getProperty'
2025-12-07 02:27:16,494 - WARNING - Warning: 'NoneType' object has no attribute 'getProperty'
2025-12-07 02:27:18,567 - WARNING - Warning: 'NoneType' object has no attribute 'getProperty'
2025-12-07 02:27:20,702 - INFO - End Page Analysis | Total Card: 32| Total Scrape: 32
2025-12-07 02:27:22,943 - INFO - End Full Analysis | Total Card: 160| Total Scrape: 160
2025-12-07 02:27:31,659 - WARNING - Warning: 'NoneType' object has no attribute 'getProperty'
2025-12-07 02:27:33,149 - WARNING - Warning: 'NoneType' object has no attribute 'getProperty'
2025-12-07 02:27:34,496 - WARNING - Warning: 'NoneType' object has no attribute 'getProperty'
2025-12-07 02:27:42,198 - WARNING - Warning: 'NoneType' object has no attribute 'getProperty'
2025-12-07 02:27:43,390 - WARNING - Warning: 'NoneType' object has no attribute 'getProperty'
2025-12-07 02:27:47,186 - WARNING - Warning: 'NoneType' object has no attribute 'getProperty'
2025-12-07 02:27:49,796 - WARNING - Warning: 'NoneType' object has no attribute 'getProperty'
2025-12-07 02:27:52,328 - WARNING - Warning: 'NoneType' object has no attribute 'getProperty'
2025-12-07 02:27:57,494 - WARNING - Warning: 'NoneType' object has no attribute 'getProperty'
2025-12-07 02:28:06,733 - WARNING - Warning: 'NoneType' object has no attribute 'getProperty'
2025-12-07 02:28:08,184 - WARNING - Warning: 'NoneType' object has no attribute 'getProperty'
2025-12-07 02:28:12,587 - INFO - End Page Analysis | Total Card: 32| Total Scrape: 32
2025-12-07 02:28:23,217 - WARNING - Warning: 'NoneType' object has no attribute 'getProperty'
2025-12-07 02:28:26,351 - WARNING - Warning: 'NoneType' object has no attribute 'getProperty'
2025-12-07 02:28:37,266 - WARNING - Warning: 'NoneType' object has no attribute 'getProperty'
2025-12-07 02:28:41,730 - WARNING - Warning: 'NoneType' object has no attribute 'getProperty'
2025-12-07 02:28:44,524 - WARNING - Warning: 'NoneType' object has no attribute 'getProperty'
2025-12-07 02:28:47,254 - WARNING - Warning: 'NoneType' object has no attribute 'getProperty'
2025-12-07 02:28:48,659 - WARNING - Warning: 'NoneType' object has no attribute 'getProperty'
2025-12-07 02:28:52,844 - WARNING - Warning: 'NoneType' object has no attribute 'getProperty'
2025-12-07 02:28:55,488 - WARNING - Warning: 'NoneType' object has no attribute 'getProperty'
2025-12-07 02:28:58,290 - WARNING - Warning: 'NoneType' object has no attribute 'getProperty'
2025-12-07 02:29:01,171 - WARNING - Warning: 'NoneType' object has no attribute 'getProperty'
2025-12-07 02:29:01,182 - INFO - End Page Analysis | Total Card: 32| Total Scrape: 32
2025-12-07 02:29:04,852 - WARNING - Warning: 'NoneType' object has no attribute 'getProperty'
2025-12-07 02:29:05,964 - WARNING - Warning: 'NoneType' object has no attribute 'getProperty'
2025-12-07 02:29:08,985 - WARNING - Warning: 'NoneType' object has no attribute 'getProperty'
2025-12-07 02:29:10,219 - WARNING - Warning: 'NoneType' object has no attribute 'getProperty'
2025-12-07 02:29:11,667 - WARNING - Warning: 'NoneType' object has no attribute 'getProperty'
2025-12-07 02:29:12,979 - WARNING - Warning: 'NoneType' object has no attribute 'getProperty'
2025-12-07 02:29:19,226 - WARNING - Warning: 'NoneType' object has no attribute 'getProperty'
2025-12-07 02:29:29,663 - WARNING - Warning: 'NoneType' object has no attribute 'getProperty'
2025-12-07 02:29:33,008 - WARNING - Warning: 'NoneType' object has no attribute 'getProperty'
2025-12-07 02:29:45,409 - WARNING - Warning: 'NoneType' object has no attribute 'getProperty'
2025-12-07 02:29:46,955 - WARNING - Warning: 'NoneType' object has no attribute 'getProperty'
2025-12-07 02:29:53,188 - WARNING - Warning: 'NoneType' object has no attribute 'getProperty'
2025-12-07 02:29:53,200 - INFO - End Page Analysis | Total Card: 32| Total Scrape: 32
2025-12-07 02:29:57,132 - WARNING - Warning: 'NoneType' object has no attribute 'getProperty'
2025-12-07 02:30:00,239 - WARNING - Warning: 'NoneType' object has no attribute 'getProperty'
2025-12-07 02:30:01,790 - WARNING - Warning: 'NoneType' object has no attribute 'getProperty'
2025-12-07 02:30:07,329 - WARNING - Warning: 'NoneType' object has no attribute 'getProperty'
2025-12-07 02:30:12,515 - WARNING - Warning: 'NoneType' object has no attribute 'getProperty'
2025-12-07 02:30:16,003 - WARNING - Warning: 'NoneType' object has no attribute 'getProperty'
2025-12-07 02:30:26,693 - WARNING - Warning: 'NoneType' object has no attribute 'getProperty'
2025-12-07 02:30:30,173 - WARNING - Warning: 'NoneType' object has no attribute 'getProperty'
2025-12-07 02:30:31,865 - WARNING - Warning: 'NoneType' object has no attribute 'getProperty'
2025-12-07 02:30:44,419 - WARNING - Warning: 'NoneType' object has no attribute 'getProperty'
2025-12-07 02:30:47,730 - WARNING - Warning: 'NoneType' object has no attribute 'getProperty'
2025-12-07 02:30:51,267 - INFO - End Page Analysis | Total Card: 32| Total Scrape: 32
2025-12-07 02:31:02,679 - WARNING - Warning: 'NoneType' object has no attribute 'getProperty'
2025-12-07 02:31:11,496 - WARNING - Warning: 'NoneType' object has no attribute 'getProperty'
2025-12-07 02:31:15,271 - WARNING - Warning: 'NoneType' object has no attribute 'getProperty'
2025-12-07 02:31:19,127 - WARNING - Warning: 'NoneType' object has no attribute 'getProperty'
2025-12-07 02:31:27,006 - WARNING - Warning: 'NoneType' object has no attribute 'getProperty'
2025-12-07 02:31:28,977 - WARNING - Warning: 'NoneType' object has no attribute 'getProperty'
2025-12-07 02:31:30,969 - WARNING - Warning: 'NoneType' object has no attribute 'getProperty'
2025-12-07 02:31:36,523 - WARNING - Warning: 'NoneType' object has no attribute 'getProperty'
2025-12-07 02:31:40,414 - WARNING - Warning: 'NoneType' object has no attribute 'getProperty'
2025-12-07 02:31:43,994 - WARNING - Warning: 'NoneType' object has no attribute 'getProperty'
2025-12-07 02:31:47,553 - WARNING - Warning: Unsupported relative time format
2025-12-07 02:31:49,301 - WARNING - Warning: 'NoneType' object has no attribute 'getProperty'
2025-12-07 02:31:52,973 - INFO - End Page Analysis | Total Card: 32| Total Scrape: 32
2025-12-07 02:31:55,218 - INFO - End Full Analysis | Total Card: 160| Total Scrape: 160
2025-12-07 02:32:15,903 - WARNING - Warning: 'NoneType' object has no attribute 'getProperty'
2025-12-07 02:32:19,054 - WARNING - Warning: 'NoneType' object has no attribute 'getProperty'
2025-12-07 02:32:20,426 - WARNING - Warning: 'NoneType' object has no attribute 'getProperty'
2025-12-07 02:32:22,149 - WARNING - Warning: 'NoneType' object has no attribute 'getProperty'
2025-12-07 02:32:26,386 - WARNING - Warning: 'NoneType' object has no attribute 'getProperty'
2025-12-07 02:32:29,249 - WARNING - Warning: 'NoneType' object has no attribute 'getProperty'
2025-12-07 02:32:30,959 - WARNING - Warning: 'NoneType' object has no attribute 'getProperty'
2025-12-07 02:32:33,933 - WARNING - Warning: 'NoneType' object has no attribute 'getProperty'
2025-12-07 02:32:43,353 - WARNING - Warning: 'NoneType' object has no attribute 'getProperty'
2025-12-07 02:32:46,298 - WARNING - Warning: 'NoneType' object has no attribute 'getProperty'
2025-12-07 02:32:47,693 - INFO - End Page Analysis | Total Card: 32| Total Scrape: 32
2025-12-07 02:32:53,736 - WARNING - Warning: 'NoneType' object has no attribute 'getProperty'
2025-12-07 02:32:56,405 - WARNING - Warning: 'NoneType' object has no attribute 'getProperty'
2025-12-07 02:32:58,040 - WARNING - Warning: 'NoneType' object has no attribute 'getProperty'
2025-12-07 02:33:01,287 - WARNING - Warning: 'NoneType' object has no attribute 'getProperty'
2025-12-07 02:33:04,304 - WARNING - Warning: 'NoneType' object has no attribute 'getProperty'
2025-12-07 02:33:10,383 - WARNING - Warning: 'NoneType' object has no attribute 'getProperty'
2025-12-07 02:33:13,443 - WARNING - Warning: 'NoneType' object has no attribute 'getProperty'
2025-12-07 02:33:16,403 - WARNING - Warning: 'NoneType' object has no attribute 'getProperty'
2025-12-07 02:33:20,899 - WARNING - Warning: 'NoneType' object has no attribute 'getProperty'
2025-12-07 02:33:22,368 - WARNING - Warning: 'NoneType' object has no attribute 'getProperty'
2025-12-07 02:33:23,878 - WARNING - Warning: 'NoneType' object has no attribute 'getProperty'
2025-12-07 02:33:26,939 - WARNING - Warning: 'NoneType' object has no attribute 'getProperty'
2025-12-07 02:33:28,796 - WARNING - Warning: 'NoneType' object has no attribute 'getProperty'
2025-12-07 02:33:35,104 - WARNING - Warning: 'NoneType' object has no attribute 'getProperty'
2025-12-07 02:33:38,227 - WARNING - Warning: Unsupported relative time format
2025-12-07 02:33:39,718 - INFO - End Page Analysis | Total Card: 32| Total Scrape: 32
2025-12-07 02:33:47,448 - WARNING - Warning: 'NoneType' object has no attribute 'getProperty'
2025-12-07 02:33:49,027 - WARNING - Warning: 'NoneType' object has no attribute 'getProperty'
2025-12-07 02:33:55,158 - WARNING - Warning: 'NoneType' object has no attribute 'getProperty'
2025-12-07 02:33:56,696 - WARNING - Warning: 'NoneType' object has no attribute 'getProperty'
2025-12-07 02:34:01,183 - WARNING - Warning: 'NoneType' object has no attribute 'getProperty'
2025-12-07 02:34:03,008 - WARNING - Warning: 'NoneType' object has no attribute 'getProperty'
2025-12-07 02:34:06,252 - WARNING - Warning: 'NoneType' object has no attribute 'getProperty'
2025-12-07 02:34:09,439 - WARNING - Warning: 'NoneType' object has no attribute 'getProperty'
2025-12-07 02:34:11,116 - WARNING - Warning: 'NoneType' object has no attribute 'getProperty'
2025-12-07 02:34:12,956 - WARNING - Warning: 'NoneType' object has no attribute 'getProperty'
2025-12-07 02:34:14,704 - WARNING - Warning: 'NoneType' object has no attribute 'getProperty'
2025-12-07 02:34:18,146 - WARNING - Warning: 'NoneType' object has no attribute 'getProperty'
2025-12-07 02:34:21,643 - WARNING - Warning: 'NoneType' object has no attribute 'getProperty'
2025-12-07 02:34:35,726 - INFO - End Page Analysis | Total Card: 32| Total Scrape: 32
2025-12-07 02:34:43,980 - WARNING - Warning: Unsupported relative time format
2025-12-07 02:34:45,741 - WARNING - Warning: 'NoneType' object has no attribute 'getProperty'
2025-12-07 02:34:51,519 - WARNING - Warning: 'NoneType' object has no attribute 'getProperty'
2025-12-07 02:34:53,261 - WARNING - Warning: 'NoneType' object has no attribute 'getProperty'
2025-12-07 02:34:56,640 - WARNING - Warning: 'NoneType' object has no attribute 'getProperty'
2025-12-07 02:34:58,315 - WARNING - Warning: 'NoneType' object has no attribute 'getProperty'
2025-12-07 02:35:02,167 - WARNING - Warning: 'NoneType' object has no attribute 'getProperty'
2025-12-07 02:35:04,001 - WARNING - Warning: 'NoneType' object has no attribute 'getProperty'
2025-12-07 02:35:06,073 - WARNING - Warning: 'NoneType' object has no attribute 'getProperty'
2025-12-07 02:35:18,226 - WARNING - Warning: 'NoneType' object has no attribute 'getProperty'
2025-12-07 02:35:20,022 - WARNING - Warning: 'NoneType' object has no attribute 'getProperty'
2025-12-07 02:35:21,822 - WARNING - Warning: 'NoneType' object has no attribute 'getProperty'
2025-12-07 02:35:23,659 - WARNING - Warning: 'NoneType' object has no attribute 'getProperty'
2025-12-07 02:35:27,497 - WARNING - Warning: 'NoneType' object has no attribute 'getProperty'
2025-12-07 02:35:32,973 - WARNING - Warning: 'NoneType' object has no attribute 'getProperty'
2025-12-07 02:35:36,622 - INFO - End Page Analysis | Total Card: 32| Total Scrape: 32
2025-12-07 02:35:44,887 - WARNING - Warning: 'NoneType' object has no attribute 'getProperty'
2025-12-07 02:35:50,203 - WARNING - Warning: 'NoneType' object has no attribute 'getProperty'
2025-12-07 02:35:51,924 - WARNING - Warning: 'NoneType' object has no attribute 'getProperty'
2025-12-07 02:35:53,640 - WARNING - Warning: 'NoneType' object has no attribute 'getProperty'
2025-12-07 02:35:57,373 - WARNING - Warning: 'NoneType' object has no attribute 'getProperty'
2025-12-07 02:36:03,201 - WARNING - Warning: 'NoneType' object has no attribute 'getProperty'
2025-12-07 02:36:09,141 - WARNING - Warning: 'NoneType' object has no attribute 'getProperty'
2025-12-07 02:36:12,298 - WARNING - Warning: 'NoneType' object has no attribute 'getProperty'
2025-12-07 02:36:17,125 - WARNING - Warning: 'NoneType' object has no attribute 'getProperty'
2025-12-07 02:36:19,791 - WARNING - Warning: 'NoneType' object has no attribute 'getProperty'
2025-12-07 02:36:24,389 - WARNING - Warning: 'NoneType' object has no attribute 'getProperty'
2025-12-07 02:36:28,590 - WARNING - Warning: 'NoneType' object has no attribute 'getProperty'
2025-12-07 02:36:34,559 - WARNING - Warning: 'NoneType' object has no attribute 'getProperty'
2025-12-07 02:36:40,686 - WARNING - Warning: 'NoneType' object has no attribute 'getProperty'
2025-12-07 02:36:43,794 - WARNING - Warning: 'NoneType' object has no attribute 'getProperty'
2025-12-07 02:36:46,203 - WARNING - Warning: 'NoneType' object has no attribute 'getProperty'
2025-12-07 02:36:48,064 - WARNING - Warning: 'NoneType' object has no attribute 'getProperty'
2025-12-07 02:36:50,102 - WARNING - Warning: 'NoneType' object has no attribute 'getProperty'
2025-12-07 02:36:50,117 - INFO - End Page Analysis | Total Card: 32| Total Scrape: 32
2025-12-07 02:36:52,348 - INFO - End Full Analysis | Total Card: 160| Total Scrape: 160
2025-12-07 02:36:52,349 - INFO - terminate chrome process...
2025-12-07 02:36:53,815 - INFO - CSV written successfully
2025-12-07 02:36:53,815 - INFO - Wrote CSV with 800 rows to /home/runner/work/Skillsgauge/Skillsgauge/bronze_datasets/JS/js_2025_12_07.csv
2025-12-07 02:36:53,816 - INFO - Scrapper Ended successfully
