2025-08-28 00:36:18,800 - INFO - Scraper started
2025-08-28 00:36:20,077 - INFO - Browser listening on: ws://127.0.0.1:63116/devtools/browser/e3d6e83f-9da9-4bd3-a408-d5e8e7f7c911
2025-08-28 00:36:28,366 - WARNING - Warning: 'NoneType' object has no attribute 'getProperty'
2025-08-28 00:36:33,648 - WARNING - Warning: 'NoneType' object has no attribute 'getProperty'
2025-08-28 00:36:35,157 - WARNING - Warning: 'NoneType' object has no attribute 'getProperty'
2025-08-28 00:36:39,575 - WARNING - Warning: 'NoneType' object has no attribute 'getProperty'
2025-08-28 00:36:42,997 - WARNING - Warning: 'NoneType' object has no attribute 'getProperty'
2025-08-28 00:36:44,510 - WARNING - Warning: 'NoneType' object has no attribute 'getProperty'
2025-08-28 00:36:45,814 - WARNING - Warning: 'NoneType' object has no attribute 'getProperty'
2025-08-28 00:36:52,048 - WARNING - Warning: 'NoneType' object has no attribute 'getProperty'
2025-08-28 00:36:53,321 - WARNING - Warning: 'NoneType' object has no attribute 'getProperty'
2025-08-28 00:36:54,919 - WARNING - Warning: 'NoneType' object has no attribute 'getProperty'
2025-08-28 00:36:56,499 - WARNING - Warning: 'NoneType' object has no attribute 'getProperty'
2025-08-28 00:37:01,130 - WARNING - Warning: 'NoneType' object has no attribute 'getProperty'
2025-08-28 00:37:02,688 - WARNING - Warning: 'NoneType' object has no attribute 'getProperty'
2025-08-28 00:37:12,675 - WARNING - Warning: 'NoneType' object has no attribute 'getProperty'
2025-08-28 00:37:14,311 - WARNING - Warning: 'NoneType' object has no attribute 'getProperty'
2025-08-28 00:37:16,384 - WARNING - Warning: 'NoneType' object has no attribute 'getProperty'
2025-08-28 00:37:17,899 - WARNING - Warning: 'NoneType' object has no attribute 'getProperty'
2025-08-28 00:37:17,932 - INFO - End Page Analysis | Total Card: 32| Total Scrape: 32
2025-08-28 00:37:42,015 - WARNING - Warning: 'NoneType' object has no attribute 'getProperty'
2025-08-28 00:37:47,653 - WARNING - Warning: 'NoneType' object has no attribute 'getProperty'
2025-08-28 00:37:48,796 - ERROR - Scraper error:This event loop is already running
2025-08-28 00:38:46,779 - INFO - Scraper started
2025-08-28 00:38:47,388 - INFO - Browser listening on: ws://127.0.0.1:53925/devtools/browser/52810d52-ca88-49f2-8dfb-40de17d67257
2025-08-28 00:38:56,858 - INFO - connection closed
2025-08-28 00:38:58,345 - ERROR - Scraper error:This event loop is already running
2025-08-28 00:39:01,675 - INFO - Scraper started
2025-08-28 00:39:02,280 - INFO - Browser listening on: ws://127.0.0.1:64617/devtools/browser/5ca2b517-35be-4972-baba-1eaa12f74f3e
2025-08-28 00:39:10,049 - WARNING - Warning: 'NoneType' object has no attribute 'getProperty'
2025-08-28 00:39:12,980 - WARNING - Warning: 'NoneType' object has no attribute 'getProperty'
2025-08-28 00:39:17,444 - WARNING - Warning: 'NoneType' object has no attribute 'getProperty'
2025-08-28 00:39:18,524 - WARNING - Warning: 'NoneType' object has no attribute 'getProperty'
2025-08-28 00:39:23,425 - WARNING - Warning: 'NoneType' object has no attribute 'getProperty'
2025-08-28 00:39:24,917 - WARNING - Warning: 'NoneType' object has no attribute 'getProperty'
2025-08-28 00:39:26,012 - WARNING - Warning: 'NoneType' object has no attribute 'getProperty'
2025-08-28 00:39:31,310 - WARNING - Warning: 'NoneType' object has no attribute 'getProperty'
2025-08-28 00:39:33,018 - WARNING - Warning: 'NoneType' object has no attribute 'getProperty'
2025-08-28 00:39:35,909 - WARNING - Warning: 'NoneType' object has no attribute 'getProperty'
2025-08-28 00:39:37,711 - WARNING - Warning: 'NoneType' object has no attribute 'getProperty'
2025-08-28 00:39:45,457 - WARNING - Warning: 'NoneType' object has no attribute 'getProperty'
2025-08-28 00:39:46,957 - WARNING - Warning: 'NoneType' object has no attribute 'getProperty'
2025-08-28 00:39:48,515 - WARNING - Warning: 'NoneType' object has no attribute 'getProperty'
2025-08-28 00:39:49,930 - WARNING - Warning: 'NoneType' object has no attribute 'getProperty'
2025-08-28 00:39:56,385 - WARNING - Warning: 'NoneType' object has no attribute 'getProperty'
2025-08-28 00:39:56,409 - INFO - End Page Analysis | Total Card: 32| Total Scrape: 32
2025-08-28 00:40:00,094 - WARNING - Warning: 'NoneType' object has no attribute 'getProperty'
2025-08-28 00:40:03,594 - WARNING - Warning: 'NoneType' object has no attribute 'getProperty'
2025-08-28 00:40:08,824 - WARNING - Warning: 'NoneType' object has no attribute 'getProperty'
2025-08-28 00:40:13,346 - WARNING - Warning: 'NoneType' object has no attribute 'getProperty'
2025-08-28 00:40:14,695 - WARNING - Warning: 'NoneType' object has no attribute 'getProperty'
2025-08-28 00:40:16,357 - WARNING - Warning: 'NoneType' object has no attribute 'getProperty'
2025-08-28 00:40:19,456 - WARNING - Warning: 'NoneType' object has no attribute 'getProperty'
2025-08-28 00:40:25,771 - WARNING - Warning: 'NoneType' object has no attribute 'getProperty'
2025-08-28 00:40:26,984 - WARNING - Warning: 'NoneType' object has no attribute 'getProperty'
2025-08-28 00:40:30,320 - WARNING - Warning: 'NoneType' object has no attribute 'getProperty'
2025-08-28 00:40:32,147 - WARNING - Warning: 'NoneType' object has no attribute 'getProperty'
2025-08-28 00:40:33,933 - WARNING - Warning: 'NoneType' object has no attribute 'getProperty'
2025-08-28 00:40:35,293 - WARNING - Warning: 'NoneType' object has no attribute 'getProperty'
2025-08-28 00:40:36,874 - WARNING - Warning: 'NoneType' object has no attribute 'getProperty'
2025-08-28 00:40:42,532 - WARNING - Warning: 'NoneType' object has no attribute 'getProperty'
2025-08-28 00:40:49,019 - INFO - End Page Analysis | Total Card: 32| Total Scrape: 32
2025-08-28 00:40:53,149 - WARNING - Warning: 'NoneType' object has no attribute 'getProperty'
2025-08-28 00:40:56,536 - WARNING - Warning: 'NoneType' object has no attribute 'getProperty'
2025-08-28 00:40:58,351 - WARNING - Warning: 'NoneType' object has no attribute 'getProperty'
2025-08-28 00:41:00,295 - WARNING - Warning: 'NoneType' object has no attribute 'getProperty'
2025-08-28 00:41:05,496 - WARNING - Warning: 'NoneType' object has no attribute 'getProperty'
2025-08-28 00:41:09,327 - WARNING - Warning: 'NoneType' object has no attribute 'getProperty'
2025-08-28 00:41:17,162 - WARNING - Warning: 'NoneType' object has no attribute 'getProperty'
2025-08-28 00:41:21,242 - WARNING - Warning: 'NoneType' object has no attribute 'getProperty'
2025-08-28 00:41:26,792 - WARNING - Warning: 'NoneType' object has no attribute 'getProperty'
2025-08-28 00:41:29,977 - WARNING - Warning: 'NoneType' object has no attribute 'getProperty'
2025-08-28 00:41:31,685 - WARNING - Warning: 'NoneType' object has no attribute 'getProperty'
2025-08-28 00:41:34,174 - WARNING - Warning: 'NoneType' object has no attribute 'getProperty'
2025-08-28 00:41:36,035 - WARNING - Warning: 'NoneType' object has no attribute 'getProperty'
2025-08-28 00:41:38,188 - WARNING - Warning: 'NoneType' object has no attribute 'getProperty'
2025-08-28 00:41:53,903 - INFO - End Page Analysis | Total Card: 32| Total Scrape: 32
2025-08-28 00:41:57,332 - WARNING - Warning: 'NoneType' object has no attribute 'getProperty'
2025-08-28 00:42:01,249 - WARNING - Warning: 'NoneType' object has no attribute 'getProperty'
2025-08-28 00:42:03,049 - WARNING - Warning: 'NoneType' object has no attribute 'getProperty'
2025-08-28 00:42:05,055 - WARNING - Warning: 'NoneType' object has no attribute 'getProperty'
2025-08-28 00:42:09,006 - WARNING - Warning: 'NoneType' object has no attribute 'getProperty'
2025-08-28 00:42:13,050 - WARNING - Warning: 'NoneType' object has no attribute 'getProperty'
2025-08-28 00:42:20,988 - WARNING - Warning: 'NoneType' object has no attribute 'getProperty'
2025-08-28 00:42:24,582 - WARNING - Warning: 'NoneType' object has no attribute 'getProperty'
2025-08-28 00:42:30,851 - WARNING - Warning: 'NoneType' object has no attribute 'getProperty'
2025-08-28 00:42:33,188 - WARNING - Warning: 'NoneType' object has no attribute 'getProperty'
2025-08-28 00:42:34,222 - WARNING - Warning: 'NoneType' object has no attribute 'getProperty'
2025-08-28 00:42:35,200 - WARNING - Warning: 'NoneType' object has no attribute 'getProperty'
2025-08-28 00:42:36,231 - WARNING - Warning: 'NoneType' object has no attribute 'getProperty'
2025-08-28 00:42:37,201 - WARNING - Warning: 'NoneType' object has no attribute 'getProperty'
2025-08-28 00:42:45,116 - INFO - End Page Analysis | Total Card: 32| Total Scrape: 32
2025-08-28 00:42:52,469 - WARNING - Warning: 'NoneType' object has no attribute 'getProperty'
2025-08-28 00:42:54,471 - WARNING - Warning: 'NoneType' object has no attribute 'getProperty'
2025-08-28 00:42:55,556 - WARNING - Warning: 'NoneType' object has no attribute 'getProperty'
2025-08-28 00:42:56,594 - WARNING - Warning: 'NoneType' object has no attribute 'getProperty'
2025-08-28 00:43:00,518 - WARNING - Warning: 'NoneType' object has no attribute 'getProperty'
2025-08-28 00:43:04,440 - WARNING - Warning: 'NoneType' object has no attribute 'getProperty'
2025-08-28 00:43:05,404 - WARNING - Warning: 'NoneType' object has no attribute 'getProperty'
2025-08-28 00:43:06,437 - WARNING - Warning: 'NoneType' object has no attribute 'getProperty'
2025-08-28 00:43:09,597 - WARNING - Warning: 'NoneType' object has no attribute 'getProperty'
2025-08-28 00:43:12,791 - WARNING - Warning: 'NoneType' object has no attribute 'getProperty'
2025-08-28 00:43:15,970 - WARNING - Warning: 'NoneType' object has no attribute 'getProperty'
2025-08-28 00:43:17,363 - WARNING - Warning: 'NoneType' object has no attribute 'getProperty'
2025-08-28 00:43:19,593 - WARNING - Warning: 'NoneType' object has no attribute 'getProperty'
2025-08-28 00:43:20,742 - INFO - End Page Analysis | Total Card: 32| Total Scrape: 32
2025-08-28 00:43:22,921 - INFO - End Full Analysis | Total Card: 160| Total Scrape: 160
2025-08-28 00:43:27,636 - WARNING - Warning: 'NoneType' object has no attribute 'getProperty'
2025-08-28 00:43:31,015 - WARNING - Warning: 'NoneType' object has no attribute 'getProperty'
2025-08-28 00:43:32,611 - WARNING - Warning: 'NoneType' object has no attribute 'getProperty'
2025-08-28 00:43:35,090 - WARNING - Warning: 'NoneType' object has no attribute 'getProperty'
2025-08-28 00:43:35,979 - WARNING - Warning: 'NoneType' object has no attribute 'getProperty'
2025-08-28 00:43:39,276 - WARNING - Warning: 'NoneType' object has no attribute 'getProperty'
2025-08-28 00:43:40,116 - WARNING - Warning: 'NoneType' object has no attribute 'getProperty'
2025-08-28 00:43:40,911 - WARNING - Warning: 'NoneType' object has no attribute 'getProperty'
2025-08-28 00:43:42,646 - WARNING - Warning: 'NoneType' object has no attribute 'getProperty'
2025-08-28 00:43:45,224 - WARNING - Warning: 'NoneType' object has no attribute 'getProperty'
2025-08-28 00:43:46,074 - WARNING - Warning: 'NoneType' object has no attribute 'getProperty'
2025-08-28 00:43:49,505 - WARNING - Warning: 'NoneType' object has no attribute 'getProperty'
2025-08-28 00:43:51,221 - WARNING - Warning: 'NoneType' object has no attribute 'getProperty'
2025-08-28 00:43:52,079 - WARNING - Warning: 'NoneType' object has no attribute 'getProperty'
2025-08-28 00:43:53,791 - WARNING - Warning: 'NoneType' object has no attribute 'getProperty'
2025-08-28 00:43:53,801 - INFO - End Page Analysis | Total Card: 32| Total Scrape: 32
2025-08-28 00:43:56,881 - WARNING - Warning: 'NoneType' object has no attribute 'getProperty'
2025-08-28 00:43:59,556 - WARNING - Warning: 'NoneType' object has no attribute 'getProperty'
2025-08-28 00:44:00,391 - WARNING - Warning: 'NoneType' object has no attribute 'getProperty'
2025-08-28 00:44:02,045 - WARNING - Warning: 'NoneType' object has no attribute 'getProperty'
2025-08-28 00:44:06,457 - WARNING - Warning: 'NoneType' object has no attribute 'getProperty'
2025-08-28 00:44:08,208 - WARNING - Warning: 'NoneType' object has no attribute 'getProperty'
2025-08-28 00:44:09,139 - WARNING - Warning: 'NoneType' object has no attribute 'getProperty'
2025-08-28 00:44:09,987 - WARNING - Warning: 'NoneType' object has no attribute 'getProperty'
2025-08-28 00:44:14,514 - WARNING - Warning: 'NoneType' object has no attribute 'getProperty'
2025-08-28 00:44:18,944 - WARNING - Warning: 'NoneType' object has no attribute 'getProperty'
2025-08-28 00:44:20,835 - WARNING - Warning: 'NoneType' object has no attribute 'getProperty'
2025-08-28 00:44:22,795 - WARNING - Warning: 'NoneType' object has no attribute 'getProperty'
2025-08-28 00:44:24,709 - WARNING - Warning: 'NoneType' object has no attribute 'getProperty'
2025-08-28 00:44:24,717 - INFO - End Page Analysis | Total Card: 32| Total Scrape: 32
2025-08-28 00:44:27,770 - WARNING - Warning: 'NoneType' object has no attribute 'getProperty'
2025-08-28 00:44:28,672 - WARNING - Warning: 'NoneType' object has no attribute 'getProperty'
2025-08-28 00:44:30,652 - WARNING - Warning: 'NoneType' object has no attribute 'getProperty'
2025-08-28 00:44:34,276 - WARNING - Warning: 'NoneType' object has no attribute 'getProperty'
2025-08-28 00:44:36,080 - WARNING - Warning: 'NoneType' object has no attribute 'getProperty'
2025-08-28 00:44:41,595 - WARNING - Warning: 'NoneType' object has no attribute 'getProperty'
2025-08-28 00:44:42,527 - WARNING - Warning: 'NoneType' object has no attribute 'getProperty'
2025-08-28 00:44:47,519 - WARNING - Warning: 'NoneType' object has no attribute 'getProperty'
2025-08-28 00:44:49,401 - WARNING - Warning: 'NoneType' object has no attribute 'getProperty'
2025-08-28 00:44:52,217 - WARNING - Warning: 'NoneType' object has no attribute 'getProperty'
2025-08-28 00:44:53,100 - WARNING - Warning: 'NoneType' object has no attribute 'getProperty'
2025-08-28 00:44:53,998 - WARNING - Warning: 'NoneType' object has no attribute 'getProperty'
2025-08-28 00:44:54,849 - WARNING - Warning: 'NoneType' object has no attribute 'getProperty'
2025-08-28 00:44:55,822 - WARNING - Warning: 'NoneType' object has no attribute 'getProperty'
2025-08-28 00:44:56,839 - INFO - End Page Analysis | Total Card: 32| Total Scrape: 32
2025-08-28 00:45:01,827 - WARNING - Warning: 'NoneType' object has no attribute 'getProperty'
2025-08-28 00:45:02,763 - WARNING - Warning: 'NoneType' object has no attribute 'getProperty'
2025-08-28 00:45:04,573 - WARNING - Warning: 'NoneType' object has no attribute 'getProperty'
2025-08-28 00:45:06,443 - WARNING - Warning: 'NoneType' object has no attribute 'getProperty'
2025-08-28 00:45:10,161 - WARNING - Warning: 'NoneType' object has no attribute 'getProperty'
2025-08-28 00:45:12,197 - WARNING - Warning: 'NoneType' object has no attribute 'getProperty'
2025-08-28 00:45:13,220 - WARNING - Warning: 'NoneType' object has no attribute 'getProperty'
2025-08-28 00:45:14,199 - WARNING - Warning: 'NoneType' object has no attribute 'getProperty'
2025-08-28 00:45:20,272 - WARNING - Warning: 'NoneType' object has no attribute 'getProperty'
2025-08-28 00:45:22,594 - WARNING - Warning: 'NoneType' object has no attribute 'getProperty'
2025-08-28 00:45:24,967 - WARNING - Warning: 'NoneType' object has no attribute 'getProperty'
2025-08-28 00:45:26,117 - WARNING - Warning: 'NoneType' object has no attribute 'getProperty'
2025-08-28 00:45:32,023 - WARNING - Warning: 'NoneType' object has no attribute 'getProperty'
2025-08-28 00:45:33,184 - WARNING - Warning: 'NoneType' object has no attribute 'getProperty'
2025-08-28 00:45:33,193 - INFO - End Page Analysis | Total Card: 32| Total Scrape: 32
2025-08-28 00:45:36,460 - WARNING - Warning: 'NoneType' object has no attribute 'getProperty'
2025-08-28 00:45:37,658 - WARNING - Warning: 'NoneType' object has no attribute 'getProperty'
2025-08-28 00:45:38,795 - WARNING - Warning: 'NoneType' object has no attribute 'getProperty'
2025-08-28 00:45:41,188 - WARNING - Warning: 'NoneType' object has no attribute 'getProperty'
2025-08-28 00:45:44,663 - WARNING - Warning: 'NoneType' object has no attribute 'getProperty'
2025-08-28 00:45:50,229 - WARNING - Warning: 'NoneType' object has no attribute 'getProperty'
2025-08-28 00:45:51,515 - WARNING - Warning: 'NoneType' object has no attribute 'getProperty'
2025-08-28 00:45:52,797 - WARNING - Warning: 'NoneType' object has no attribute 'getProperty'
2025-08-28 00:45:53,957 - WARNING - Warning: 'NoneType' object has no attribute 'getProperty'
2025-08-28 00:45:57,731 - WARNING - Warning: 'NoneType' object has no attribute 'getProperty'
2025-08-28 00:46:06,047 - WARNING - Warning: 'NoneType' object has no attribute 'getProperty'
2025-08-28 00:46:08,359 - WARNING - Warning: 'NoneType' object has no attribute 'getProperty'
2025-08-28 00:46:10,686 - WARNING - Warning: 'NoneType' object has no attribute 'getProperty'
2025-08-28 00:46:13,091 - WARNING - Warning: 'NoneType' object has no attribute 'getProperty'
2025-08-28 00:46:13,101 - INFO - End Page Analysis | Total Card: 32| Total Scrape: 32
2025-08-28 00:46:15,317 - INFO - End Full Analysis | Total Card: 160| Total Scrape: 160
2025-08-28 00:46:20,279 - WARNING - Warning: 'NoneType' object has no attribute 'getProperty'
2025-08-28 00:46:22,754 - WARNING - Warning: 'NoneType' object has no attribute 'getProperty'
2025-08-28 00:46:27,940 - WARNING - Warning: 'NoneType' object has no attribute 'getProperty'
2025-08-28 00:46:30,225 - WARNING - Warning: 'NoneType' object has no attribute 'getProperty'
2025-08-28 00:46:31,844 - WARNING - Warning: 'NoneType' object has no attribute 'getProperty'
2025-08-28 00:46:32,621 - WARNING - Warning: 'NoneType' object has no attribute 'getProperty'
2025-08-28 00:46:33,459 - WARNING - Warning: 'NoneType' object has no attribute 'getProperty'
2025-08-28 00:46:34,971 - WARNING - Warning: 'NoneType' object has no attribute 'getProperty'
2025-08-28 00:46:38,281 - WARNING - Warning: 'NoneType' object has no attribute 'getProperty'
2025-08-28 00:46:41,709 - WARNING - Warning: 'NoneType' object has no attribute 'getProperty'
2025-08-28 00:46:42,494 - WARNING - Warning: 'NoneType' object has no attribute 'getProperty'
2025-08-28 00:46:44,229 - WARNING - Warning: 'NoneType' object has no attribute 'getProperty'
2025-08-28 00:46:46,173 - INFO - End Page Analysis | Total Card: 32| Total Scrape: 32
2025-08-28 00:46:52,678 - WARNING - Warning: 'NoneType' object has no attribute 'getProperty'
2025-08-28 00:46:54,343 - WARNING - Warning: 'NoneType' object has no attribute 'getProperty'
2025-08-28 00:47:07,411 - WARNING - Warning: 'NoneType' object has no attribute 'getProperty'
2025-08-28 00:47:08,276 - WARNING - Warning: Unsupported relative time format
2025-08-28 00:47:16,134 - INFO - End Page Analysis | Total Card: 32| Total Scrape: 32
2025-08-28 00:47:19,140 - WARNING - Warning: 'NoneType' object has no attribute 'getProperty'
2025-08-28 00:47:22,805 - WARNING - Warning: 'NoneType' object has no attribute 'getProperty'
2025-08-28 00:47:26,380 - WARNING - Warning: 'NoneType' object has no attribute 'getProperty'
2025-08-28 00:47:29,337 - WARNING - Warning: 'NoneType' object has no attribute 'getProperty'
2025-08-28 00:47:30,309 - WARNING - Warning: 'NoneType' object has no attribute 'getProperty'
2025-08-28 00:47:31,208 - WARNING - Warning: 'NoneType' object has no attribute 'getProperty'
2025-08-28 00:47:32,159 - WARNING - Warning: Unsupported relative time format
2025-08-28 00:47:35,993 - WARNING - Warning: 'NoneType' object has no attribute 'getProperty'
2025-08-28 00:47:39,734 - WARNING - Warning: 'NoneType' object has no attribute 'getProperty'
2025-08-28 00:47:42,607 - WARNING - Warning: 'NoneType' object has no attribute 'getProperty'
2025-08-28 00:47:45,439 - WARNING - Warning: 'NoneType' object has no attribute 'getProperty'
2025-08-28 00:47:50,113 - INFO - End Page Analysis | Total Card: 32| Total Scrape: 32
2025-08-28 00:47:53,135 - WARNING - Warning: 'NoneType' object has no attribute 'getProperty'
2025-08-28 00:47:58,212 - WARNING - Warning: 'NoneType' object has no attribute 'getProperty'
2025-08-28 00:48:00,225 - WARNING - Warning: 'NoneType' object has no attribute 'getProperty'
2025-08-28 00:48:01,389 - WARNING - Warning: 'NoneType' object has no attribute 'getProperty'
2025-08-28 00:48:02,376 - WARNING - Warning: 'NoneType' object has no attribute 'getProperty'
2025-08-28 00:48:05,241 - WARNING - Warning: 'NoneType' object has no attribute 'getProperty'
2025-08-28 00:48:13,188 - WARNING - Warning: 'NoneType' object has no attribute 'getProperty'
2025-08-28 00:48:15,193 - WARNING - Warning: 'NoneType' object has no attribute 'getProperty'
2025-08-28 00:48:17,329 - WARNING - Warning: 'NoneType' object has no attribute 'getProperty'
2025-08-28 00:48:18,408 - WARNING - Warning: 'NoneType' object has no attribute 'getProperty'
2025-08-28 00:48:19,389 - WARNING - Warning: 'NoneType' object has no attribute 'getProperty'
2025-08-28 00:48:20,413 - WARNING - Warning: 'NoneType' object has no attribute 'getProperty'
2025-08-28 00:48:21,477 - WARNING - Warning: 'NoneType' object has no attribute 'getProperty'
2025-08-28 00:48:23,521 - WARNING - Warning: 'NoneType' object has no attribute 'getProperty'
2025-08-28 00:48:24,575 - INFO - End Page Analysis | Total Card: 32| Total Scrape: 32
2025-08-28 00:48:28,718 - WARNING - Warning: 'NoneType' object has no attribute 'getProperty'
2025-08-28 00:48:32,245 - WARNING - Warning: 'NoneType' object has no attribute 'getProperty'
2025-08-28 00:48:36,323 - WARNING - Warning: 'NoneType' object has no attribute 'getProperty'
2025-08-28 00:48:37,380 - WARNING - Warning: 'NoneType' object has no attribute 'getProperty'
2025-08-28 00:48:44,007 - WARNING - Warning: 'NoneType' object has no attribute 'getProperty'
2025-08-28 00:48:47,237 - WARNING - Warning: 'NoneType' object has no attribute 'getProperty'
2025-08-28 00:48:49,343 - WARNING - Warning: 'NoneType' object has no attribute 'getProperty'
2025-08-28 00:48:51,643 - WARNING - Warning: 'NoneType' object has no attribute 'getProperty'
2025-08-28 00:49:01,876 - WARNING - Warning: 'NoneType' object has no attribute 'getProperty'
2025-08-28 00:49:01,886 - INFO - End Page Analysis | Total Card: 32| Total Scrape: 32
2025-08-28 00:49:04,046 - INFO - End Full Analysis | Total Card: 160| Total Scrape: 160
2025-08-28 00:49:08,742 - WARNING - Warning: 'NoneType' object has no attribute 'getProperty'
2025-08-28 00:49:13,779 - WARNING - Warning: 'NoneType' object has no attribute 'getProperty'
2025-08-28 00:49:14,519 - WARNING - Warning: 'NoneType' object has no attribute 'getProperty'
2025-08-28 00:49:18,667 - WARNING - Warning: 'NoneType' object has no attribute 'getProperty'
2025-08-28 00:49:19,473 - WARNING - Warning: 'NoneType' object has no attribute 'getProperty'
2025-08-28 00:49:21,071 - WARNING - Warning: 'NoneType' object has no attribute 'getProperty'
2025-08-28 00:49:23,445 - WARNING - Warning: 'NoneType' object has no attribute 'getProperty'
2025-08-28 00:49:26,743 - WARNING - Warning: 'NoneType' object has no attribute 'getProperty'
2025-08-28 00:49:27,542 - WARNING - Warning: 'NoneType' object has no attribute 'getProperty'
2025-08-28 00:49:29,103 - WARNING - Warning: 'NoneType' object has no attribute 'getProperty'
2025-08-28 00:49:29,884 - WARNING - Warning: 'NoneType' object has no attribute 'getProperty'
2025-08-28 00:49:31,559 - WARNING - Warning: 'NoneType' object has no attribute 'getProperty'
2025-08-28 00:49:32,342 - WARNING - Warning: 'NoneType' object has no attribute 'getProperty'
2025-08-28 00:49:33,141 - WARNING - Warning: 'NoneType' object has no attribute 'getProperty'
2025-08-28 00:49:33,148 - INFO - End Page Analysis | Total Card: 32| Total Scrape: 32
2025-08-28 00:49:37,839 - WARNING - Warning: 'NoneType' object has no attribute 'getProperty'
2025-08-28 00:49:40,494 - WARNING - Warning: 'NoneType' object has no attribute 'getProperty'
2025-08-28 00:49:45,541 - WARNING - Warning: 'NoneType' object has no attribute 'getProperty'
2025-08-28 00:49:47,299 - WARNING - Warning: 'NoneType' object has no attribute 'getProperty'
2025-08-28 00:49:49,915 - WARNING - Warning: 'NoneType' object has no attribute 'getProperty'
2025-08-28 00:49:51,530 - WARNING - Warning: 'NoneType' object has no attribute 'getProperty'
2025-08-28 00:49:52,387 - WARNING - Warning: 'NoneType' object has no attribute 'getProperty'
2025-08-28 00:49:53,267 - WARNING - Warning: 'NoneType' object has no attribute 'getProperty'
2025-08-28 00:49:54,058 - WARNING - Warning: 'NoneType' object has no attribute 'getProperty'
2025-08-28 00:49:55,784 - WARNING - Warning: 'NoneType' object has no attribute 'getProperty'
2025-08-28 00:49:57,542 - WARNING - Warning: 'NoneType' object has no attribute 'getProperty'
2025-08-28 00:50:03,209 - WARNING - Warning: 'NoneType' object has no attribute 'getProperty'
2025-08-28 00:50:04,103 - WARNING - Warning: 'NoneType' object has no attribute 'getProperty'
2025-08-28 00:50:05,950 - INFO - End Page Analysis | Total Card: 32| Total Scrape: 32
2025-08-28 00:50:10,033 - WARNING - Warning: 'NoneType' object has no attribute 'getProperty'
2025-08-28 00:50:11,030 - WARNING - Warning: 'NoneType' object has no attribute 'getProperty'
2025-08-28 00:50:12,869 - WARNING - Warning: 'NoneType' object has no attribute 'getProperty'
2025-08-28 00:50:13,739 - WARNING - Warning: 'NoneType' object has no attribute 'getProperty'
2025-08-28 00:50:17,370 - WARNING - Warning: 'NoneType' object has no attribute 'getProperty'
2025-08-28 00:50:18,263 - WARNING - Warning: 'NoneType' object has no attribute 'getProperty'
2025-08-28 00:50:19,137 - WARNING - Warning: 'NoneType' object has no attribute 'getProperty'
2025-08-28 00:50:20,057 - WARNING - Warning: 'NoneType' object has no attribute 'getProperty'
2025-08-28 00:50:21,034 - WARNING - Warning: 'NoneType' object has no attribute 'getProperty'
2025-08-28 00:50:23,667 - WARNING - Warning: 'NoneType' object has no attribute 'getProperty'
2025-08-28 00:50:24,639 - WARNING - Warning: 'NoneType' object has no attribute 'getProperty'
2025-08-28 00:50:25,509 - WARNING - Warning: 'NoneType' object has no attribute 'getProperty'
2025-08-28 00:50:30,103 - WARNING - Warning: 'NoneType' object has no attribute 'getProperty'
2025-08-28 00:50:31,006 - WARNING - Warning: 'NoneType' object has no attribute 'getProperty'
2025-08-28 00:50:32,857 - WARNING - Warning: 'NoneType' object has no attribute 'getProperty'
2025-08-28 00:50:35,610 - WARNING - Warning: 'NoneType' object has no attribute 'getProperty'
2025-08-28 00:50:36,528 - WARNING - Warning: 'NoneType' object has no attribute 'getProperty'
2025-08-28 00:50:37,403 - WARNING - Warning: 'NoneType' object has no attribute 'getProperty'
2025-08-28 00:50:37,412 - INFO - End Page Analysis | Total Card: 32| Total Scrape: 32
2025-08-28 00:50:44,215 - WARNING - Warning: 'NoneType' object has no attribute 'getProperty'
2025-08-28 00:50:51,575 - WARNING - Warning: 'NoneType' object has no attribute 'getProperty'
2025-08-28 00:50:53,941 - WARNING - Warning: 'NoneType' object has no attribute 'getProperty'
2025-08-28 00:50:54,988 - WARNING - Warning: 'NoneType' object has no attribute 'getProperty'
2025-08-28 00:50:57,875 - WARNING - Warning: 'NoneType' object has no attribute 'getProperty'
2025-08-28 00:50:59,775 - WARNING - Warning: 'NoneType' object has no attribute 'getProperty'
2025-08-28 00:51:08,033 - WARNING - Warning: 'NoneType' object has no attribute 'getProperty'
2025-08-28 00:51:10,172 - WARNING - Warning: 'NoneType' object has no attribute 'getProperty'
2025-08-28 00:51:12,285 - INFO - End Page Analysis | Total Card: 32| Total Scrape: 32
2025-08-28 00:51:15,350 - WARNING - Warning: 'NoneType' object has no attribute 'getProperty'
2025-08-28 00:51:17,421 - WARNING - Warning: 'NoneType' object has no attribute 'getProperty'
2025-08-28 00:51:17,425 - WARNING - Warning: Unsupported relative time format
2025-08-28 00:51:23,670 - WARNING - Warning: 'NoneType' object has no attribute 'getProperty'
2025-08-28 00:51:25,717 - WARNING - Warning: 'NoneType' object has no attribute 'getProperty'
2025-08-28 00:51:29,748 - WARNING - Warning: 'NoneType' object has no attribute 'getProperty'
2025-08-28 00:51:30,917 - WARNING - Warning: 'NoneType' object has no attribute 'getProperty'
2025-08-28 00:51:32,037 - WARNING - Warning: 'NoneType' object has no attribute 'getProperty'
2025-08-28 00:51:33,077 - WARNING - Warning: 'NoneType' object has no attribute 'getProperty'
2025-08-28 00:51:34,156 - WARNING - Warning: 'NoneType' object has no attribute 'getProperty'
2025-08-28 00:51:35,134 - WARNING - Warning: 'NoneType' object has no attribute 'getProperty'
2025-08-28 00:51:36,127 - WARNING - Warning: 'NoneType' object has no attribute 'getProperty'
2025-08-28 00:51:38,220 - WARNING - Warning: 'NoneType' object has no attribute 'getProperty'
2025-08-28 00:51:41,502 - WARNING - Warning: 'NoneType' object has no attribute 'getProperty'
2025-08-28 00:51:42,638 - WARNING - Warning: 'NoneType' object has no attribute 'getProperty'
2025-08-28 00:51:47,079 - WARNING - Warning: 'NoneType' object has no attribute 'getProperty'
2025-08-28 00:51:48,190 - WARNING - Warning: 'NoneType' object has no attribute 'getProperty'
2025-08-28 00:51:48,199 - INFO - End Page Analysis | Total Card: 32| Total Scrape: 32
2025-08-28 00:51:50,321 - INFO - End Full Analysis | Total Card: 160| Total Scrape: 160
2025-08-28 00:52:20,336 - ERROR - Scraper error:Navigation Timeout Exceeded: 30000 ms exceeded.
2025-08-28 01:13:26,447 - INFO - Scraper started
2025-08-28 01:13:27,036 - INFO - Browser listening on: ws://127.0.0.1:64322/devtools/browser/0329ce1e-1085-489d-b694-98bef50ed5de
2025-08-28 01:13:31,777 - WARNING - Warning: 'NoneType' object has no attribute 'getProperty'
2025-08-28 01:13:32,532 - WARNING - Warning: 'NoneType' object has no attribute 'getProperty'
2025-08-28 01:13:35,639 - WARNING - Warning: 'NoneType' object has no attribute 'getProperty'
2025-08-28 01:13:36,360 - WARNING - Warning: 'NoneType' object has no attribute 'getProperty'
2025-08-28 01:13:37,827 - WARNING - Warning: 'NoneType' object has no attribute 'getProperty'
2025-08-28 01:13:38,561 - WARNING - Warning: 'NoneType' object has no attribute 'getProperty'
2025-08-28 01:13:39,300 - WARNING - Warning: 'NoneType' object has no attribute 'getProperty'
2025-08-28 01:13:43,760 - WARNING - Warning: 'NoneType' object has no attribute 'getProperty'
2025-08-28 01:13:44,489 - WARNING - Warning: 'NoneType' object has no attribute 'getProperty'
2025-08-28 01:13:45,981 - WARNING - Warning: 'NoneType' object has no attribute 'getProperty'
2025-08-28 01:13:47,554 - WARNING - Warning: 'NoneType' object has no attribute 'getProperty'
2025-08-28 01:13:48,326 - WARNING - Warning: 'NoneType' object has no attribute 'getProperty'
2025-08-28 01:13:49,822 - WARNING - Warning: 'NoneType' object has no attribute 'getProperty'
2025-08-28 01:13:51,278 - WARNING - Warning: 'NoneType' object has no attribute 'getProperty'
2025-08-28 01:13:52,028 - WARNING - Warning: 'NoneType' object has no attribute 'getProperty'
2025-08-28 01:13:52,775 - WARNING - Warning: 'NoneType' object has no attribute 'getProperty'
2025-08-28 01:13:54,268 - WARNING - Warning: 'NoneType' object has no attribute 'getProperty'
2025-08-28 01:13:55,000 - WARNING - Warning: 'NoneType' object has no attribute 'getProperty'
2025-08-28 01:13:55,007 - INFO - End Page Analysis | Total Card: 32| Total Scrape: 32
2025-08-28 01:14:02,297 - WARNING - Warning: 'NoneType' object has no attribute 'getProperty'
2025-08-28 01:14:05,399 - WARNING - Warning: 'NoneType' object has no attribute 'getProperty'
2025-08-28 01:14:06,959 - WARNING - Warning: 'NoneType' object has no attribute 'getProperty'
2025-08-28 01:14:10,513 - WARNING - Warning: 'NoneType' object has no attribute 'getProperty'
2025-08-28 01:14:14,174 - WARNING - Warning: 'NoneType' object has no attribute 'getProperty'
2025-08-28 01:14:15,000 - WARNING - Warning: 'NoneType' object has no attribute 'getProperty'
2025-08-28 01:14:16,623 - WARNING - Warning: 'NoneType' object has no attribute 'getProperty'
2025-08-28 01:14:19,190 - WARNING - Warning: 'NoneType' object has no attribute 'getProperty'
2025-08-28 01:14:24,979 - INFO - End Page Analysis | Total Card: 32| Total Scrape: 32
2025-08-28 01:14:27,908 - WARNING - Warning: 'NoneType' object has no attribute 'getProperty'
2025-08-28 01:14:30,436 - WARNING - Warning: 'NoneType' object has no attribute 'getProperty'
2025-08-28 01:14:31,285 - WARNING - Warning: 'NoneType' object has no attribute 'getProperty'
2025-08-28 01:14:35,455 - WARNING - Warning: 'NoneType' object has no attribute 'getProperty'
2025-08-28 01:14:37,201 - WARNING - Warning: 'NoneType' object has no attribute 'getProperty'
2025-08-28 01:14:38,064 - WARNING - Warning: 'NoneType' object has no attribute 'getProperty'
2025-08-28 01:14:41,526 - WARNING - Warning: 'NoneType' object has no attribute 'getProperty'
2025-08-28 01:14:43,192 - WARNING - Warning: 'NoneType' object has no attribute 'getProperty'
2025-08-28 01:14:44,852 - WARNING - Warning: 'NoneType' object has no attribute 'getProperty'
2025-08-28 01:14:45,710 - WARNING - Warning: 'NoneType' object has no attribute 'getProperty'
2025-08-28 01:14:49,130 - WARNING - Warning: 'NoneType' object has no attribute 'getProperty'
2025-08-28 01:14:49,962 - WARNING - Warning: 'NoneType' object has no attribute 'getProperty'
2025-08-28 01:14:50,820 - WARNING - Warning: 'NoneType' object has no attribute 'getProperty'
2025-08-28 01:14:53,476 - WARNING - Warning: 'NoneType' object has no attribute 'getProperty'
2025-08-28 01:14:54,406 - WARNING - Warning: 'NoneType' object has no attribute 'getProperty'
2025-08-28 01:14:54,427 - INFO - End Page Analysis | Total Card: 32| Total Scrape: 32
2025-08-28 01:14:57,410 - WARNING - Warning: 'NoneType' object has no attribute 'getProperty'
2025-08-28 01:14:58,289 - WARNING - Warning: 'NoneType' object has no attribute 'getProperty'
2025-08-28 01:14:59,203 - WARNING - Warning: 'NoneType' object has no attribute 'getProperty'
2025-08-28 01:15:04,705 - WARNING - Warning: 'NoneType' object has no attribute 'getProperty'
2025-08-28 01:15:05,613 - WARNING - Warning: 'NoneType' object has no attribute 'getProperty'
2025-08-28 01:15:06,548 - WARNING - Warning: 'NoneType' object has no attribute 'getProperty'
2025-08-28 01:15:09,289 - WARNING - Warning: 'NoneType' object has no attribute 'getProperty'
2025-08-28 01:15:10,158 - WARNING - Warning: 'NoneType' object has no attribute 'getProperty'
2025-08-28 01:15:13,011 - WARNING - Warning: 'NoneType' object has no attribute 'getProperty'
2025-08-28 01:15:14,875 - WARNING - Warning: 'NoneType' object has no attribute 'getProperty'
2025-08-28 01:15:18,581 - WARNING - Warning: 'NoneType' object has no attribute 'getProperty'
2025-08-28 01:15:23,268 - WARNING - Warning: 'NoneType' object has no attribute 'getProperty'
2025-08-28 01:15:24,233 - WARNING - Warning: 'NoneType' object has no attribute 'getProperty'
2025-08-28 01:15:25,153 - WARNING - Warning: 'NoneType' object has no attribute 'getProperty'
2025-08-28 01:15:26,059 - WARNING - Warning: 'NoneType' object has no attribute 'getProperty'
2025-08-28 01:15:26,084 - INFO - End Page Analysis | Total Card: 32| Total Scrape: 32
2025-08-28 01:15:29,376 - WARNING - Warning: 'NoneType' object has no attribute 'getProperty'
2025-08-28 01:15:32,279 - WARNING - Warning: 'NoneType' object has no attribute 'getProperty'
2025-08-28 01:15:36,149 - WARNING - Warning: 'NoneType' object has no attribute 'getProperty'
2025-08-28 01:15:38,345 - WARNING - Warning: 'NoneType' object has no attribute 'getProperty'
2025-08-28 01:15:39,305 - WARNING - Warning: 'NoneType' object has no attribute 'getProperty'
2025-08-28 01:15:42,336 - WARNING - Warning: 'NoneType' object has no attribute 'getProperty'
2025-08-28 01:15:45,264 - WARNING - Warning: 'NoneType' object has no attribute 'getProperty'
2025-08-28 01:15:46,257 - WARNING - Warning: 'NoneType' object has no attribute 'getProperty'
2025-08-28 01:15:49,441 - WARNING - Warning: 'NoneType' object has no attribute 'getProperty'
2025-08-28 01:15:51,397 - WARNING - Warning: 'NoneType' object has no attribute 'getProperty'
2025-08-28 01:15:52,361 - WARNING - Warning: 'NoneType' object has no attribute 'getProperty'
2025-08-28 01:15:53,336 - WARNING - Warning: 'NoneType' object has no attribute 'getProperty'
2025-08-28 01:15:54,590 - WARNING - Warning: 'NoneType' object has no attribute 'getProperty'
2025-08-28 01:15:56,910 - WARNING - Warning: 'NoneType' object has no attribute 'getProperty'
2025-08-28 01:15:59,933 - WARNING - Warning: 'NoneType' object has no attribute 'getProperty'
2025-08-28 01:16:00,961 - WARNING - Warning: 'NoneType' object has no attribute 'getProperty'
2025-08-28 01:16:01,961 - WARNING - Warning: 'NoneType' object has no attribute 'getProperty'
2025-08-28 01:16:01,969 - INFO - End Page Analysis | Total Card: 32| Total Scrape: 32
2025-08-28 01:16:04,111 - INFO - End Full Analysis | Total Card: 160| Total Scrape: 160
2025-08-28 01:16:06,922 - WARNING - Warning: 'NoneType' object has no attribute 'getProperty'
2025-08-28 01:16:10,824 - WARNING - Warning: 'NoneType' object has no attribute 'getProperty'
2025-08-28 01:16:16,834 - WARNING - Warning: 'NoneType' object has no attribute 'getProperty'
2025-08-28 01:16:17,554 - WARNING - Warning: 'NoneType' object has no attribute 'getProperty'
2025-08-28 01:16:21,257 - WARNING - Warning: 'NoneType' object has no attribute 'getProperty'
2025-08-28 01:16:28,933 - WARNING - Warning: 'NoneType' object has no attribute 'getProperty'
2025-08-28 01:16:30,517 - WARNING - Warning: 'NoneType' object has no attribute 'getProperty'
2025-08-28 01:16:30,523 - INFO - End Page Analysis | Total Card: 32| Total Scrape: 32
2025-08-28 01:16:33,444 - WARNING - Warning: 'NoneType' object has no attribute 'getProperty'
2025-08-28 01:16:34,256 - WARNING - Warning: 'NoneType' object has no attribute 'getProperty'
2025-08-28 01:16:35,032 - WARNING - Warning: 'NoneType' object has no attribute 'getProperty'
2025-08-28 01:16:35,824 - WARNING - Warning: 'NoneType' object has no attribute 'getProperty'
2025-08-28 01:16:38,947 - WARNING - Warning: 'NoneType' object has no attribute 'getProperty'
2025-08-28 01:16:39,735 - WARNING - Warning: 'NoneType' object has no attribute 'getProperty'
2025-08-28 01:16:42,089 - WARNING - Warning: 'NoneType' object has no attribute 'getProperty'
2025-08-28 01:16:42,927 - WARNING - Warning: 'NoneType' object has no attribute 'getProperty'
2025-08-28 01:16:46,086 - WARNING - Warning: 'NoneType' object has no attribute 'getProperty'
2025-08-28 01:16:48,545 - WARNING - Warning: 'NoneType' object has no attribute 'getProperty'
2025-08-28 01:16:51,020 - WARNING - Warning: 'NoneType' object has no attribute 'getProperty'
2025-08-28 01:16:54,236 - WARNING - Warning: 'NoneType' object has no attribute 'getProperty'
2025-08-28 01:16:55,034 - WARNING - Warning: 'NoneType' object has no attribute 'getProperty'
2025-08-28 01:16:55,954 - WARNING - Warning: 'NoneType' object has no attribute 'getProperty'
2025-08-28 01:16:56,808 - WARNING - Warning: 'NoneType' object has no attribute 'getProperty'
2025-08-28 01:16:58,481 - WARNING - Warning: 'NoneType' object has no attribute 'getProperty'
2025-08-28 01:16:58,490 - INFO - End Page Analysis | Total Card: 32| Total Scrape: 32
2025-08-28 01:17:05,672 - WARNING - Warning: 'NoneType' object has no attribute 'getProperty'
2025-08-28 01:17:07,374 - WARNING - Warning: 'NoneType' object has no attribute 'getProperty'
2025-08-28 01:17:13,573 - WARNING - Warning: 'NoneType' object has no attribute 'getProperty'
2025-08-28 01:17:15,280 - WARNING - Warning: 'NoneType' object has no attribute 'getProperty'
2025-08-28 01:17:19,728 - WARNING - Warning: 'NoneType' object has no attribute 'getProperty'
2025-08-28 01:17:21,528 - WARNING - Warning: 'NoneType' object has no attribute 'getProperty'
2025-08-28 01:17:23,323 - WARNING - Warning: 'NoneType' object has no attribute 'getProperty'
2025-08-28 01:17:26,778 - WARNING - Warning: 'NoneType' object has no attribute 'getProperty'
2025-08-28 01:17:28,668 - WARNING - Warning: 'NoneType' object has no attribute 'getProperty'
2025-08-28 01:17:28,681 - INFO - End Page Analysis | Total Card: 32| Total Scrape: 32
2025-08-28 01:17:31,742 - WARNING - Warning: 'NoneType' object has no attribute 'getProperty'
2025-08-28 01:17:34,802 - WARNING - Warning: 'NoneType' object has no attribute 'getProperty'
2025-08-28 01:17:35,711 - WARNING - Warning: 'NoneType' object has no attribute 'getProperty'
2025-08-28 01:17:36,617 - WARNING - Warning: 'NoneType' object has no attribute 'getProperty'
2025-08-28 01:17:39,326 - WARNING - Warning: 'NoneType' object has no attribute 'getProperty'
2025-08-28 01:17:41,160 - WARNING - Warning: 'NoneType' object has no attribute 'getProperty'
2025-08-28 01:17:42,070 - WARNING - Warning: 'NoneType' object has no attribute 'getProperty'
2025-08-28 01:17:43,965 - WARNING - Warning: 'NoneType' object has no attribute 'getProperty'
2025-08-28 01:17:44,932 - WARNING - Warning: 'NoneType' object has no attribute 'getProperty'
2025-08-28 01:17:46,801 - WARNING - Warning: 'NoneType' object has no attribute 'getProperty'
2025-08-28 01:17:48,664 - WARNING - Warning: 'NoneType' object has no attribute 'getProperty'
2025-08-28 01:17:55,573 - WARNING - Warning: 'NoneType' object has no attribute 'getProperty'
2025-08-28 01:17:57,534 - WARNING - Warning: 'NoneType' object has no attribute 'getProperty'
2025-08-28 01:17:58,595 - WARNING - Warning: 'NoneType' object has no attribute 'getProperty'
2025-08-28 01:18:01,602 - WARNING - Warning: 'NoneType' object has no attribute 'getProperty'
2025-08-28 01:18:01,631 - INFO - End Page Analysis | Total Card: 32| Total Scrape: 32
2025-08-28 01:18:05,761 - WARNING - Warning: 'NoneType' object has no attribute 'getProperty'
2025-08-28 01:18:08,780 - WARNING - Warning: 'NoneType' object has no attribute 'getProperty'
2025-08-28 01:18:09,769 - WARNING - Warning: 'NoneType' object has no attribute 'getProperty'
2025-08-28 01:18:16,893 - WARNING - Warning: 'NoneType' object has no attribute 'getProperty'
2025-08-28 01:18:19,816 - WARNING - Warning: 'NoneType' object has no attribute 'getProperty'
2025-08-28 01:18:20,853 - WARNING - Warning: 'NoneType' object has no attribute 'getProperty'
2025-08-28 01:18:21,820 - WARNING - Warning: 'NoneType' object has no attribute 'getProperty'
2025-08-28 01:18:22,803 - WARNING - Warning: 'NoneType' object has no attribute 'getProperty'
2025-08-28 01:18:31,074 - WARNING - Warning: 'NoneType' object has no attribute 'getProperty'
2025-08-28 01:18:32,076 - WARNING - Warning: 'NoneType' object has no attribute 'getProperty'
2025-08-28 01:18:33,140 - WARNING - Warning: 'NoneType' object has no attribute 'getProperty'
2025-08-28 01:18:35,259 - WARNING - Warning: 'NoneType' object has no attribute 'getProperty'
2025-08-28 01:18:36,457 - WARNING - Warning: 'NoneType' object has no attribute 'getProperty'
2025-08-28 01:18:36,467 - INFO - End Page Analysis | Total Card: 32| Total Scrape: 32
2025-08-28 01:18:38,633 - INFO - End Full Analysis | Total Card: 160| Total Scrape: 160
2025-08-28 01:18:42,365 - WARNING - Warning: 'NoneType' object has no attribute 'getProperty'
2025-08-28 01:18:43,899 - WARNING - Warning: 'NoneType' object has no attribute 'getProperty'
2025-08-28 01:18:46,098 - WARNING - Warning: 'NoneType' object has no attribute 'getProperty'
2025-08-28 01:18:48,254 - WARNING - Warning: 'NoneType' object has no attribute 'getProperty'
2025-08-28 01:18:59,008 - WARNING - Warning: 'NoneType' object has no attribute 'getProperty'
2025-08-28 01:19:06,021 - INFO - End Page Analysis | Total Card: 32| Total Scrape: 32
2025-08-28 01:19:14,023 - WARNING - Warning: 'NoneType' object has no attribute 'getProperty'
2025-08-28 01:19:20,617 - WARNING - Warning: 'NoneType' object has no attribute 'getProperty'
2025-08-28 01:19:21,437 - WARNING - Warning: 'NoneType' object has no attribute 'getProperty'
2025-08-28 01:19:23,043 - WARNING - Warning: 'NoneType' object has no attribute 'getProperty'
2025-08-28 01:19:23,807 - WARNING - Warning: 'NoneType' object has no attribute 'getProperty'
2025-08-28 01:19:26,252 - WARNING - Warning: 'NoneType' object has no attribute 'getProperty'
2025-08-28 01:19:27,029 - WARNING - Warning: 'NoneType' object has no attribute 'getProperty'
2025-08-28 01:19:29,569 - WARNING - Warning: 'NoneType' object has no attribute 'getProperty'
2025-08-28 01:19:31,278 - WARNING - Warning: 'NoneType' object has no attribute 'getProperty'
2025-08-28 01:19:34,889 - WARNING - Warning: 'NoneType' object has no attribute 'getProperty'
2025-08-28 01:19:34,900 - INFO - End Page Analysis | Total Card: 32| Total Scrape: 32
2025-08-28 01:19:37,888 - WARNING - Warning: 'NoneType' object has no attribute 'getProperty'
2025-08-28 01:19:38,773 - WARNING - Warning: 'NoneType' object has no attribute 'getProperty'
2025-08-28 01:19:42,275 - WARNING - Warning: 'NoneType' object has no attribute 'getProperty'
2025-08-28 01:19:43,150 - WARNING - Warning: 'NoneType' object has no attribute 'getProperty'
2025-08-28 01:19:46,134 - WARNING - Warning: 'NoneType' object has no attribute 'getProperty'
2025-08-28 01:19:48,868 - WARNING - Warning: 'NoneType' object has no attribute 'getProperty'
2025-08-28 01:19:51,681 - WARNING - Warning: 'NoneType' object has no attribute 'getProperty'
2025-08-28 01:19:52,543 - WARNING - Warning: 'NoneType' object has no attribute 'getProperty'
2025-08-28 01:19:54,344 - WARNING - Warning: 'NoneType' object has no attribute 'getProperty'
2025-08-28 01:19:55,221 - WARNING - Warning: 'NoneType' object has no attribute 'getProperty'
2025-08-28 01:19:56,109 - WARNING - Warning: 'NoneType' object has no attribute 'getProperty'
2025-08-28 01:20:00,625 - WARNING - Warning: 'NoneType' object has no attribute 'getProperty'
2025-08-28 01:20:01,543 - WARNING - Warning: 'NoneType' object has no attribute 'getProperty'
2025-08-28 01:20:04,717 - WARNING - Warning: 'NoneType' object has no attribute 'getProperty'
2025-08-28 01:20:05,798 - WARNING - Warning: 'NoneType' object has no attribute 'getProperty'
2025-08-28 01:20:06,737 - INFO - End Page Analysis | Total Card: 32| Total Scrape: 32
2025-08-28 01:20:11,664 - WARNING - Warning: 'NoneType' object has no attribute 'getProperty'
2025-08-28 01:20:16,326 - WARNING - Warning: 'NoneType' object has no attribute 'getProperty'
2025-08-28 01:20:18,245 - WARNING - Warning: 'NoneType' object has no attribute 'getProperty'
2025-08-28 01:20:19,182 - WARNING - Warning: 'NoneType' object has no attribute 'getProperty'
2025-08-28 01:20:20,161 - WARNING - Warning: 'NoneType' object has no attribute 'getProperty'
2025-08-28 01:20:23,142 - WARNING - Warning: 'NoneType' object has no attribute 'getProperty'
2025-08-28 01:20:24,187 - WARNING - Warning: 'NoneType' object has no attribute 'getProperty'
2025-08-28 01:20:26,151 - WARNING - Warning: 'NoneType' object has no attribute 'getProperty'
2025-08-28 01:20:27,106 - WARNING - Warning: 'NoneType' object has no attribute 'getProperty'
2025-08-28 01:20:28,063 - WARNING - Warning: 'NoneType' object has no attribute 'getProperty'
2025-08-28 01:20:29,973 - WARNING - Warning: 'NoneType' object has no attribute 'getProperty'
2025-08-28 01:20:31,978 - WARNING - Warning: 'NoneType' object has no attribute 'getProperty'
2025-08-28 01:20:35,109 - WARNING - Warning: 'NoneType' object has no attribute 'getProperty'
2025-08-28 01:20:36,067 - WARNING - Warning: 'NoneType' object has no attribute 'getProperty'
2025-08-28 01:20:38,017 - WARNING - Warning: 'NoneType' object has no attribute 'getProperty'
2025-08-28 01:20:38,964 - WARNING - Warning: 'NoneType' object has no attribute 'getProperty'
2025-08-28 01:20:39,983 - INFO - End Page Analysis | Total Card: 32| Total Scrape: 32
2025-08-28 01:20:44,111 - WARNING - Warning: 'NoneType' object has no attribute 'getProperty'
2025-08-28 01:20:45,194 - WARNING - Warning: 'NoneType' object has no attribute 'getProperty'
2025-08-28 01:20:46,153 - WARNING - Warning: 'NoneType' object has no attribute 'getProperty'
2025-08-28 01:20:48,135 - WARNING - Warning: 'NoneType' object has no attribute 'getProperty'
2025-08-28 01:20:51,136 - WARNING - Warning: 'NoneType' object has no attribute 'getProperty'
2025-08-28 01:20:56,294 - WARNING - Warning: 'NoneType' object has no attribute 'getProperty'
2025-08-28 01:21:02,564 - WARNING - Warning: 'NoneType' object has no attribute 'getProperty'
2025-08-28 01:21:07,803 - WARNING - Warning: 'NoneType' object has no attribute 'getProperty'
2025-08-28 01:21:15,482 - WARNING - Warning: 'NoneType' object has no attribute 'getProperty'
2025-08-28 01:21:15,492 - INFO - End Page Analysis | Total Card: 32| Total Scrape: 32
2025-08-28 01:21:17,648 - INFO - End Full Analysis | Total Card: 160| Total Scrape: 160
2025-08-28 01:21:23,288 - WARNING - Warning: 'NoneType' object has no attribute 'getProperty'
2025-08-28 01:21:27,160 - WARNING - Warning: 'NoneType' object has no attribute 'getProperty'
2025-08-28 01:21:29,504 - WARNING - Warning: 'NoneType' object has no attribute 'getProperty'
2025-08-28 01:21:30,262 - WARNING - Warning: 'NoneType' object has no attribute 'getProperty'
2025-08-28 01:21:31,038 - WARNING - Warning: 'NoneType' object has no attribute 'getProperty'
2025-08-28 01:21:31,819 - WARNING - Warning: 'NoneType' object has no attribute 'getProperty'
2025-08-28 01:21:32,621 - WARNING - Warning: 'NoneType' object has no attribute 'getProperty'
2025-08-28 01:21:34,119 - WARNING - Warning: 'NoneType' object has no attribute 'getProperty'
2025-08-28 01:21:36,647 - WARNING - Warning: 'NoneType' object has no attribute 'getProperty'
2025-08-28 01:21:42,340 - WARNING - Warning: 'NoneType' object has no attribute 'getProperty'
2025-08-28 01:21:43,124 - WARNING - Warning: 'NoneType' object has no attribute 'getProperty'
2025-08-28 01:21:44,684 - WARNING - Warning: 'NoneType' object has no attribute 'getProperty'
2025-08-28 01:21:46,333 - INFO - End Page Analysis | Total Card: 32| Total Scrape: 32
2025-08-28 01:21:50,034 - WARNING - Warning: 'NoneType' object has no attribute 'getProperty'
2025-08-28 01:21:50,877 - WARNING - Warning: 'NoneType' object has no attribute 'getProperty'
2025-08-28 01:21:51,699 - WARNING - Warning: 'NoneType' object has no attribute 'getProperty'
2025-08-28 01:21:52,608 - WARNING - Warning: 'NoneType' object has no attribute 'getProperty'
2025-08-28 01:21:55,142 - WARNING - Warning: 'NoneType' object has no attribute 'getProperty'
2025-08-28 01:21:57,656 - WARNING - Warning: 'NoneType' object has no attribute 'getProperty'
2025-08-28 01:22:01,011 - WARNING - Warning: 'NoneType' object has no attribute 'getProperty'
2025-08-28 01:22:01,902 - WARNING - Warning: 'NoneType' object has no attribute 'getProperty'
2025-08-28 01:22:04,514 - WARNING - Warning: 'NoneType' object has no attribute 'getProperty'
2025-08-28 01:22:06,231 - WARNING - Warning: 'NoneType' object has no attribute 'getProperty'
2025-08-28 01:22:08,760 - WARNING - Warning: 'NoneType' object has no attribute 'getProperty'
2025-08-28 01:22:10,487 - WARNING - Warning: 'NoneType' object has no attribute 'getProperty'
2025-08-28 01:22:12,227 - WARNING - Warning: 'NoneType' object has no attribute 'getProperty'
2025-08-28 01:22:15,070 - WARNING - Warning: 'NoneType' object has no attribute 'getProperty'
2025-08-28 01:22:15,954 - INFO - End Page Analysis | Total Card: 32| Total Scrape: 32
2025-08-28 01:22:21,770 - WARNING - Warning: 'NoneType' object has no attribute 'getProperty'
2025-08-28 01:22:28,760 - WARNING - Warning: 'NoneType' object has no attribute 'getProperty'
2025-08-28 01:22:30,563 - WARNING - Warning: 'NoneType' object has no attribute 'getProperty'
2025-08-28 01:22:31,565 - WARNING - Warning: 'NoneType' object has no attribute 'getProperty'
2025-08-28 01:22:32,455 - WARNING - Warning: 'NoneType' object has no attribute 'getProperty'
2025-08-28 01:22:33,380 - WARNING - Warning: 'NoneType' object has no attribute 'getProperty'
2025-08-28 01:22:42,434 - WARNING - Warning: 'NoneType' object has no attribute 'getProperty'
2025-08-28 01:22:43,367 - WARNING - Warning: 'NoneType' object has no attribute 'getProperty'
2025-08-28 01:22:44,283 - WARNING - Warning: 'NoneType' object has no attribute 'getProperty'
2025-08-28 01:22:46,121 - WARNING - Warning: 'NoneType' object has no attribute 'getProperty'
2025-08-28 01:22:47,073 - INFO - End Page Analysis | Total Card: 32| Total Scrape: 32
2025-08-28 01:22:53,091 - WARNING - Warning: 'NoneType' object has no attribute 'getProperty'
2025-08-28 01:22:54,055 - WARNING - Warning: 'NoneType' object has no attribute 'getProperty'
2025-08-28 01:22:56,897 - WARNING - Warning: 'NoneType' object has no attribute 'getProperty'
2025-08-28 01:22:58,738 - WARNING - Warning: 'NoneType' object has no attribute 'getProperty'
2025-08-28 01:23:04,668 - WARNING - Warning: 'NoneType' object has no attribute 'getProperty'
2025-08-28 01:23:09,474 - WARNING - Warning: 'NoneType' object has no attribute 'getProperty'
2025-08-28 01:23:13,497 - WARNING - Warning: 'NoneType' object has no attribute 'getProperty'
2025-08-28 01:23:18,469 - WARNING - Warning: 'NoneType' object has no attribute 'getProperty'
2025-08-28 01:23:19,465 - WARNING - Warning: 'NoneType' object has no attribute 'getProperty'
2025-08-28 01:23:20,798 - INFO - End Page Analysis | Total Card: 32| Total Scrape: 32
2025-08-28 01:23:24,169 - WARNING - Warning: 'NoneType' object has no attribute 'getProperty'
2025-08-28 01:23:26,241 - WARNING - Warning: 'NoneType' object has no attribute 'getProperty'
2025-08-28 01:23:29,444 - WARNING - Warning: 'NoneType' object has no attribute 'getProperty'
2025-08-28 01:23:30,509 - WARNING - Warning: 'NoneType' object has no attribute 'getProperty'
2025-08-28 01:23:31,506 - WARNING - Warning: 'NoneType' object has no attribute 'getProperty'
2025-08-28 01:23:33,529 - WARNING - Warning: 'NoneType' object has no attribute 'getProperty'
2025-08-28 01:23:37,618 - WARNING - Warning: 'NoneType' object has no attribute 'getProperty'
2025-08-28 01:23:42,950 - WARNING - Warning: 'NoneType' object has no attribute 'getProperty'
2025-08-28 01:23:45,029 - WARNING - Warning: 'NoneType' object has no attribute 'getProperty'
2025-08-28 01:23:47,088 - WARNING - Warning: 'NoneType' object has no attribute 'getProperty'
2025-08-28 01:23:52,539 - WARNING - Warning: 'NoneType' object has no attribute 'getProperty'
2025-08-28 01:23:54,656 - WARNING - Warning: 'NoneType' object has no attribute 'getProperty'
2025-08-28 01:23:57,009 - INFO - End Page Analysis | Total Card: 32| Total Scrape: 32
2025-08-28 01:23:59,172 - INFO - End Full Analysis | Total Card: 160| Total Scrape: 160
2025-08-28 01:24:29,171 - INFO - terminate chrome process...
2025-08-28 01:24:29,698 - INFO - CSV written successfully
2025-08-28 01:24:29,698 - INFO - Wrote CSV with 640 rows to C:\Users\User\Desktop\Skillsgauge\bronze_datasets\JS\js_2025_08_28.csv
2025-08-28 01:24:29,699 - ERROR - Scraper error:Navigation Timeout Exceeded: 30000 ms exceeded.
