2026-01-25 02:29:15,534 - INFO - Scraper started
2026-01-25 02:29:29,667 - INFO - Browser listening on: ws://127.0.0.1:33879/devtools/browser/f9c71ee8-8d4e-4b2b-b2ed-f16836e676e5
2026-01-25 02:29:43,784 - WARNING - Warning: 'NoneType' object has no attribute 'getProperty'
2026-01-25 02:29:44,913 - WARNING - Warning: 'NoneType' object has no attribute 'getProperty'
2026-01-25 02:29:47,498 - WARNING - Warning: 'NoneType' object has no attribute 'getProperty'
2026-01-25 02:29:50,609 - WARNING - Warning: 'NoneType' object has no attribute 'getProperty'
2026-01-25 02:29:53,315 - WARNING - Warning: 'NoneType' object has no attribute 'getProperty'
2026-01-25 02:29:54,831 - WARNING - Warning: 'NoneType' object has no attribute 'getProperty'
2026-01-25 02:29:58,166 - WARNING - Warning: 'NoneType' object has no attribute 'getProperty'
2026-01-25 02:30:02,921 - WARNING - Warning: 'NoneType' object has no attribute 'getProperty'
2026-01-25 02:30:06,832 - WARNING - Warning: 'NoneType' object has no attribute 'getProperty'
2026-01-25 02:30:10,207 - WARNING - Warning: 'NoneType' object has no attribute 'getProperty'
2026-01-25 02:30:10,211 - WARNING - Warning: Unsupported relative time format
2026-01-25 02:30:18,167 - WARNING - Warning: 'NoneType' object has no attribute 'getProperty'
2026-01-25 02:30:19,567 - WARNING - Warning: 'NoneType' object has no attribute 'getProperty'
2026-01-25 02:30:23,374 - WARNING - Warning: 'NoneType' object has no attribute 'getProperty'
2026-01-25 02:30:24,996 - WARNING - Warning: 'NoneType' object has no attribute 'getProperty'
2026-01-25 02:30:26,334 - WARNING - Warning: 'NoneType' object has no attribute 'getProperty'
2026-01-25 02:30:26,344 - INFO - End Page Analysis | Total Card: 32| Total Scrape: 32
2026-01-25 02:30:29,948 - WARNING - Warning: 'NoneType' object has no attribute 'getProperty'
2026-01-25 02:30:33,336 - WARNING - Warning: 'NoneType' object has no attribute 'getProperty'
2026-01-25 02:30:41,961 - WARNING - Warning: 'NoneType' object has no attribute 'getProperty'
2026-01-25 02:30:43,162 - WARNING - Warning: 'NoneType' object has no attribute 'getProperty'
2026-01-25 02:30:50,389 - WARNING - Warning: 'NoneType' object has no attribute 'getProperty'
2026-01-25 02:30:51,846 - WARNING - Warning: 'NoneType' object has no attribute 'getProperty'
2026-01-25 02:30:59,081 - WARNING - Warning: 'NoneType' object has no attribute 'getProperty'
2026-01-25 02:31:02,306 - WARNING - Warning: 'NoneType' object has no attribute 'getProperty'
2026-01-25 02:31:03,631 - WARNING - Warning: 'NoneType' object has no attribute 'getProperty'
2026-01-25 02:31:05,002 - WARNING - Warning: 'NoneType' object has no attribute 'getProperty'
2026-01-25 02:31:06,209 - WARNING - Warning: 'NoneType' object has no attribute 'getProperty'
2026-01-25 02:31:10,584 - WARNING - Warning: 'NoneType' object has no attribute 'getProperty'
2026-01-25 02:31:14,868 - WARNING - Warning: 'NoneType' object has no attribute 'getProperty'
2026-01-25 02:31:14,878 - INFO - End Page Analysis | Total Card: 32| Total Scrape: 32
2026-01-25 02:31:20,213 - WARNING - Warning: 'NoneType' object has no attribute 'getProperty'
2026-01-25 02:31:23,198 - WARNING - Warning: 'NoneType' object has no attribute 'getProperty'
2026-01-25 02:31:26,439 - WARNING - Warning: 'NoneType' object has no attribute 'getProperty'
2026-01-25 02:31:29,571 - WARNING - Warning: 'NoneType' object has no attribute 'getProperty'
2026-01-25 02:31:31,451 - WARNING - Warning: 'NoneType' object has no attribute 'getProperty'
2026-01-25 02:31:32,691 - WARNING - Warning: 'NoneType' object has no attribute 'getProperty'
2026-01-25 02:31:38,628 - WARNING - Warning: 'NoneType' object has no attribute 'getProperty'
2026-01-25 02:31:44,610 - WARNING - Warning: 'NoneType' object has no attribute 'getProperty'
2026-01-25 02:31:46,169 - WARNING - Warning: 'NoneType' object has no attribute 'getProperty'
2026-01-25 02:31:49,193 - WARNING - Warning: 'NoneType' object has no attribute 'getProperty'
2026-01-25 02:31:52,193 - WARNING - Warning: 'NoneType' object has no attribute 'getProperty'
2026-01-25 02:31:55,734 - WARNING - Warning: 'NoneType' object has no attribute 'getProperty'
2026-01-25 02:31:57,183 - WARNING - Warning: 'NoneType' object has no attribute 'getProperty'
2026-01-25 02:32:01,683 - WARNING - Warning: 'NoneType' object has no attribute 'getProperty'
2026-01-25 02:32:03,292 - WARNING - Warning: 'NoneType' object has no attribute 'getProperty'
2026-01-25 02:32:06,371 - INFO - End Page Analysis | Total Card: 32| Total Scrape: 32
2026-01-25 02:32:11,630 - WARNING - Warning: 'NoneType' object has no attribute 'getProperty'
2026-01-25 02:32:20,304 - WARNING - Warning: 'NoneType' object has no attribute 'getProperty'
2026-01-25 02:32:21,834 - WARNING - Warning: 'NoneType' object has no attribute 'getProperty'
2026-01-25 02:32:23,350 - WARNING - Warning: 'NoneType' object has no attribute 'getProperty'
2026-01-25 02:32:24,913 - WARNING - Warning: 'NoneType' object has no attribute 'getProperty'
2026-01-25 02:32:26,580 - WARNING - Warning: 'NoneType' object has no attribute 'getProperty'
2026-01-25 02:32:28,310 - WARNING - Warning: 'NoneType' object has no attribute 'getProperty'
2026-01-25 02:32:29,846 - WARNING - Warning: 'NoneType' object has no attribute 'getProperty'
2026-01-25 02:32:31,756 - WARNING - Warning: 'NoneType' object has no attribute 'getProperty'
2026-01-25 02:32:38,182 - WARNING - Warning: 'NoneType' object has no attribute 'getProperty'
2026-01-25 02:32:39,921 - WARNING - Warning: 'NoneType' object has no attribute 'getProperty'
2026-01-25 02:32:41,571 - WARNING - Warning: 'NoneType' object has no attribute 'getProperty'
2026-01-25 02:32:43,169 - WARNING - Warning: 'NoneType' object has no attribute 'getProperty'
2026-01-25 02:32:45,142 - WARNING - Warning: 'NoneType' object has no attribute 'getProperty'
2026-01-25 02:32:46,772 - WARNING - Warning: 'NoneType' object has no attribute 'getProperty'
2026-01-25 02:32:48,494 - WARNING - Warning: 'NoneType' object has no attribute 'getProperty'
2026-01-25 02:32:53,373 - WARNING - Warning: 'NoneType' object has no attribute 'getProperty'
2026-01-25 02:32:55,028 - WARNING - Warning: 'NoneType' object has no attribute 'getProperty'
2026-01-25 02:32:56,684 - WARNING - Warning: 'NoneType' object has no attribute 'getProperty'
2026-01-25 02:33:02,804 - INFO - End Page Analysis | Total Card: 32| Total Scrape: 32
2026-01-25 02:33:08,672 - WARNING - Warning: 'NoneType' object has no attribute 'getProperty'
2026-01-25 02:33:11,257 - WARNING - Warning: 'NoneType' object has no attribute 'getProperty'
2026-01-25 02:33:14,846 - WARNING - Warning: 'NoneType' object has no attribute 'getProperty'
2026-01-25 02:33:16,675 - WARNING - Warning: 'NoneType' object has no attribute 'getProperty'
2026-01-25 02:33:18,377 - WARNING - Warning: 'NoneType' object has no attribute 'getProperty'
2026-01-25 02:33:20,115 - WARNING - Warning: 'NoneType' object has no attribute 'getProperty'
2026-01-25 02:33:23,941 - WARNING - Warning: 'NoneType' object has no attribute 'getProperty'
2026-01-25 02:33:25,938 - WARNING - Warning: 'NoneType' object has no attribute 'getProperty'
2026-01-25 02:33:27,683 - WARNING - Warning: 'NoneType' object has no attribute 'getProperty'
2026-01-25 02:33:33,599 - WARNING - Warning: 'NoneType' object has no attribute 'getProperty'
2026-01-25 02:33:35,485 - WARNING - Warning: 'NoneType' object has no attribute 'getProperty'
2026-01-25 02:33:37,383 - WARNING - Warning: 'NoneType' object has no attribute 'getProperty'
2026-01-25 02:33:43,047 - WARNING - Warning: 'NoneType' object has no attribute 'getProperty'
2026-01-25 02:33:46,823 - WARNING - Warning: 'NoneType' object has no attribute 'getProperty'
2026-01-25 02:33:48,644 - WARNING - Warning: 'NoneType' object has no attribute 'getProperty'
2026-01-25 02:33:52,283 - WARNING - Warning: 'NoneType' object has no attribute 'getProperty'
2026-01-25 02:33:56,046 - WARNING - Warning: 'NoneType' object has no attribute 'getProperty'
2026-01-25 02:33:58,478 - WARNING - Warning: 'NoneType' object has no attribute 'getProperty'
2026-01-25 02:34:00,470 - WARNING - Warning: 'NoneType' object has no attribute 'getProperty'
2026-01-25 02:34:02,395 - WARNING - Warning: 'NoneType' object has no attribute 'getProperty'
2026-01-25 02:34:04,232 - WARNING - Warning: 'NoneType' object has no attribute 'getProperty'
2026-01-25 02:34:06,231 - WARNING - Warning: 'NoneType' object has no attribute 'getProperty'
2026-01-25 02:34:08,074 - WARNING - Warning: 'NoneType' object has no attribute 'getProperty'
2026-01-25 02:34:08,093 - INFO - End Page Analysis | Total Card: 32| Total Scrape: 32
2026-01-25 02:34:10,312 - INFO - End Full Analysis | Total Card: 160| Total Scrape: 160
2026-01-25 02:34:18,300 - WARNING - Warning: 'NoneType' object has no attribute 'getProperty'
2026-01-25 02:34:42,352 - WARNING - Warning: 'NoneType' object has no attribute 'getProperty'
2026-01-25 02:34:43,863 - WARNING - Warning: 'NoneType' object has no attribute 'getProperty'
2026-01-25 02:34:45,134 - WARNING - Warning: 'NoneType' object has no attribute 'getProperty'
2026-01-25 02:34:49,611 - WARNING - Warning: 'NoneType' object has no attribute 'getProperty'
2026-01-25 02:34:51,177 - WARNING - Warning: 'NoneType' object has no attribute 'getProperty'
2026-01-25 02:34:53,727 - WARNING - Warning: 'NoneType' object has no attribute 'getProperty'
2026-01-25 02:34:55,000 - WARNING - Warning: 'NoneType' object has no attribute 'getProperty'
2026-01-25 02:34:57,505 - WARNING - Warning: 'NoneType' object has no attribute 'getProperty'
2026-01-25 02:35:02,309 - WARNING - Warning: 'NoneType' object has no attribute 'getProperty'
2026-01-25 02:35:02,324 - INFO - End Page Analysis | Total Card: 32| Total Scrape: 32
2026-01-25 02:35:09,466 - WARNING - Warning: 'NoneType' object has no attribute 'getProperty'
2026-01-25 02:35:10,811 - WARNING - Warning: 'NoneType' object has no attribute 'getProperty'
2026-01-25 02:35:15,054 - WARNING - Warning: 'NoneType' object has no attribute 'getProperty'
2026-01-25 02:35:17,987 - WARNING - Warning: 'NoneType' object has no attribute 'getProperty'
2026-01-25 02:35:19,374 - WARNING - Warning: 'NoneType' object has no attribute 'getProperty'
2026-01-25 02:35:24,362 - WARNING - Warning: 'NoneType' object has no attribute 'getProperty'
2026-01-25 02:35:27,423 - WARNING - Warning: 'NoneType' object has no attribute 'getProperty'
2026-01-25 02:35:30,715 - WARNING - Warning: 'NoneType' object has no attribute 'getProperty'
2026-01-25 02:35:32,516 - WARNING - Warning: 'NoneType' object has no attribute 'getProperty'
2026-01-25 02:35:34,373 - WARNING - Warning: 'NoneType' object has no attribute 'getProperty'
2026-01-25 02:35:38,681 - WARNING - Warning: 'NoneType' object has no attribute 'getProperty'
2026-01-25 02:35:44,830 - WARNING - Warning: 'NoneType' object has no attribute 'getProperty'
2026-01-25 02:35:47,533 - WARNING - Warning: 'NoneType' object has no attribute 'getProperty'
2026-01-25 02:35:50,749 - WARNING - Warning: 'NoneType' object has no attribute 'getProperty'
2026-01-25 02:35:52,360 - INFO - End Page Analysis | Total Card: 32| Total Scrape: 32
2026-01-25 02:36:02,394 - WARNING - Warning: 'NoneType' object has no attribute 'getProperty'
2026-01-25 02:36:03,903 - WARNING - Warning: 'NoneType' object has no attribute 'getProperty'
2026-01-25 02:36:05,546 - WARNING - Warning: 'NoneType' object has no attribute 'getProperty'
2026-01-25 02:36:13,344 - WARNING - Warning: 'NoneType' object has no attribute 'getProperty'
2026-01-25 02:36:15,353 - WARNING - Warning: 'NoneType' object has no attribute 'getProperty'
2026-01-25 02:36:18,340 - WARNING - Warning: 'NoneType' object has no attribute 'getProperty'
2026-01-25 02:36:20,077 - WARNING - Warning: 'NoneType' object has no attribute 'getProperty'
2026-01-25 02:36:22,873 - WARNING - Warning: 'NoneType' object has no attribute 'getProperty'
2026-01-25 02:36:24,538 - WARNING - Warning: 'NoneType' object has no attribute 'getProperty'
2026-01-25 02:36:27,490 - WARNING - Warning: 'NoneType' object has no attribute 'getProperty'
2026-01-25 02:36:33,226 - WARNING - Warning: 'NoneType' object has no attribute 'getProperty'
2026-01-25 02:36:34,541 - WARNING - Warning: 'NoneType' object has no attribute 'getProperty'
2026-01-25 02:36:44,625 - WARNING - Warning: 'NoneType' object has no attribute 'getProperty'
2026-01-25 02:36:44,635 - INFO - End Page Analysis | Total Card: 32| Total Scrape: 32
2026-01-25 02:36:51,553 - WARNING - Warning: 'NoneType' object has no attribute 'getProperty'
2026-01-25 02:36:52,993 - WARNING - Warning: 'NoneType' object has no attribute 'getProperty'
2026-01-25 02:36:54,565 - WARNING - Warning: 'NoneType' object has no attribute 'getProperty'
2026-01-25 02:36:56,007 - WARNING - Warning: 'NoneType' object has no attribute 'getProperty'
2026-01-25 02:37:00,651 - WARNING - Warning: 'NoneType' object has no attribute 'getProperty'
2026-01-25 02:37:00,656 - WARNING - Warning: Unsupported relative time format
2026-01-25 02:37:02,225 - WARNING - Warning: 'NoneType' object has no attribute 'getProperty'
2026-01-25 02:37:04,189 - WARNING - Warning: 'NoneType' object has no attribute 'getProperty'
2026-01-25 02:37:07,598 - WARNING - Warning: 'NoneType' object has no attribute 'getProperty'
2026-01-25 02:37:09,191 - WARNING - Warning: 'NoneType' object has no attribute 'getProperty'
2026-01-25 02:37:11,138 - WARNING - Warning: 'NoneType' object has no attribute 'getProperty'
2026-01-25 02:37:11,142 - WARNING - Warning: Unsupported relative time format
2026-01-25 02:37:14,592 - WARNING - Warning: 'NoneType' object has no attribute 'getProperty'
2026-01-25 02:37:16,247 - WARNING - Warning: 'NoneType' object has no attribute 'getProperty'
2026-01-25 02:37:19,352 - WARNING - Warning: 'NoneType' object has no attribute 'getProperty'
2026-01-25 02:37:22,572 - WARNING - Warning: 'NoneType' object has no attribute 'getProperty'
2026-01-25 02:37:24,298 - WARNING - Warning: 'NoneType' object has no attribute 'getProperty'
2026-01-25 02:37:32,710 - WARNING - Warning: 'NoneType' object has no attribute 'getProperty'
2026-01-25 02:37:34,476 - WARNING - Warning: 'NoneType' object has no attribute 'getProperty'
2026-01-25 02:37:39,266 - INFO - End Page Analysis | Total Card: 32| Total Scrape: 32
2026-01-25 02:37:45,169 - WARNING - Warning: 'NoneType' object has no attribute 'getProperty'
2026-01-25 02:37:54,412 - WARNING - Warning: 'NoneType' object has no attribute 'getProperty'
2026-01-25 02:37:59,978 - WARNING - Warning: 'NoneType' object has no attribute 'getProperty'
2026-01-25 02:38:03,406 - WARNING - Warning: 'NoneType' object has no attribute 'getProperty'
2026-01-25 02:38:05,074 - WARNING - Warning: 'NoneType' object has no attribute 'getProperty'
2026-01-25 02:38:06,911 - WARNING - Warning: 'NoneType' object has no attribute 'getProperty'
2026-01-25 02:38:08,937 - WARNING - Warning: 'NoneType' object has no attribute 'getProperty'
2026-01-25 02:38:10,607 - WARNING - Warning: 'NoneType' object has no attribute 'getProperty'
2026-01-25 02:38:14,607 - WARNING - Warning: 'NoneType' object has no attribute 'getProperty'
2026-01-25 02:38:26,527 - WARNING - Warning: 'NoneType' object has no attribute 'getProperty'
2026-01-25 02:38:28,614 - WARNING - Warning: 'NoneType' object has no attribute 'getProperty'
2026-01-25 02:38:32,358 - WARNING - Warning: 'NoneType' object has no attribute 'getProperty'
2026-01-25 02:38:35,841 - WARNING - Warning: 'NoneType' object has no attribute 'getProperty'
2026-01-25 02:38:39,382 - INFO - End Page Analysis | Total Card: 32| Total Scrape: 32
2026-01-25 02:38:41,587 - INFO - End Full Analysis | Total Card: 160| Total Scrape: 160
2026-01-25 02:38:48,556 - WARNING - Warning: 'NoneType' object has no attribute 'getProperty'
2026-01-25 02:38:58,196 - WARNING - Warning: 'NoneType' object has no attribute 'getProperty'
2026-01-25 02:39:00,739 - WARNING - Warning: 'NoneType' object has no attribute 'getProperty'
2026-01-25 02:39:09,649 - WARNING - Warning: 'NoneType' object has no attribute 'getProperty'
2026-01-25 02:39:13,980 - WARNING - Warning: 'NoneType' object has no attribute 'getProperty'
2026-01-25 02:39:22,285 - WARNING - Warning: 'NoneType' object has no attribute 'getProperty'
2026-01-25 02:39:30,241 - INFO - End Page Analysis | Total Card: 32| Total Scrape: 32
2026-01-25 02:39:35,359 - WARNING - Warning: 'NoneType' object has no attribute 'getProperty'
2026-01-25 02:39:36,610 - WARNING - Warning: 'NoneType' object has no attribute 'getProperty'
2026-01-25 02:39:49,617 - WARNING - Warning: 'NoneType' object has no attribute 'getProperty'
2026-01-25 02:39:52,300 - WARNING - Warning: 'NoneType' object has no attribute 'getProperty'
2026-01-25 02:39:55,255 - WARNING - Warning: 'NoneType' object has no attribute 'getProperty'
2026-01-25 02:39:56,627 - WARNING - Warning: 'NoneType' object has no attribute 'getProperty'
2026-01-25 02:39:58,195 - WARNING - Warning: 'NoneType' object has no attribute 'getProperty'
2026-01-25 02:40:09,200 - WARNING - Warning: 'NoneType' object has no attribute 'getProperty'
2026-01-25 02:40:10,705 - WARNING - Warning: 'NoneType' object has no attribute 'getProperty'
2026-01-25 02:40:16,556 - WARNING - Warning: 'NoneType' object has no attribute 'getProperty'
2026-01-25 02:40:18,076 - INFO - End Page Analysis | Total Card: 32| Total Scrape: 32
2026-01-25 02:40:27,589 - WARNING - Warning: 'NoneType' object has no attribute 'getProperty'
2026-01-25 02:40:29,225 - WARNING - Warning: 'NoneType' object has no attribute 'getProperty'
2026-01-25 02:40:32,317 - WARNING - Warning: 'NoneType' object has no attribute 'getProperty'
2026-01-25 02:40:33,919 - WARNING - Warning: 'NoneType' object has no attribute 'getProperty'
2026-01-25 02:40:38,000 - WARNING - Warning: 'NoneType' object has no attribute 'getProperty'
2026-01-25 02:40:40,947 - WARNING - Warning: 'NoneType' object has no attribute 'getProperty'
2026-01-25 02:40:42,478 - WARNING - Warning: 'NoneType' object has no attribute 'getProperty'
2026-01-25 02:40:45,489 - WARNING - Warning: 'NoneType' object has no attribute 'getProperty'
2026-01-25 02:40:48,558 - WARNING - Warning: 'NoneType' object has no attribute 'getProperty'
2026-01-25 02:41:02,432 - WARNING - Warning: 'NoneType' object has no attribute 'getProperty'
2026-01-25 02:41:08,450 - INFO - End Page Analysis | Total Card: 32| Total Scrape: 32
2026-01-25 02:41:18,896 - WARNING - Warning: 'NoneType' object has no attribute 'getProperty'
2026-01-25 02:41:21,828 - WARNING - Warning: 'NoneType' object has no attribute 'getProperty'
2026-01-25 02:41:33,163 - WARNING - Warning: 'NoneType' object has no attribute 'getProperty'
2026-01-25 02:41:36,284 - WARNING - Warning: 'NoneType' object has no attribute 'getProperty'
2026-01-25 02:41:39,380 - WARNING - Warning: 'NoneType' object has no attribute 'getProperty'
2026-01-25 02:41:41,261 - WARNING - Warning: 'NoneType' object has no attribute 'getProperty'
2026-01-25 02:41:42,856 - WARNING - Warning: 'NoneType' object has no attribute 'getProperty'
2026-01-25 02:41:45,868 - WARNING - Warning: 'NoneType' object has no attribute 'getProperty'
2026-01-25 02:41:47,355 - WARNING - Warning: 'NoneType' object has no attribute 'getProperty'
2026-01-25 02:41:49,082 - WARNING - Warning: 'NoneType' object has no attribute 'getProperty'
2026-01-25 02:41:52,385 - WARNING - Warning: 'NoneType' object has no attribute 'getProperty'
2026-01-25 02:41:56,042 - WARNING - Warning: 'NoneType' object has no attribute 'getProperty'
2026-01-25 02:42:00,999 - WARNING - Warning: 'NoneType' object has no attribute 'getProperty'
2026-01-25 02:42:03,242 - WARNING - Warning: 'NoneType' object has no attribute 'getProperty'
2026-01-25 02:42:03,253 - INFO - End Page Analysis | Total Card: 32| Total Scrape: 32
2026-01-25 02:42:07,101 - WARNING - Warning: 'NoneType' object has no attribute 'getProperty'
2026-01-25 02:42:17,819 - WARNING - Warning: 'NoneType' object has no attribute 'getProperty'
2026-01-25 02:42:23,132 - WARNING - Warning: 'NoneType' object has no attribute 'getProperty'
2026-01-25 02:42:24,973 - WARNING - Warning: 'NoneType' object has no attribute 'getProperty'
2026-01-25 02:42:40,509 - WARNING - Warning: 'NoneType' object has no attribute 'getProperty'
2026-01-25 02:42:40,514 - WARNING - Warning: Unsupported relative time format
2026-01-25 02:42:47,339 - WARNING - Warning: 'NoneType' object has no attribute 'getProperty'
2026-01-25 02:42:49,056 - WARNING - Warning: 'NoneType' object has no attribute 'getProperty'
2026-01-25 02:42:50,907 - WARNING - Warning: 'NoneType' object has no attribute 'getProperty'
2026-01-25 02:42:58,022 - WARNING - Warning: 'NoneType' object has no attribute 'getProperty'
2026-01-25 02:43:01,668 - INFO - End Page Analysis | Total Card: 32| Total Scrape: 32
2026-01-25 02:43:03,870 - INFO - End Full Analysis | Total Card: 160| Total Scrape: 160
2026-01-25 02:43:18,106 - WARNING - Warning: 'NoneType' object has no attribute 'getProperty'
2026-01-25 02:43:20,693 - WARNING - Warning: 'NoneType' object has no attribute 'getProperty'
2026-01-25 02:43:22,052 - WARNING - Warning: 'NoneType' object has no attribute 'getProperty'
2026-01-25 02:43:23,838 - WARNING - Warning: 'NoneType' object has no attribute 'getProperty'
2026-01-25 02:43:25,269 - WARNING - Warning: 'NoneType' object has no attribute 'getProperty'
2026-01-25 02:43:26,561 - WARNING - Warning: 'NoneType' object has no attribute 'getProperty'
2026-01-25 02:43:29,131 - WARNING - Warning: 'NoneType' object has no attribute 'getProperty'
2026-01-25 02:43:31,437 - WARNING - Warning: 'NoneType' object has no attribute 'getProperty'
2026-01-25 02:43:32,677 - WARNING - Warning: 'NoneType' object has no attribute 'getProperty'
2026-01-25 02:43:35,227 - WARNING - Warning: 'NoneType' object has no attribute 'getProperty'
2026-01-25 02:43:43,002 - WARNING - Warning: 'NoneType' object has no attribute 'getProperty'
2026-01-25 02:43:45,618 - WARNING - Warning: 'NoneType' object has no attribute 'getProperty'
2026-01-25 02:43:47,075 - WARNING - Warning: 'NoneType' object has no attribute 'getProperty'
2026-01-25 02:43:52,734 - WARNING - Warning: 'NoneType' object has no attribute 'getProperty'
2026-01-25 02:43:52,745 - INFO - End Page Analysis | Total Card: 32| Total Scrape: 32
2026-01-25 02:44:00,763 - WARNING - Warning: 'NoneType' object has no attribute 'getProperty'
2026-01-25 02:44:02,797 - WARNING - Warning: 'NoneType' object has no attribute 'getProperty'
2026-01-25 02:44:03,869 - WARNING - Warning: 'NoneType' object has no attribute 'getProperty'
2026-01-25 02:44:05,014 - WARNING - Warning: 'NoneType' object has no attribute 'getProperty'
2026-01-25 02:44:06,206 - WARNING - Warning: 'NoneType' object has no attribute 'getProperty'
2026-01-25 02:44:07,252 - WARNING - Warning: 'NoneType' object has no attribute 'getProperty'
2026-01-25 02:44:09,365 - WARNING - Warning: 'NoneType' object has no attribute 'getProperty'
2026-01-25 02:44:11,427 - WARNING - Warning: 'NoneType' object has no attribute 'getProperty'
2026-01-25 02:44:12,498 - WARNING - Warning: 'NoneType' object has no attribute 'getProperty'
2026-01-25 02:44:14,586 - WARNING - Warning: 'NoneType' object has no attribute 'getProperty'
2026-01-25 02:44:21,254 - WARNING - Warning: 'NoneType' object has no attribute 'getProperty'
2026-01-25 02:44:23,619 - WARNING - Warning: 'NoneType' object has no attribute 'getProperty'
2026-01-25 02:44:24,835 - WARNING - Warning: 'NoneType' object has no attribute 'getProperty'
2026-01-25 02:44:29,522 - WARNING - Warning: 'NoneType' object has no attribute 'getProperty'
2026-01-25 02:44:29,532 - INFO - End Page Analysis | Total Card: 32| Total Scrape: 32
2026-01-25 02:44:33,125 - WARNING - Warning: 'NoneType' object has no attribute 'getProperty'
2026-01-25 02:44:37,791 - WARNING - Warning: 'NoneType' object has no attribute 'getProperty'
2026-01-25 02:44:42,438 - WARNING - Warning: 'NoneType' object has no attribute 'getProperty'
2026-01-25 02:44:43,746 - WARNING - Warning: 'NoneType' object has no attribute 'getProperty'
2026-01-25 02:44:46,984 - WARNING - Warning: 'NoneType' object has no attribute 'getProperty'
2026-01-25 02:44:58,287 - WARNING - Warning: 'NoneType' object has no attribute 'getProperty'
2026-01-25 02:44:59,902 - WARNING - Warning: 'NoneType' object has no attribute 'getProperty'
2026-01-25 02:45:01,474 - WARNING - Warning: 'NoneType' object has no attribute 'getProperty'
2026-01-25 02:45:03,126 - WARNING - Warning: 'NoneType' object has no attribute 'getProperty'
2026-01-25 02:45:11,618 - WARNING - Warning: 'NoneType' object has no attribute 'getProperty'
2026-01-25 02:45:13,303 - WARNING - Warning: 'NoneType' object has no attribute 'getProperty'
2026-01-25 02:45:17,309 - WARNING - Warning: 'NoneType' object has no attribute 'getProperty'
2026-01-25 02:45:25,069 - INFO - End Page Analysis | Total Card: 32| Total Scrape: 32
2026-01-25 02:45:36,725 - WARNING - Warning: 'NoneType' object has no attribute 'getProperty'
2026-01-25 02:45:40,011 - WARNING - Warning: 'NoneType' object has no attribute 'getProperty'
2026-01-25 02:45:43,414 - WARNING - Warning: 'NoneType' object has no attribute 'getProperty'
2026-01-25 02:45:53,598 - WARNING - Warning: 'NoneType' object has no attribute 'getProperty'
2026-01-25 02:46:00,384 - WARNING - Warning: 'NoneType' object has no attribute 'getProperty'
2026-01-25 02:46:07,404 - WARNING - Warning: 'NoneType' object has no attribute 'getProperty'
2026-01-25 02:46:21,327 - WARNING - Warning: 'NoneType' object has no attribute 'getProperty'
2026-01-25 02:46:23,150 - INFO - End Page Analysis | Total Card: 32| Total Scrape: 32
2026-01-25 02:46:29,131 - WARNING - Warning: 'NoneType' object has no attribute 'getProperty'
2026-01-25 02:46:36,425 - WARNING - Warning: 'NoneType' object has no attribute 'getProperty'
2026-01-25 02:46:43,462 - WARNING - Warning: 'NoneType' object has no attribute 'getProperty'
2026-01-25 02:46:46,949 - WARNING - Warning: 'NoneType' object has no attribute 'getProperty'
2026-01-25 02:46:48,751 - WARNING - Warning: 'NoneType' object has no attribute 'getProperty'
2026-01-25 02:46:57,490 - WARNING - Warning: 'NoneType' object has no attribute 'getProperty'
2026-01-25 02:46:59,301 - WARNING - Warning: 'NoneType' object has no attribute 'getProperty'
2026-01-25 02:47:08,735 - WARNING - Warning: 'NoneType' object has no attribute 'getProperty'
2026-01-25 02:47:10,606 - WARNING - Warning: 'NoneType' object has no attribute 'getProperty'
2026-01-25 02:47:17,501 - WARNING - Warning: 'NoneType' object has no attribute 'getProperty'
2026-01-25 02:47:21,470 - WARNING - Warning: 'NoneType' object has no attribute 'getProperty'
2026-01-25 02:47:23,438 - WARNING - Warning: 'NoneType' object has no attribute 'getProperty'
2026-01-25 02:47:26,145 - WARNING - Warning: 'NoneType' object has no attribute 'getProperty'
2026-01-25 02:47:26,157 - INFO - End Page Analysis | Total Card: 32| Total Scrape: 32
2026-01-25 02:47:28,381 - INFO - End Full Analysis | Total Card: 160| Total Scrape: 160
2026-01-25 02:47:40,218 - WARNING - Warning: 'NoneType' object has no attribute 'getProperty'
2026-01-25 02:47:43,772 - WARNING - Warning: 'NoneType' object has no attribute 'getProperty'
2026-01-25 02:47:46,662 - WARNING - Warning: 'NoneType' object has no attribute 'getProperty'
2026-01-25 02:47:55,371 - WARNING - Warning: 'NoneType' object has no attribute 'getProperty'
2026-01-25 02:47:58,066 - WARNING - Warning: 'NoneType' object has no attribute 'getProperty'
2026-01-25 02:47:59,924 - WARNING - Warning: 'NoneType' object has no attribute 'getProperty'
2026-01-25 02:48:01,225 - WARNING - Warning: 'NoneType' object has no attribute 'getProperty'
2026-01-25 02:48:04,431 - WARNING - Warning: 'NoneType' object has no attribute 'getProperty'
2026-01-25 02:48:14,419 - WARNING - Warning: 'NoneType' object has no attribute 'getProperty'
2026-01-25 02:48:19,583 - INFO - End Page Analysis | Total Card: 32| Total Scrape: 32
2026-01-25 02:48:28,704 - WARNING - Warning: 'NoneType' object has no attribute 'getProperty'
2026-01-25 02:48:37,247 - WARNING - Warning: 'NoneType' object has no attribute 'getProperty'
2026-01-25 02:48:38,971 - WARNING - Warning: 'NoneType' object has no attribute 'getProperty'
2026-01-25 02:48:40,542 - WARNING - Warning: 'NoneType' object has no attribute 'getProperty'
2026-01-25 02:48:46,177 - WARNING - Warning: 'NoneType' object has no attribute 'getProperty'
2026-01-25 02:48:49,055 - WARNING - Warning: 'NoneType' object has no attribute 'getProperty'
2026-01-25 02:48:53,146 - WARNING - Warning: 'NoneType' object has no attribute 'getProperty'
2026-01-25 02:48:56,299 - WARNING - Warning: 'NoneType' object has no attribute 'getProperty'
2026-01-25 02:48:57,941 - WARNING - Warning: 'NoneType' object has no attribute 'getProperty'
2026-01-25 02:48:59,287 - WARNING - Warning: 'NoneType' object has no attribute 'getProperty'
2026-01-25 02:49:02,441 - WARNING - Warning: 'NoneType' object has no attribute 'getProperty'
2026-01-25 02:49:03,890 - WARNING - Warning: 'NoneType' object has no attribute 'getProperty'
2026-01-25 02:49:06,564 - WARNING - Warning: 'NoneType' object has no attribute 'getProperty'
2026-01-25 02:49:07,998 - INFO - End Page Analysis | Total Card: 32| Total Scrape: 32
2026-01-25 02:49:13,443 - WARNING - Warning: 'NoneType' object has no attribute 'getProperty'
2026-01-25 02:49:24,067 - WARNING - Warning: 'NoneType' object has no attribute 'getProperty'
2026-01-25 02:49:27,307 - WARNING - Warning: 'NoneType' object has no attribute 'getProperty'
2026-01-25 02:49:33,435 - WARNING - Warning: 'NoneType' object has no attribute 'getProperty'
2026-01-25 02:49:35,268 - WARNING - Warning: 'NoneType' object has no attribute 'getProperty'
2026-01-25 02:49:40,836 - WARNING - Warning: 'NoneType' object has no attribute 'getProperty'
2026-01-25 02:49:42,425 - WARNING - Warning: 'NoneType' object has no attribute 'getProperty'
2026-01-25 02:49:43,672 - WARNING - Warning: 'NoneType' object has no attribute 'getProperty'
2026-01-25 02:49:45,060 - WARNING - Warning: 'NoneType' object has no attribute 'getProperty'
2026-01-25 02:49:53,534 - WARNING - Warning: 'NoneType' object has no attribute 'getProperty'
2026-01-25 02:49:54,817 - WARNING - Warning: 'NoneType' object has no attribute 'getProperty'
2026-01-25 02:49:57,959 - WARNING - Warning: 'NoneType' object has no attribute 'getProperty'
2026-01-25 02:50:01,391 - INFO - End Page Analysis | Total Card: 32| Total Scrape: 32
2026-01-25 02:50:06,080 - WARNING - Warning: 'NoneType' object has no attribute 'getProperty'
2026-01-25 02:50:09,188 - WARNING - Warning: 'NoneType' object has no attribute 'getProperty'
2026-01-25 02:50:12,322 - WARNING - Warning: 'NoneType' object has no attribute 'getProperty'
2026-01-25 02:50:15,419 - WARNING - Warning: 'NoneType' object has no attribute 'getProperty'
2026-01-25 02:50:16,996 - WARNING - Warning: 'NoneType' object has no attribute 'getProperty'
2026-01-25 02:50:18,591 - WARNING - Warning: 'NoneType' object has no attribute 'getProperty'
2026-01-25 02:50:21,771 - WARNING - Warning: 'NoneType' object has no attribute 'getProperty'
2026-01-25 02:50:24,825 - WARNING - Warning: 'NoneType' object has no attribute 'getProperty'
2026-01-25 02:50:29,697 - WARNING - Warning: 'NoneType' object has no attribute 'getProperty'
2026-01-25 02:50:31,438 - WARNING - Warning: 'NoneType' object has no attribute 'getProperty'
2026-01-25 02:50:36,534 - WARNING - Warning: 'NoneType' object has no attribute 'getProperty'
2026-01-25 02:50:46,739 - WARNING - Warning: 'NoneType' object has no attribute 'getProperty'
2026-01-25 02:50:48,394 - WARNING - Warning: 'NoneType' object has no attribute 'getProperty'
2026-01-25 02:50:50,331 - WARNING - Warning: 'NoneType' object has no attribute 'getProperty'
2026-01-25 02:50:54,908 - WARNING - Warning: 'NoneType' object has no attribute 'getProperty'
2026-01-25 02:50:56,738 - WARNING - Warning: 'NoneType' object has no attribute 'getProperty'
2026-01-25 02:50:58,301 - WARNING - Warning: 'NoneType' object has no attribute 'getProperty'
2026-01-25 02:50:58,311 - INFO - End Page Analysis | Total Card: 32| Total Scrape: 32
2026-01-25 02:51:02,309 - WARNING - Warning: 'NoneType' object has no attribute 'getProperty'
2026-01-25 02:51:06,131 - WARNING - Warning: 'NoneType' object has no attribute 'getProperty'
2026-01-25 02:51:16,468 - WARNING - Warning: 'NoneType' object has no attribute 'getProperty'
2026-01-25 02:51:18,083 - WARNING - Warning: 'NoneType' object has no attribute 'getProperty'
2026-01-25 02:51:21,478 - WARNING - Warning: 'NoneType' object has no attribute 'getProperty'
2026-01-25 02:51:25,057 - WARNING - Warning: 'NoneType' object has no attribute 'getProperty'
2026-01-25 02:51:28,689 - WARNING - Warning: 'NoneType' object has no attribute 'getProperty'
2026-01-25 02:51:30,831 - WARNING - Warning: 'NoneType' object has no attribute 'getProperty'
2026-01-25 02:51:32,695 - WARNING - Warning: 'NoneType' object has no attribute 'getProperty'
2026-01-25 02:51:34,413 - WARNING - Warning: 'NoneType' object has no attribute 'getProperty'
2026-01-25 02:51:39,929 - WARNING - Warning: 'NoneType' object has no attribute 'getProperty'
2026-01-25 02:51:43,822 - WARNING - Warning: 'NoneType' object has no attribute 'getProperty'
2026-01-25 02:51:49,501 - WARNING - Warning: 'NoneType' object has no attribute 'getProperty'
2026-01-25 02:51:53,000 - WARNING - Warning: 'NoneType' object has no attribute 'getProperty'
2026-01-25 02:51:56,671 - WARNING - Warning: 'NoneType' object has no attribute 'getProperty'
2026-01-25 02:51:58,648 - WARNING - Warning: 'NoneType' object has no attribute 'getProperty'
2026-01-25 02:51:58,664 - INFO - End Page Analysis | Total Card: 32| Total Scrape: 32
2026-01-25 02:52:01,008 - INFO - End Full Analysis | Total Card: 160| Total Scrape: 160
2026-01-25 02:52:01,008 - INFO - terminate chrome process...
2026-01-25 02:52:01,036 - ERROR - Future exception was never retrieved
future: <Future finished exception=NetworkError('Protocol error Target.detachFromTarget: Target closed.')>
pyppeteer.errors.NetworkError: Protocol error Target.detachFromTarget: Target closed.
2026-01-25 02:52:01,037 - ERROR - Future exception was never retrieved
future: <Future finished exception=NetworkError('Protocol error Target.sendMessageToTarget: Target closed.')>
pyppeteer.errors.NetworkError: Protocol error Target.sendMessageToTarget: Target closed.
2026-01-25 02:52:02,301 - INFO - CSV written successfully
2026-01-25 02:52:02,301 - INFO - Wrote CSV with 800 rows to /home/runner/work/Skillsgauge/Skillsgauge/bronze_datasets/JS/js_2026_01_25.csv
2026-01-25 02:52:02,302 - INFO - Scrapper Ended successfully
