2026-01-04 02:27:02,424 - INFO - Scraper started
2026-01-04 02:27:14,081 - INFO - Browser listening on: ws://127.0.0.1:60923/devtools/browser/5db30302-3519-4ad3-bce9-992b9761d3a3
2026-01-04 02:27:25,075 - WARNING - Warning: 'NoneType' object has no attribute 'getProperty'
2026-01-04 02:27:27,010 - WARNING - Warning: 'NoneType' object has no attribute 'getProperty'
2026-01-04 02:27:30,377 - WARNING - Warning: 'NoneType' object has no attribute 'getProperty'
2026-01-04 02:27:32,211 - WARNING - Warning: 'NoneType' object has no attribute 'getProperty'
2026-01-04 02:27:35,645 - WARNING - Warning: 'NoneType' object has no attribute 'getProperty'
2026-01-04 02:27:37,180 - WARNING - Warning: 'NoneType' object has no attribute 'getProperty'
2026-01-04 02:27:38,911 - WARNING - Warning: 'NoneType' object has no attribute 'getProperty'
2026-01-04 02:27:42,169 - WARNING - Warning: 'NoneType' object has no attribute 'getProperty'
2026-01-04 02:27:43,874 - WARNING - Warning: 'NoneType' object has no attribute 'getProperty'
2026-01-04 02:27:45,411 - WARNING - Warning: 'NoneType' object has no attribute 'getProperty'
2026-01-04 02:27:51,879 - WARNING - Warning: 'NoneType' object has no attribute 'getProperty'
2026-01-04 02:27:53,304 - WARNING - Warning: 'NoneType' object has no attribute 'getProperty'
2026-01-04 02:27:54,635 - WARNING - Warning: 'NoneType' object has no attribute 'getProperty'
2026-01-04 02:28:01,043 - WARNING - Warning: 'NoneType' object has no attribute 'getProperty'
2026-01-04 02:28:02,559 - WARNING - Warning: 'NoneType' object has no attribute 'getProperty'
2026-01-04 02:28:07,817 - WARNING - Warning: 'NoneType' object has no attribute 'getProperty'
2026-01-04 02:28:12,200 - INFO - End Page Analysis | Total Card: 32| Total Scrape: 32
2026-01-04 02:28:15,493 - WARNING - Warning: 'NoneType' object has no attribute 'getProperty'
2026-01-04 02:28:16,884 - WARNING - Warning: 'NoneType' object has no attribute 'getProperty'
2026-01-04 02:28:19,058 - WARNING - Warning: 'NoneType' object has no attribute 'getProperty'
2026-01-04 02:28:20,098 - WARNING - Warning: 'NoneType' object has no attribute 'getProperty'
2026-01-04 02:28:22,275 - WARNING - Warning: 'NoneType' object has no attribute 'getProperty'
2026-01-04 02:28:23,484 - WARNING - Warning: 'NoneType' object has no attribute 'getProperty'
2026-01-04 02:28:24,555 - WARNING - Warning: 'NoneType' object has no attribute 'getProperty'
2026-01-04 02:28:26,670 - WARNING - Warning: 'NoneType' object has no attribute 'getProperty'
2026-01-04 02:28:27,773 - WARNING - Warning: 'NoneType' object has no attribute 'getProperty'
2026-01-04 02:28:28,895 - WARNING - Warning: 'NoneType' object has no attribute 'getProperty'
2026-01-04 02:28:33,656 - WARNING - Warning: 'NoneType' object has no attribute 'getProperty'
2026-01-04 02:28:34,869 - WARNING - Warning: 'NoneType' object has no attribute 'getProperty'
2026-01-04 02:28:36,041 - WARNING - Warning: 'NoneType' object has no attribute 'getProperty'
2026-01-04 02:28:41,796 - WARNING - Warning: 'NoneType' object has no attribute 'getProperty'
2026-01-04 02:28:42,979 - WARNING - Warning: 'NoneType' object has no attribute 'getProperty'
2026-01-04 02:28:47,871 - WARNING - Warning: 'NoneType' object has no attribute 'getProperty'
2026-01-04 02:28:51,572 - INFO - End Page Analysis | Total Card: 32| Total Scrape: 32
2026-01-04 02:28:58,757 - WARNING - Warning: 'NoneType' object has no attribute 'getProperty'
2026-01-04 02:29:05,836 - WARNING - Warning: 'NoneType' object has no attribute 'getProperty'
2026-01-04 02:29:07,359 - WARNING - Warning: 'NoneType' object has no attribute 'getProperty'
2026-01-04 02:29:09,145 - WARNING - Warning: 'NoneType' object has no attribute 'getProperty'
2026-01-04 02:29:10,751 - WARNING - Warning: 'NoneType' object has no attribute 'getProperty'
2026-01-04 02:29:13,710 - WARNING - Warning: 'NoneType' object has no attribute 'getProperty'
2026-01-04 02:29:15,338 - WARNING - Warning: 'NoneType' object has no attribute 'getProperty'
2026-01-04 02:29:17,330 - WARNING - Warning: 'NoneType' object has no attribute 'getProperty'
2026-01-04 02:29:18,869 - WARNING - Warning: 'NoneType' object has no attribute 'getProperty'
2026-01-04 02:29:20,400 - WARNING - Warning: 'NoneType' object has no attribute 'getProperty'
2026-01-04 02:29:21,918 - WARNING - Warning: 'NoneType' object has no attribute 'getProperty'
2026-01-04 02:29:23,439 - WARNING - Warning: 'NoneType' object has no attribute 'getProperty'
2026-01-04 02:29:25,258 - WARNING - Warning: 'NoneType' object has no attribute 'getProperty'
2026-01-04 02:29:26,625 - WARNING - Warning: 'NoneType' object has no attribute 'getProperty'
2026-01-04 02:29:29,590 - WARNING - Warning: 'NoneType' object has no attribute 'getProperty'
2026-01-04 02:29:32,609 - WARNING - Warning: 'NoneType' object has no attribute 'getProperty'
2026-01-04 02:29:40,167 - WARNING - Warning: 'NoneType' object has no attribute 'getProperty'
2026-01-04 02:29:42,040 - WARNING - Warning: 'NoneType' object has no attribute 'getProperty'
2026-01-04 02:29:43,616 - INFO - End Page Analysis | Total Card: 32| Total Scrape: 32
2026-01-04 02:29:47,518 - WARNING - Warning: 'NoneType' object has no attribute 'getProperty'
2026-01-04 02:29:49,327 - WARNING - Warning: 'NoneType' object has no attribute 'getProperty'
2026-01-04 02:29:52,571 - WARNING - Warning: 'NoneType' object has no attribute 'getProperty'
2026-01-04 02:29:54,179 - WARNING - Warning: 'NoneType' object has no attribute 'getProperty'
2026-01-04 02:29:55,764 - WARNING - Warning: 'NoneType' object has no attribute 'getProperty'
2026-01-04 02:30:07,688 - WARNING - Warning: 'NoneType' object has no attribute 'getProperty'
2026-01-04 02:30:09,675 - WARNING - Warning: 'NoneType' object has no attribute 'getProperty'
2026-01-04 02:30:11,848 - WARNING - Warning: 'NoneType' object has no attribute 'getProperty'
2026-01-04 02:30:20,904 - WARNING - Warning: 'NoneType' object has no attribute 'getProperty'
2026-01-04 02:30:24,322 - WARNING - Warning: 'NoneType' object has no attribute 'getProperty'
2026-01-04 02:30:27,739 - WARNING - Warning: 'NoneType' object has no attribute 'getProperty'
2026-01-04 02:30:31,117 - WARNING - Warning: 'NoneType' object has no attribute 'getProperty'
2026-01-04 02:30:40,725 - WARNING - Warning: 'NoneType' object has no attribute 'getProperty'
2026-01-04 02:30:45,200 - WARNING - Warning: 'NoneType' object has no attribute 'getProperty'
2026-01-04 02:30:45,212 - INFO - End Page Analysis | Total Card: 32| Total Scrape: 32
2026-01-04 02:30:50,978 - WARNING - Warning: 'NoneType' object has no attribute 'getProperty'
2026-01-04 02:30:54,359 - WARNING - Warning: 'NoneType' object has no attribute 'getProperty'
2026-01-04 02:31:01,170 - WARNING - Warning: 'NoneType' object has no attribute 'getProperty'
2026-01-04 02:31:02,908 - WARNING - Warning: 'NoneType' object has no attribute 'getProperty'
2026-01-04 02:31:04,628 - WARNING - Warning: 'NoneType' object has no attribute 'getProperty'
2026-01-04 02:31:06,438 - WARNING - Warning: 'NoneType' object has no attribute 'getProperty'
2026-01-04 02:31:08,099 - WARNING - Warning: 'NoneType' object has no attribute 'getProperty'
2026-01-04 02:31:09,780 - WARNING - Warning: 'NoneType' object has no attribute 'getProperty'
2026-01-04 02:31:13,360 - WARNING - Warning: 'NoneType' object has no attribute 'getProperty'
2026-01-04 02:31:15,281 - WARNING - Warning: 'NoneType' object has no attribute 'getProperty'
2026-01-04 02:31:20,932 - WARNING - Warning: 'NoneType' object has no attribute 'getProperty'
2026-01-04 02:31:24,441 - WARNING - Warning: 'NoneType' object has no attribute 'getProperty'
2026-01-04 02:31:27,845 - WARNING - Warning: 'NoneType' object has no attribute 'getProperty'
2026-01-04 02:31:33,564 - WARNING - Warning: 'NoneType' object has no attribute 'getProperty'
2026-01-04 02:31:40,904 - WARNING - Warning: 'NoneType' object has no attribute 'getProperty'
2026-01-04 02:31:44,389 - INFO - End Page Analysis | Total Card: 32| Total Scrape: 32
2026-01-04 02:31:46,605 - INFO - End Full Analysis | Total Card: 160| Total Scrape: 160
2026-01-04 02:31:58,240 - WARNING - Warning: 'NoneType' object has no attribute 'getProperty'
2026-01-04 02:31:59,612 - WARNING - Warning: 'NoneType' object has no attribute 'getProperty'
2026-01-04 02:32:02,416 - WARNING - Warning: 'NoneType' object has no attribute 'getProperty'
2026-01-04 02:32:07,750 - WARNING - Warning: 'NoneType' object has no attribute 'getProperty'
2026-01-04 02:32:09,003 - WARNING - Warning: 'NoneType' object has no attribute 'getProperty'
2026-01-04 02:32:10,411 - WARNING - Warning: 'NoneType' object has no attribute 'getProperty'
2026-01-04 02:32:16,091 - WARNING - Warning: 'NoneType' object has no attribute 'getProperty'
2026-01-04 02:32:17,259 - WARNING - Warning: 'NoneType' object has no attribute 'getProperty'
2026-01-04 02:32:21,848 - WARNING - Warning: 'NoneType' object has no attribute 'getProperty'
2026-01-04 02:32:31,607 - WARNING - Warning: 'NoneType' object has no attribute 'getProperty'
2026-01-04 02:32:34,624 - WARNING - Warning: 'NoneType' object has no attribute 'getProperty'
2026-01-04 02:32:37,451 - INFO - End Page Analysis | Total Card: 32| Total Scrape: 32
2026-01-04 02:32:41,025 - WARNING - Warning: 'NoneType' object has no attribute 'getProperty'
2026-01-04 02:32:43,587 - WARNING - Warning: Unsupported relative time format
2026-01-04 02:32:44,998 - WARNING - Warning: 'NoneType' object has no attribute 'getProperty'
2026-01-04 02:32:46,355 - WARNING - Warning: 'NoneType' object has no attribute 'getProperty'
2026-01-04 02:32:54,959 - WARNING - Warning: 'NoneType' object has no attribute 'getProperty'
2026-01-04 02:32:56,113 - WARNING - Warning: 'NoneType' object has no attribute 'getProperty'
2026-01-04 02:33:04,715 - WARNING - Warning: 'NoneType' object has no attribute 'getProperty'
2026-01-04 02:33:07,714 - WARNING - Warning: 'NoneType' object has no attribute 'getProperty'
2026-01-04 02:33:09,569 - WARNING - Warning: 'NoneType' object has no attribute 'getProperty'
2026-01-04 02:33:13,735 - WARNING - Warning: 'NoneType' object has no attribute 'getProperty'
2026-01-04 02:33:16,637 - WARNING - Warning: 'NoneType' object has no attribute 'getProperty'
2026-01-04 02:33:19,494 - WARNING - Warning: 'NoneType' object has no attribute 'getProperty'
2026-01-04 02:33:23,924 - WARNING - Warning: 'NoneType' object has no attribute 'getProperty'
2026-01-04 02:33:25,245 - INFO - End Page Analysis | Total Card: 32| Total Scrape: 32
2026-01-04 02:33:30,497 - WARNING - Warning: 'NoneType' object has no attribute 'getProperty'
2026-01-04 02:33:34,344 - WARNING - Warning: 'NoneType' object has no attribute 'getProperty'
2026-01-04 02:33:37,650 - WARNING - Warning: Unsupported relative time format
2026-01-04 02:33:39,353 - WARNING - Warning: 'NoneType' object has no attribute 'getProperty'
2026-01-04 02:33:40,699 - WARNING - Warning: 'NoneType' object has no attribute 'getProperty'
2026-01-04 02:33:50,739 - WARNING - Warning: 'NoneType' object has no attribute 'getProperty'
2026-01-04 02:33:53,990 - WARNING - Warning: 'NoneType' object has no attribute 'getProperty'
2026-01-04 02:33:55,976 - WARNING - Warning: 'NoneType' object has no attribute 'getProperty'
2026-01-04 02:34:01,185 - WARNING - Warning: 'NoneType' object has no attribute 'getProperty'
2026-01-04 02:34:04,539 - WARNING - Warning: 'NoneType' object has no attribute 'getProperty'
2026-01-04 02:34:06,396 - WARNING - Warning: 'NoneType' object has no attribute 'getProperty'
2026-01-04 02:34:08,078 - WARNING - Warning: 'NoneType' object has no attribute 'getProperty'
2026-01-04 02:34:09,618 - WARNING - Warning: 'NoneType' object has no attribute 'getProperty'
2026-01-04 02:34:14,106 - WARNING - Warning: 'NoneType' object has no attribute 'getProperty'
2026-01-04 02:34:20,196 - WARNING - Warning: 'NoneType' object has no attribute 'getProperty'
2026-01-04 02:34:20,208 - INFO - End Page Analysis | Total Card: 32| Total Scrape: 32
2026-01-04 02:34:26,230 - WARNING - Warning: 'NoneType' object has no attribute 'getProperty'
2026-01-04 02:34:32,591 - WARNING - Warning: 'NoneType' object has no attribute 'getProperty'
2026-01-04 02:34:34,141 - WARNING - Warning: 'NoneType' object has no attribute 'getProperty'
2026-01-04 02:34:37,210 - WARNING - Warning: 'NoneType' object has no attribute 'getProperty'
2026-01-04 02:34:39,157 - WARNING - Warning: 'NoneType' object has no attribute 'getProperty'
2026-01-04 02:34:41,014 - WARNING - Warning: 'NoneType' object has no attribute 'getProperty'
2026-01-04 02:34:44,538 - WARNING - Warning: 'NoneType' object has no attribute 'getProperty'
2026-01-04 02:34:47,860 - WARNING - Warning: 'NoneType' object has no attribute 'getProperty'
2026-01-04 02:34:51,392 - WARNING - Warning: 'NoneType' object has no attribute 'getProperty'
2026-01-04 02:34:53,831 - WARNING - Warning: 'NoneType' object has no attribute 'getProperty'
2026-01-04 02:34:58,913 - WARNING - Warning: 'NoneType' object has no attribute 'getProperty'
2026-01-04 02:35:00,568 - WARNING - Warning: 'NoneType' object has no attribute 'getProperty'
2026-01-04 02:35:05,394 - WARNING - Warning: 'NoneType' object has no attribute 'getProperty'
2026-01-04 02:35:07,132 - WARNING - Warning: 'NoneType' object has no attribute 'getProperty'
2026-01-04 02:35:12,433 - WARNING - Warning: 'NoneType' object has no attribute 'getProperty'
2026-01-04 02:35:14,128 - WARNING - Warning: 'NoneType' object has no attribute 'getProperty'
2026-01-04 02:35:16,231 - WARNING - Warning: 'NoneType' object has no attribute 'getProperty'
2026-01-04 02:35:18,365 - WARNING - Warning: 'NoneType' object has no attribute 'getProperty'
2026-01-04 02:35:18,377 - INFO - End Page Analysis | Total Card: 32| Total Scrape: 32
2026-01-04 02:35:22,314 - WARNING - Warning: 'NoneType' object has no attribute 'getProperty'
2026-01-04 02:35:24,694 - WARNING - Warning: 'NoneType' object has no attribute 'getProperty'
2026-01-04 02:35:26,584 - WARNING - Warning: 'NoneType' object has no attribute 'getProperty'
2026-01-04 02:35:28,238 - WARNING - Warning: 'NoneType' object has no attribute 'getProperty'
2026-01-04 02:35:31,659 - WARNING - Warning: 'NoneType' object has no attribute 'getProperty'
2026-01-04 02:35:38,248 - WARNING - Warning: 'NoneType' object has no attribute 'getProperty'
2026-01-04 02:35:44,950 - WARNING - Warning: 'NoneType' object has no attribute 'getProperty'
2026-01-04 02:35:48,433 - WARNING - Warning: 'NoneType' object has no attribute 'getProperty'
2026-01-04 02:35:50,256 - WARNING - Warning: 'NoneType' object has no attribute 'getProperty'
2026-01-04 02:35:55,419 - WARNING - Warning: 'NoneType' object has no attribute 'getProperty'
2026-01-04 02:36:04,144 - WARNING - Warning: 'NoneType' object has no attribute 'getProperty'
2026-01-04 02:36:07,643 - WARNING - Warning: 'NoneType' object has no attribute 'getProperty'
2026-01-04 02:36:11,157 - WARNING - Warning: 'NoneType' object has no attribute 'getProperty'
2026-01-04 02:36:15,543 - WARNING - Warning: 'NoneType' object has no attribute 'getProperty'
2026-01-04 02:36:17,504 - WARNING - Warning: 'NoneType' object has no attribute 'getProperty'
2026-01-04 02:36:17,516 - INFO - End Page Analysis | Total Card: 32| Total Scrape: 32
2026-01-04 02:36:19,716 - INFO - End Full Analysis | Total Card: 160| Total Scrape: 160
2026-01-04 02:36:27,997 - WARNING - Warning: 'NoneType' object has no attribute 'getProperty'
2026-01-04 02:36:36,289 - WARNING - Warning: 'NoneType' object has no attribute 'getProperty'
2026-01-04 02:36:37,650 - WARNING - Warning: 'NoneType' object has no attribute 'getProperty'
2026-01-04 02:36:46,036 - WARNING - Warning: 'NoneType' object has no attribute 'getProperty'
2026-01-04 02:36:47,410 - WARNING - Warning: 'NoneType' object has no attribute 'getProperty'
2026-01-04 02:36:48,786 - WARNING - Warning: 'NoneType' object has no attribute 'getProperty'
2026-01-04 02:36:52,963 - WARNING - Warning: 'NoneType' object has no attribute 'getProperty'
2026-01-04 02:36:54,322 - WARNING - Warning: 'NoneType' object has no attribute 'getProperty'
2026-01-04 02:36:55,587 - WARNING - Warning: 'NoneType' object has no attribute 'getProperty'
2026-01-04 02:36:57,065 - WARNING - Warning: 'NoneType' object has no attribute 'getProperty'
2026-01-04 02:37:01,148 - WARNING - Warning: 'NoneType' object has no attribute 'getProperty'
2026-01-04 02:37:02,974 - WARNING - Warning: 'NoneType' object has no attribute 'getProperty'
2026-01-04 02:37:10,948 - WARNING - Warning: 'NoneType' object has no attribute 'getProperty'
2026-01-04 02:37:11,025 - INFO - End Page Analysis | Total Card: 32| Total Scrape: 32
2026-01-04 02:37:15,965 - WARNING - Warning: 'NoneType' object has no attribute 'getProperty'
2026-01-04 02:37:26,007 - WARNING - Warning: 'NoneType' object has no attribute 'getProperty'
2026-01-04 02:37:30,123 - WARNING - Warning: 'NoneType' object has no attribute 'getProperty'
2026-01-04 02:37:40,202 - WARNING - Warning: 'NoneType' object has no attribute 'getProperty'
2026-01-04 02:37:41,513 - WARNING - Warning: 'NoneType' object has no attribute 'getProperty'
2026-01-04 02:37:43,070 - WARNING - Warning: 'NoneType' object has no attribute 'getProperty'
2026-01-04 02:37:44,644 - WARNING - Warning: 'NoneType' object has no attribute 'getProperty'
2026-01-04 02:37:48,867 - WARNING - Warning: 'NoneType' object has no attribute 'getProperty'
2026-01-04 02:37:50,455 - WARNING - Warning: 'NoneType' object has no attribute 'getProperty'
2026-01-04 02:37:51,897 - WARNING - Warning: 'NoneType' object has no attribute 'getProperty'
2026-01-04 02:37:59,298 - INFO - End Page Analysis | Total Card: 32| Total Scrape: 32
2026-01-04 02:38:04,444 - WARNING - Warning: 'NoneType' object has no attribute 'getProperty'
2026-01-04 02:38:10,436 - WARNING - Warning: 'NoneType' object has no attribute 'getProperty'
2026-01-04 02:38:13,385 - WARNING - Warning: 'NoneType' object has no attribute 'getProperty'
2026-01-04 02:38:17,829 - WARNING - Warning: 'NoneType' object has no attribute 'getProperty'
2026-01-04 02:38:19,376 - WARNING - Warning: 'NoneType' object has no attribute 'getProperty'
2026-01-04 02:38:23,833 - WARNING - Warning: Unsupported relative time format
2026-01-04 02:38:25,318 - WARNING - Warning: 'NoneType' object has no attribute 'getProperty'
2026-01-04 02:38:28,349 - WARNING - Warning: Unsupported relative time format
2026-01-04 02:38:29,802 - WARNING - Warning: 'NoneType' object has no attribute 'getProperty'
2026-01-04 02:38:31,348 - WARNING - Warning: 'NoneType' object has no attribute 'getProperty'
2026-01-04 02:38:32,710 - WARNING - Warning: 'NoneType' object has no attribute 'getProperty'
2026-01-04 02:38:37,669 - WARNING - Warning: 'NoneType' object has no attribute 'getProperty'
2026-01-04 02:38:40,602 - WARNING - Warning: 'NoneType' object has no attribute 'getProperty'
2026-01-04 02:38:46,895 - WARNING - Warning: 'NoneType' object has no attribute 'getProperty'
2026-01-04 02:38:51,176 - WARNING - Warning: 'NoneType' object has no attribute 'getProperty'
2026-01-04 02:38:51,221 - INFO - End Page Analysis | Total Card: 32| Total Scrape: 32
2026-01-04 02:38:56,849 - WARNING - Warning: 'NoneType' object has no attribute 'getProperty'
2026-01-04 02:39:00,276 - WARNING - Warning: 'NoneType' object has no attribute 'getProperty'
2026-01-04 02:39:05,361 - WARNING - Warning: 'NoneType' object has no attribute 'getProperty'
2026-01-04 02:39:06,944 - WARNING - Warning: 'NoneType' object has no attribute 'getProperty'
2026-01-04 02:39:10,124 - WARNING - Warning: 'NoneType' object has no attribute 'getProperty'
2026-01-04 02:39:11,812 - WARNING - Warning: 'NoneType' object has no attribute 'getProperty'
2026-01-04 02:39:13,278 - WARNING - Warning: 'NoneType' object has no attribute 'getProperty'
2026-01-04 02:39:16,536 - WARNING - Warning: 'NoneType' object has no attribute 'getProperty'
2026-01-04 02:39:23,239 - WARNING - Warning: 'NoneType' object has no attribute 'getProperty'
2026-01-04 02:39:33,843 - WARNING - Warning: 'NoneType' object has no attribute 'getProperty'
2026-01-04 02:39:37,234 - WARNING - Warning: 'NoneType' object has no attribute 'getProperty'
2026-01-04 02:39:38,960 - WARNING - Warning: 'NoneType' object has no attribute 'getProperty'
2026-01-04 02:39:40,616 - WARNING - Warning: 'NoneType' object has no attribute 'getProperty'
2026-01-04 02:39:42,290 - WARNING - Warning: 'NoneType' object has no attribute 'getProperty'
2026-01-04 02:39:44,009 - WARNING - Warning: 'NoneType' object has no attribute 'getProperty'
2026-01-04 02:39:45,722 - WARNING - Warning: 'NoneType' object has no attribute 'getProperty'
2026-01-04 02:39:47,424 - WARNING - Warning: Unsupported relative time format
2026-01-04 02:39:47,429 - INFO - End Page Analysis | Total Card: 32| Total Scrape: 32
2026-01-04 02:39:51,595 - WARNING - Warning: Unsupported relative time format
2026-01-04 02:39:53,348 - WARNING - Warning: 'NoneType' object has no attribute 'getProperty'
2026-01-04 02:39:55,079 - WARNING - Warning: 'NoneType' object has no attribute 'getProperty'
2026-01-04 02:39:58,250 - WARNING - Warning: 'NoneType' object has no attribute 'getProperty'
2026-01-04 02:39:59,970 - WARNING - Warning: 'NoneType' object has no attribute 'getProperty'
2026-01-04 02:40:06,692 - WARNING - Warning: 'NoneType' object has no attribute 'getProperty'
2026-01-04 02:40:08,339 - WARNING - Warning: 'NoneType' object has no attribute 'getProperty'
2026-01-04 02:40:10,032 - WARNING - Warning: 'NoneType' object has no attribute 'getProperty'
2026-01-04 02:40:13,531 - WARNING - Warning: 'NoneType' object has no attribute 'getProperty'
2026-01-04 02:40:15,346 - WARNING - Warning: 'NoneType' object has no attribute 'getProperty'
2026-01-04 02:40:18,962 - WARNING - Warning: 'NoneType' object has no attribute 'getProperty'
2026-01-04 02:40:20,689 - WARNING - Warning: 'NoneType' object has no attribute 'getProperty'
2026-01-04 02:40:22,600 - WARNING - Warning: 'NoneType' object has no attribute 'getProperty'
2026-01-04 02:40:24,301 - WARNING - Warning: 'NoneType' object has no attribute 'getProperty'
2026-01-04 02:40:26,026 - WARNING - Warning: 'NoneType' object has no attribute 'getProperty'
2026-01-04 02:40:27,696 - WARNING - Warning: 'NoneType' object has no attribute 'getProperty'
2026-01-04 02:40:29,577 - WARNING - Warning: 'NoneType' object has no attribute 'getProperty'
2026-01-04 02:40:32,605 - WARNING - Warning: 'NoneType' object has no attribute 'getProperty'
2026-01-04 02:40:34,536 - WARNING - Warning: 'NoneType' object has no attribute 'getProperty'
2026-01-04 02:40:36,207 - WARNING - Warning: 'NoneType' object has no attribute 'getProperty'
2026-01-04 02:40:36,212 - WARNING - Warning: Unsupported relative time format
2026-01-04 02:40:43,457 - WARNING - Warning: 'NoneType' object has no attribute 'getProperty'
2026-01-04 02:40:46,464 - WARNING - Warning: 'NoneType' object has no attribute 'getProperty'
2026-01-04 02:40:48,236 - WARNING - Warning: 'NoneType' object has no attribute 'getProperty'
2026-01-04 02:40:48,247 - INFO - End Page Analysis | Total Card: 32| Total Scrape: 32
2026-01-04 02:40:50,498 - INFO - End Full Analysis | Total Card: 160| Total Scrape: 160
2026-01-04 02:40:57,576 - WARNING - Warning: 'NoneType' object has no attribute 'getProperty'
2026-01-04 02:41:02,644 - WARNING - Warning: 'NoneType' object has no attribute 'getProperty'
2026-01-04 02:41:09,068 - WARNING - Warning: 'NoneType' object has no attribute 'getProperty'
2026-01-04 02:41:11,780 - WARNING - Warning: 'NoneType' object has no attribute 'getProperty'
2026-01-04 02:41:13,029 - WARNING - Warning: 'NoneType' object has no attribute 'getProperty'
2026-01-04 02:41:14,504 - WARNING - Warning: 'NoneType' object has no attribute 'getProperty'
2026-01-04 02:41:18,316 - WARNING - Warning: 'NoneType' object has no attribute 'getProperty'
2026-01-04 02:41:23,712 - WARNING - Warning: 'NoneType' object has no attribute 'getProperty'
2026-01-04 02:41:29,804 - WARNING - Warning: 'NoneType' object has no attribute 'getProperty'
2026-01-04 02:41:32,556 - WARNING - Warning: 'NoneType' object has no attribute 'getProperty'
2026-01-04 02:41:33,913 - WARNING - Warning: 'NoneType' object has no attribute 'getProperty'
2026-01-04 02:41:37,869 - WARNING - Warning: 'NoneType' object has no attribute 'getProperty'
2026-01-04 02:41:39,234 - WARNING - Warning: 'NoneType' object has no attribute 'getProperty'
2026-01-04 02:41:42,402 - INFO - End Page Analysis | Total Card: 32| Total Scrape: 32
2026-01-04 02:41:46,021 - WARNING - Warning: 'NoneType' object has no attribute 'getProperty'
2026-01-04 02:41:48,503 - WARNING - Warning: 'NoneType' object has no attribute 'getProperty'
2026-01-04 02:41:56,678 - WARNING - Warning: 'NoneType' object has no attribute 'getProperty'
2026-01-04 02:41:57,951 - WARNING - Warning: 'NoneType' object has no attribute 'getProperty'
2026-01-04 02:41:59,458 - WARNING - Warning: 'NoneType' object has no attribute 'getProperty'
2026-01-04 02:42:01,205 - WARNING - Warning: 'NoneType' object has no attribute 'getProperty'
2026-01-04 02:42:06,092 - WARNING - Warning: 'NoneType' object has no attribute 'getProperty'
2026-01-04 02:42:10,095 - WARNING - Warning: 'NoneType' object has no attribute 'getProperty'
2026-01-04 02:42:17,156 - WARNING - Warning: 'NoneType' object has no attribute 'getProperty'
2026-01-04 02:42:20,200 - WARNING - Warning: 'NoneType' object has no attribute 'getProperty'
2026-01-04 02:42:23,068 - WARNING - Warning: 'NoneType' object has no attribute 'getProperty'
2026-01-04 02:42:24,586 - WARNING - Warning: 'NoneType' object has no attribute 'getProperty'
2026-01-04 02:42:26,024 - WARNING - Warning: 'NoneType' object has no attribute 'getProperty'
2026-01-04 02:42:27,433 - WARNING - Warning: 'NoneType' object has no attribute 'getProperty'
2026-01-04 02:42:30,309 - INFO - End Page Analysis | Total Card: 32| Total Scrape: 32
2026-01-04 02:42:35,267 - WARNING - Warning: 'NoneType' object has no attribute 'getProperty'
2026-01-04 02:42:42,773 - WARNING - Warning: 'NoneType' object has no attribute 'getProperty'
2026-01-04 02:42:44,178 - WARNING - Warning: 'NoneType' object has no attribute 'getProperty'
2026-01-04 02:42:45,736 - WARNING - Warning: 'NoneType' object has no attribute 'getProperty'
2026-01-04 02:42:50,386 - WARNING - Warning: 'NoneType' object has no attribute 'getProperty'
2026-01-04 02:42:51,978 - WARNING - Warning: 'NoneType' object has no attribute 'getProperty'
2026-01-04 02:42:53,534 - WARNING - Warning: 'NoneType' object has no attribute 'getProperty'
2026-01-04 02:42:55,225 - WARNING - Warning: 'NoneType' object has no attribute 'getProperty'
2026-01-04 02:42:57,196 - WARNING - Warning: 'NoneType' object has no attribute 'getProperty'
2026-01-04 02:43:01,927 - WARNING - Warning: 'NoneType' object has no attribute 'getProperty'
2026-01-04 02:43:03,548 - WARNING - Warning: 'NoneType' object has no attribute 'getProperty'
2026-01-04 02:43:16,712 - WARNING - Warning: 'NoneType' object has no attribute 'getProperty'
2026-01-04 02:43:21,815 - WARNING - Warning: 'NoneType' object has no attribute 'getProperty'
2026-01-04 02:43:23,411 - INFO - End Page Analysis | Total Card: 32| Total Scrape: 32
2026-01-04 02:43:28,286 - WARNING - Warning: 'NoneType' object has no attribute 'getProperty'
2026-01-04 02:43:35,245 - WARNING - Warning: 'NoneType' object has no attribute 'getProperty'
2026-01-04 02:43:36,552 - WARNING - Warning: 'NoneType' object has no attribute 'getProperty'
2026-01-04 02:43:37,869 - WARNING - Warning: 'NoneType' object has no attribute 'getProperty'
2026-01-04 02:43:41,956 - WARNING - Warning: 'NoneType' object has no attribute 'getProperty'
2026-01-04 02:43:43,365 - WARNING - Warning: 'NoneType' object has no attribute 'getProperty'
2026-01-04 02:43:44,676 - WARNING - Warning: 'NoneType' object has no attribute 'getProperty'
2026-01-04 02:43:45,975 - WARNING - Warning: 'NoneType' object has no attribute 'getProperty'
2026-01-04 02:43:47,401 - WARNING - Warning: 'NoneType' object has no attribute 'getProperty'
2026-01-04 02:43:51,579 - WARNING - Warning: 'NoneType' object has no attribute 'getProperty'
2026-01-04 02:43:52,900 - WARNING - Warning: 'NoneType' object has no attribute 'getProperty'
2026-01-04 02:44:04,995 - WARNING - Warning: 'NoneType' object has no attribute 'getProperty'
2026-01-04 02:44:09,919 - WARNING - Warning: 'NoneType' object has no attribute 'getProperty'
2026-01-04 02:44:11,430 - INFO - End Page Analysis | Total Card: 32| Total Scrape: 32
2026-01-04 02:44:15,374 - WARNING - Warning: 'NoneType' object has no attribute 'getProperty'
2026-01-04 02:44:21,690 - WARNING - Warning: 'NoneType' object has no attribute 'getProperty'
2026-01-04 02:44:26,725 - WARNING - Warning: 'NoneType' object has no attribute 'getProperty'
2026-01-04 02:44:28,537 - WARNING - Warning: 'NoneType' object has no attribute 'getProperty'
2026-01-04 02:44:30,571 - WARNING - Warning: 'NoneType' object has no attribute 'getProperty'
2026-01-04 02:44:39,503 - WARNING - Warning: 'NoneType' object has no attribute 'getProperty'
2026-01-04 02:44:43,098 - WARNING - Warning: 'NoneType' object has no attribute 'getProperty'
2026-01-04 02:44:44,853 - WARNING - Warning: 'NoneType' object has no attribute 'getProperty'
2026-01-04 02:44:48,449 - WARNING - Warning: 'NoneType' object has no attribute 'getProperty'
2026-01-04 02:44:50,237 - WARNING - Warning: 'NoneType' object has no attribute 'getProperty'
2026-01-04 02:45:14,937 - ERROR - An error occurred: Waiting for selector "div[data-automation='jobDetailsPage']" failed: timeout 10000ms exceeds.
2026-01-04 02:45:26,899 - ERROR - An error occurred: Waiting for selector "div[data-automation='jobDetailsPage']" failed: timeout 10000ms exceeds.
2026-01-04 02:45:43,063 - ERROR - An error occurred: Waiting for selector "div[data-automation='jobDetailsPage']" failed: timeout 10000ms exceeds.
2026-01-04 02:45:54,315 - ERROR - An error occurred: Waiting for selector "div[data-automation='jobDetailsPage']" failed: timeout 10000ms exceeds.
2026-01-04 02:45:54,315 - INFO - End Page Analysis | Total Card: 32| Total Scrape: 28
2026-01-04 02:45:56,535 - INFO - End Full Analysis | Total Card: 160| Total Scrape: 156
2026-01-04 02:46:17,046 - ERROR - An error occurred: Waiting for selector "div[data-automation='jobDetailsPage']" failed: timeout 10000ms exceeds.
2026-01-04 02:46:21,904 - WARNING - Warning: 'NoneType' object has no attribute 'getProperty'
2026-01-04 02:46:26,408 - WARNING - Warning: Unsupported relative time format
2026-01-04 02:46:45,528 - WARNING - Warning: 'NoneType' object has no attribute 'getProperty'
2026-01-04 02:46:49,382 - WARNING - Warning: 'NoneType' object has no attribute 'getProperty'
2026-01-04 02:46:50,649 - WARNING - Warning: 'NoneType' object has no attribute 'getProperty'
2026-01-04 02:46:52,374 - WARNING - Warning: 'NoneType' object has no attribute 'getProperty'
2026-01-04 02:46:58,561 - WARNING - Warning: 'NoneType' object has no attribute 'getProperty'
2026-01-04 02:47:08,742 - INFO - End Page Analysis | Total Card: 32| Total Scrape: 31
2026-01-04 02:47:13,871 - WARNING - Warning: 'NoneType' object has no attribute 'getProperty'
2026-01-04 02:47:17,406 - WARNING - Warning: 'NoneType' object has no attribute 'getProperty'
2026-01-04 02:47:20,036 - WARNING - Warning: 'NoneType' object has no attribute 'getProperty'
2026-01-04 02:47:22,766 - WARNING - Warning: 'NoneType' object has no attribute 'getProperty'
2026-01-04 02:47:26,123 - WARNING - Warning: 'NoneType' object has no attribute 'getProperty'
2026-01-04 02:47:27,570 - WARNING - Warning: 'NoneType' object has no attribute 'getProperty'
2026-01-04 02:47:29,249 - WARNING - Warning: 'NoneType' object has no attribute 'getProperty'
2026-01-04 02:47:32,323 - WARNING - Warning: 'NoneType' object has no attribute 'getProperty'
2026-01-04 02:47:34,011 - WARNING - Warning: 'NoneType' object has no attribute 'getProperty'
2026-01-04 02:47:36,776 - WARNING - Warning: 'NoneType' object has no attribute 'getProperty'
2026-01-04 02:47:46,037 - WARNING - Warning: 'NoneType' object has no attribute 'getProperty'
2026-01-04 02:47:49,159 - WARNING - Warning: 'NoneType' object has no attribute 'getProperty'
2026-01-04 02:47:52,545 - WARNING - Warning: 'NoneType' object has no attribute 'getProperty'
2026-01-04 02:48:00,991 - WARNING - Warning: 'NoneType' object has no attribute 'getProperty'
2026-01-04 02:48:01,002 - INFO - End Page Analysis | Total Card: 32| Total Scrape: 32
2026-01-04 02:48:07,866 - WARNING - Warning: 'NoneType' object has no attribute 'getProperty'
2026-01-04 02:48:10,981 - WARNING - Warning: 'NoneType' object has no attribute 'getProperty'
2026-01-04 02:48:18,006 - WARNING - Warning: Unsupported relative time format
2026-01-04 02:48:21,544 - WARNING - Warning: 'NoneType' object has no attribute 'getProperty'
2026-01-04 02:48:29,540 - WARNING - Warning: 'NoneType' object has no attribute 'getProperty'
2026-01-04 02:48:31,020 - WARNING - Warning: 'NoneType' object has no attribute 'getProperty'
2026-01-04 02:48:32,806 - WARNING - Warning: 'NoneType' object has no attribute 'getProperty'
2026-01-04 02:48:34,445 - WARNING - Warning: 'NoneType' object has no attribute 'getProperty'
2026-01-04 02:48:39,398 - WARNING - Warning: 'NoneType' object has no attribute 'getProperty'
2026-01-04 02:48:44,644 - WARNING - Warning: 'NoneType' object has no attribute 'getProperty'
2026-01-04 02:48:46,155 - WARNING - Warning: 'NoneType' object has no attribute 'getProperty'
2026-01-04 02:48:47,714 - WARNING - Warning: 'NoneType' object has no attribute 'getProperty'
2026-01-04 02:48:49,317 - WARNING - Warning: 'NoneType' object has no attribute 'getProperty'
2026-01-04 02:48:55,815 - WARNING - Warning: 'NoneType' object has no attribute 'getProperty'
2026-01-04 02:48:55,865 - INFO - End Page Analysis | Total Card: 32| Total Scrape: 32
2026-01-04 02:49:02,047 - WARNING - Warning: 'NoneType' object has no attribute 'getProperty'
2026-01-04 02:49:03,929 - WARNING - Warning: 'NoneType' object has no attribute 'getProperty'
2026-01-04 02:49:05,477 - WARNING - Warning: 'NoneType' object has no attribute 'getProperty'
2026-01-04 02:49:08,772 - WARNING - Warning: 'NoneType' object has no attribute 'getProperty'
2026-01-04 02:49:12,377 - WARNING - Warning: 'NoneType' object has no attribute 'getProperty'
2026-01-04 02:49:14,240 - WARNING - Warning: 'NoneType' object has no attribute 'getProperty'
2026-01-04 02:49:20,929 - WARNING - Warning: 'NoneType' object has no attribute 'getProperty'
2026-01-04 02:49:24,268 - WARNING - Warning: 'NoneType' object has no attribute 'getProperty'
2026-01-04 02:49:25,895 - WARNING - Warning: 'NoneType' object has no attribute 'getProperty'
2026-01-04 02:49:27,797 - WARNING - Warning: 'NoneType' object has no attribute 'getProperty'
2026-01-04 02:49:36,425 - WARNING - Warning: 'NoneType' object has no attribute 'getProperty'
2026-01-04 02:49:40,699 - WARNING - Warning: Unsupported relative time format
2026-01-04 02:49:43,099 - WARNING - Warning: 'NoneType' object has no attribute 'getProperty'
2026-01-04 02:49:44,814 - WARNING - Warning: 'NoneType' object has no attribute 'getProperty'
2026-01-04 02:49:48,605 - WARNING - Warning: 'NoneType' object has no attribute 'getProperty'
2026-01-04 02:49:50,448 - WARNING - Warning: 'NoneType' object has no attribute 'getProperty'
2026-01-04 02:49:56,767 - WARNING - Warning: 'NoneType' object has no attribute 'getProperty'
2026-01-04 02:49:56,808 - INFO - End Page Analysis | Total Card: 32| Total Scrape: 32
2026-01-04 02:50:01,440 - WARNING - Warning: 'NoneType' object has no attribute 'getProperty'
2026-01-04 02:50:05,617 - WARNING - Warning: 'NoneType' object has no attribute 'getProperty'
2026-01-04 02:50:07,358 - WARNING - Warning: 'NoneType' object has no attribute 'getProperty'
2026-01-04 02:50:12,736 - WARNING - Warning: 'NoneType' object has no attribute 'getProperty'
2026-01-04 02:50:14,920 - WARNING - Warning: 'NoneType' object has no attribute 'getProperty'
2026-01-04 02:50:18,617 - WARNING - Warning: 'NoneType' object has no attribute 'getProperty'
2026-01-04 02:50:20,465 - WARNING - Warning: 'NoneType' object has no attribute 'getProperty'
2026-01-04 02:50:24,684 - WARNING - Warning: 'NoneType' object has no attribute 'getProperty'
2026-01-04 02:50:28,334 - WARNING - Warning: 'NoneType' object has no attribute 'getProperty'
2026-01-04 02:50:28,338 - WARNING - Warning: Unsupported relative time format
2026-01-04 02:50:33,808 - WARNING - Warning: 'NoneType' object has no attribute 'getProperty'
2026-01-04 02:50:41,915 - WARNING - Warning: 'NoneType' object has no attribute 'getProperty'
2026-01-04 02:50:46,354 - WARNING - Warning: 'NoneType' object has no attribute 'getProperty'
2026-01-04 02:50:52,099 - WARNING - Warning: 'NoneType' object has no attribute 'getProperty'
2026-01-04 02:50:53,981 - WARNING - Warning: 'NoneType' object has no attribute 'getProperty'
2026-01-04 02:50:55,895 - WARNING - Warning: 'NoneType' object has no attribute 'getProperty'
2026-01-04 02:50:57,702 - WARNING - Warning: 'NoneType' object has no attribute 'getProperty'
2026-01-04 02:51:01,560 - WARNING - Warning: 'NoneType' object has no attribute 'getProperty'
2026-01-04 02:51:01,571 - INFO - End Page Analysis | Total Card: 32| Total Scrape: 32
2026-01-04 02:51:03,800 - INFO - End Full Analysis | Total Card: 160| Total Scrape: 159
2026-01-04 02:51:03,800 - INFO - terminate chrome process...
2026-01-04 02:51:03,830 - ERROR - Future exception was never retrieved
future: <Future finished exception=NetworkError('Protocol error Target.detachFromTarget: Target closed.')>
pyppeteer.errors.NetworkError: Protocol error Target.detachFromTarget: Target closed.
2026-01-04 02:51:03,831 - ERROR - Future exception was never retrieved
future: <Future finished exception=NetworkError('Protocol error Target.sendMessageToTarget: Target closed.')>
pyppeteer.errors.NetworkError: Protocol error Target.sendMessageToTarget: Target closed.
2026-01-04 02:51:05,041 - INFO - CSV written successfully
2026-01-04 02:51:05,041 - INFO - Wrote CSV with 795 rows to /home/runner/work/Skillsgauge/Skillsgauge/bronze_datasets/JS/js_2026_01_04.csv
2026-01-04 02:51:05,042 - INFO - Scrapper Ended successfully
