2025-10-12 01:55:10,399 - INFO - Scraper started
2025-10-12 01:55:28,582 - INFO - Browser listening on: ws://127.0.0.1:41383/devtools/browser/15bb8cf0-1371-4354-a381-aaa89f9ad4a5
2025-10-12 01:55:43,291 - WARNING - Warning: 'NoneType' object has no attribute 'getProperty'
2025-10-12 01:55:46,499 - WARNING - Warning: 'NoneType' object has no attribute 'getProperty'
2025-10-12 01:55:48,234 - WARNING - Warning: 'NoneType' object has no attribute 'getProperty'
2025-10-12 01:55:50,052 - WARNING - Warning: 'NoneType' object has no attribute 'getProperty'
2025-10-12 01:55:52,860 - WARNING - Warning: 'NoneType' object has no attribute 'getProperty'
2025-10-12 01:55:54,345 - WARNING - Warning: 'NoneType' object has no attribute 'getProperty'
2025-10-12 01:55:55,793 - WARNING - Warning: 'NoneType' object has no attribute 'getProperty'
2025-10-12 01:55:57,266 - WARNING - Warning: 'NoneType' object has no attribute 'getProperty'
2025-10-12 01:56:00,247 - WARNING - Warning: 'NoneType' object has no attribute 'getProperty'
2025-10-12 01:56:01,703 - WARNING - Warning: 'NoneType' object has no attribute 'getProperty'
2025-10-12 01:56:06,536 - WARNING - Warning: 'NoneType' object has no attribute 'getProperty'
2025-10-12 01:56:11,059 - WARNING - Warning: 'NoneType' object has no attribute 'getProperty'
2025-10-12 01:56:12,430 - WARNING - Warning: 'NoneType' object has no attribute 'getProperty'
2025-10-12 01:56:20,427 - WARNING - Warning: 'NoneType' object has no attribute 'getProperty'
2025-10-12 01:56:22,010 - WARNING - Warning: 'NoneType' object has no attribute 'getProperty'
2025-10-12 01:56:23,525 - WARNING - Warning: 'NoneType' object has no attribute 'getProperty'
2025-10-12 01:56:24,771 - WARNING - Warning: 'NoneType' object has no attribute 'getProperty'
2025-10-12 01:56:27,662 - WARNING - Warning: 'NoneType' object has no attribute 'getProperty'
2025-10-12 01:56:28,958 - WARNING - Warning: 'NoneType' object has no attribute 'getProperty'
2025-10-12 01:56:28,973 - INFO - End Page Analysis | Total Card: 32| Total Scrape: 32
2025-10-12 01:56:33,635 - WARNING - Warning: 'NoneType' object has no attribute 'getProperty'
2025-10-12 01:56:36,012 - WARNING - Warning: 'NoneType' object has no attribute 'getProperty'
2025-10-12 01:56:37,406 - WARNING - Warning: 'NoneType' object has no attribute 'getProperty'
2025-10-12 01:56:38,569 - WARNING - Warning: 'NoneType' object has no attribute 'getProperty'
2025-10-12 01:56:40,693 - WARNING - Warning: 'NoneType' object has no attribute 'getProperty'
2025-10-12 01:56:41,759 - WARNING - Warning: 'NoneType' object has no attribute 'getProperty'
2025-10-12 01:56:42,811 - WARNING - Warning: 'NoneType' object has no attribute 'getProperty'
2025-10-12 01:56:43,904 - WARNING - Warning: 'NoneType' object has no attribute 'getProperty'
2025-10-12 01:56:46,060 - WARNING - Warning: 'NoneType' object has no attribute 'getProperty'
2025-10-12 01:56:47,132 - WARNING - Warning: 'NoneType' object has no attribute 'getProperty'
2025-10-12 01:56:50,670 - WARNING - Warning: 'NoneType' object has no attribute 'getProperty'
2025-10-12 01:56:54,114 - WARNING - Warning: 'NoneType' object has no attribute 'getProperty'
2025-10-12 01:56:55,222 - WARNING - Warning: 'NoneType' object has no attribute 'getProperty'
2025-10-12 01:57:01,262 - WARNING - Warning: 'NoneType' object has no attribute 'getProperty'
2025-10-12 01:57:02,386 - WARNING - Warning: 'NoneType' object has no attribute 'getProperty'
2025-10-12 01:57:03,541 - WARNING - Warning: 'NoneType' object has no attribute 'getProperty'
2025-10-12 01:57:04,831 - WARNING - Warning: 'NoneType' object has no attribute 'getProperty'
2025-10-12 01:57:07,132 - WARNING - Warning: 'NoneType' object has no attribute 'getProperty'
2025-10-12 01:57:08,283 - WARNING - Warning: 'NoneType' object has no attribute 'getProperty'
2025-10-12 01:57:08,296 - INFO - End Page Analysis | Total Card: 32| Total Scrape: 32
2025-10-12 01:57:12,027 - WARNING - Warning: 'NoneType' object has no attribute 'getProperty'
2025-10-12 01:57:13,354 - WARNING - Warning: 'NoneType' object has no attribute 'getProperty'
2025-10-12 01:57:14,711 - WARNING - Warning: 'NoneType' object has no attribute 'getProperty'
2025-10-12 01:57:20,158 - WARNING - Warning: 'NoneType' object has no attribute 'getProperty'
2025-10-12 01:57:21,346 - WARNING - Warning: 'NoneType' object has no attribute 'getProperty'
2025-10-12 01:57:25,348 - WARNING - Warning: 'NoneType' object has no attribute 'getProperty'
2025-10-12 01:57:28,364 - WARNING - Warning: 'NoneType' object has no attribute 'getProperty'
2025-10-12 01:57:30,281 - WARNING - Warning: 'NoneType' object has no attribute 'getProperty'
2025-10-12 01:57:31,977 - WARNING - Warning: 'NoneType' object has no attribute 'getProperty'
2025-10-12 01:57:33,385 - WARNING - Warning: 'NoneType' object has no attribute 'getProperty'
2025-10-12 01:57:34,790 - WARNING - Warning: 'NoneType' object has no attribute 'getProperty'
2025-10-12 01:57:35,994 - WARNING - Warning: 'NoneType' object has no attribute 'getProperty'
2025-10-12 01:57:39,169 - WARNING - Warning: 'NoneType' object has no attribute 'getProperty'
2025-10-12 01:57:40,400 - WARNING - Warning: 'NoneType' object has no attribute 'getProperty'
2025-10-12 01:57:43,797 - WARNING - Warning: 'NoneType' object has no attribute 'getProperty'
2025-10-12 01:57:45,115 - WARNING - Warning: 'NoneType' object has no attribute 'getProperty'
2025-10-12 01:57:47,887 - WARNING - Warning: 'NoneType' object has no attribute 'getProperty'
2025-10-12 01:57:54,161 - WARNING - Warning: 'NoneType' object has no attribute 'getProperty'
2025-10-12 01:57:55,566 - WARNING - Warning: 'NoneType' object has no attribute 'getProperty'
2025-10-12 01:57:57,212 - WARNING - Warning: 'NoneType' object has no attribute 'getProperty'
2025-10-12 01:57:57,297 - INFO - End Page Analysis | Total Card: 32| Total Scrape: 32
2025-10-12 01:58:02,120 - WARNING - Warning: 'NoneType' object has no attribute 'getProperty'
2025-10-12 01:58:03,507 - WARNING - Warning: 'NoneType' object has no attribute 'getProperty'
2025-10-12 01:58:06,934 - WARNING - Warning: 'NoneType' object has no attribute 'getProperty'
2025-10-12 01:58:10,425 - WARNING - Warning: 'NoneType' object has no attribute 'getProperty'
2025-10-12 01:58:13,630 - WARNING - Warning: 'NoneType' object has no attribute 'getProperty'
2025-10-12 01:58:15,165 - WARNING - Warning: 'NoneType' object has no attribute 'getProperty'
2025-10-12 01:58:16,650 - WARNING - Warning: 'NoneType' object has no attribute 'getProperty'
2025-10-12 01:58:18,241 - WARNING - Warning: 'NoneType' object has no attribute 'getProperty'
2025-10-12 01:58:21,709 - WARNING - Warning: 'NoneType' object has no attribute 'getProperty'
2025-10-12 01:58:29,542 - WARNING - Warning: 'NoneType' object has no attribute 'getProperty'
2025-10-12 01:58:33,059 - WARNING - Warning: 'NoneType' object has no attribute 'getProperty'
2025-10-12 01:58:36,180 - WARNING - Warning: 'NoneType' object has no attribute 'getProperty'
2025-10-12 01:58:46,115 - WARNING - Warning: 'NoneType' object has no attribute 'getProperty'
2025-10-12 01:58:50,666 - INFO - End Page Analysis | Total Card: 32| Total Scrape: 32
2025-10-12 01:58:54,599 - WARNING - Warning: 'NoneType' object has no attribute 'getProperty'
2025-10-12 01:58:57,589 - WARNING - Warning: 'NoneType' object has no attribute 'getProperty'
2025-10-12 01:58:59,087 - WARNING - Warning: 'NoneType' object has no attribute 'getProperty'
2025-10-12 01:59:04,283 - WARNING - Warning: 'NoneType' object has no attribute 'getProperty'
2025-10-12 01:59:05,902 - WARNING - Warning: 'NoneType' object has no attribute 'getProperty'
2025-10-12 01:59:07,546 - WARNING - Warning: 'NoneType' object has no attribute 'getProperty'
2025-10-12 01:59:09,188 - WARNING - Warning: 'NoneType' object has no attribute 'getProperty'
2025-10-12 01:59:12,543 - WARNING - Warning: 'NoneType' object has no attribute 'getProperty'
2025-10-12 01:59:14,266 - WARNING - Warning: 'NoneType' object has no attribute 'getProperty'
2025-10-12 01:59:17,583 - WARNING - Warning: 'NoneType' object has no attribute 'getProperty'
2025-10-12 01:59:22,948 - WARNING - Warning: 'NoneType' object has no attribute 'getProperty'
2025-10-12 01:59:24,747 - WARNING - Warning: 'NoneType' object has no attribute 'getProperty'
2025-10-12 01:59:28,295 - WARNING - Warning: 'NoneType' object has no attribute 'getProperty'
2025-10-12 01:59:31,660 - WARNING - Warning: 'NoneType' object has no attribute 'getProperty'
2025-10-12 01:59:33,388 - WARNING - Warning: 'NoneType' object has no attribute 'getProperty'
2025-10-12 01:59:35,158 - WARNING - Warning: 'NoneType' object has no attribute 'getProperty'
2025-10-12 01:59:37,012 - WARNING - Warning: 'NoneType' object has no attribute 'getProperty'
2025-10-12 01:59:40,776 - WARNING - Warning: 'NoneType' object has no attribute 'getProperty'
2025-10-12 01:59:43,046 - WARNING - Warning: 'NoneType' object has no attribute 'getProperty'
2025-10-12 01:59:47,393 - WARNING - Warning: 'NoneType' object has no attribute 'getProperty'
2025-10-12 01:59:49,295 - WARNING - Warning: 'NoneType' object has no attribute 'getProperty'
2025-10-12 01:59:49,309 - INFO - End Page Analysis | Total Card: 32| Total Scrape: 32
2025-10-12 01:59:51,525 - INFO - End Full Analysis | Total Card: 160| Total Scrape: 160
2025-10-12 02:00:05,508 - WARNING - Warning: 'NoneType' object has no attribute 'getProperty'
2025-10-12 02:00:19,744 - WARNING - Warning: 'NoneType' object has no attribute 'getProperty'
2025-10-12 02:00:22,903 - WARNING - Warning: 'NoneType' object has no attribute 'getProperty'
2025-10-12 02:00:24,214 - WARNING - Warning: 'NoneType' object has no attribute 'getProperty'
2025-10-12 02:00:25,780 - WARNING - Warning: 'NoneType' object has no attribute 'getProperty'
2025-10-12 02:00:29,957 - WARNING - Warning: 'NoneType' object has no attribute 'getProperty'
2025-10-12 02:00:33,966 - WARNING - Warning: 'NoneType' object has no attribute 'getProperty'
2025-10-12 02:00:35,724 - WARNING - Warning: 'NoneType' object has no attribute 'getProperty'
2025-10-12 02:00:37,133 - WARNING - Warning: 'NoneType' object has no attribute 'getProperty'
2025-10-12 02:00:38,541 - WARNING - Warning: 'NoneType' object has no attribute 'getProperty'
2025-10-12 02:00:44,638 - WARNING - Warning: 'NoneType' object has no attribute 'getProperty'
2025-10-12 02:00:44,666 - INFO - End Page Analysis | Total Card: 32| Total Scrape: 32
2025-10-12 02:00:49,773 - WARNING - Warning: 'NoneType' object has no attribute 'getProperty'
2025-10-12 02:00:53,871 - WARNING - Warning: 'NoneType' object has no attribute 'getProperty'
2025-10-12 02:00:55,606 - WARNING - Warning: 'NoneType' object has no attribute 'getProperty'
2025-10-12 02:00:57,013 - WARNING - Warning: 'NoneType' object has no attribute 'getProperty'
2025-10-12 02:00:58,847 - WARNING - Warning: 'NoneType' object has no attribute 'getProperty'
2025-10-12 02:01:00,575 - WARNING - Warning: 'NoneType' object has no attribute 'getProperty'
2025-10-12 02:01:05,535 - WARNING - Warning: 'NoneType' object has no attribute 'getProperty'
2025-10-12 02:01:06,942 - WARNING - Warning: 'NoneType' object has no attribute 'getProperty'
2025-10-12 02:01:08,228 - WARNING - Warning: 'NoneType' object has no attribute 'getProperty'
2025-10-12 02:01:09,611 - WARNING - Warning: 'NoneType' object has no attribute 'getProperty'
2025-10-12 02:01:12,397 - WARNING - Warning: 'NoneType' object has no attribute 'getProperty'
2025-10-12 02:01:15,159 - WARNING - Warning: 'NoneType' object has no attribute 'getProperty'
2025-10-12 02:01:19,660 - WARNING - Warning: 'NoneType' object has no attribute 'getProperty'
2025-10-12 02:01:22,874 - WARNING - Warning: 'NoneType' object has no attribute 'getProperty'
2025-10-12 02:01:26,206 - WARNING - Warning: 'NoneType' object has no attribute 'getProperty'
2025-10-12 02:01:29,477 - WARNING - Warning: 'NoneType' object has no attribute 'getProperty'
2025-10-12 02:01:33,632 - WARNING - Warning: 'NoneType' object has no attribute 'getProperty'
2025-10-12 02:01:34,940 - WARNING - Warning: 'NoneType' object has no attribute 'getProperty'
2025-10-12 02:01:34,999 - INFO - End Page Analysis | Total Card: 32| Total Scrape: 32
2025-10-12 02:01:40,217 - WARNING - Warning: 'NoneType' object has no attribute 'getProperty'
2025-10-12 02:01:42,556 - WARNING - Warning: 'NoneType' object has no attribute 'getProperty'
2025-10-12 02:01:45,534 - WARNING - Warning: 'NoneType' object has no attribute 'getProperty'
2025-10-12 02:01:49,795 - WARNING - Warning: 'NoneType' object has no attribute 'getProperty'
2025-10-12 02:01:52,626 - WARNING - Warning: 'NoneType' object has no attribute 'getProperty'
2025-10-12 02:01:54,099 - WARNING - Warning: 'NoneType' object has no attribute 'getProperty'
2025-10-12 02:02:00,287 - WARNING - Warning: 'NoneType' object has no attribute 'getProperty'
2025-10-12 02:02:01,741 - WARNING - Warning: 'NoneType' object has no attribute 'getProperty'
2025-10-12 02:02:05,657 - WARNING - Warning: 'NoneType' object has no attribute 'getProperty'
2025-10-12 02:02:07,562 - WARNING - Warning: 'NoneType' object has no attribute 'getProperty'
2025-10-12 02:02:09,884 - WARNING - Warning: 'NoneType' object has no attribute 'getProperty'
2025-10-12 02:02:19,366 - WARNING - Warning: 'NoneType' object has no attribute 'getProperty'
2025-10-12 02:02:22,377 - WARNING - Warning: 'NoneType' object has no attribute 'getProperty'
2025-10-12 02:02:26,702 - WARNING - Warning: 'NoneType' object has no attribute 'getProperty'
2025-10-12 02:02:28,309 - INFO - End Page Analysis | Total Card: 32| Total Scrape: 32
2025-10-12 02:02:31,813 - WARNING - Warning: 'NoneType' object has no attribute 'getProperty'
2025-10-12 02:02:36,962 - WARNING - Warning: 'NoneType' object has no attribute 'getProperty'
2025-10-12 02:02:41,612 - WARNING - Warning: 'NoneType' object has no attribute 'getProperty'
2025-10-12 02:02:45,207 - WARNING - Warning: 'NoneType' object has no attribute 'getProperty'
2025-10-12 02:02:48,329 - WARNING - Warning: 'NoneType' object has no attribute 'getProperty'
2025-10-12 02:02:51,385 - WARNING - Warning: 'NoneType' object has no attribute 'getProperty'
2025-10-12 02:02:54,474 - WARNING - Warning: 'NoneType' object has no attribute 'getProperty'
2025-10-12 02:02:56,049 - WARNING - Warning: 'NoneType' object has no attribute 'getProperty'
2025-10-12 02:03:00,828 - WARNING - Warning: 'NoneType' object has no attribute 'getProperty'
2025-10-12 02:03:02,760 - WARNING - Warning: 'NoneType' object has no attribute 'getProperty'
2025-10-12 02:03:04,494 - WARNING - Warning: 'NoneType' object has no attribute 'getProperty'
2025-10-12 02:03:13,926 - WARNING - Warning: 'NoneType' object has no attribute 'getProperty'
2025-10-12 02:03:15,468 - WARNING - Warning: 'NoneType' object has no attribute 'getProperty'
2025-10-12 02:03:17,727 - WARNING - Warning: 'NoneType' object has no attribute 'getProperty'
2025-10-12 02:03:19,452 - WARNING - Warning: 'NoneType' object has no attribute 'getProperty'
2025-10-12 02:03:22,802 - INFO - End Page Analysis | Total Card: 32| Total Scrape: 32
2025-10-12 02:03:27,141 - WARNING - Warning: 'NoneType' object has no attribute 'getProperty'
2025-10-12 02:03:31,148 - WARNING - Warning: 'NoneType' object has no attribute 'getProperty'
2025-10-12 02:03:33,179 - WARNING - Warning: 'NoneType' object has no attribute 'getProperty'
2025-10-12 02:03:34,891 - WARNING - Warning: 'NoneType' object has no attribute 'getProperty'
2025-10-12 02:03:39,734 - WARNING - Warning: 'NoneType' object has no attribute 'getProperty'
2025-10-12 02:03:44,867 - WARNING - Warning: 'NoneType' object has no attribute 'getProperty'
2025-10-12 02:03:46,583 - WARNING - Warning: 'NoneType' object has no attribute 'getProperty'
2025-10-12 02:03:50,465 - WARNING - Warning: 'NoneType' object has no attribute 'getProperty'
2025-10-12 02:03:53,852 - WARNING - Warning: 'NoneType' object has no attribute 'getProperty'
2025-10-12 02:03:55,859 - WARNING - Warning: 'NoneType' object has no attribute 'getProperty'
2025-10-12 02:04:01,500 - WARNING - Warning: 'NoneType' object has no attribute 'getProperty'
2025-10-12 02:04:03,211 - WARNING - Warning: 'NoneType' object has no attribute 'getProperty'
2025-10-12 02:04:04,956 - WARNING - Warning: 'NoneType' object has no attribute 'getProperty'
2025-10-12 02:04:08,440 - WARNING - Warning: 'NoneType' object has no attribute 'getProperty'
2025-10-12 02:04:10,119 - WARNING - Warning: 'NoneType' object has no attribute 'getProperty'
2025-10-12 02:04:12,031 - WARNING - Warning: 'NoneType' object has no attribute 'getProperty'
2025-10-12 02:04:13,865 - WARNING - Warning: 'NoneType' object has no attribute 'getProperty'
2025-10-12 02:04:15,671 - WARNING - Warning: 'NoneType' object has no attribute 'getProperty'
2025-10-12 02:04:22,646 - WARNING - Warning: 'NoneType' object has no attribute 'getProperty'
2025-10-12 02:04:22,657 - INFO - End Page Analysis | Total Card: 32| Total Scrape: 32
2025-10-12 02:04:24,864 - INFO - End Full Analysis | Total Card: 160| Total Scrape: 160
2025-10-12 02:04:30,886 - WARNING - Warning: 'NoneType' object has no attribute 'getProperty'
2025-10-12 02:04:37,397 - WARNING - Warning: 'NoneType' object has no attribute 'getProperty'
2025-10-12 02:04:46,241 - WARNING - Warning: 'NoneType' object has no attribute 'getProperty'
2025-10-12 02:04:51,850 - WARNING - Warning: 'NoneType' object has no attribute 'getProperty'
2025-10-12 02:04:55,497 - WARNING - Warning: 'NoneType' object has no attribute 'getProperty'
2025-10-12 02:04:56,906 - WARNING - Warning: 'NoneType' object has no attribute 'getProperty'
2025-10-12 02:05:09,419 - WARNING - Warning: 'NoneType' object has no attribute 'getProperty'
2025-10-12 02:05:12,148 - INFO - End Page Analysis | Total Card: 32| Total Scrape: 32
2025-10-12 02:05:17,325 - WARNING - Warning: 'NoneType' object has no attribute 'getProperty'
2025-10-12 02:05:19,995 - WARNING - Warning: 'NoneType' object has no attribute 'getProperty'
2025-10-12 02:05:25,707 - WARNING - Warning: 'NoneType' object has no attribute 'getProperty'
2025-10-12 02:05:30,767 - WARNING - Warning: 'NoneType' object has no attribute 'getProperty'
2025-10-12 02:05:34,781 - WARNING - Warning: 'NoneType' object has no attribute 'getProperty'
2025-10-12 02:05:35,978 - WARNING - Warning: 'NoneType' object has no attribute 'getProperty'
2025-10-12 02:05:45,129 - WARNING - Warning: 'NoneType' object has no attribute 'getProperty'
2025-10-12 02:05:49,066 - WARNING - Warning: 'NoneType' object has no attribute 'getProperty'
2025-10-12 02:05:50,270 - WARNING - Warning: 'NoneType' object has no attribute 'getProperty'
2025-10-12 02:05:51,602 - WARNING - Warning: 'NoneType' object has no attribute 'getProperty'
2025-10-12 02:05:55,869 - WARNING - Warning: 'NoneType' object has no attribute 'getProperty'
2025-10-12 02:05:57,303 - INFO - End Page Analysis | Total Card: 32| Total Scrape: 32
2025-10-12 02:06:03,507 - WARNING - Warning: 'NoneType' object has no attribute 'getProperty'
2025-10-12 02:06:04,967 - WARNING - Warning: 'NoneType' object has no attribute 'getProperty'
2025-10-12 02:06:19,270 - WARNING - Warning: 'NoneType' object has no attribute 'getProperty'
2025-10-12 02:06:25,121 - WARNING - Warning: 'NoneType' object has no attribute 'getProperty'
2025-10-12 02:06:26,546 - WARNING - Warning: 'NoneType' object has no attribute 'getProperty'
2025-10-12 02:06:37,223 - WARNING - Warning: 'NoneType' object has no attribute 'getProperty'
2025-10-12 02:06:49,828 - INFO - End Page Analysis | Total Card: 32| Total Scrape: 32
2025-10-12 02:06:57,519 - WARNING - Warning: 'NoneType' object has no attribute 'getProperty'
2025-10-12 02:06:59,285 - WARNING - Warning: 'NoneType' object has no attribute 'getProperty'
2025-10-12 02:07:00,913 - WARNING - Warning: 'NoneType' object has no attribute 'getProperty'
2025-10-12 02:07:02,661 - WARNING - Warning: 'NoneType' object has no attribute 'getProperty'
2025-10-12 02:07:04,331 - WARNING - Warning: 'NoneType' object has no attribute 'getProperty'
2025-10-12 02:07:05,905 - WARNING - Warning: 'NoneType' object has no attribute 'getProperty'
2025-10-12 02:07:07,548 - WARNING - Warning: 'NoneType' object has no attribute 'getProperty'
2025-10-12 02:07:12,185 - WARNING - Warning: 'NoneType' object has no attribute 'getProperty'
2025-10-12 02:07:13,849 - WARNING - Warning: 'NoneType' object has no attribute 'getProperty'
2025-10-12 02:07:15,345 - WARNING - Warning: 'NoneType' object has no attribute 'getProperty'
2025-10-12 02:07:16,930 - WARNING - Warning: 'NoneType' object has no attribute 'getProperty'
2025-10-12 02:07:22,032 - WARNING - Warning: 'NoneType' object has no attribute 'getProperty'
2025-10-12 02:07:24,574 - WARNING - Warning: 'NoneType' object has no attribute 'getProperty'
2025-10-12 02:07:26,756 - WARNING - Warning: 'NoneType' object has no attribute 'getProperty'
2025-10-12 02:07:28,363 - WARNING - Warning: 'NoneType' object has no attribute 'getProperty'
2025-10-12 02:07:32,530 - WARNING - Warning: 'NoneType' object has no attribute 'getProperty'
2025-10-12 02:07:40,828 - WARNING - Warning: 'NoneType' object has no attribute 'getProperty'
2025-10-12 02:07:42,426 - WARNING - Warning: 'NoneType' object has no attribute 'getProperty'
2025-10-12 02:07:42,432 - WARNING - Warning: Unsupported relative time format
2025-10-12 02:07:45,576 - WARNING - Warning: 'NoneType' object has no attribute 'getProperty'
2025-10-12 02:07:47,228 - INFO - End Page Analysis | Total Card: 32| Total Scrape: 32
2025-10-12 02:07:51,563 - WARNING - Warning: 'NoneType' object has no attribute 'getProperty'
2025-10-12 02:07:53,450 - WARNING - Warning: 'NoneType' object has no attribute 'getProperty'
2025-10-12 02:08:03,431 - WARNING - Warning: 'NoneType' object has no attribute 'getProperty'
2025-10-12 02:08:08,950 - WARNING - Warning: 'NoneType' object has no attribute 'getProperty'
2025-10-12 02:08:14,222 - WARNING - Warning: 'NoneType' object has no attribute 'getProperty'
2025-10-12 02:08:15,907 - WARNING - Warning: 'NoneType' object has no attribute 'getProperty'
2025-10-12 02:08:23,024 - WARNING - Warning: 'NoneType' object has no attribute 'getProperty'
2025-10-12 02:08:31,393 - WARNING - Warning: 'NoneType' object has no attribute 'getProperty'
2025-10-12 02:08:34,831 - WARNING - Warning: 'NoneType' object has no attribute 'getProperty'
2025-10-12 02:08:38,232 - WARNING - Warning: 'NoneType' object has no attribute 'getProperty'
2025-10-12 02:08:39,943 - WARNING - Warning: 'NoneType' object has no attribute 'getProperty'
2025-10-12 02:08:41,685 - WARNING - Warning: 'NoneType' object has no attribute 'getProperty'
2025-10-12 02:08:43,389 - WARNING - Warning: 'NoneType' object has no attribute 'getProperty'
2025-10-12 02:08:45,168 - INFO - End Page Analysis | Total Card: 32| Total Scrape: 32
2025-10-12 02:08:47,387 - INFO - End Full Analysis | Total Card: 160| Total Scrape: 160
2025-10-12 02:09:02,549 - WARNING - Warning: 'NoneType' object has no attribute 'getProperty'
2025-10-12 02:09:05,270 - WARNING - Warning: 'NoneType' object has no attribute 'getProperty'
2025-10-12 02:09:06,855 - WARNING - Warning: 'NoneType' object has no attribute 'getProperty'
2025-10-12 02:09:14,844 - WARNING - Warning: 'NoneType' object has no attribute 'getProperty'
2025-10-12 02:09:17,318 - WARNING - Warning: 'NoneType' object has no attribute 'getProperty'
2025-10-12 02:09:24,979 - WARNING - Warning: 'NoneType' object has no attribute 'getProperty'
2025-10-12 02:09:36,756 - WARNING - Warning: 'NoneType' object has no attribute 'getProperty'
2025-10-12 02:09:36,766 - INFO - End Page Analysis | Total Card: 32| Total Scrape: 32
2025-10-12 02:09:41,512 - WARNING - Warning: 'NoneType' object has no attribute 'getProperty'
2025-10-12 02:09:48,561 - WARNING - Warning: 'NoneType' object has no attribute 'getProperty'
2025-10-12 02:09:51,765 - WARNING - Warning: 'NoneType' object has no attribute 'getProperty'
2025-10-12 02:10:01,253 - WARNING - Warning: 'NoneType' object has no attribute 'getProperty'
2025-10-12 02:10:02,862 - WARNING - Warning: 'NoneType' object has no attribute 'getProperty'
2025-10-12 02:10:05,488 - WARNING - Warning: 'NoneType' object has no attribute 'getProperty'
2025-10-12 02:10:07,138 - WARNING - Warning: 'NoneType' object has no attribute 'getProperty'
2025-10-12 02:10:10,083 - WARNING - Warning: 'NoneType' object has no attribute 'getProperty'
2025-10-12 02:10:14,683 - WARNING - Warning: Unsupported relative time format
2025-10-12 02:10:20,223 - WARNING - Warning: 'NoneType' object has no attribute 'getProperty'
2025-10-12 02:10:21,640 - WARNING - Warning: 'NoneType' object has no attribute 'getProperty'
2025-10-12 02:10:24,471 - INFO - End Page Analysis | Total Card: 32| Total Scrape: 32
2025-10-12 02:10:30,836 - WARNING - Warning: 'NoneType' object has no attribute 'getProperty'
2025-10-12 02:10:32,462 - WARNING - Warning: 'NoneType' object has no attribute 'getProperty'
2025-10-12 02:10:33,790 - WARNING - Warning: 'NoneType' object has no attribute 'getProperty'
2025-10-12 02:10:38,143 - WARNING - Warning: 'NoneType' object has no attribute 'getProperty'
2025-10-12 02:10:41,858 - WARNING - Warning: 'NoneType' object has no attribute 'getProperty'
2025-10-12 02:10:44,887 - WARNING - Warning: 'NoneType' object has no attribute 'getProperty'
2025-10-12 02:10:46,392 - WARNING - Warning: 'NoneType' object has no attribute 'getProperty'
2025-10-12 02:10:54,199 - WARNING - Warning: 'NoneType' object has no attribute 'getProperty'
2025-10-12 02:10:55,723 - WARNING - Warning: 'NoneType' object has no attribute 'getProperty'
2025-10-12 02:10:57,201 - WARNING - Warning: 'NoneType' object has no attribute 'getProperty'
2025-10-12 02:10:58,704 - WARNING - Warning: 'NoneType' object has no attribute 'getProperty'
2025-10-12 02:11:01,690 - WARNING - Warning: 'NoneType' object has no attribute 'getProperty'
2025-10-12 02:11:03,268 - WARNING - Warning: 'NoneType' object has no attribute 'getProperty'
2025-10-12 02:11:06,334 - WARNING - Warning: 'NoneType' object has no attribute 'getProperty'
2025-10-12 02:11:09,371 - WARNING - Warning: 'NoneType' object has no attribute 'getProperty'
2025-10-12 02:11:10,948 - WARNING - Warning: 'NoneType' object has no attribute 'getProperty'
2025-10-12 02:11:15,487 - WARNING - Warning: 'NoneType' object has no attribute 'getProperty'
2025-10-12 02:11:15,500 - INFO - End Page Analysis | Total Card: 32| Total Scrape: 32
2025-10-12 02:11:26,412 - WARNING - Warning: 'NoneType' object has no attribute 'getProperty'
2025-10-12 02:11:27,902 - WARNING - Warning: 'NoneType' object has no attribute 'getProperty'
2025-10-12 02:11:29,447 - WARNING - Warning: 'NoneType' object has no attribute 'getProperty'
2025-10-12 02:11:32,504 - WARNING - Warning: 'NoneType' object has no attribute 'getProperty'
2025-10-12 02:11:37,244 - WARNING - Warning: 'NoneType' object has no attribute 'getProperty'
2025-10-12 02:11:45,873 - WARNING - Warning: 'NoneType' object has no attribute 'getProperty'
2025-10-12 02:11:47,951 - WARNING - Warning: 'NoneType' object has no attribute 'getProperty'
2025-10-12 02:11:51,188 - WARNING - Warning: 'NoneType' object has no attribute 'getProperty'
2025-10-12 02:12:01,084 - WARNING - Warning: 'NoneType' object has no attribute 'getProperty'
2025-10-12 02:12:11,422 - WARNING - Warning: 'NoneType' object has no attribute 'getProperty'
2025-10-12 02:12:11,433 - INFO - End Page Analysis | Total Card: 32| Total Scrape: 32
2025-10-12 02:12:15,448 - WARNING - Warning: 'NoneType' object has no attribute 'getProperty'
2025-10-12 02:12:20,667 - WARNING - Warning: 'NoneType' object has no attribute 'getProperty'
2025-10-12 02:12:30,714 - WARNING - Warning: 'NoneType' object has no attribute 'getProperty'
2025-10-12 02:12:32,561 - WARNING - Warning: 'NoneType' object has no attribute 'getProperty'
2025-10-12 02:12:34,323 - WARNING - Warning: 'NoneType' object has no attribute 'getProperty'
2025-10-12 02:12:38,285 - WARNING - Warning: 'NoneType' object has no attribute 'getProperty'
2025-10-12 02:12:40,002 - WARNING - Warning: 'NoneType' object has no attribute 'getProperty'
2025-10-12 02:12:45,967 - WARNING - Warning: 'NoneType' object has no attribute 'getProperty'
2025-10-12 02:12:51,115 - WARNING - Warning: 'NoneType' object has no attribute 'getProperty'
2025-10-12 02:12:56,545 - WARNING - Warning: 'NoneType' object has no attribute 'getProperty'
2025-10-12 02:13:06,258 - WARNING - Warning: 'NoneType' object has no attribute 'getProperty'
2025-10-12 02:13:08,026 - WARNING - Warning: 'NoneType' object has no attribute 'getProperty'
2025-10-12 02:13:13,371 - WARNING - Warning: 'NoneType' object has no attribute 'getProperty'
2025-10-12 02:13:13,386 - INFO - End Page Analysis | Total Card: 32| Total Scrape: 32
2025-10-12 02:13:15,635 - INFO - End Full Analysis | Total Card: 160| Total Scrape: 160
2025-10-12 02:13:24,361 - WARNING - Warning: 'NoneType' object has no attribute 'getProperty'
2025-10-12 02:13:38,344 - WARNING - Warning: 'NoneType' object has no attribute 'getProperty'
2025-10-12 02:13:39,612 - WARNING - Warning: 'NoneType' object has no attribute 'getProperty'
2025-10-12 02:13:40,850 - WARNING - Warning: 'NoneType' object has no attribute 'getProperty'
2025-10-12 02:13:42,124 - WARNING - Warning: 'NoneType' object has no attribute 'getProperty'
2025-10-12 02:13:43,398 - WARNING - Warning: 'NoneType' object has no attribute 'getProperty'
2025-10-12 02:13:44,991 - WARNING - Warning: 'NoneType' object has no attribute 'getProperty'
2025-10-12 02:13:46,630 - WARNING - Warning: 'NoneType' object has no attribute 'getProperty'
2025-10-12 02:13:59,783 - WARNING - Warning: 'NoneType' object has no attribute 'getProperty'
2025-10-12 02:14:02,359 - WARNING - Warning: 'NoneType' object has no attribute 'getProperty'
2025-10-12 02:14:05,135 - INFO - End Page Analysis | Total Card: 32| Total Scrape: 32
2025-10-12 02:14:09,945 - WARNING - Warning: 'NoneType' object has no attribute 'getProperty'
2025-10-12 02:14:14,016 - WARNING - Warning: 'NoneType' object has no attribute 'getProperty'
2025-10-12 02:14:16,562 - WARNING - Warning: 'NoneType' object has no attribute 'getProperty'
2025-10-12 02:14:23,654 - WARNING - Warning: 'NoneType' object has no attribute 'getProperty'
2025-10-12 02:14:26,322 - WARNING - Warning: 'NoneType' object has no attribute 'getProperty'
2025-10-12 02:14:27,589 - WARNING - Warning: 'NoneType' object has no attribute 'getProperty'
2025-10-12 02:14:29,282 - WARNING - Warning: 'NoneType' object has no attribute 'getProperty'
2025-10-12 02:14:32,093 - WARNING - Warning: 'NoneType' object has no attribute 'getProperty'
2025-10-12 02:14:33,541 - WARNING - Warning: 'NoneType' object has no attribute 'getProperty'
2025-10-12 02:14:39,249 - WARNING - Warning: 'NoneType' object has no attribute 'getProperty'
2025-10-12 02:14:43,857 - WARNING - Warning: 'NoneType' object has no attribute 'getProperty'
2025-10-12 02:14:45,211 - WARNING - Warning: 'NoneType' object has no attribute 'getProperty'
2025-10-12 02:14:46,476 - WARNING - Warning: 'NoneType' object has no attribute 'getProperty'
2025-10-12 02:14:48,214 - WARNING - Warning: 'NoneType' object has no attribute 'getProperty'
2025-10-12 02:14:49,640 - WARNING - Warning: 'NoneType' object has no attribute 'getProperty'
2025-10-12 02:14:52,386 - INFO - End Page Analysis | Total Card: 32| Total Scrape: 32
2025-10-12 02:14:56,908 - WARNING - Warning: 'NoneType' object has no attribute 'getProperty'
2025-10-12 02:15:00,512 - WARNING - Warning: 'NoneType' object has no attribute 'getProperty'
2025-10-12 02:15:02,927 - WARNING - Warning: 'NoneType' object has no attribute 'getProperty'
2025-10-12 02:15:09,557 - WARNING - Warning: 'NoneType' object has no attribute 'getProperty'
2025-10-12 02:15:12,013 - WARNING - Warning: 'NoneType' object has no attribute 'getProperty'
2025-10-12 02:15:13,234 - WARNING - Warning: 'NoneType' object has no attribute 'getProperty'
2025-10-12 02:15:14,906 - WARNING - Warning: 'NoneType' object has no attribute 'getProperty'
2025-10-12 02:15:17,535 - WARNING - Warning: 'NoneType' object has no attribute 'getProperty'
2025-10-12 02:15:18,777 - WARNING - Warning: 'NoneType' object has no attribute 'getProperty'
2025-10-12 02:15:23,913 - WARNING - Warning: 'NoneType' object has no attribute 'getProperty'
2025-10-12 02:15:28,245 - WARNING - Warning: 'NoneType' object has no attribute 'getProperty'
2025-10-12 02:15:29,516 - WARNING - Warning: 'NoneType' object has no attribute 'getProperty'
2025-10-12 02:15:30,789 - WARNING - Warning: 'NoneType' object has no attribute 'getProperty'
2025-10-12 02:15:32,550 - WARNING - Warning: 'NoneType' object has no attribute 'getProperty'
2025-10-12 02:15:33,955 - WARNING - Warning: 'NoneType' object has no attribute 'getProperty'
2025-10-12 02:15:36,549 - INFO - End Page Analysis | Total Card: 32| Total Scrape: 32
2025-10-12 02:15:40,764 - WARNING - Warning: 'NoneType' object has no attribute 'getProperty'
2025-10-12 02:15:44,010 - WARNING - Warning: 'NoneType' object has no attribute 'getProperty'
2025-10-12 02:15:45,319 - WARNING - Warning: 'NoneType' object has no attribute 'getProperty'
2025-10-12 02:15:46,817 - WARNING - Warning: 'NoneType' object has no attribute 'getProperty'
2025-10-12 02:15:49,995 - WARNING - Warning: 'NoneType' object has no attribute 'getProperty'
2025-10-12 02:15:53,022 - WARNING - Warning: 'NoneType' object has no attribute 'getProperty'
2025-10-12 02:15:57,570 - WARNING - Warning: 'NoneType' object has no attribute 'getProperty'
2025-10-12 02:15:59,033 - WARNING - Warning: 'NoneType' object has no attribute 'getProperty'
2025-10-12 02:16:00,878 - WARNING - Warning: 'NoneType' object has no attribute 'getProperty'
2025-10-12 02:16:02,853 - WARNING - Warning: 'NoneType' object has no attribute 'getProperty'
2025-10-12 02:16:05,887 - WARNING - Warning: 'NoneType' object has no attribute 'getProperty'
2025-10-12 02:16:11,310 - WARNING - Warning: 'NoneType' object has no attribute 'getProperty'
2025-10-12 02:16:16,361 - WARNING - Warning: 'NoneType' object has no attribute 'getProperty'
2025-10-12 02:16:18,340 - WARNING - Warning: 'NoneType' object has no attribute 'getProperty'
2025-10-12 02:16:19,979 - WARNING - Warning: 'NoneType' object has no attribute 'getProperty'
2025-10-12 02:16:26,282 - WARNING - Warning: 'NoneType' object has no attribute 'getProperty'
2025-10-12 02:16:27,894 - WARNING - Warning: 'NoneType' object has no attribute 'getProperty'
2025-10-12 02:16:31,393 - WARNING - Warning: 'NoneType' object has no attribute 'getProperty'
2025-10-12 02:16:31,405 - INFO - End Page Analysis | Total Card: 32| Total Scrape: 32
2025-10-12 02:16:35,192 - WARNING - Warning: 'NoneType' object has no attribute 'getProperty'
2025-10-12 02:16:38,833 - WARNING - Warning: 'NoneType' object has no attribute 'getProperty'
2025-10-12 02:16:40,708 - WARNING - Warning: 'NoneType' object has no attribute 'getProperty'
2025-10-12 02:16:42,745 - WARNING - Warning: 'NoneType' object has no attribute 'getProperty'
2025-10-12 02:16:44,420 - WARNING - Warning: 'NoneType' object has no attribute 'getProperty'
2025-10-12 02:16:49,424 - WARNING - Warning: 'NoneType' object has no attribute 'getProperty'
2025-10-12 02:16:51,143 - WARNING - Warning: 'NoneType' object has no attribute 'getProperty'
2025-10-12 02:16:54,993 - WARNING - Warning: 'NoneType' object has no attribute 'getProperty'
2025-10-12 02:16:56,780 - WARNING - Warning: 'NoneType' object has no attribute 'getProperty'
2025-10-12 02:17:00,190 - WARNING - Warning: 'NoneType' object has no attribute 'getProperty'
2025-10-12 02:17:02,009 - WARNING - Warning: 'NoneType' object has no attribute 'getProperty'
2025-10-12 02:17:02,016 - WARNING - Warning: Unsupported relative time format
2025-10-12 02:17:05,824 - WARNING - Warning: 'NoneType' object has no attribute 'getProperty'
2025-10-12 02:17:07,645 - WARNING - Warning: 'NoneType' object has no attribute 'getProperty'
2025-10-12 02:17:14,396 - WARNING - Warning: 'NoneType' object has no attribute 'getProperty'
2025-10-12 02:17:16,306 - WARNING - Warning: 'NoneType' object has no attribute 'getProperty'
2025-10-12 02:17:18,054 - WARNING - Warning: 'NoneType' object has no attribute 'getProperty'
2025-10-12 02:17:19,738 - WARNING - Warning: 'NoneType' object has no attribute 'getProperty'
2025-10-12 02:17:21,794 - WARNING - Warning: 'NoneType' object has no attribute 'getProperty'
2025-10-12 02:17:23,610 - WARNING - Warning: 'NoneType' object has no attribute 'getProperty'
2025-10-12 02:17:28,963 - WARNING - Warning: 'NoneType' object has no attribute 'getProperty'
2025-10-12 02:17:30,668 - WARNING - Warning: 'NoneType' object has no attribute 'getProperty'
2025-10-12 02:17:30,684 - INFO - End Page Analysis | Total Card: 32| Total Scrape: 32
2025-10-12 02:17:32,917 - INFO - End Full Analysis | Total Card: 160| Total Scrape: 160
2025-10-12 02:17:32,917 - INFO - terminate chrome process...
2025-10-12 02:17:33,986 - INFO - CSV written successfully
2025-10-12 02:17:33,986 - INFO - Wrote CSV with 800 rows to /home/runner/work/Skillsgauge/Skillsgauge/bronze_datasets/JS/js_2025_10_12.csv
2025-10-12 02:17:33,987 - INFO - Scrapper Ended successfully
