2025-10-05 01:59:28,067 - INFO - Scraper started
2025-10-05 01:59:42,812 - INFO - Browser listening on: ws://127.0.0.1:50007/devtools/browser/a13f2f88-ad8b-4499-9961-70388a17e962
2025-10-05 01:59:54,419 - WARNING - Warning: 'NoneType' object has no attribute 'getProperty'
2025-10-05 01:59:55,917 - WARNING - Warning: 'NoneType' object has no attribute 'getProperty'
2025-10-05 01:59:57,324 - WARNING - Warning: 'NoneType' object has no attribute 'getProperty'
2025-10-05 02:00:00,665 - WARNING - Warning: 'NoneType' object has no attribute 'getProperty'
2025-10-05 02:00:02,111 - WARNING - Warning: 'NoneType' object has no attribute 'getProperty'
2025-10-05 02:00:07,467 - WARNING - Warning: 'NoneType' object has no attribute 'getProperty'
2025-10-05 02:00:15,769 - WARNING - Warning: 'NoneType' object has no attribute 'getProperty'
2025-10-05 02:00:21,117 - WARNING - Warning: 'NoneType' object has no attribute 'getProperty'
2025-10-05 02:00:24,486 - WARNING - Warning: 'NoneType' object has no attribute 'getProperty'
2025-10-05 02:00:29,540 - WARNING - Warning: 'NoneType' object has no attribute 'getProperty'
2025-10-05 02:00:37,622 - WARNING - Warning: 'NoneType' object has no attribute 'getProperty'
2025-10-05 02:00:38,895 - WARNING - Warning: 'NoneType' object has no attribute 'getProperty'
2025-10-05 02:00:40,440 - WARNING - Warning: 'NoneType' object has no attribute 'getProperty'
2025-10-05 02:00:45,897 - INFO - End Page Analysis | Total Card: 32| Total Scrape: 32
2025-10-05 02:00:50,734 - WARNING - Warning: 'NoneType' object has no attribute 'getProperty'
2025-10-05 02:00:53,117 - WARNING - Warning: 'NoneType' object has no attribute 'getProperty'
2025-10-05 02:00:54,532 - WARNING - Warning: 'NoneType' object has no attribute 'getProperty'
2025-10-05 02:00:57,239 - WARNING - Warning: 'NoneType' object has no attribute 'getProperty'
2025-10-05 02:01:02,136 - WARNING - Warning: 'NoneType' object has no attribute 'getProperty'
2025-10-05 02:01:04,973 - WARNING - Warning: 'NoneType' object has no attribute 'getProperty'
2025-10-05 02:01:13,248 - WARNING - Warning: 'NoneType' object has no attribute 'getProperty'
2025-10-05 02:01:15,907 - WARNING - Warning: 'NoneType' object has no attribute 'getProperty'
2025-10-05 02:01:17,206 - WARNING - Warning: 'NoneType' object has no attribute 'getProperty'
2025-10-05 02:01:18,627 - WARNING - Warning: 'NoneType' object has no attribute 'getProperty'
2025-10-05 02:01:24,864 - WARNING - Warning: 'NoneType' object has no attribute 'getProperty'
2025-10-05 02:01:26,307 - WARNING - Warning: 'NoneType' object has no attribute 'getProperty'
2025-10-05 02:01:29,597 - WARNING - Warning: 'NoneType' object has no attribute 'getProperty'
2025-10-05 02:01:31,274 - WARNING - Warning: 'NoneType' object has no attribute 'getProperty'
2025-10-05 02:01:32,640 - WARNING - Warning: 'NoneType' object has no attribute 'getProperty'
2025-10-05 02:01:34,025 - INFO - End Page Analysis | Total Card: 32| Total Scrape: 32
2025-10-05 02:01:38,233 - WARNING - Warning: 'NoneType' object has no attribute 'getProperty'
2025-10-05 02:01:40,812 - WARNING - Warning: 'NoneType' object has no attribute 'getProperty'
2025-10-05 02:01:41,983 - WARNING - Warning: 'NoneType' object has no attribute 'getProperty'
2025-10-05 02:01:44,302 - WARNING - Warning: 'NoneType' object has no attribute 'getProperty'
2025-10-05 02:01:48,732 - WARNING - Warning: 'NoneType' object has no attribute 'getProperty'
2025-10-05 02:01:51,540 - WARNING - Warning: 'NoneType' object has no attribute 'getProperty'
2025-10-05 02:01:58,953 - WARNING - Warning: 'NoneType' object has no attribute 'getProperty'
2025-10-05 02:02:01,438 - WARNING - Warning: 'NoneType' object has no attribute 'getProperty'
2025-10-05 02:02:02,726 - WARNING - Warning: 'NoneType' object has no attribute 'getProperty'
2025-10-05 02:02:03,998 - WARNING - Warning: 'NoneType' object has no attribute 'getProperty'
2025-10-05 02:02:09,043 - WARNING - Warning: 'NoneType' object has no attribute 'getProperty'
2025-10-05 02:02:10,341 - WARNING - Warning: 'NoneType' object has no attribute 'getProperty'
2025-10-05 02:02:13,313 - WARNING - Warning: 'NoneType' object has no attribute 'getProperty'
2025-10-05 02:02:14,621 - WARNING - Warning: 'NoneType' object has no attribute 'getProperty'
2025-10-05 02:02:15,951 - WARNING - Warning: 'NoneType' object has no attribute 'getProperty'
2025-10-05 02:02:17,751 - INFO - End Page Analysis | Total Card: 32| Total Scrape: 32
2025-10-05 02:02:21,636 - WARNING - Warning: 'NoneType' object has no attribute 'getProperty'
2025-10-05 02:02:26,480 - WARNING - Warning: 'NoneType' object has no attribute 'getProperty'
2025-10-05 02:02:33,641 - WARNING - Warning: 'NoneType' object has no attribute 'getProperty'
2025-10-05 02:02:36,709 - WARNING - Warning: 'NoneType' object has no attribute 'getProperty'
2025-10-05 02:02:38,347 - WARNING - Warning: 'NoneType' object has no attribute 'getProperty'
2025-10-05 02:02:39,928 - WARNING - Warning: 'NoneType' object has no attribute 'getProperty'
2025-10-05 02:02:46,631 - WARNING - Warning: 'NoneType' object has no attribute 'getProperty'
2025-10-05 02:02:51,779 - WARNING - Warning: 'NoneType' object has no attribute 'getProperty'
2025-10-05 02:02:53,274 - WARNING - Warning: 'NoneType' object has no attribute 'getProperty'
2025-10-05 02:02:54,867 - WARNING - Warning: 'NoneType' object has no attribute 'getProperty'
2025-10-05 02:02:58,268 - WARNING - Warning: 'NoneType' object has no attribute 'getProperty'
2025-10-05 02:02:59,945 - WARNING - Warning: 'NoneType' object has no attribute 'getProperty'
2025-10-05 02:03:02,153 - WARNING - Warning: 'NoneType' object has no attribute 'getProperty'
2025-10-05 02:03:10,357 - WARNING - Warning: 'NoneType' object has no attribute 'getProperty'
2025-10-05 02:03:13,173 - WARNING - Warning: 'NoneType' object has no attribute 'getProperty'
2025-10-05 02:03:16,922 - WARNING - Warning: 'NoneType' object has no attribute 'getProperty'
2025-10-05 02:03:18,683 - WARNING - Warning: 'NoneType' object has no attribute 'getProperty'
2025-10-05 02:03:18,694 - INFO - End Page Analysis | Total Card: 32| Total Scrape: 32
2025-10-05 02:03:24,570 - WARNING - Warning: 'NoneType' object has no attribute 'getProperty'
2025-10-05 02:03:26,291 - WARNING - Warning: 'NoneType' object has no attribute 'getProperty'
2025-10-05 02:03:27,878 - WARNING - Warning: 'NoneType' object has no attribute 'getProperty'
2025-10-05 02:03:32,873 - WARNING - Warning: 'NoneType' object has no attribute 'getProperty'
2025-10-05 02:03:34,791 - WARNING - Warning: 'NoneType' object has no attribute 'getProperty'
2025-10-05 02:03:40,000 - WARNING - Warning: 'NoneType' object has no attribute 'getProperty'
2025-10-05 02:03:41,657 - WARNING - Warning: 'NoneType' object has no attribute 'getProperty'
2025-10-05 02:03:45,212 - WARNING - Warning: 'NoneType' object has no attribute 'getProperty'
2025-10-05 02:03:47,007 - WARNING - Warning: 'NoneType' object has no attribute 'getProperty'
2025-10-05 02:03:55,451 - WARNING - Warning: 'NoneType' object has no attribute 'getProperty'
2025-10-05 02:03:57,289 - WARNING - Warning: 'NoneType' object has no attribute 'getProperty'
2025-10-05 02:03:57,295 - WARNING - Warning: Unsupported relative time format
2025-10-05 02:03:59,595 - WARNING - Warning: 'NoneType' object has no attribute 'getProperty'
2025-10-05 02:04:06,813 - WARNING - Warning: 'NoneType' object has no attribute 'getProperty'
2025-10-05 02:04:12,041 - WARNING - Warning: 'NoneType' object has no attribute 'getProperty'
2025-10-05 02:04:15,593 - WARNING - Warning: 'NoneType' object has no attribute 'getProperty'
2025-10-05 02:04:17,461 - WARNING - Warning: 'NoneType' object has no attribute 'getProperty'
2025-10-05 02:04:17,475 - INFO - End Page Analysis | Total Card: 32| Total Scrape: 32
2025-10-05 02:04:19,655 - INFO - End Full Analysis | Total Card: 160| Total Scrape: 160
2025-10-05 02:04:33,994 - WARNING - Warning: 'NoneType' object has no attribute 'getProperty'
2025-10-05 02:04:36,423 - WARNING - Warning: 'NoneType' object has no attribute 'getProperty'
2025-10-05 02:04:38,231 - WARNING - Warning: 'NoneType' object has no attribute 'getProperty'
2025-10-05 02:04:39,622 - WARNING - Warning: 'NoneType' object has no attribute 'getProperty'
2025-10-05 02:04:42,633 - WARNING - Warning: 'NoneType' object has no attribute 'getProperty'
2025-10-05 02:04:50,270 - WARNING - Warning: 'NoneType' object has no attribute 'getProperty'
2025-10-05 02:04:53,224 - WARNING - Warning: 'NoneType' object has no attribute 'getProperty'
2025-10-05 02:04:54,914 - WARNING - Warning: 'NoneType' object has no attribute 'getProperty'
2025-10-05 02:05:04,461 - WARNING - Warning: 'NoneType' object has no attribute 'getProperty'
2025-10-05 02:05:07,116 - WARNING - Warning: 'NoneType' object has no attribute 'getProperty'
2025-10-05 02:05:08,357 - WARNING - Warning: 'NoneType' object has no attribute 'getProperty'
2025-10-05 02:05:11,412 - WARNING - Warning: 'NoneType' object has no attribute 'getProperty'
2025-10-05 02:05:11,422 - INFO - End Page Analysis | Total Card: 32| Total Scrape: 32
2025-10-05 02:05:15,048 - WARNING - Warning: 'NoneType' object has no attribute 'getProperty'
2025-10-05 02:05:18,999 - WARNING - Warning: 'NoneType' object has no attribute 'getProperty'
2025-10-05 02:05:20,440 - WARNING - Warning: 'NoneType' object has no attribute 'getProperty'
2025-10-05 02:05:23,189 - WARNING - Warning: 'NoneType' object has no attribute 'getProperty'
2025-10-05 02:05:29,943 - WARNING - Warning: 'NoneType' object has no attribute 'getProperty'
2025-10-05 02:05:39,497 - WARNING - Warning: 'NoneType' object has no attribute 'getProperty'
2025-10-05 02:05:40,851 - WARNING - Warning: 'NoneType' object has no attribute 'getProperty'
2025-10-05 02:05:43,438 - WARNING - Warning: 'NoneType' object has no attribute 'getProperty'
2025-10-05 02:05:45,004 - WARNING - Warning: 'NoneType' object has no attribute 'getProperty'
2025-10-05 02:05:46,415 - WARNING - Warning: 'NoneType' object has no attribute 'getProperty'
2025-10-05 02:05:57,579 - INFO - End Page Analysis | Total Card: 32| Total Scrape: 32
2025-10-05 02:06:02,725 - WARNING - Warning: 'NoneType' object has no attribute 'getProperty'
2025-10-05 02:06:07,588 - WARNING - Warning: 'NoneType' object has no attribute 'getProperty'
2025-10-05 02:06:10,884 - WARNING - Warning: 'NoneType' object has no attribute 'getProperty'
2025-10-05 02:06:16,996 - WARNING - Warning: 'NoneType' object has no attribute 'getProperty'
2025-10-05 02:06:18,364 - WARNING - Warning: 'NoneType' object has no attribute 'getProperty'
2025-10-05 02:06:19,806 - WARNING - Warning: 'NoneType' object has no attribute 'getProperty'
2025-10-05 02:06:23,040 - WARNING - Warning: 'NoneType' object has no attribute 'getProperty'
2025-10-05 02:06:26,268 - WARNING - Warning: 'NoneType' object has no attribute 'getProperty'
2025-10-05 02:06:27,820 - WARNING - Warning: 'NoneType' object has no attribute 'getProperty'
2025-10-05 02:06:29,390 - WARNING - Warning: 'NoneType' object has no attribute 'getProperty'
2025-10-05 02:06:35,594 - WARNING - Warning: 'NoneType' object has no attribute 'getProperty'
2025-10-05 02:06:37,311 - WARNING - Warning: 'NoneType' object has no attribute 'getProperty'
2025-10-05 02:06:38,866 - WARNING - Warning: 'NoneType' object has no attribute 'getProperty'
2025-10-05 02:06:40,140 - WARNING - Warning: 'NoneType' object has no attribute 'getProperty'
2025-10-05 02:06:46,784 - WARNING - Warning: 'NoneType' object has no attribute 'getProperty'
2025-10-05 02:06:49,963 - INFO - End Page Analysis | Total Card: 32| Total Scrape: 32
2025-10-05 02:06:54,255 - WARNING - Warning: 'NoneType' object has no attribute 'getProperty'
2025-10-05 02:06:55,928 - WARNING - Warning: 'NoneType' object has no attribute 'getProperty'
2025-10-05 02:07:01,958 - WARNING - Warning: 'NoneType' object has no attribute 'getProperty'
2025-10-05 02:07:05,859 - WARNING - Warning: 'NoneType' object has no attribute 'getProperty'
2025-10-05 02:07:09,033 - WARNING - Warning: 'NoneType' object has no attribute 'getProperty'
2025-10-05 02:07:10,619 - WARNING - Warning: 'NoneType' object has no attribute 'getProperty'
2025-10-05 02:07:12,239 - WARNING - Warning: 'NoneType' object has no attribute 'getProperty'
2025-10-05 02:07:13,723 - WARNING - Warning: 'NoneType' object has no attribute 'getProperty'
2025-10-05 02:07:19,004 - WARNING - Warning: 'NoneType' object has no attribute 'getProperty'
2025-10-05 02:07:22,554 - WARNING - Warning: 'NoneType' object has no attribute 'getProperty'
2025-10-05 02:07:24,186 - WARNING - Warning: 'NoneType' object has no attribute 'getProperty'
2025-10-05 02:07:25,673 - WARNING - Warning: 'NoneType' object has no attribute 'getProperty'
2025-10-05 02:07:28,871 - WARNING - Warning: 'NoneType' object has no attribute 'getProperty'
2025-10-05 02:07:32,083 - WARNING - Warning: 'NoneType' object has no attribute 'getProperty'
2025-10-05 02:07:35,659 - WARNING - Warning: 'NoneType' object has no attribute 'getProperty'
2025-10-05 02:07:37,248 - WARNING - Warning: 'NoneType' object has no attribute 'getProperty'
2025-10-05 02:07:45,384 - WARNING - Warning: 'NoneType' object has no attribute 'getProperty'
2025-10-05 02:07:45,398 - INFO - End Page Analysis | Total Card: 32| Total Scrape: 32
2025-10-05 02:07:55,158 - WARNING - Warning: 'NoneType' object has no attribute 'getProperty'
2025-10-05 02:08:03,590 - WARNING - Warning: 'NoneType' object has no attribute 'getProperty'
2025-10-05 02:08:13,590 - WARNING - Warning: 'NoneType' object has no attribute 'getProperty'
2025-10-05 02:08:21,138 - WARNING - Warning: 'NoneType' object has no attribute 'getProperty'
2025-10-05 02:08:27,324 - WARNING - Warning: 'NoneType' object has no attribute 'getProperty'
2025-10-05 02:08:31,054 - WARNING - Warning: 'NoneType' object has no attribute 'getProperty'
2025-10-05 02:08:38,359 - WARNING - Warning: 'NoneType' object has no attribute 'getProperty'
2025-10-05 02:08:45,397 - WARNING - Warning: 'NoneType' object has no attribute 'getProperty'
2025-10-05 02:08:45,411 - INFO - End Page Analysis | Total Card: 32| Total Scrape: 32
2025-10-05 02:08:47,611 - INFO - End Full Analysis | Total Card: 160| Total Scrape: 160
2025-10-05 02:08:54,050 - WARNING - Warning: 'NoneType' object has no attribute 'getProperty'
2025-10-05 02:09:00,065 - WARNING - Warning: 'NoneType' object has no attribute 'getProperty'
2025-10-05 02:09:05,505 - WARNING - Warning: 'NoneType' object has no attribute 'getProperty'
2025-10-05 02:09:14,615 - WARNING - Warning: 'NoneType' object has no attribute 'getProperty'
2025-10-05 02:09:19,909 - WARNING - Warning: 'NoneType' object has no attribute 'getProperty'
2025-10-05 02:09:21,262 - WARNING - Warning: 'NoneType' object has no attribute 'getProperty'
2025-10-05 02:09:26,711 - WARNING - Warning: 'NoneType' object has no attribute 'getProperty'
2025-10-05 02:09:36,406 - INFO - End Page Analysis | Total Card: 32| Total Scrape: 32
2025-10-05 02:09:45,286 - WARNING - Warning: 'NoneType' object has no attribute 'getProperty'
2025-10-05 02:09:58,261 - WARNING - Warning: 'NoneType' object has no attribute 'getProperty'
2025-10-05 02:10:08,713 - WARNING - Warning: 'NoneType' object has no attribute 'getProperty'
2025-10-05 02:10:19,951 - WARNING - Warning: 'NoneType' object has no attribute 'getProperty'
2025-10-05 02:10:22,818 - WARNING - Warning: 'NoneType' object has no attribute 'getProperty'
2025-10-05 02:10:24,253 - WARNING - Warning: 'NoneType' object has no attribute 'getProperty'
2025-10-05 02:10:24,263 - INFO - End Page Analysis | Total Card: 32| Total Scrape: 32
2025-10-05 02:10:29,687 - WARNING - Warning: 'NoneType' object has no attribute 'getProperty'
2025-10-05 02:10:31,325 - WARNING - Warning: 'NoneType' object has no attribute 'getProperty'
2025-10-05 02:10:35,707 - WARNING - Warning: 'NoneType' object has no attribute 'getProperty'
2025-10-05 02:10:43,422 - WARNING - Warning: 'NoneType' object has no attribute 'getProperty'
2025-10-05 02:10:53,844 - WARNING - Warning: 'NoneType' object has no attribute 'getProperty'
2025-10-05 02:11:00,361 - WARNING - Warning: 'NoneType' object has no attribute 'getProperty'
2025-10-05 02:11:03,520 - WARNING - Warning: 'NoneType' object has no attribute 'getProperty'
2025-10-05 02:11:05,027 - WARNING - Warning: 'NoneType' object has no attribute 'getProperty'
2025-10-05 02:11:09,512 - WARNING - Warning: 'NoneType' object has no attribute 'getProperty'
2025-10-05 02:11:15,675 - INFO - End Page Analysis | Total Card: 32| Total Scrape: 32
2025-10-05 02:11:24,090 - WARNING - Warning: 'NoneType' object has no attribute 'getProperty'
2025-10-05 02:11:30,926 - WARNING - Warning: 'NoneType' object has no attribute 'getProperty'
2025-10-05 02:11:32,524 - WARNING - Warning: 'NoneType' object has no attribute 'getProperty'
2025-10-05 02:11:34,212 - WARNING - Warning: 'NoneType' object has no attribute 'getProperty'
2025-10-05 02:11:35,778 - WARNING - Warning: 'NoneType' object has no attribute 'getProperty'
2025-10-05 02:11:37,362 - WARNING - Warning: 'NoneType' object has no attribute 'getProperty'
2025-10-05 02:11:47,180 - WARNING - Warning: 'NoneType' object has no attribute 'getProperty'
2025-10-05 02:11:50,350 - WARNING - Warning: 'NoneType' object has no attribute 'getProperty'
2025-10-05 02:11:52,073 - WARNING - Warning: Unsupported relative time format
2025-10-05 02:12:02,221 - WARNING - Warning: 'NoneType' object has no attribute 'getProperty'
2025-10-05 02:12:09,077 - WARNING - Warning: 'NoneType' object has no attribute 'getProperty'
2025-10-05 02:12:10,649 - INFO - End Page Analysis | Total Card: 32| Total Scrape: 32
2025-10-05 02:12:17,055 - WARNING - Warning: 'NoneType' object has no attribute 'getProperty'
2025-10-05 02:12:18,741 - WARNING - Warning: 'NoneType' object has no attribute 'getProperty'
2025-10-05 02:12:20,443 - WARNING - Warning: 'NoneType' object has no attribute 'getProperty'
2025-10-05 02:12:25,438 - WARNING - Warning: 'NoneType' object has no attribute 'getProperty'
2025-10-05 02:12:27,033 - WARNING - Warning: 'NoneType' object has no attribute 'getProperty'
2025-10-05 02:12:27,039 - WARNING - Warning: Unsupported relative time format
2025-10-05 02:12:28,830 - WARNING - Warning: 'NoneType' object has no attribute 'getProperty'
2025-10-05 02:12:30,781 - WARNING - Warning: Unsupported relative time format
2025-10-05 02:12:34,214 - WARNING - Warning: 'NoneType' object has no attribute 'getProperty'
2025-10-05 02:12:37,701 - WARNING - Warning: 'NoneType' object has no attribute 'getProperty'
2025-10-05 02:12:41,428 - WARNING - Warning: 'NoneType' object has no attribute 'getProperty'
2025-10-05 02:12:48,789 - WARNING - Warning: 'NoneType' object has no attribute 'getProperty'
2025-10-05 02:12:57,558 - WARNING - Warning: 'NoneType' object has no attribute 'getProperty'
2025-10-05 02:13:02,909 - WARNING - Warning: 'NoneType' object has no attribute 'getProperty'
2025-10-05 02:13:10,782 - INFO - End Page Analysis | Total Card: 32| Total Scrape: 32
2025-10-05 02:13:13,018 - INFO - End Full Analysis | Total Card: 160| Total Scrape: 160
2025-10-05 02:13:20,176 - WARNING - Warning: 'NoneType' object has no attribute 'getProperty'
2025-10-05 02:13:23,427 - WARNING - Warning: 'NoneType' object has no attribute 'getProperty'
2025-10-05 02:13:24,750 - WARNING - Warning: 'NoneType' object has no attribute 'getProperty'
2025-10-05 02:13:26,054 - WARNING - Warning: 'NoneType' object has no attribute 'getProperty'
2025-10-05 02:13:28,029 - WARNING - Warning: 'NoneType' object has no attribute 'getProperty'
2025-10-05 02:13:32,101 - WARNING - Warning: 'NoneType' object has no attribute 'getProperty'
2025-10-05 02:13:34,822 - WARNING - Warning: 'NoneType' object has no attribute 'getProperty'
2025-10-05 02:13:36,174 - WARNING - Warning: 'NoneType' object has no attribute 'getProperty'
2025-10-05 02:13:44,808 - WARNING - Warning: 'NoneType' object has no attribute 'getProperty'
2025-10-05 02:13:46,107 - WARNING - Warning: 'NoneType' object has no attribute 'getProperty'
2025-10-05 02:13:54,854 - WARNING - Warning: 'NoneType' object has no attribute 'getProperty'
2025-10-05 02:13:56,166 - WARNING - Warning: 'NoneType' object has no attribute 'getProperty'
2025-10-05 02:13:59,999 - WARNING - Warning: 'NoneType' object has no attribute 'getProperty'
2025-10-05 02:14:04,663 - INFO - End Page Analysis | Total Card: 32| Total Scrape: 32
2025-10-05 02:14:10,030 - WARNING - Warning: 'NoneType' object has no attribute 'getProperty'
2025-10-05 02:14:11,136 - WARNING - Warning: 'NoneType' object has no attribute 'getProperty'
2025-10-05 02:14:12,227 - WARNING - Warning: 'NoneType' object has no attribute 'getProperty'
2025-10-05 02:14:13,330 - WARNING - Warning: 'NoneType' object has no attribute 'getProperty'
2025-10-05 02:14:16,670 - WARNING - Warning: 'NoneType' object has no attribute 'getProperty'
2025-10-05 02:14:18,961 - WARNING - Warning: 'NoneType' object has no attribute 'getProperty'
2025-10-05 02:14:20,093 - WARNING - Warning: 'NoneType' object has no attribute 'getProperty'
2025-10-05 02:14:27,122 - WARNING - Warning: 'NoneType' object has no attribute 'getProperty'
2025-10-05 02:14:28,263 - WARNING - Warning: 'NoneType' object has no attribute 'getProperty'
2025-10-05 02:14:35,575 - WARNING - Warning: 'NoneType' object has no attribute 'getProperty'
2025-10-05 02:14:36,737 - WARNING - Warning: 'NoneType' object has no attribute 'getProperty'
2025-10-05 02:14:40,408 - WARNING - Warning: 'NoneType' object has no attribute 'getProperty'
2025-10-05 02:14:44,213 - INFO - End Page Analysis | Total Card: 32| Total Scrape: 32
2025-10-05 02:14:47,975 - WARNING - Warning: 'NoneType' object has no attribute 'getProperty'
2025-10-05 02:14:54,611 - WARNING - Warning: 'NoneType' object has no attribute 'getProperty'
2025-10-05 02:14:57,754 - WARNING - Warning: 'NoneType' object has no attribute 'getProperty'
2025-10-05 02:14:59,174 - WARNING - Warning: 'NoneType' object has no attribute 'getProperty'
2025-10-05 02:15:00,464 - WARNING - Warning: 'NoneType' object has no attribute 'getProperty'
2025-10-05 02:15:01,965 - WARNING - Warning: 'NoneType' object has no attribute 'getProperty'
2025-10-05 02:15:04,999 - WARNING - Warning: 'NoneType' object has no attribute 'getProperty'
2025-10-05 02:15:06,561 - WARNING - Warning: 'NoneType' object has no attribute 'getProperty'
2025-10-05 02:15:14,045 - WARNING - Warning: 'NoneType' object has no attribute 'getProperty'
2025-10-05 02:15:15,693 - WARNING - Warning: 'NoneType' object has no attribute 'getProperty'
2025-10-05 02:15:19,426 - WARNING - Warning: 'NoneType' object has no attribute 'getProperty'
2025-10-05 02:15:22,712 - WARNING - Warning: 'NoneType' object has no attribute 'getProperty'
2025-10-05 02:15:24,192 - WARNING - Warning: 'NoneType' object has no attribute 'getProperty'
2025-10-05 02:15:31,345 - WARNING - Warning: 'NoneType' object has no attribute 'getProperty'
2025-10-05 02:15:32,933 - WARNING - Warning: 'NoneType' object has no attribute 'getProperty'
2025-10-05 02:15:37,796 - WARNING - Warning: 'NoneType' object has no attribute 'getProperty'
2025-10-05 02:15:39,659 - WARNING - Warning: 'NoneType' object has no attribute 'getProperty'
2025-10-05 02:15:39,672 - INFO - End Page Analysis | Total Card: 32| Total Scrape: 32
2025-10-05 02:15:43,763 - WARNING - Warning: 'NoneType' object has no attribute 'getProperty'
2025-10-05 02:15:50,954 - WARNING - Warning: 'NoneType' object has no attribute 'getProperty'
2025-10-05 02:15:52,479 - WARNING - Warning: 'NoneType' object has no attribute 'getProperty'
2025-10-05 02:15:54,204 - WARNING - Warning: 'NoneType' object has no attribute 'getProperty'
2025-10-05 02:15:55,882 - WARNING - Warning: 'NoneType' object has no attribute 'getProperty'
2025-10-05 02:16:00,871 - WARNING - Warning: 'NoneType' object has no attribute 'getProperty'
2025-10-05 02:16:08,091 - WARNING - Warning: 'NoneType' object has no attribute 'getProperty'
2025-10-05 02:16:09,694 - WARNING - Warning: 'NoneType' object has no attribute 'getProperty'
2025-10-05 02:16:11,426 - WARNING - Warning: 'NoneType' object has no attribute 'getProperty'
2025-10-05 02:16:20,524 - WARNING - Warning: 'NoneType' object has no attribute 'getProperty'
2025-10-05 02:16:22,344 - WARNING - Warning: 'NoneType' object has no attribute 'getProperty'
2025-10-05 02:16:23,886 - WARNING - Warning: 'NoneType' object has no attribute 'getProperty'
2025-10-05 02:16:27,322 - WARNING - Warning: 'NoneType' object has no attribute 'getProperty'
2025-10-05 02:16:38,338 - INFO - End Page Analysis | Total Card: 32| Total Scrape: 32
2025-10-05 02:16:48,021 - WARNING - Warning: 'NoneType' object has no attribute 'getProperty'
2025-10-05 02:16:51,499 - WARNING - Warning: 'NoneType' object has no attribute 'getProperty'
2025-10-05 02:16:53,549 - WARNING - Warning: 'NoneType' object has no attribute 'getProperty'
2025-10-05 02:16:55,228 - WARNING - Warning: 'NoneType' object has no attribute 'getProperty'
2025-10-05 02:16:57,389 - WARNING - Warning: 'NoneType' object has no attribute 'getProperty'
2025-10-05 02:17:23,317 - WARNING - Warning: 'NoneType' object has no attribute 'getProperty'
2025-10-05 02:17:25,225 - WARNING - Warning: 'NoneType' object has no attribute 'getProperty'
2025-10-05 02:17:26,909 - WARNING - Warning: 'NoneType' object has no attribute 'getProperty'
2025-10-05 02:17:28,688 - WARNING - Warning: 'NoneType' object has no attribute 'getProperty'
2025-10-05 02:17:36,085 - WARNING - Warning: 'NoneType' object has no attribute 'getProperty'
2025-10-05 02:17:39,997 - INFO - End Page Analysis | Total Card: 32| Total Scrape: 32
2025-10-05 02:17:42,279 - INFO - End Full Analysis | Total Card: 160| Total Scrape: 160
2025-10-05 02:17:53,954 - WARNING - Warning: 'NoneType' object has no attribute 'getProperty'
2025-10-05 02:17:58,193 - WARNING - Warning: 'NoneType' object has no attribute 'getProperty'
2025-10-05 02:18:02,483 - WARNING - Warning: 'NoneType' object has no attribute 'getProperty'
2025-10-05 02:18:03,935 - WARNING - Warning: 'NoneType' object has no attribute 'getProperty'
2025-10-05 02:18:05,917 - WARNING - Warning: 'NoneType' object has no attribute 'getProperty'
2025-10-05 02:18:08,589 - WARNING - Warning: 'NoneType' object has no attribute 'getProperty'
2025-10-05 02:18:16,898 - WARNING - Warning: 'NoneType' object has no attribute 'getProperty'
2025-10-05 02:18:18,239 - WARNING - Warning: 'NoneType' object has no attribute 'getProperty'
2025-10-05 02:18:19,659 - WARNING - Warning: 'NoneType' object has no attribute 'getProperty'
2025-10-05 02:18:22,261 - WARNING - Warning: 'NoneType' object has no attribute 'getProperty'
2025-10-05 02:18:23,690 - WARNING - Warning: 'NoneType' object has no attribute 'getProperty'
2025-10-05 02:18:25,024 - WARNING - Warning: 'NoneType' object has no attribute 'getProperty'
2025-10-05 02:18:33,430 - WARNING - Warning: 'NoneType' object has no attribute 'getProperty'
2025-10-05 02:18:33,444 - INFO - End Page Analysis | Total Card: 32| Total Scrape: 32
2025-10-05 02:18:38,432 - WARNING - Warning: 'NoneType' object has no attribute 'getProperty'
2025-10-05 02:18:45,701 - WARNING - Warning: 'NoneType' object has no attribute 'getProperty'
2025-10-05 02:18:48,627 - WARNING - Warning: 'NoneType' object has no attribute 'getProperty'
2025-10-05 02:18:51,464 - WARNING - Warning: 'NoneType' object has no attribute 'getProperty'
2025-10-05 02:18:54,679 - WARNING - Warning: 'NoneType' object has no attribute 'getProperty'
2025-10-05 02:19:00,489 - WARNING - Warning: 'NoneType' object has no attribute 'getProperty'
2025-10-05 02:19:01,985 - WARNING - Warning: 'NoneType' object has no attribute 'getProperty'
2025-10-05 02:19:03,423 - WARNING - Warning: 'NoneType' object has no attribute 'getProperty'
2025-10-05 02:19:07,527 - WARNING - Warning: 'NoneType' object has no attribute 'getProperty'
2025-10-05 02:19:08,899 - WARNING - Warning: 'NoneType' object has no attribute 'getProperty'
2025-10-05 02:19:14,950 - WARNING - Warning: 'NoneType' object has no attribute 'getProperty'
2025-10-05 02:19:16,421 - WARNING - Warning: 'NoneType' object has no attribute 'getProperty'
2025-10-05 02:19:19,397 - WARNING - Warning: 'NoneType' object has no attribute 'getProperty'
2025-10-05 02:19:20,878 - WARNING - Warning: 'NoneType' object has no attribute 'getProperty'
2025-10-05 02:19:22,437 - WARNING - Warning: 'NoneType' object has no attribute 'getProperty'
2025-10-05 02:19:22,480 - INFO - End Page Analysis | Total Card: 32| Total Scrape: 32
2025-10-05 02:19:29,094 - WARNING - Warning: 'NoneType' object has no attribute 'getProperty'
2025-10-05 02:19:30,976 - WARNING - Warning: 'NoneType' object has no attribute 'getProperty'
2025-10-05 02:19:35,308 - WARNING - Warning: 'NoneType' object has no attribute 'getProperty'
2025-10-05 02:19:38,451 - WARNING - Warning: 'NoneType' object has no attribute 'getProperty'
2025-10-05 02:19:44,749 - WARNING - Warning: 'NoneType' object has no attribute 'getProperty'
2025-10-05 02:19:52,878 - WARNING - Warning: 'NoneType' object has no attribute 'getProperty'
2025-10-05 02:19:54,427 - WARNING - Warning: 'NoneType' object has no attribute 'getProperty'
2025-10-05 02:19:55,899 - WARNING - Warning: 'NoneType' object has no attribute 'getProperty'
2025-10-05 02:19:57,481 - WARNING - Warning: 'NoneType' object has no attribute 'getProperty'
2025-10-05 02:20:02,338 - WARNING - Warning: 'NoneType' object has no attribute 'getProperty'
2025-10-05 02:20:04,047 - WARNING - Warning: 'NoneType' object has no attribute 'getProperty'
2025-10-05 02:20:05,502 - WARNING - Warning: 'NoneType' object has no attribute 'getProperty'
2025-10-05 02:20:07,216 - WARNING - Warning: 'NoneType' object has no attribute 'getProperty'
2025-10-05 02:20:10,161 - WARNING - Warning: 'NoneType' object has no attribute 'getProperty'
2025-10-05 02:20:11,705 - WARNING - Warning: 'NoneType' object has no attribute 'getProperty'
2025-10-05 02:20:13,641 - WARNING - Warning: 'NoneType' object has no attribute 'getProperty'
2025-10-05 02:20:15,411 - WARNING - Warning: 'NoneType' object has no attribute 'getProperty'
2025-10-05 02:20:15,422 - INFO - End Page Analysis | Total Card: 32| Total Scrape: 32
2025-10-05 02:20:19,651 - WARNING - Warning: 'NoneType' object has no attribute 'getProperty'
2025-10-05 02:20:24,713 - WARNING - Warning: 'NoneType' object has no attribute 'getProperty'
2025-10-05 02:20:28,343 - WARNING - Warning: 'NoneType' object has no attribute 'getProperty'
2025-10-05 02:20:31,616 - WARNING - Warning: 'NoneType' object has no attribute 'getProperty'
2025-10-05 02:20:36,453 - WARNING - Warning: 'NoneType' object has no attribute 'getProperty'
2025-10-05 02:20:39,896 - WARNING - Warning: 'NoneType' object has no attribute 'getProperty'
2025-10-05 02:20:43,237 - WARNING - Warning: 'NoneType' object has no attribute 'getProperty'
2025-10-05 02:20:44,835 - WARNING - Warning: 'NoneType' object has no attribute 'getProperty'
2025-10-05 02:20:51,993 - WARNING - Warning: 'NoneType' object has no attribute 'getProperty'
2025-10-05 02:20:57,071 - WARNING - Warning: 'NoneType' object has no attribute 'getProperty'
2025-10-05 02:20:58,760 - WARNING - Warning: 'NoneType' object has no attribute 'getProperty'
2025-10-05 02:21:02,176 - WARNING - Warning: 'NoneType' object has no attribute 'getProperty'
2025-10-05 02:21:04,064 - WARNING - Warning: 'NoneType' object has no attribute 'getProperty'
2025-10-05 02:21:05,578 - WARNING - Warning: 'NoneType' object has no attribute 'getProperty'
2025-10-05 02:21:07,188 - WARNING - Warning: 'NoneType' object has no attribute 'getProperty'
2025-10-05 02:21:10,745 - WARNING - Warning: 'NoneType' object has no attribute 'getProperty'
2025-10-05 02:21:12,524 - WARNING - Warning: 'NoneType' object has no attribute 'getProperty'
2025-10-05 02:21:12,535 - INFO - End Page Analysis | Total Card: 32| Total Scrape: 32
2025-10-05 02:21:20,297 - WARNING - Warning: 'NoneType' object has no attribute 'getProperty'
2025-10-05 02:21:20,302 - WARNING - Warning: Unsupported relative time format
2025-10-05 02:21:23,918 - WARNING - Warning: 'NoneType' object has no attribute 'getProperty'
2025-10-05 02:21:25,660 - WARNING - Warning: 'NoneType' object has no attribute 'getProperty'
2025-10-05 02:21:27,404 - WARNING - Warning: 'NoneType' object has no attribute 'getProperty'
2025-10-05 02:21:34,405 - WARNING - Warning: 'NoneType' object has no attribute 'getProperty'
2025-10-05 02:21:43,104 - WARNING - Warning: 'NoneType' object has no attribute 'getProperty'
2025-10-05 02:21:45,045 - WARNING - Warning: 'NoneType' object has no attribute 'getProperty'
2025-10-05 02:21:50,577 - WARNING - Warning: 'NoneType' object has no attribute 'getProperty'
2025-10-05 02:21:54,021 - WARNING - Warning: 'NoneType' object has no attribute 'getProperty'
2025-10-05 02:22:11,138 - WARNING - Warning: 'NoneType' object has no attribute 'getProperty'
2025-10-05 02:22:13,110 - INFO - End Page Analysis | Total Card: 32| Total Scrape: 32
2025-10-05 02:22:15,347 - INFO - End Full Analysis | Total Card: 160| Total Scrape: 160
2025-10-05 02:22:15,347 - INFO - terminate chrome process...
2025-10-05 02:22:16,256 - INFO - CSV written successfully
2025-10-05 02:22:16,256 - INFO - Wrote CSV with 800 rows to /home/runner/work/Skillsgauge/Skillsgauge/bronze_datasets/JS/js_2025_10_05.csv
2025-10-05 02:22:16,256 - INFO - Scrapper Ended successfully
