2025-10-19 02:04:47,604 - INFO - Scraper started
2025-10-19 02:05:16,372 - INFO - Browser listening on: ws://127.0.0.1:51361/devtools/browser/c4fb91ac-bf8d-40ef-9014-40c870152cc5
2025-10-19 02:05:30,786 - WARNING - Warning: 'NoneType' object has no attribute 'getProperty'
2025-10-19 02:05:32,352 - WARNING - Warning: 'NoneType' object has no attribute 'getProperty'
2025-10-19 02:05:35,345 - WARNING - Warning: 'NoneType' object has no attribute 'getProperty'
2025-10-19 02:05:36,633 - WARNING - Warning: 'NoneType' object has no attribute 'getProperty'
2025-10-19 02:05:38,184 - WARNING - Warning: 'NoneType' object has no attribute 'getProperty'
2025-10-19 02:05:39,677 - WARNING - Warning: 'NoneType' object has no attribute 'getProperty'
2025-10-19 02:05:45,432 - WARNING - Warning: 'NoneType' object has no attribute 'getProperty'
2025-10-19 02:05:47,108 - WARNING - Warning: 'NoneType' object has no attribute 'getProperty'
2025-10-19 02:05:48,644 - WARNING - Warning: 'NoneType' object has no attribute 'getProperty'
2025-10-19 02:05:50,222 - WARNING - Warning: 'NoneType' object has no attribute 'getProperty'
2025-10-19 02:05:54,719 - WARNING - Warning: 'NoneType' object has no attribute 'getProperty'
2025-10-19 02:06:05,165 - WARNING - Warning: 'NoneType' object has no attribute 'getProperty'
2025-10-19 02:06:06,640 - WARNING - Warning: 'NoneType' object has no attribute 'getProperty'
2025-10-19 02:06:09,454 - WARNING - Warning: 'NoneType' object has no attribute 'getProperty'
2025-10-19 02:06:10,847 - WARNING - Warning: 'NoneType' object has no attribute 'getProperty'
2025-10-19 02:06:12,353 - WARNING - Warning: 'NoneType' object has no attribute 'getProperty'
2025-10-19 02:06:15,256 - WARNING - Warning: 'NoneType' object has no attribute 'getProperty'
2025-10-19 02:06:18,998 - INFO - End Page Analysis | Total Card: 32| Total Scrape: 32
2025-10-19 02:06:28,869 - WARNING - Warning: 'NoneType' object has no attribute 'getProperty'
2025-10-19 02:06:32,944 - WARNING - Warning: 'NoneType' object has no attribute 'getProperty'
2025-10-19 02:06:39,924 - WARNING - Warning: 'NoneType' object has no attribute 'getProperty'
2025-10-19 02:06:44,161 - WARNING - Warning: 'NoneType' object has no attribute 'getProperty'
2025-10-19 02:06:48,894 - WARNING - Warning: 'NoneType' object has no attribute 'getProperty'
2025-10-19 02:06:50,488 - WARNING - Warning: 'NoneType' object has no attribute 'getProperty'
2025-10-19 02:06:55,834 - WARNING - Warning: 'NoneType' object has no attribute 'getProperty'
2025-10-19 02:06:57,254 - WARNING - Warning: 'NoneType' object has no attribute 'getProperty'
2025-10-19 02:07:02,812 - WARNING - Warning: 'NoneType' object has no attribute 'getProperty'
2025-10-19 02:07:06,804 - INFO - End Page Analysis | Total Card: 32| Total Scrape: 32
2025-10-19 02:07:12,941 - WARNING - Warning: 'NoneType' object has no attribute 'getProperty'
2025-10-19 02:07:14,317 - WARNING - Warning: 'NoneType' object has no attribute 'getProperty'
2025-10-19 02:07:15,560 - WARNING - Warning: 'NoneType' object has no attribute 'getProperty'
2025-10-19 02:07:19,840 - WARNING - Warning: 'NoneType' object has no attribute 'getProperty'
2025-10-19 02:07:21,421 - WARNING - Warning: 'NoneType' object has no attribute 'getProperty'
2025-10-19 02:07:24,159 - WARNING - Warning: 'NoneType' object has no attribute 'getProperty'
2025-10-19 02:07:28,529 - WARNING - Warning: 'NoneType' object has no attribute 'getProperty'
2025-10-19 02:07:29,988 - WARNING - Warning: 'NoneType' object has no attribute 'getProperty'
2025-10-19 02:07:31,542 - WARNING - Warning: 'NoneType' object has no attribute 'getProperty'
2025-10-19 02:07:43,721 - WARNING - Warning: 'NoneType' object has no attribute 'getProperty'
2025-10-19 02:07:45,220 - WARNING - Warning: 'NoneType' object has no attribute 'getProperty'
2025-10-19 02:07:52,589 - WARNING - Warning: 'NoneType' object has no attribute 'getProperty'
2025-10-19 02:07:55,623 - INFO - End Page Analysis | Total Card: 32| Total Scrape: 32
2025-10-19 02:08:00,839 - WARNING - Warning: 'NoneType' object has no attribute 'getProperty'
2025-10-19 02:08:04,040 - WARNING - Warning: 'NoneType' object has no attribute 'getProperty'
2025-10-19 02:08:07,425 - WARNING - Warning: 'NoneType' object has no attribute 'getProperty'
2025-10-19 02:08:12,477 - WARNING - Warning: 'NoneType' object has no attribute 'getProperty'
2025-10-19 02:08:16,908 - WARNING - Warning: 'NoneType' object has no attribute 'getProperty'
2025-10-19 02:08:24,925 - WARNING - Warning: 'NoneType' object has no attribute 'getProperty'
2025-10-19 02:08:31,230 - WARNING - Warning: 'NoneType' object has no attribute 'getProperty'
2025-10-19 02:08:34,478 - WARNING - Warning: 'NoneType' object has no attribute 'getProperty'
2025-10-19 02:08:39,896 - WARNING - Warning: 'NoneType' object has no attribute 'getProperty'
2025-10-19 02:08:41,577 - WARNING - Warning: 'NoneType' object has no attribute 'getProperty'
2025-10-19 02:08:45,183 - WARNING - Warning: 'NoneType' object has no attribute 'getProperty'
2025-10-19 02:08:49,245 - WARNING - Warning: 'NoneType' object has no attribute 'getProperty'
2025-10-19 02:08:51,356 - WARNING - Warning: 'NoneType' object has no attribute 'getProperty'
2025-10-19 02:08:53,320 - INFO - End Page Analysis | Total Card: 32| Total Scrape: 32
2025-10-19 02:09:01,974 - WARNING - Warning: 'NoneType' object has no attribute 'getProperty'
2025-10-19 02:09:01,978 - WARNING - Warning: Unsupported relative time format
2025-10-19 02:09:03,576 - WARNING - Warning: 'NoneType' object has no attribute 'getProperty'
2025-10-19 02:09:13,291 - WARNING - Warning: 'NoneType' object has no attribute 'getProperty'
2025-10-19 02:09:18,088 - WARNING - Warning: 'NoneType' object has no attribute 'getProperty'
2025-10-19 02:09:22,956 - WARNING - Warning: 'NoneType' object has no attribute 'getProperty'
2025-10-19 02:09:24,760 - WARNING - Warning: 'NoneType' object has no attribute 'getProperty'
2025-10-19 02:09:28,019 - WARNING - Warning: 'NoneType' object has no attribute 'getProperty'
2025-10-19 02:09:30,108 - WARNING - Warning: 'NoneType' object has no attribute 'getProperty'
2025-10-19 02:09:31,787 - WARNING - Warning: 'NoneType' object has no attribute 'getProperty'
2025-10-19 02:09:35,058 - WARNING - Warning: 'NoneType' object has no attribute 'getProperty'
2025-10-19 02:09:36,740 - WARNING - Warning: 'NoneType' object has no attribute 'getProperty'
2025-10-19 02:09:40,037 - WARNING - Warning: 'NoneType' object has no attribute 'getProperty'
2025-10-19 02:09:41,796 - WARNING - Warning: 'NoneType' object has no attribute 'getProperty'
2025-10-19 02:09:46,856 - WARNING - Warning: 'NoneType' object has no attribute 'getProperty'
2025-10-19 02:09:50,138 - WARNING - Warning: 'NoneType' object has no attribute 'getProperty'
2025-10-19 02:09:50,145 - WARNING - Warning: Unsupported relative time format
2025-10-19 02:09:50,151 - INFO - End Page Analysis | Total Card: 32| Total Scrape: 32
2025-10-19 02:09:52,359 - INFO - End Full Analysis | Total Card: 160| Total Scrape: 160
2025-10-19 02:10:00,936 - WARNING - Warning: 'NoneType' object has no attribute 'getProperty'
2025-10-19 02:10:05,544 - WARNING - Warning: 'NoneType' object has no attribute 'getProperty'
2025-10-19 02:10:08,103 - WARNING - Warning: 'NoneType' object has no attribute 'getProperty'
2025-10-19 02:10:09,680 - WARNING - Warning: 'NoneType' object has no attribute 'getProperty'
2025-10-19 02:10:12,271 - WARNING - Warning: 'NoneType' object has no attribute 'getProperty'
2025-10-19 02:10:16,170 - WARNING - Warning: 'NoneType' object has no attribute 'getProperty'
2025-10-19 02:10:21,395 - WARNING - Warning: 'NoneType' object has no attribute 'getProperty'
2025-10-19 02:10:22,863 - WARNING - Warning: 'NoneType' object has no attribute 'getProperty'
2025-10-19 02:10:25,500 - WARNING - Warning: 'NoneType' object has no attribute 'getProperty'
2025-10-19 02:10:31,661 - WARNING - Warning: 'NoneType' object has no attribute 'getProperty'
2025-10-19 02:10:34,175 - WARNING - Warning: 'NoneType' object has no attribute 'getProperty'
2025-10-19 02:10:35,908 - WARNING - Warning: 'NoneType' object has no attribute 'getProperty'
2025-10-19 02:10:37,170 - WARNING - Warning: 'NoneType' object has no attribute 'getProperty'
2025-10-19 02:10:39,661 - WARNING - Warning: 'NoneType' object has no attribute 'getProperty'
2025-10-19 02:10:40,983 - INFO - End Page Analysis | Total Card: 32| Total Scrape: 32
2025-10-19 02:10:44,590 - WARNING - Warning: 'NoneType' object has no attribute 'getProperty'
2025-10-19 02:10:51,540 - WARNING - Warning: 'NoneType' object has no attribute 'getProperty'
2025-10-19 02:10:53,207 - WARNING - Warning: 'NoneType' object has no attribute 'getProperty'
2025-10-19 02:10:54,482 - WARNING - Warning: 'NoneType' object has no attribute 'getProperty'
2025-10-19 02:10:56,164 - WARNING - Warning: 'NoneType' object has no attribute 'getProperty'
2025-10-19 02:10:57,521 - WARNING - Warning: 'NoneType' object has no attribute 'getProperty'
2025-10-19 02:10:58,805 - WARNING - Warning: 'NoneType' object has no attribute 'getProperty'
2025-10-19 02:11:00,225 - WARNING - Warning: 'NoneType' object has no attribute 'getProperty'
2025-10-19 02:11:01,437 - WARNING - Warning: 'NoneType' object has no attribute 'getProperty'
2025-10-19 02:11:04,632 - WARNING - Warning: 'NoneType' object has no attribute 'getProperty'
2025-10-19 02:11:13,712 - WARNING - Warning: 'NoneType' object has no attribute 'getProperty'
2025-10-19 02:11:17,854 - WARNING - Warning: 'NoneType' object has no attribute 'getProperty'
2025-10-19 02:11:19,224 - WARNING - Warning: 'NoneType' object has no attribute 'getProperty'
2025-10-19 02:11:23,434 - WARNING - Warning: 'NoneType' object has no attribute 'getProperty'
2025-10-19 02:11:24,994 - WARNING - Warning: 'NoneType' object has no attribute 'getProperty'
2025-10-19 02:11:29,142 - INFO - End Page Analysis | Total Card: 32| Total Scrape: 32
2025-10-19 02:11:32,543 - WARNING - Warning: 'NoneType' object has no attribute 'getProperty'
2025-10-19 02:11:37,402 - WARNING - Warning: 'NoneType' object has no attribute 'getProperty'
2025-10-19 02:11:41,708 - WARNING - Warning: 'NoneType' object has no attribute 'getProperty'
2025-10-19 02:11:43,166 - WARNING - Warning: 'NoneType' object has no attribute 'getProperty'
2025-10-19 02:11:44,576 - WARNING - Warning: 'NoneType' object has no attribute 'getProperty'
2025-10-19 02:11:49,050 - WARNING - Warning: 'NoneType' object has no attribute 'getProperty'
2025-10-19 02:11:52,488 - WARNING - Warning: 'NoneType' object has no attribute 'getProperty'
2025-10-19 02:11:57,040 - WARNING - Warning: 'NoneType' object has no attribute 'getProperty'
2025-10-19 02:11:59,942 - WARNING - Warning: 'NoneType' object has no attribute 'getProperty'
2025-10-19 02:12:01,404 - WARNING - Warning: 'NoneType' object has no attribute 'getProperty'
2025-10-19 02:12:06,596 - WARNING - Warning: 'NoneType' object has no attribute 'getProperty'
2025-10-19 02:12:12,572 - WARNING - Warning: 'NoneType' object has no attribute 'getProperty'
2025-10-19 02:12:14,047 - WARNING - Warning: 'NoneType' object has no attribute 'getProperty'
2025-10-19 02:12:19,720 - WARNING - Warning: 'NoneType' object has no attribute 'getProperty'
2025-10-19 02:12:22,759 - WARNING - Warning: 'NoneType' object has no attribute 'getProperty'
2025-10-19 02:12:22,769 - INFO - End Page Analysis | Total Card: 32| Total Scrape: 32
2025-10-19 02:12:26,808 - WARNING - Warning: 'NoneType' object has no attribute 'getProperty'
2025-10-19 02:12:33,367 - WARNING - Warning: 'NoneType' object has no attribute 'getProperty'
2025-10-19 02:12:34,750 - WARNING - Warning: 'NoneType' object has no attribute 'getProperty'
2025-10-19 02:12:38,171 - WARNING - Warning: 'NoneType' object has no attribute 'getProperty'
2025-10-19 02:12:44,242 - WARNING - Warning: 'NoneType' object has no attribute 'getProperty'
2025-10-19 02:12:47,539 - WARNING - Warning: 'NoneType' object has no attribute 'getProperty'
2025-10-19 02:12:49,068 - WARNING - Warning: 'NoneType' object has no attribute 'getProperty'
2025-10-19 02:12:51,037 - WARNING - Warning: 'NoneType' object has no attribute 'getProperty'
2025-10-19 02:12:52,562 - WARNING - Warning: 'NoneType' object has no attribute 'getProperty'
2025-10-19 02:12:54,005 - WARNING - Warning: 'NoneType' object has no attribute 'getProperty'
2025-10-19 02:13:00,747 - WARNING - Warning: 'NoneType' object has no attribute 'getProperty'
2025-10-19 02:13:02,462 - WARNING - Warning: 'NoneType' object has no attribute 'getProperty'
2025-10-19 02:13:04,204 - WARNING - Warning: 'NoneType' object has no attribute 'getProperty'
2025-10-19 02:13:13,727 - WARNING - Warning: 'NoneType' object has no attribute 'getProperty'
2025-10-19 02:13:17,033 - INFO - End Page Analysis | Total Card: 32| Total Scrape: 32
2025-10-19 02:13:26,341 - WARNING - Warning: 'NoneType' object has no attribute 'getProperty'
2025-10-19 02:13:27,892 - WARNING - Warning: 'NoneType' object has no attribute 'getProperty'
2025-10-19 02:13:31,002 - WARNING - Warning: 'NoneType' object has no attribute 'getProperty'
2025-10-19 02:13:39,831 - WARNING - Warning: 'NoneType' object has no attribute 'getProperty'
2025-10-19 02:13:41,489 - WARNING - Warning: 'NoneType' object has no attribute 'getProperty'
2025-10-19 02:13:44,700 - WARNING - Warning: 'NoneType' object has no attribute 'getProperty'
2025-10-19 02:13:46,438 - WARNING - Warning: 'NoneType' object has no attribute 'getProperty'
2025-10-19 02:13:49,920 - WARNING - Warning: 'NoneType' object has no attribute 'getProperty'
2025-10-19 02:13:54,936 - WARNING - Warning: 'NoneType' object has no attribute 'getProperty'
2025-10-19 02:14:00,245 - WARNING - Warning: 'NoneType' object has no attribute 'getProperty'
2025-10-19 02:14:09,079 - WARNING - Warning: 'NoneType' object has no attribute 'getProperty'
2025-10-19 02:14:10,857 - WARNING - Warning: 'NoneType' object has no attribute 'getProperty'
2025-10-19 02:14:12,964 - WARNING - Warning: 'NoneType' object has no attribute 'getProperty'
2025-10-19 02:14:15,183 - INFO - End Page Analysis | Total Card: 32| Total Scrape: 32
2025-10-19 02:14:17,392 - INFO - End Full Analysis | Total Card: 160| Total Scrape: 160
2025-10-19 02:14:26,960 - WARNING - Warning: 'NoneType' object has no attribute 'getProperty'
2025-10-19 02:14:28,189 - WARNING - Warning: 'NoneType' object has no attribute 'getProperty'
2025-10-19 02:14:30,636 - WARNING - Warning: 'NoneType' object has no attribute 'getProperty'
2025-10-19 02:14:33,032 - WARNING - Warning: 'NoneType' object has no attribute 'getProperty'
2025-10-19 02:14:35,354 - WARNING - Warning: 'NoneType' object has no attribute 'getProperty'
2025-10-19 02:14:45,589 - WARNING - Warning: 'NoneType' object has no attribute 'getProperty'
2025-10-19 02:14:55,699 - WARNING - Warning: 'NoneType' object has no attribute 'getProperty'
2025-10-19 02:14:59,300 - WARNING - Warning: 'NoneType' object has no attribute 'getProperty'
2025-10-19 02:15:03,094 - INFO - End Page Analysis | Total Card: 32| Total Scrape: 32
2025-10-19 02:15:06,625 - WARNING - Warning: 'NoneType' object has no attribute 'getProperty'
2025-10-19 02:15:22,463 - WARNING - Warning: 'NoneType' object has no attribute 'getProperty'
2025-10-19 02:15:29,206 - WARNING - Warning: 'NoneType' object has no attribute 'getProperty'
2025-10-19 02:15:34,525 - WARNING - Warning: Unsupported relative time format
2025-10-19 02:15:37,606 - WARNING - Warning: 'NoneType' object has no attribute 'getProperty'
2025-10-19 02:15:38,906 - WARNING - Warning: 'NoneType' object has no attribute 'getProperty'
2025-10-19 02:15:42,920 - WARNING - Warning: Unsupported relative time format
2025-10-19 02:15:49,842 - WARNING - Warning: Unsupported relative time format
2025-10-19 02:15:49,848 - INFO - End Page Analysis | Total Card: 32| Total Scrape: 32
2025-10-19 02:16:01,709 - WARNING - Warning: 'NoneType' object has no attribute 'getProperty'
2025-10-19 02:16:03,035 - WARNING - Warning: 'NoneType' object has no attribute 'getProperty'
2025-10-19 02:16:08,241 - WARNING - Warning: 'NoneType' object has no attribute 'getProperty'
2025-10-19 02:16:10,859 - WARNING - Warning: 'NoneType' object has no attribute 'getProperty'
2025-10-19 02:16:14,031 - WARNING - Warning: 'NoneType' object has no attribute 'getProperty'
2025-10-19 02:16:18,466 - WARNING - Warning: 'NoneType' object has no attribute 'getProperty'
2025-10-19 02:16:21,155 - WARNING - Warning: 'NoneType' object has no attribute 'getProperty'
2025-10-19 02:16:27,060 - WARNING - Warning: 'NoneType' object has no attribute 'getProperty'
2025-10-19 02:16:34,329 - WARNING - Warning: 'NoneType' object has no attribute 'getProperty'
2025-10-19 02:16:37,164 - WARNING - Warning: 'NoneType' object has no attribute 'getProperty'
2025-10-19 02:16:37,174 - INFO - End Page Analysis | Total Card: 32| Total Scrape: 32
2025-10-19 02:16:43,090 - WARNING - Warning: 'NoneType' object has no attribute 'getProperty'
2025-10-19 02:16:55,146 - WARNING - Warning: 'NoneType' object has no attribute 'getProperty'
2025-10-19 02:16:59,897 - WARNING - Warning: 'NoneType' object has no attribute 'getProperty'
2025-10-19 02:17:03,311 - WARNING - Warning: 'NoneType' object has no attribute 'getProperty'
2025-10-19 02:17:04,780 - WARNING - Warning: 'NoneType' object has no attribute 'getProperty'
2025-10-19 02:17:09,350 - WARNING - Warning: 'NoneType' object has no attribute 'getProperty'
2025-10-19 02:17:12,387 - WARNING - Warning: 'NoneType' object has no attribute 'getProperty'
2025-10-19 02:17:20,625 - WARNING - Warning: Unsupported relative time format
2025-10-19 02:17:22,151 - WARNING - Warning: 'NoneType' object has no attribute 'getProperty'
2025-10-19 02:17:27,011 - WARNING - Warning: 'NoneType' object has no attribute 'getProperty'
2025-10-19 02:17:28,945 - INFO - End Page Analysis | Total Card: 32| Total Scrape: 32
2025-10-19 02:17:37,877 - WARNING - Warning: 'NoneType' object has no attribute 'getProperty'
2025-10-19 02:17:41,097 - WARNING - Warning: 'NoneType' object has no attribute 'getProperty'
2025-10-19 02:17:41,102 - WARNING - Warning: Unsupported relative time format
2025-10-19 02:17:44,165 - WARNING - Warning: 'NoneType' object has no attribute 'getProperty'
2025-10-19 02:17:50,873 - WARNING - Warning: 'NoneType' object has no attribute 'getProperty'
2025-10-19 02:17:52,612 - WARNING - Warning: 'NoneType' object has no attribute 'getProperty'
2025-10-19 02:17:54,384 - WARNING - Warning: 'NoneType' object has no attribute 'getProperty'
2025-10-19 02:18:05,642 - ERROR - An error occurred: Waiting for selector "div[data-automation='jobDetailsPage']" failed: timeout 10000ms exceeds.
2025-10-19 02:18:08,954 - WARNING - Warning: 'NoneType' object has no attribute 'getProperty'
2025-10-19 02:18:13,877 - WARNING - Warning: 'NoneType' object has no attribute 'getProperty'
2025-10-19 02:18:20,331 - WARNING - Warning: 'NoneType' object has no attribute 'getProperty'
2025-10-19 02:18:25,555 - WARNING - Warning: 'NoneType' object has no attribute 'getProperty'
2025-10-19 02:18:30,612 - WARNING - Warning: 'NoneType' object has no attribute 'getProperty'
2025-10-19 02:18:34,046 - INFO - End Page Analysis | Total Card: 32| Total Scrape: 31
2025-10-19 02:18:36,284 - INFO - End Full Analysis | Total Card: 160| Total Scrape: 159
2025-10-19 02:18:42,531 - WARNING - Warning: 'NoneType' object has no attribute 'getProperty'
2025-10-19 02:18:51,147 - WARNING - Warning: 'NoneType' object has no attribute 'getProperty'
2025-10-19 02:18:56,210 - WARNING - Warning: 'NoneType' object has no attribute 'getProperty'
2025-10-19 02:18:59,808 - WARNING - Warning: 'NoneType' object has no attribute 'getProperty'
2025-10-19 02:19:12,053 - WARNING - Warning: 'NoneType' object has no attribute 'getProperty'
2025-10-19 02:19:15,759 - WARNING - Warning: 'NoneType' object has no attribute 'getProperty'
2025-10-19 02:19:19,512 - WARNING - Warning: 'NoneType' object has no attribute 'getProperty'
2025-10-19 02:19:20,755 - WARNING - Warning: 'NoneType' object has no attribute 'getProperty'
2025-10-19 02:19:23,438 - INFO - End Page Analysis | Total Card: 32| Total Scrape: 32
2025-10-19 02:19:32,084 - WARNING - Warning: 'NoneType' object has no attribute 'getProperty'
2025-10-19 02:19:33,789 - WARNING - Warning: 'NoneType' object has no attribute 'getProperty'
2025-10-19 02:19:35,423 - WARNING - Warning: 'NoneType' object has no attribute 'getProperty'
2025-10-19 02:19:40,897 - WARNING - Warning: 'NoneType' object has no attribute 'getProperty'
2025-10-19 02:19:43,645 - WARNING - Warning: 'NoneType' object has no attribute 'getProperty'
2025-10-19 02:19:44,925 - WARNING - Warning: 'NoneType' object has no attribute 'getProperty'
2025-10-19 02:19:48,961 - WARNING - Warning: 'NoneType' object has no attribute 'getProperty'
2025-10-19 02:19:50,258 - WARNING - Warning: 'NoneType' object has no attribute 'getProperty'
2025-10-19 02:19:51,547 - WARNING - Warning: 'NoneType' object has no attribute 'getProperty'
2025-10-19 02:19:54,563 - WARNING - Warning: 'NoneType' object has no attribute 'getProperty'
2025-10-19 02:19:57,177 - WARNING - Warning: 'NoneType' object has no attribute 'getProperty'
2025-10-19 02:19:58,318 - WARNING - Warning: 'NoneType' object has no attribute 'getProperty'
2025-10-19 02:19:59,716 - WARNING - Warning: 'NoneType' object has no attribute 'getProperty'
2025-10-19 02:20:01,151 - WARNING - Warning: 'NoneType' object has no attribute 'getProperty'
2025-10-19 02:20:03,841 - WARNING - Warning: 'NoneType' object has no attribute 'getProperty'
2025-10-19 02:20:07,787 - WARNING - Warning: 'NoneType' object has no attribute 'getProperty'
2025-10-19 02:20:09,266 - INFO - End Page Analysis | Total Card: 32| Total Scrape: 32
2025-10-19 02:20:14,954 - WARNING - Warning: 'NoneType' object has no attribute 'getProperty'
2025-10-19 02:20:17,805 - WARNING - Warning: 'NoneType' object has no attribute 'getProperty'
2025-10-19 02:20:20,713 - WARNING - Warning: 'NoneType' object has no attribute 'getProperty'
2025-10-19 02:20:29,783 - WARNING - Warning: 'NoneType' object has no attribute 'getProperty'
2025-10-19 02:20:32,836 - WARNING - Warning: 'NoneType' object has no attribute 'getProperty'
2025-10-19 02:20:34,223 - WARNING - Warning: 'NoneType' object has no attribute 'getProperty'
2025-10-19 02:20:38,423 - WARNING - Warning: 'NoneType' object has no attribute 'getProperty'
2025-10-19 02:20:39,835 - WARNING - Warning: 'NoneType' object has no attribute 'getProperty'
2025-10-19 02:20:45,643 - WARNING - Warning: 'NoneType' object has no attribute 'getProperty'
2025-10-19 02:20:49,292 - WARNING - Warning: 'NoneType' object has no attribute 'getProperty'
2025-10-19 02:20:57,414 - WARNING - Warning: 'NoneType' object has no attribute 'getProperty'
2025-10-19 02:21:00,962 - INFO - End Page Analysis | Total Card: 32| Total Scrape: 32
2025-10-19 02:21:04,484 - WARNING - Warning: 'NoneType' object has no attribute 'getProperty'
2025-10-19 02:21:08,883 - WARNING - Warning: 'NoneType' object has no attribute 'getProperty'
2025-10-19 02:21:20,458 - WARNING - Warning: 'NoneType' object has no attribute 'getProperty'
2025-10-19 02:21:24,987 - WARNING - Warning: 'NoneType' object has no attribute 'getProperty'
2025-10-19 02:21:27,849 - WARNING - Warning: 'NoneType' object has no attribute 'getProperty'
2025-10-19 02:21:29,459 - WARNING - Warning: 'NoneType' object has no attribute 'getProperty'
2025-10-19 02:21:37,157 - WARNING - Warning: 'NoneType' object has no attribute 'getProperty'
2025-10-19 02:21:38,729 - WARNING - Warning: 'NoneType' object has no attribute 'getProperty'
2025-10-19 02:21:41,779 - WARNING - Warning: 'NoneType' object has no attribute 'getProperty'
2025-10-19 02:21:43,452 - WARNING - Warning: 'NoneType' object has no attribute 'getProperty'
2025-10-19 02:21:48,581 - WARNING - Warning: 'NoneType' object has no attribute 'getProperty'
2025-10-19 02:21:52,069 - WARNING - Warning: 'NoneType' object has no attribute 'getProperty'
2025-10-19 02:21:53,688 - INFO - End Page Analysis | Total Card: 32| Total Scrape: 32
2025-10-19 02:21:58,939 - WARNING - Warning: 'NoneType' object has no attribute 'getProperty'
2025-10-19 02:22:00,602 - WARNING - Warning: 'NoneType' object has no attribute 'getProperty'
2025-10-19 02:22:07,164 - WARNING - Warning: 'NoneType' object has no attribute 'getProperty'
2025-10-19 02:22:10,893 - WARNING - Warning: 'NoneType' object has no attribute 'getProperty'
2025-10-19 02:22:12,646 - WARNING - Warning: 'NoneType' object has no attribute 'getProperty'
2025-10-19 02:22:19,322 - WARNING - Warning: 'NoneType' object has no attribute 'getProperty'
2025-10-19 02:22:34,373 - WARNING - Warning: 'NoneType' object has no attribute 'getProperty'
2025-10-19 02:22:36,094 - WARNING - Warning: 'NoneType' object has no attribute 'getProperty'
2025-10-19 02:22:41,436 - WARNING - Warning: 'NoneType' object has no attribute 'getProperty'
2025-10-19 02:22:43,163 - WARNING - Warning: 'NoneType' object has no attribute 'getProperty'
2025-10-19 02:22:52,682 - INFO - End Page Analysis | Total Card: 32| Total Scrape: 32
2025-10-19 02:22:54,890 - INFO - End Full Analysis | Total Card: 160| Total Scrape: 160
2025-10-19 02:23:01,377 - WARNING - Warning: 'NoneType' object has no attribute 'getProperty'
2025-10-19 02:23:08,341 - WARNING - Warning: 'NoneType' object has no attribute 'getProperty'
2025-10-19 02:23:12,296 - WARNING - Warning: 'NoneType' object has no attribute 'getProperty'
2025-10-19 02:23:13,605 - WARNING - Warning: 'NoneType' object has no attribute 'getProperty'
2025-10-19 02:23:14,920 - WARNING - Warning: 'NoneType' object has no attribute 'getProperty'
2025-10-19 02:23:16,316 - WARNING - Warning: 'NoneType' object has no attribute 'getProperty'
2025-10-19 02:23:17,689 - WARNING - Warning: 'NoneType' object has no attribute 'getProperty'
2025-10-19 02:23:19,169 - WARNING - Warning: 'NoneType' object has no attribute 'getProperty'
2025-10-19 02:23:20,536 - WARNING - Warning: 'NoneType' object has no attribute 'getProperty'
2025-10-19 02:23:23,206 - WARNING - Warning: 'NoneType' object has no attribute 'getProperty'
2025-10-19 02:23:25,935 - WARNING - Warning: 'NoneType' object has no attribute 'getProperty'
2025-10-19 02:23:27,237 - WARNING - Warning: 'NoneType' object has no attribute 'getProperty'
2025-10-19 02:23:31,158 - WARNING - Warning: 'NoneType' object has no attribute 'getProperty'
2025-10-19 02:23:33,889 - WARNING - Warning: 'NoneType' object has no attribute 'getProperty'
2025-10-19 02:23:35,277 - WARNING - Warning: 'NoneType' object has no attribute 'getProperty'
2025-10-19 02:23:36,603 - WARNING - Warning: 'NoneType' object has no attribute 'getProperty'
2025-10-19 02:23:37,853 - WARNING - Warning: 'NoneType' object has no attribute 'getProperty'
2025-10-19 02:23:40,377 - WARNING - Warning: 'NoneType' object has no attribute 'getProperty'
2025-10-19 02:23:43,664 - WARNING - Warning: 'NoneType' object has no attribute 'getProperty'
2025-10-19 02:23:43,677 - INFO - End Page Analysis | Total Card: 32| Total Scrape: 32
2025-10-19 02:23:48,689 - WARNING - Warning: 'NoneType' object has no attribute 'getProperty'
2025-10-19 02:23:54,339 - WARNING - Warning: 'NoneType' object has no attribute 'getProperty'
2025-10-19 02:23:55,678 - WARNING - Warning: 'NoneType' object has no attribute 'getProperty'
2025-10-19 02:24:00,068 - WARNING - Warning: 'NoneType' object has no attribute 'getProperty'
2025-10-19 02:24:05,690 - WARNING - Warning: 'NoneType' object has no attribute 'getProperty'
2025-10-19 02:24:12,719 - WARNING - Warning: 'NoneType' object has no attribute 'getProperty'
2025-10-19 02:24:14,037 - WARNING - Warning: 'NoneType' object has no attribute 'getProperty'
2025-10-19 02:24:18,108 - WARNING - Warning: 'NoneType' object has no attribute 'getProperty'
2025-10-19 02:24:24,030 - WARNING - Warning: 'NoneType' object has no attribute 'getProperty'
2025-10-19 02:24:26,862 - WARNING - Warning: 'NoneType' object has no attribute 'getProperty'
2025-10-19 02:24:32,322 - WARNING - Warning: 'NoneType' object has no attribute 'getProperty'
2025-10-19 02:24:32,335 - INFO - End Page Analysis | Total Card: 32| Total Scrape: 32
2025-10-19 02:24:35,693 - WARNING - Warning: 'NoneType' object has no attribute 'getProperty'
2025-10-19 02:24:42,647 - WARNING - Warning: 'NoneType' object has no attribute 'getProperty'
2025-10-19 02:24:45,953 - WARNING - Warning: 'NoneType' object has no attribute 'getProperty'
2025-10-19 02:24:47,375 - WARNING - Warning: 'NoneType' object has no attribute 'getProperty'
2025-10-19 02:24:48,889 - WARNING - Warning: 'NoneType' object has no attribute 'getProperty'
2025-10-19 02:24:54,598 - WARNING - Warning: 'NoneType' object has no attribute 'getProperty'
2025-10-19 02:24:59,260 - WARNING - Warning: 'NoneType' object has no attribute 'getProperty'
2025-10-19 02:25:00,973 - WARNING - Warning: 'NoneType' object has no attribute 'getProperty'
2025-10-19 02:25:04,182 - WARNING - Warning: 'NoneType' object has no attribute 'getProperty'
2025-10-19 02:25:17,266 - WARNING - Warning: 'NoneType' object has no attribute 'getProperty'
2025-10-19 02:25:20,465 - WARNING - Warning: 'NoneType' object has no attribute 'getProperty'
2025-10-19 02:25:23,443 - INFO - End Page Analysis | Total Card: 32| Total Scrape: 32
2025-10-19 02:25:27,377 - WARNING - Warning: 'NoneType' object has no attribute 'getProperty'
2025-10-19 02:25:30,495 - WARNING - Warning: 'NoneType' object has no attribute 'getProperty'
2025-10-19 02:25:31,919 - WARNING - Warning: 'NoneType' object has no attribute 'getProperty'
2025-10-19 02:25:33,404 - WARNING - Warning: 'NoneType' object has no attribute 'getProperty'
2025-10-19 02:25:38,477 - WARNING - Warning: 'NoneType' object has no attribute 'getProperty'
2025-10-19 02:25:39,977 - WARNING - Warning: 'NoneType' object has no attribute 'getProperty'
2025-10-19 02:25:44,804 - WARNING - Warning: 'NoneType' object has no attribute 'getProperty'
2025-10-19 02:25:46,420 - WARNING - Warning: 'NoneType' object has no attribute 'getProperty'
2025-10-19 02:25:47,961 - WARNING - Warning: 'NoneType' object has no attribute 'getProperty'
2025-10-19 02:25:54,310 - WARNING - Warning: 'NoneType' object has no attribute 'getProperty'
2025-10-19 02:25:55,908 - WARNING - Warning: 'NoneType' object has no attribute 'getProperty'
2025-10-19 02:25:57,505 - WARNING - Warning: 'NoneType' object has no attribute 'getProperty'
2025-10-19 02:26:00,787 - WARNING - Warning: 'NoneType' object has no attribute 'getProperty'
2025-10-19 02:26:02,494 - WARNING - Warning: 'NoneType' object has no attribute 'getProperty'
2025-10-19 02:26:14,125 - WARNING - Warning: 'NoneType' object has no attribute 'getProperty'
2025-10-19 02:26:15,808 - WARNING - Warning: 'NoneType' object has no attribute 'getProperty'
2025-10-19 02:26:17,539 - WARNING - Warning: 'NoneType' object has no attribute 'getProperty'
2025-10-19 02:26:23,977 - INFO - End Page Analysis | Total Card: 32| Total Scrape: 32
2025-10-19 02:26:28,207 - WARNING - Warning: 'NoneType' object has no attribute 'getProperty'
2025-10-19 02:26:29,777 - WARNING - Warning: 'NoneType' object has no attribute 'getProperty'
2025-10-19 02:26:31,470 - WARNING - Warning: 'NoneType' object has no attribute 'getProperty'
2025-10-19 02:26:33,209 - WARNING - Warning: 'NoneType' object has no attribute 'getProperty'
2025-10-19 02:26:39,937 - WARNING - Warning: 'NoneType' object has no attribute 'getProperty'
2025-10-19 02:26:42,059 - WARNING - Warning: 'NoneType' object has no attribute 'getProperty'
2025-10-19 02:26:45,507 - WARNING - Warning: 'NoneType' object has no attribute 'getProperty'
2025-10-19 02:26:51,974 - WARNING - Warning: 'NoneType' object has no attribute 'getProperty'
2025-10-19 02:26:53,673 - WARNING - Warning: 'NoneType' object has no attribute 'getProperty'
2025-10-19 02:26:58,961 - WARNING - Warning: 'NoneType' object has no attribute 'getProperty'
2025-10-19 02:27:03,765 - WARNING - Warning: 'NoneType' object has no attribute 'getProperty'
2025-10-19 02:27:07,414 - WARNING - Warning: 'NoneType' object has no attribute 'getProperty'
2025-10-19 02:27:14,561 - WARNING - Warning: 'NoneType' object has no attribute 'getProperty'
2025-10-19 02:27:16,347 - WARNING - Warning: 'NoneType' object has no attribute 'getProperty'
2025-10-19 02:27:26,469 - INFO - End Page Analysis | Total Card: 32| Total Scrape: 32
2025-10-19 02:27:28,691 - INFO - End Full Analysis | Total Card: 160| Total Scrape: 160
2025-10-19 02:27:28,691 - INFO - terminate chrome process...
2025-10-19 02:27:29,784 - INFO - CSV written successfully
2025-10-19 02:27:29,784 - INFO - Wrote CSV with 799 rows to /home/runner/work/Skillsgauge/Skillsgauge/bronze_datasets/JS/js_2025_10_19.csv
2025-10-19 02:27:29,784 - INFO - Scrapper Ended successfully
