2026-04-26 03:38:22,145 - INFO - Scraper started
2026-04-26 03:38:27,548 - INFO - Browser listening on: ws://127.0.0.1:56241/devtools/browser/5e7da2b0-c924-4856-a37f-830dca6c5370
2026-04-26 03:38:43,080 - WARNING - Warning: 'NoneType' object has no attribute 'getProperty'
2026-04-26 03:38:45,814 - WARNING - Warning: 'NoneType' object has no attribute 'getProperty'
2026-04-26 03:38:48,571 - WARNING - Warning: 'NoneType' object has no attribute 'getProperty'
2026-04-26 03:38:52,786 - WARNING - Warning: 'NoneType' object has no attribute 'getProperty'
2026-04-26 03:38:57,119 - WARNING - Warning: 'NoneType' object has no attribute 'getProperty'
2026-04-26 03:38:58,304 - WARNING - Warning: 'NoneType' object has no attribute 'getProperty'
2026-04-26 03:38:59,745 - WARNING - Warning: 'NoneType' object has no attribute 'getProperty'
2026-04-26 03:39:03,573 - WARNING - Warning: 'NoneType' object has no attribute 'getProperty'
2026-04-26 03:39:05,043 - WARNING - Warning: 'NoneType' object has no attribute 'getProperty'
2026-04-26 03:39:06,237 - WARNING - Warning: 'NoneType' object has no attribute 'getProperty'
2026-04-26 03:39:13,235 - WARNING - Warning: 'NoneType' object has no attribute 'getProperty'
2026-04-26 03:39:17,057 - WARNING - Warning: 'NoneType' object has no attribute 'getProperty'
2026-04-26 03:39:22,137 - WARNING - Warning: 'NoneType' object has no attribute 'getProperty'
2026-04-26 03:39:27,509 - WARNING - Warning: 'NoneType' object has no attribute 'getProperty'
2026-04-26 03:39:30,146 - WARNING - Warning: 'NoneType' object has no attribute 'getProperty'
2026-04-26 03:39:32,821 - WARNING - Warning: 'NoneType' object has no attribute 'getProperty'
2026-04-26 03:39:35,584 - WARNING - Warning: 'NoneType' object has no attribute 'getProperty'
2026-04-26 03:39:39,686 - WARNING - Warning: 'NoneType' object has no attribute 'getProperty'
2026-04-26 03:39:40,993 - WARNING - Warning: 'NoneType' object has no attribute 'getProperty'
2026-04-26 03:39:42,443 - INFO - End Page Analysis | Total Card: 50| Total Scrape: 50
2026-04-26 03:39:49,302 - WARNING - Warning: 'NoneType' object has no attribute 'getProperty'
2026-04-26 03:39:58,416 - WARNING - Warning: 'NoneType' object has no attribute 'getProperty'
2026-04-26 03:40:01,275 - WARNING - Warning: 'NoneType' object has no attribute 'getProperty'
2026-04-26 03:40:05,861 - WARNING - Warning: 'NoneType' object has no attribute 'getProperty'
2026-04-26 03:40:12,140 - WARNING - Warning: 'NoneType' object has no attribute 'getProperty'
2026-04-26 03:40:13,485 - WARNING - Warning: 'NoneType' object has no attribute 'getProperty'
2026-04-26 03:40:18,039 - WARNING - Warning: 'NoneType' object has no attribute 'getProperty'
2026-04-26 03:40:19,425 - WARNING - Warning: 'NoneType' object has no attribute 'getProperty'
2026-04-26 03:40:23,619 - WARNING - Warning: 'NoneType' object has no attribute 'getProperty'
2026-04-26 03:40:25,284 - WARNING - Warning: 'NoneType' object has no attribute 'getProperty'
2026-04-26 03:40:29,005 - WARNING - Warning: 'NoneType' object has no attribute 'getProperty'
2026-04-26 03:40:33,439 - WARNING - Warning: 'NoneType' object has no attribute 'getProperty'
2026-04-26 03:40:39,569 - WARNING - Warning: 'NoneType' object has no attribute 'getProperty'
2026-04-26 03:40:42,950 - WARNING - Warning: 'NoneType' object has no attribute 'getProperty'
2026-04-26 03:40:47,848 - WARNING - Warning: 'NoneType' object has no attribute 'getProperty'
2026-04-26 03:40:49,703 - WARNING - Warning: 'NoneType' object has no attribute 'getProperty'
2026-04-26 03:40:51,412 - WARNING - Warning: 'NoneType' object has no attribute 'getProperty'
2026-04-26 03:41:02,095 - INFO - End Page Analysis | Total Card: 50| Total Scrape: 50
2026-04-26 03:41:08,522 - WARNING - Warning: 'NoneType' object has no attribute 'getProperty'
2026-04-26 03:41:17,717 - WARNING - Warning: 'NoneType' object has no attribute 'getProperty'
2026-04-26 03:41:20,779 - WARNING - Warning: 'NoneType' object has no attribute 'getProperty'
2026-04-26 03:41:25,304 - WARNING - Warning: 'NoneType' object has no attribute 'getProperty'
2026-04-26 03:41:31,520 - WARNING - Warning: 'NoneType' object has no attribute 'getProperty'
2026-04-26 03:41:33,008 - WARNING - Warning: 'NoneType' object has no attribute 'getProperty'
2026-04-26 03:41:37,901 - WARNING - Warning: 'NoneType' object has no attribute 'getProperty'
2026-04-26 03:41:39,416 - WARNING - Warning: 'NoneType' object has no attribute 'getProperty'
2026-04-26 03:41:43,948 - WARNING - Warning: 'NoneType' object has no attribute 'getProperty'
2026-04-26 03:41:45,443 - WARNING - Warning: 'NoneType' object has no attribute 'getProperty'
2026-04-26 03:41:48,364 - WARNING - Warning: 'NoneType' object has no attribute 'getProperty'
2026-04-26 03:41:52,780 - WARNING - Warning: 'NoneType' object has no attribute 'getProperty'
2026-04-26 03:41:58,531 - WARNING - Warning: 'NoneType' object has no attribute 'getProperty'
2026-04-26 03:42:01,443 - WARNING - Warning: 'NoneType' object has no attribute 'getProperty'
2026-04-26 03:42:05,968 - WARNING - Warning: 'NoneType' object has no attribute 'getProperty'
2026-04-26 03:42:07,825 - WARNING - Warning: 'NoneType' object has no attribute 'getProperty'
2026-04-26 03:42:09,350 - WARNING - Warning: 'NoneType' object has no attribute 'getProperty'
2026-04-26 03:42:19,258 - INFO - End Page Analysis | Total Card: 50| Total Scrape: 50
2026-04-26 03:42:23,921 - WARNING - Warning: 'NoneType' object has no attribute 'getProperty'
2026-04-26 03:42:27,265 - WARNING - Warning: 'NoneType' object has no attribute 'getProperty'
2026-04-26 03:42:28,847 - WARNING - Warning: 'NoneType' object has no attribute 'getProperty'
2026-04-26 03:42:30,452 - WARNING - Warning: 'NoneType' object has no attribute 'getProperty'
2026-04-26 03:42:33,608 - WARNING - Warning: 'NoneType' object has no attribute 'getProperty'
2026-04-26 03:42:36,759 - WARNING - Warning: 'NoneType' object has no attribute 'getProperty'
2026-04-26 03:42:38,362 - WARNING - Warning: 'NoneType' object has no attribute 'getProperty'
2026-04-26 03:42:40,118 - WARNING - Warning: 'NoneType' object has no attribute 'getProperty'
2026-04-26 03:42:41,692 - WARNING - Warning: 'NoneType' object has no attribute 'getProperty'
2026-04-26 03:42:45,291 - WARNING - Warning: 'NoneType' object has no attribute 'getProperty'
2026-04-26 03:42:47,239 - WARNING - Warning: 'NoneType' object has no attribute 'getProperty'
2026-04-26 03:42:49,102 - WARNING - Warning: 'NoneType' object has no attribute 'getProperty'
2026-04-26 03:42:50,855 - WARNING - Warning: 'NoneType' object has no attribute 'getProperty'
2026-04-26 03:42:52,700 - WARNING - Warning: 'NoneType' object has no attribute 'getProperty'
2026-04-26 03:42:56,352 - WARNING - Warning: 'NoneType' object has no attribute 'getProperty'
2026-04-26 03:43:03,829 - WARNING - Warning: 'NoneType' object has no attribute 'getProperty'
2026-04-26 03:43:07,478 - WARNING - Warning: 'NoneType' object has no attribute 'getProperty'
2026-04-26 03:43:15,024 - WARNING - Warning: 'NoneType' object has no attribute 'getProperty'
2026-04-26 03:43:18,583 - WARNING - Warning: 'NoneType' object has no attribute 'getProperty'
2026-04-26 03:43:20,404 - WARNING - Warning: 'NoneType' object has no attribute 'getProperty'
2026-04-26 03:43:22,216 - WARNING - Warning: 'NoneType' object has no attribute 'getProperty'
2026-04-26 03:43:24,027 - WARNING - Warning: 'NoneType' object has no attribute 'getProperty'
2026-04-26 03:43:29,415 - WARNING - Warning: 'NoneType' object has no attribute 'getProperty'
2026-04-26 03:43:31,188 - WARNING - Warning: 'NoneType' object has no attribute 'getProperty'
2026-04-26 03:43:33,002 - WARNING - Warning: 'NoneType' object has no attribute 'getProperty'
2026-04-26 03:43:36,698 - WARNING - Warning: 'NoneType' object has no attribute 'getProperty'
2026-04-26 03:43:38,461 - WARNING - Warning: 'NoneType' object has no attribute 'getProperty'
2026-04-26 03:43:40,505 - WARNING - Warning: 'NoneType' object has no attribute 'getProperty'
2026-04-26 03:43:42,245 - WARNING - Warning: 'NoneType' object has no attribute 'getProperty'
2026-04-26 03:43:45,900 - WARNING - Warning: 'NoneType' object has no attribute 'getProperty'
2026-04-26 03:43:47,763 - WARNING - Warning: 'NoneType' object has no attribute 'getProperty'
2026-04-26 03:43:49,447 - WARNING - Warning: 'NoneType' object has no attribute 'getProperty'
2026-04-26 03:43:51,424 - WARNING - Warning: 'NoneType' object has no attribute 'getProperty'
2026-04-26 03:43:51,436 - INFO - End Page Analysis | Total Card: 50| Total Scrape: 50
2026-04-26 03:43:56,167 - WARNING - Warning: 'NoneType' object has no attribute 'getProperty'
2026-04-26 03:44:07,613 - WARNING - Warning: 'NoneType' object has no attribute 'getProperty'
2026-04-26 03:44:09,445 - WARNING - Warning: 'NoneType' object has no attribute 'getProperty'
2026-04-26 03:44:11,393 - WARNING - Warning: 'NoneType' object has no attribute 'getProperty'
2026-04-26 03:44:13,268 - WARNING - Warning: 'NoneType' object has no attribute 'getProperty'
2026-04-26 03:44:15,240 - WARNING - Warning: 'NoneType' object has no attribute 'getProperty'
2026-04-26 03:44:18,929 - WARNING - Warning: 'NoneType' object has no attribute 'getProperty'
2026-04-26 03:44:23,827 - WARNING - Warning: 'NoneType' object has no attribute 'getProperty'
2026-04-26 03:44:25,892 - WARNING - Warning: 'NoneType' object has no attribute 'getProperty'
2026-04-26 03:44:27,811 - WARNING - Warning: 'NoneType' object has no attribute 'getProperty'
2026-04-26 03:44:29,747 - WARNING - Warning: 'NoneType' object has no attribute 'getProperty'
2026-04-26 03:44:31,725 - WARNING - Warning: 'NoneType' object has no attribute 'getProperty'
2026-04-26 03:44:33,820 - WARNING - Warning: 'NoneType' object has no attribute 'getProperty'
2026-04-26 03:44:39,536 - WARNING - Warning: 'NoneType' object has no attribute 'getProperty'
2026-04-26 03:44:41,632 - WARNING - Warning: 'NoneType' object has no attribute 'getProperty'
2026-04-26 03:44:45,693 - WARNING - Warning: 'NoneType' object has no attribute 'getProperty'
2026-04-26 03:44:47,733 - WARNING - Warning: 'NoneType' object has no attribute 'getProperty'
2026-04-26 03:44:53,744 - WARNING - Warning: 'NoneType' object has no attribute 'getProperty'
2026-04-26 03:44:55,685 - WARNING - Warning: 'NoneType' object has no attribute 'getProperty'
2026-04-26 03:44:57,742 - WARNING - Warning: 'NoneType' object has no attribute 'getProperty'
2026-04-26 03:45:06,476 - WARNING - Warning: 'NoneType' object has no attribute 'getProperty'
2026-04-26 03:45:08,426 - WARNING - Warning: 'NoneType' object has no attribute 'getProperty'
2026-04-26 03:45:10,567 - WARNING - Warning: 'NoneType' object has no attribute 'getProperty'
2026-04-26 03:45:12,423 - WARNING - Warning: 'NoneType' object has no attribute 'getProperty'
2026-04-26 03:45:14,498 - WARNING - Warning: 'NoneType' object has no attribute 'getProperty'
2026-04-26 03:45:16,417 - WARNING - Warning: 'NoneType' object has no attribute 'getProperty'
2026-04-26 03:45:18,501 - WARNING - Warning: 'NoneType' object has no attribute 'getProperty'
2026-04-26 03:45:22,694 - WARNING - Warning: 'NoneType' object has no attribute 'getProperty'
2026-04-26 03:45:24,714 - WARNING - Warning: 'NoneType' object has no attribute 'getProperty'
2026-04-26 03:45:34,904 - INFO - End Page Analysis | Total Card: 50| Total Scrape: 50
2026-04-26 03:45:37,149 - INFO - End Full Analysis | Total Card: 250| Total Scrape: 250
2026-04-26 03:45:45,715 - WARNING - Warning: 'NoneType' object has no attribute 'getProperty'
2026-04-26 03:45:47,420 - WARNING - Warning: 'NoneType' object has no attribute 'getProperty'
2026-04-26 03:45:50,451 - WARNING - Warning: 'NoneType' object has no attribute 'getProperty'
2026-04-26 03:45:57,215 - WARNING - Warning: 'NoneType' object has no attribute 'getProperty'
2026-04-26 03:46:01,094 - WARNING - Warning: 'NoneType' object has no attribute 'getProperty'
2026-04-26 03:46:11,677 - WARNING - Warning: 'NoneType' object has no attribute 'getProperty'
2026-04-26 03:46:12,997 - WARNING - Warning: 'NoneType' object has no attribute 'getProperty'
2026-04-26 03:46:14,136 - WARNING - Warning: 'NoneType' object has no attribute 'getProperty'
2026-04-26 03:46:15,422 - WARNING - Warning: 'NoneType' object has no attribute 'getProperty'
2026-04-26 03:46:16,831 - WARNING - Warning: 'NoneType' object has no attribute 'getProperty'
2026-04-26 03:46:20,520 - WARNING - Warning: 'NoneType' object has no attribute 'getProperty'
2026-04-26 03:46:21,804 - WARNING - Warning: 'NoneType' object has no attribute 'getProperty'
2026-04-26 03:46:23,181 - WARNING - Warning: 'NoneType' object has no attribute 'getProperty'
2026-04-26 03:46:24,719 - WARNING - Warning: 'NoneType' object has no attribute 'getProperty'
2026-04-26 03:46:29,860 - WARNING - Warning: 'NoneType' object has no attribute 'getProperty'
2026-04-26 03:46:38,478 - WARNING - Warning: 'NoneType' object has no attribute 'getProperty'
2026-04-26 03:46:42,648 - WARNING - Warning: 'NoneType' object has no attribute 'getProperty'
2026-04-26 03:46:48,235 - WARNING - Warning: 'NoneType' object has no attribute 'getProperty'
2026-04-26 03:46:49,564 - WARNING - Warning: 'NoneType' object has no attribute 'getProperty'
2026-04-26 03:46:51,951 - WARNING - Warning: 'NoneType' object has no attribute 'getProperty'
2026-04-26 03:46:51,963 - INFO - End Page Analysis | Total Card: 50| Total Scrape: 50
2026-04-26 03:46:59,951 - WARNING - Warning: 'NoneType' object has no attribute 'getProperty'
2026-04-26 03:47:04,433 - WARNING - Warning: 'NoneType' object has no attribute 'getProperty'
2026-04-26 03:47:05,708 - WARNING - Warning: 'NoneType' object has no attribute 'getProperty'
2026-04-26 03:47:07,181 - WARNING - Warning: 'NoneType' object has no attribute 'getProperty'
2026-04-26 03:47:11,362 - WARNING - Warning: 'NoneType' object has no attribute 'getProperty'
2026-04-26 03:47:22,898 - WARNING - Warning: 'NoneType' object has no attribute 'getProperty'
2026-04-26 03:47:27,738 - WARNING - Warning: 'NoneType' object has no attribute 'getProperty'
2026-04-26 03:47:36,291 - WARNING - Warning: 'NoneType' object has no attribute 'getProperty'
2026-04-26 03:47:39,274 - WARNING - Warning: 'NoneType' object has no attribute 'getProperty'
2026-04-26 03:47:40,824 - WARNING - Warning: 'NoneType' object has no attribute 'getProperty'
2026-04-26 03:47:42,236 - WARNING - Warning: 'NoneType' object has no attribute 'getProperty'
2026-04-26 03:47:50,255 - WARNING - Warning: 'NoneType' object has no attribute 'getProperty'
2026-04-26 03:47:54,749 - WARNING - Warning: 'NoneType' object has no attribute 'getProperty'
2026-04-26 03:47:59,445 - WARNING - Warning: 'NoneType' object has no attribute 'getProperty'
2026-04-26 03:48:01,114 - WARNING - Warning: 'NoneType' object has no attribute 'getProperty'
2026-04-26 03:48:02,791 - WARNING - Warning: 'NoneType' object has no attribute 'getProperty'
2026-04-26 03:48:05,797 - WARNING - Warning: 'NoneType' object has no attribute 'getProperty'
2026-04-26 03:48:08,991 - WARNING - Warning: 'NoneType' object has no attribute 'getProperty'
2026-04-26 03:48:10,431 - INFO - End Page Analysis | Total Card: 50| Total Scrape: 50
2026-04-26 03:48:14,569 - WARNING - Warning: Unsupported relative time format
2026-04-26 03:48:16,091 - WARNING - Warning: 'NoneType' object has no attribute 'getProperty'
2026-04-26 03:48:22,292 - WARNING - Warning: 'NoneType' object has no attribute 'getProperty'
2026-04-26 03:48:27,547 - WARNING - Warning: 'NoneType' object has no attribute 'getProperty'
2026-04-26 03:48:29,274 - WARNING - Warning: 'NoneType' object has no attribute 'getProperty'
2026-04-26 03:48:30,804 - WARNING - Warning: 'NoneType' object has no attribute 'getProperty'
2026-04-26 03:48:35,690 - WARNING - Warning: 'NoneType' object has no attribute 'getProperty'
2026-04-26 03:48:37,332 - WARNING - Warning: 'NoneType' object has no attribute 'getProperty'
2026-04-26 03:48:38,828 - WARNING - Warning: 'NoneType' object has no attribute 'getProperty'
2026-04-26 03:48:47,123 - WARNING - Warning: 'NoneType' object has no attribute 'getProperty'
2026-04-26 03:48:49,010 - WARNING - Warning: 'NoneType' object has no attribute 'getProperty'
2026-04-26 03:48:50,623 - WARNING - Warning: 'NoneType' object has no attribute 'getProperty'
2026-04-26 03:48:52,124 - WARNING - Warning: 'NoneType' object has no attribute 'getProperty'
2026-04-26 03:48:55,348 - WARNING - Warning: 'NoneType' object has no attribute 'getProperty'
2026-04-26 03:48:57,012 - WARNING - Warning: 'NoneType' object has no attribute 'getProperty'
2026-04-26 03:49:00,190 - WARNING - Warning: 'NoneType' object has no attribute 'getProperty'
2026-04-26 03:49:01,685 - WARNING - Warning: 'NoneType' object has no attribute 'getProperty'
2026-04-26 03:49:09,477 - WARNING - Warning: 'NoneType' object has no attribute 'getProperty'
2026-04-26 03:49:11,183 - WARNING - Warning: 'NoneType' object has no attribute 'getProperty'
2026-04-26 03:49:13,165 - WARNING - Warning: 'NoneType' object has no attribute 'getProperty'
2026-04-26 03:49:14,915 - WARNING - Warning: 'NoneType' object has no attribute 'getProperty'
2026-04-26 03:49:16,698 - WARNING - Warning: 'NoneType' object has no attribute 'getProperty'
2026-04-26 03:49:18,401 - WARNING - Warning: 'NoneType' object has no attribute 'getProperty'
2026-04-26 03:49:20,178 - WARNING - Warning: 'NoneType' object has no attribute 'getProperty'
2026-04-26 03:49:21,784 - WARNING - Warning: 'NoneType' object has no attribute 'getProperty'
2026-04-26 03:49:30,476 - WARNING - Warning: 'NoneType' object has no attribute 'getProperty'
2026-04-26 03:49:32,194 - WARNING - Warning: 'NoneType' object has no attribute 'getProperty'
2026-04-26 03:49:35,757 - INFO - End Page Analysis | Total Card: 50| Total Scrape: 50
2026-04-26 03:49:41,760 - WARNING - Warning: 'NoneType' object has no attribute 'getProperty'
2026-04-26 03:49:46,674 - WARNING - Warning: 'NoneType' object has no attribute 'getProperty'
2026-04-26 03:49:46,680 - WARNING - Warning: Unsupported relative time format
2026-04-26 03:49:52,003 - WARNING - Warning: 'NoneType' object has no attribute 'getProperty'
2026-04-26 03:49:53,829 - WARNING - Warning: 'NoneType' object has no attribute 'getProperty'
2026-04-26 03:49:55,941 - WARNING - Warning: 'NoneType' object has no attribute 'getProperty'
2026-04-26 03:49:57,858 - WARNING - Warning: 'NoneType' object has no attribute 'getProperty'
2026-04-26 03:49:59,682 - WARNING - Warning: 'NoneType' object has no attribute 'getProperty'
2026-04-26 03:49:59,688 - WARNING - Warning: Unsupported relative time format
2026-04-26 03:50:01,527 - WARNING - Warning: 'NoneType' object has no attribute 'getProperty'
2026-04-26 03:50:03,310 - WARNING - Warning: 'NoneType' object has no attribute 'getProperty'
2026-04-26 03:50:06,790 - WARNING - Warning: 'NoneType' object has no attribute 'getProperty'
2026-04-26 03:50:11,113 - WARNING - Warning: 'NoneType' object has no attribute 'getProperty'
2026-04-26 03:50:12,988 - WARNING - Warning: 'NoneType' object has no attribute 'getProperty'
2026-04-26 03:50:14,695 - WARNING - Warning: Unsupported relative time format
2026-04-26 03:50:16,676 - WARNING - Warning: 'NoneType' object has no attribute 'getProperty'
2026-04-26 03:50:18,489 - WARNING - Warning: 'NoneType' object has no attribute 'getProperty'
2026-04-26 03:50:21,990 - WARNING - Warning: 'NoneType' object has no attribute 'getProperty'
2026-04-26 03:50:24,040 - WARNING - Warning: 'NoneType' object has no attribute 'getProperty'
2026-04-26 03:50:33,435 - WARNING - Warning: 'NoneType' object has no attribute 'getProperty'
2026-04-26 03:50:39,839 - WARNING - Warning: 'NoneType' object has no attribute 'getProperty'
2026-04-26 03:50:43,633 - WARNING - Warning: 'NoneType' object has no attribute 'getProperty'
2026-04-26 03:50:47,458 - WARNING - Warning: 'NoneType' object has no attribute 'getProperty'
2026-04-26 03:50:49,159 - WARNING - Warning: 'NoneType' object has no attribute 'getProperty'
2026-04-26 03:50:51,214 - WARNING - Warning: 'NoneType' object has no attribute 'getProperty'
2026-04-26 03:50:54,931 - WARNING - Warning: 'NoneType' object has no attribute 'getProperty'
2026-04-26 03:50:58,979 - WARNING - Warning: Unsupported relative time format
2026-04-26 03:51:00,978 - WARNING - Warning: 'NoneType' object has no attribute 'getProperty'
2026-04-26 03:51:02,997 - WARNING - Warning: 'NoneType' object has no attribute 'getProperty'
2026-04-26 03:51:05,183 - WARNING - Warning: 'NoneType' object has no attribute 'getProperty'
2026-04-26 03:51:15,567 - WARNING - Warning: 'NoneType' object has no attribute 'getProperty'
2026-04-26 03:51:17,530 - INFO - End Page Analysis | Total Card: 50| Total Scrape: 50
2026-04-26 03:51:24,523 - WARNING - Warning: Unsupported relative time format
2026-04-26 03:51:30,929 - WARNING - Warning: 'NoneType' object has no attribute 'getProperty'
2026-04-26 03:51:35,674 - WARNING - Warning: 'NoneType' object has no attribute 'getProperty'
2026-04-26 03:51:41,426 - WARNING - Warning: 'NoneType' object has no attribute 'getProperty'
2026-04-26 03:51:45,732 - WARNING - Warning: 'NoneType' object has no attribute 'getProperty'
2026-04-26 03:51:47,901 - WARNING - Warning: 'NoneType' object has no attribute 'getProperty'
2026-04-26 03:51:51,755 - WARNING - Warning: 'NoneType' object has no attribute 'getProperty'
2026-04-26 03:51:57,597 - WARNING - Warning: 'NoneType' object has no attribute 'getProperty'
2026-04-26 03:52:01,982 - WARNING - Warning: 'NoneType' object has no attribute 'getProperty'
2026-04-26 03:52:04,852 - WARNING - Warning: 'NoneType' object has no attribute 'getProperty'
2026-04-26 03:52:06,927 - WARNING - Warning: 'NoneType' object has no attribute 'getProperty'
2026-04-26 03:52:14,933 - WARNING - Warning: 'NoneType' object has no attribute 'getProperty'
2026-04-26 03:52:17,017 - WARNING - Warning: 'NoneType' object has no attribute 'getProperty'
2026-04-26 03:52:21,652 - WARNING - Warning: 'NoneType' object has no attribute 'getProperty'
2026-04-26 03:52:27,821 - WARNING - Warning: Unsupported relative time format
2026-04-26 03:52:30,049 - WARNING - Warning: 'NoneType' object has no attribute 'getProperty'
2026-04-26 03:52:34,294 - WARNING - Warning: 'NoneType' object has no attribute 'getProperty'
2026-04-26 03:52:39,469 - WARNING - Warning: 'NoneType' object has no attribute 'getProperty'
2026-04-26 03:52:46,154 - WARNING - Warning: 'NoneType' object has no attribute 'getProperty'
2026-04-26 03:52:48,394 - WARNING - Warning: 'NoneType' object has no attribute 'getProperty'
2026-04-26 03:53:03,737 - WARNING - Warning: 'NoneType' object has no attribute 'getProperty'
2026-04-26 03:53:08,040 - INFO - End Page Analysis | Total Card: 50| Total Scrape: 50
2026-04-26 03:53:10,315 - INFO - End Full Analysis | Total Card: 250| Total Scrape: 250
2026-04-26 03:53:22,010 - WARNING - Warning: 'NoneType' object has no attribute 'getProperty'
2026-04-26 03:53:23,217 - WARNING - Warning: 'NoneType' object has no attribute 'getProperty'
2026-04-26 03:53:27,021 - WARNING - Warning: 'NoneType' object has no attribute 'getProperty'
2026-04-26 03:53:35,103 - WARNING - Warning: 'NoneType' object has no attribute 'getProperty'
2026-04-26 03:53:39,043 - WARNING - Warning: 'NoneType' object has no attribute 'getProperty'
2026-04-26 03:53:46,247 - WARNING - Warning: 'NoneType' object has no attribute 'getProperty'
2026-04-26 03:53:48,999 - WARNING - Warning: 'NoneType' object has no attribute 'getProperty'
2026-04-26 03:53:58,260 - WARNING - Warning: 'NoneType' object has no attribute 'getProperty'
2026-04-26 03:53:59,424 - WARNING - Warning: 'NoneType' object has no attribute 'getProperty'
2026-04-26 03:54:15,506 - WARNING - Warning: 'NoneType' object has no attribute 'getProperty'
2026-04-26 03:54:22,615 - INFO - End Page Analysis | Total Card: 50| Total Scrape: 50
2026-04-26 03:54:27,878 - WARNING - Warning: 'NoneType' object has no attribute 'getProperty'
2026-04-26 03:54:35,571 - WARNING - Warning: 'NoneType' object has no attribute 'getProperty'
2026-04-26 03:54:38,246 - WARNING - Warning: 'NoneType' object has no attribute 'getProperty'
2026-04-26 03:54:39,458 - WARNING - Warning: 'NoneType' object has no attribute 'getProperty'
2026-04-26 03:54:46,653 - WARNING - Warning: 'NoneType' object has no attribute 'getProperty'
2026-04-26 03:54:58,098 - WARNING - Warning: 'NoneType' object has no attribute 'getProperty'
2026-04-26 03:55:00,880 - WARNING - Warning: 'NoneType' object has no attribute 'getProperty'
2026-04-26 03:55:17,614 - WARNING - Warning: 'NoneType' object has no attribute 'getProperty'
2026-04-26 03:55:30,921 - WARNING - Warning: 'NoneType' object has no attribute 'getProperty'
2026-04-26 03:55:32,484 - WARNING - Warning: 'NoneType' object has no attribute 'getProperty'
2026-04-26 03:55:41,689 - INFO - End Page Analysis | Total Card: 50| Total Scrape: 50
2026-04-26 03:55:54,802 - WARNING - Warning: 'NoneType' object has no attribute 'getProperty'
2026-04-26 03:55:58,140 - WARNING - Warning: 'NoneType' object has no attribute 'getProperty'
2026-04-26 03:56:01,434 - WARNING - Warning: 'NoneType' object has no attribute 'getProperty'
2026-04-26 03:56:18,123 - WARNING - Warning: 'NoneType' object has no attribute 'getProperty'
2026-04-26 03:56:20,045 - WARNING - Warning: 'NoneType' object has no attribute 'getProperty'
2026-04-26 03:56:21,582 - WARNING - Warning: 'NoneType' object has no attribute 'getProperty'
2026-04-26 03:56:31,864 - WARNING - Warning: 'NoneType' object has no attribute 'getProperty'
2026-04-26 03:56:34,957 - WARNING - Warning: 'NoneType' object has no attribute 'getProperty'
2026-04-26 03:56:38,452 - WARNING - Warning: 'NoneType' object has no attribute 'getProperty'
2026-04-26 03:56:46,697 - WARNING - Warning: 'NoneType' object has no attribute 'getProperty'
2026-04-26 03:56:59,057 - WARNING - Warning: 'NoneType' object has no attribute 'getProperty'
2026-04-26 03:57:01,156 - WARNING - Warning: 'NoneType' object has no attribute 'getProperty'
2026-04-26 03:57:02,869 - WARNING - Warning: 'NoneType' object has no attribute 'getProperty'
2026-04-26 03:57:04,642 - WARNING - Warning: 'NoneType' object has no attribute 'getProperty'
2026-04-26 03:57:06,246 - WARNING - Warning: 'NoneType' object has no attribute 'getProperty'
2026-04-26 03:57:08,213 - WARNING - Warning: 'NoneType' object has no attribute 'getProperty'
2026-04-26 03:57:09,996 - WARNING - Warning: 'NoneType' object has no attribute 'getProperty'
2026-04-26 03:57:10,006 - INFO - End Page Analysis | Total Card: 50| Total Scrape: 50
2026-04-26 03:57:14,883 - WARNING - Warning: 'NoneType' object has no attribute 'getProperty'
2026-04-26 03:57:29,758 - WARNING - Warning: 'NoneType' object has no attribute 'getProperty'
2026-04-26 03:57:31,555 - WARNING - Warning: 'NoneType' object has no attribute 'getProperty'
2026-04-26 03:57:36,979 - WARNING - Warning: 'NoneType' object has no attribute 'getProperty'
2026-04-26 03:57:38,726 - WARNING - Warning: 'NoneType' object has no attribute 'getProperty'
2026-04-26 03:57:40,966 - WARNING - Warning: 'NoneType' object has no attribute 'getProperty'
2026-04-26 03:57:48,392 - WARNING - Warning: 'NoneType' object has no attribute 'getProperty'
2026-04-26 03:57:50,176 - WARNING - Warning: 'NoneType' object has no attribute 'getProperty'
2026-04-26 03:57:52,026 - WARNING - Warning: Unsupported relative time format
2026-04-26 03:57:56,037 - WARNING - Warning: 'NoneType' object has no attribute 'getProperty'
2026-04-26 03:57:57,935 - WARNING - Warning: 'NoneType' object has no attribute 'getProperty'
2026-04-26 03:58:05,275 - WARNING - Warning: 'NoneType' object has no attribute 'getProperty'
2026-04-26 03:58:07,195 - WARNING - Warning: 'NoneType' object has no attribute 'getProperty'
2026-04-26 03:58:11,397 - WARNING - Warning: 'NoneType' object has no attribute 'getProperty'
2026-04-26 03:58:24,831 - WARNING - Warning: 'NoneType' object has no attribute 'getProperty'
2026-04-26 03:58:33,048 - WARNING - Warning: 'NoneType' object has no attribute 'getProperty'
2026-04-26 03:58:35,030 - WARNING - Warning: 'NoneType' object has no attribute 'getProperty'
2026-04-26 03:58:40,643 - WARNING - Warning: 'NoneType' object has no attribute 'getProperty'
2026-04-26 03:58:49,083 - WARNING - Warning: 'NoneType' object has no attribute 'getProperty'
2026-04-26 03:58:49,094 - INFO - End Page Analysis | Total Card: 50| Total Scrape: 50
2026-04-26 03:59:00,376 - WARNING - Warning: 'NoneType' object has no attribute 'getProperty'
2026-04-26 03:59:10,272 - WARNING - Warning: 'NoneType' object has no attribute 'getProperty'
2026-04-26 03:59:12,249 - WARNING - Warning: 'NoneType' object has no attribute 'getProperty'
2026-04-26 03:59:29,201 - WARNING - Warning: 'NoneType' object has no attribute 'getProperty'
2026-04-26 03:59:44,432 - WARNING - Warning: 'NoneType' object has no attribute 'getProperty'
2026-04-26 03:59:57,385 - WARNING - Warning: 'NoneType' object has no attribute 'getProperty'
2026-04-26 04:00:10,470 - WARNING - Warning: 'NoneType' object has no attribute 'getProperty'
2026-04-26 04:00:14,650 - WARNING - Warning: 'NoneType' object has no attribute 'getProperty'
2026-04-26 04:00:25,868 - WARNING - Warning: 'NoneType' object has no attribute 'getProperty'
2026-04-26 04:00:25,875 - WARNING - Warning: Unsupported relative time format
2026-04-26 04:00:32,454 - WARNING - Warning: 'NoneType' object has no attribute 'getProperty'
2026-04-26 04:00:39,031 - WARNING - Warning: 'NoneType' object has no attribute 'getProperty'
2026-04-26 04:00:39,075 - INFO - End Page Analysis | Total Card: 50| Total Scrape: 50
2026-04-26 04:00:41,714 - INFO - End Full Analysis | Total Card: 250| Total Scrape: 250
2026-04-26 04:00:50,898 - WARNING - Warning: 'NoneType' object has no attribute 'getProperty'
2026-04-26 04:00:53,687 - WARNING - Warning: 'NoneType' object has no attribute 'getProperty'
2026-04-26 04:00:59,392 - WARNING - Warning: 'NoneType' object has no attribute 'getProperty'
2026-04-26 04:01:01,010 - WARNING - Warning: 'NoneType' object has no attribute 'getProperty'
2026-04-26 04:01:03,924 - WARNING - Warning: 'NoneType' object has no attribute 'getProperty'
2026-04-26 04:01:05,356 - WARNING - Warning: 'NoneType' object has no attribute 'getProperty'
2026-04-26 04:01:06,766 - WARNING - Warning: 'NoneType' object has no attribute 'getProperty'
2026-04-26 04:01:15,343 - WARNING - Warning: 'NoneType' object has no attribute 'getProperty'
2026-04-26 04:01:18,602 - WARNING - Warning: 'NoneType' object has no attribute 'getProperty'
2026-04-26 04:01:20,218 - WARNING - Warning: 'NoneType' object has no attribute 'getProperty'
2026-04-26 04:01:24,296 - WARNING - Warning: 'NoneType' object has no attribute 'getProperty'
2026-04-26 04:01:29,859 - WARNING - Warning: 'NoneType' object has no attribute 'getProperty'
2026-04-26 04:01:32,765 - WARNING - Warning: 'NoneType' object has no attribute 'getProperty'
2026-04-26 04:01:39,896 - WARNING - Warning: 'NoneType' object has no attribute 'getProperty'
2026-04-26 04:01:46,728 - WARNING - Warning: 'NoneType' object has no attribute 'getProperty'
2026-04-26 04:01:51,082 - WARNING - Warning: 'NoneType' object has no attribute 'getProperty'
2026-04-26 04:01:52,291 - WARNING - Warning: 'NoneType' object has no attribute 'getProperty'
2026-04-26 04:01:59,653 - WARNING - Warning: 'NoneType' object has no attribute 'getProperty'
2026-04-26 04:01:59,666 - INFO - End Page Analysis | Total Card: 50| Total Scrape: 50
2026-04-26 04:02:03,765 - WARNING - Warning: 'NoneType' object has no attribute 'getProperty'
2026-04-26 04:02:06,670 - WARNING - Warning: 'NoneType' object has no attribute 'getProperty'
2026-04-26 04:02:09,141 - WARNING - Warning: 'NoneType' object has no attribute 'getProperty'
2026-04-26 04:02:10,914 - WARNING - Warning: 'NoneType' object has no attribute 'getProperty'
2026-04-26 04:02:14,045 - WARNING - Warning: 'NoneType' object has no attribute 'getProperty'
2026-04-26 04:02:15,251 - WARNING - Warning: 'NoneType' object has no attribute 'getProperty'
2026-04-26 04:02:26,208 - WARNING - Warning: 'NoneType' object has no attribute 'getProperty'
2026-04-26 04:02:29,590 - WARNING - Warning: 'NoneType' object has no attribute 'getProperty'
2026-04-26 04:02:47,597 - WARNING - Warning: 'NoneType' object has no attribute 'getProperty'
2026-04-26 04:02:50,621 - WARNING - Warning: 'NoneType' object has no attribute 'getProperty'
2026-04-26 04:02:53,765 - WARNING - Warning: 'NoneType' object has no attribute 'getProperty'
2026-04-26 04:03:02,096 - WARNING - Warning: 'NoneType' object has no attribute 'getProperty'
2026-04-26 04:03:03,467 - WARNING - Warning: 'NoneType' object has no attribute 'getProperty'
2026-04-26 04:03:05,209 - WARNING - Warning: 'NoneType' object has no attribute 'getProperty'
2026-04-26 04:03:06,698 - WARNING - Warning: 'NoneType' object has no attribute 'getProperty'
2026-04-26 04:03:08,112 - WARNING - Warning: 'NoneType' object has no attribute 'getProperty'
2026-04-26 04:03:09,622 - WARNING - Warning: 'NoneType' object has no attribute 'getProperty'
2026-04-26 04:03:20,768 - INFO - End Page Analysis | Total Card: 50| Total Scrape: 50
2026-04-26 04:03:24,821 - WARNING - Warning: 'NoneType' object has no attribute 'getProperty'
2026-04-26 04:03:31,392 - WARNING - Warning: 'NoneType' object has no attribute 'getProperty'
2026-04-26 04:03:36,391 - WARNING - Warning: 'NoneType' object has no attribute 'getProperty'
2026-04-26 04:03:37,926 - WARNING - Warning: 'NoneType' object has no attribute 'getProperty'
2026-04-26 04:03:46,058 - WARNING - Warning: 'NoneType' object has no attribute 'getProperty'
2026-04-26 04:03:47,766 - WARNING - Warning: 'NoneType' object has no attribute 'getProperty'
2026-04-26 04:03:49,351 - WARNING - Warning: 'NoneType' object has no attribute 'getProperty'
2026-04-26 04:03:52,392 - WARNING - Warning: 'NoneType' object has no attribute 'getProperty'
2026-04-26 04:03:54,108 - WARNING - Warning: 'NoneType' object has no attribute 'getProperty'
2026-04-26 04:03:55,676 - WARNING - Warning: 'NoneType' object has no attribute 'getProperty'
2026-04-26 04:04:00,631 - WARNING - Warning: 'NoneType' object has no attribute 'getProperty'
2026-04-26 04:04:06,083 - WARNING - Warning: 'NoneType' object has no attribute 'getProperty'
2026-04-26 04:04:10,806 - WARNING - Warning: 'NoneType' object has no attribute 'getProperty'
2026-04-26 04:04:12,520 - WARNING - Warning: 'NoneType' object has no attribute 'getProperty'
2026-04-26 04:04:14,075 - WARNING - Warning: Unsupported relative time format
2026-04-26 04:04:15,946 - WARNING - Warning: 'NoneType' object has no attribute 'getProperty'
2026-04-26 04:04:27,531 - WARNING - Warning: 'NoneType' object has no attribute 'getProperty'
2026-04-26 04:04:35,945 - WARNING - Warning: 'NoneType' object has no attribute 'getProperty'
2026-04-26 04:04:37,519 - WARNING - Warning: 'NoneType' object has no attribute 'getProperty'
2026-04-26 04:04:41,146 - WARNING - Warning: 'NoneType' object has no attribute 'getProperty'
2026-04-26 04:04:46,654 - WARNING - Warning: 'NoneType' object has no attribute 'getProperty'
2026-04-26 04:04:46,665 - INFO - End Page Analysis | Total Card: 50| Total Scrape: 50
2026-04-26 04:04:51,150 - WARNING - Warning: 'NoneType' object has no attribute 'getProperty'
2026-04-26 04:04:54,735 - WARNING - Warning: 'NoneType' object has no attribute 'getProperty'
2026-04-26 04:04:58,299 - WARNING - Warning: 'NoneType' object has no attribute 'getProperty'
2026-04-26 04:05:00,206 - WARNING - Warning: 'NoneType' object has no attribute 'getProperty'
2026-04-26 04:05:02,592 - WARNING - Warning: 'NoneType' object has no attribute 'getProperty'
2026-04-26 04:05:04,716 - WARNING - Warning: 'NoneType' object has no attribute 'getProperty'
2026-04-26 04:05:06,647 - WARNING - Warning: 'NoneType' object has no attribute 'getProperty'
2026-04-26 04:05:08,475 - WARNING - Warning: 'NoneType' object has no attribute 'getProperty'
2026-04-26 04:05:10,154 - WARNING - Warning: Unsupported relative time format
2026-04-26 04:05:17,540 - WARNING - Warning: 'NoneType' object has no attribute 'getProperty'
2026-04-26 04:05:22,818 - WARNING - Warning: 'NoneType' object has no attribute 'getProperty'
2026-04-26 04:05:26,525 - WARNING - Warning: 'NoneType' object has no attribute 'getProperty'
2026-04-26 04:05:33,816 - WARNING - Warning: 'NoneType' object has no attribute 'getProperty'
2026-04-26 04:05:39,601 - WARNING - Warning: 'NoneType' object has no attribute 'getProperty'
2026-04-26 04:05:43,337 - WARNING - Warning: 'NoneType' object has no attribute 'getProperty'
2026-04-26 04:05:45,138 - WARNING - Warning: 'NoneType' object has no attribute 'getProperty'
2026-04-26 04:05:48,778 - WARNING - Warning: 'NoneType' object has no attribute 'getProperty'
2026-04-26 04:05:52,443 - WARNING - Warning: 'NoneType' object has no attribute 'getProperty'
2026-04-26 04:05:56,322 - WARNING - Warning: 'NoneType' object has no attribute 'getProperty'
2026-04-26 04:06:06,059 - WARNING - Warning: 'NoneType' object has no attribute 'getProperty'
2026-04-26 04:06:08,038 - WARNING - Warning: 'NoneType' object has no attribute 'getProperty'
2026-04-26 04:06:09,880 - WARNING - Warning: 'NoneType' object has no attribute 'getProperty'
2026-04-26 04:06:13,712 - WARNING - Warning: 'NoneType' object has no attribute 'getProperty'
2026-04-26 04:06:17,771 - WARNING - Warning: 'NoneType' object has no attribute 'getProperty'
2026-04-26 04:06:23,612 - INFO - End Page Analysis | Total Card: 50| Total Scrape: 50
2026-04-26 04:06:29,403 - WARNING - Warning: 'NoneType' object has no attribute 'getProperty'
2026-04-26 04:06:33,861 - WARNING - Warning: 'NoneType' object has no attribute 'getProperty'
2026-04-26 04:06:39,945 - WARNING - Warning: 'NoneType' object has no attribute 'getProperty'
2026-04-26 04:06:48,906 - WARNING - Warning: 'NoneType' object has no attribute 'getProperty'
2026-04-26 04:06:54,795 - WARNING - Warning: 'NoneType' object has no attribute 'getProperty'
2026-04-26 04:07:05,209 - WARNING - Warning: 'NoneType' object has no attribute 'getProperty'
2026-04-26 04:07:20,122 - WARNING - Warning: Unsupported relative time format
2026-04-26 04:07:24,510 - WARNING - Warning: 'NoneType' object has no attribute 'getProperty'
2026-04-26 04:07:26,586 - WARNING - Warning: 'NoneType' object has no attribute 'getProperty'
2026-04-26 04:07:30,968 - WARNING - Warning: 'NoneType' object has no attribute 'getProperty'
2026-04-26 04:07:37,806 - WARNING - Warning: 'NoneType' object has no attribute 'getProperty'
2026-04-26 04:07:39,818 - WARNING - Warning: 'NoneType' object has no attribute 'getProperty'
2026-04-26 04:07:44,025 - WARNING - Warning: 'NoneType' object has no attribute 'getProperty'
2026-04-26 04:07:46,093 - WARNING - Warning: 'NoneType' object has no attribute 'getProperty'
2026-04-26 04:07:52,540 - WARNING - Warning: 'NoneType' object has no attribute 'getProperty'
2026-04-26 04:07:54,891 - WARNING - Warning: 'NoneType' object has no attribute 'getProperty'
2026-04-26 04:08:01,674 - WARNING - Warning: 'NoneType' object has no attribute 'getProperty'
2026-04-26 04:08:08,229 - WARNING - Warning: 'NoneType' object has no attribute 'getProperty'
2026-04-26 04:08:10,396 - WARNING - Warning: 'NoneType' object has no attribute 'getProperty'
2026-04-26 04:08:12,534 - WARNING - Warning: 'NoneType' object has no attribute 'getProperty'
2026-04-26 04:08:14,842 - INFO - End Page Analysis | Total Card: 50| Total Scrape: 50
2026-04-26 04:08:17,099 - INFO - End Full Analysis | Total Card: 250| Total Scrape: 250
2026-04-26 04:08:29,895 - WARNING - Warning: 'NoneType' object has no attribute 'getProperty'
2026-04-26 04:08:34,327 - WARNING - Warning: 'NoneType' object has no attribute 'getProperty'
2026-04-26 04:08:44,745 - WARNING - Warning: 'NoneType' object has no attribute 'getProperty'
2026-04-26 04:08:48,989 - WARNING - Warning: 'NoneType' object has no attribute 'getProperty'
2026-04-26 04:08:50,436 - WARNING - Warning: 'NoneType' object has no attribute 'getProperty'
2026-04-26 04:08:52,088 - WARNING - Warning: 'NoneType' object has no attribute 'getProperty'
2026-04-26 04:08:52,092 - WARNING - Warning: Unsupported relative time format
2026-04-26 04:09:05,606 - WARNING - Warning: 'NoneType' object has no attribute 'getProperty'
2026-04-26 04:09:11,202 - WARNING - Warning: 'NoneType' object has no attribute 'getProperty'
2026-04-26 04:09:12,480 - WARNING - Warning: 'NoneType' object has no attribute 'getProperty'
2026-04-26 04:09:13,901 - WARNING - Warning: 'NoneType' object has no attribute 'getProperty'
2026-04-26 04:09:21,917 - WARNING - Warning: 'NoneType' object has no attribute 'getProperty'
2026-04-26 04:09:31,662 - WARNING - Warning: 'NoneType' object has no attribute 'getProperty'
2026-04-26 04:09:33,049 - WARNING - Warning: 'NoneType' object has no attribute 'getProperty'
2026-04-26 04:09:34,283 - WARNING - Warning: 'NoneType' object has no attribute 'getProperty'
2026-04-26 04:09:35,742 - INFO - End Page Analysis | Total Card: 50| Total Scrape: 50
2026-04-26 04:09:41,414 - WARNING - Warning: 'NoneType' object has no attribute 'getProperty'
2026-04-26 04:09:42,693 - WARNING - Warning: 'NoneType' object has no attribute 'getProperty'
2026-04-26 04:09:44,327 - WARNING - Warning: 'NoneType' object has no attribute 'getProperty'
2026-04-26 04:09:47,306 - WARNING - Warning: 'NoneType' object has no attribute 'getProperty'
2026-04-26 04:09:48,961 - WARNING - Warning: 'NoneType' object has no attribute 'getProperty'
2026-04-26 04:09:54,745 - WARNING - Warning: 'NoneType' object has no attribute 'getProperty'
2026-04-26 04:09:57,645 - WARNING - Warning: 'NoneType' object has no attribute 'getProperty'
2026-04-26 04:09:59,109 - WARNING - Warning: 'NoneType' object has no attribute 'getProperty'
2026-04-26 04:10:00,418 - WARNING - Warning: 'NoneType' object has no attribute 'getProperty'
2026-04-26 04:10:14,560 - WARNING - Warning: 'NoneType' object has no attribute 'getProperty'
2026-04-26 04:10:22,186 - WARNING - Warning: 'NoneType' object has no attribute 'getProperty'
2026-04-26 04:10:23,971 - WARNING - Warning: 'NoneType' object has no attribute 'getProperty'
2026-04-26 04:10:25,686 - WARNING - Warning: 'NoneType' object has no attribute 'getProperty'
2026-04-26 04:10:29,264 - WARNING - Warning: 'NoneType' object has no attribute 'getProperty'
2026-04-26 04:10:30,873 - WARNING - Warning: 'NoneType' object has no attribute 'getProperty'
2026-04-26 04:10:32,317 - WARNING - Warning: 'NoneType' object has no attribute 'getProperty'
2026-04-26 04:10:34,020 - WARNING - Warning: 'NoneType' object has no attribute 'getProperty'
2026-04-26 04:10:35,834 - WARNING - Warning: 'NoneType' object has no attribute 'getProperty'
2026-04-26 04:10:40,323 - WARNING - Warning: 'NoneType' object has no attribute 'getProperty'
2026-04-26 04:10:41,994 - WARNING - Warning: 'NoneType' object has no attribute 'getProperty'
2026-04-26 04:10:44,110 - WARNING - Warning: 'NoneType' object has no attribute 'getProperty'
2026-04-26 04:10:45,518 - WARNING - Warning: 'NoneType' object has no attribute 'getProperty'
2026-04-26 04:10:51,718 - WARNING - Warning: 'NoneType' object has no attribute 'getProperty'
2026-04-26 04:10:55,285 - INFO - End Page Analysis | Total Card: 50| Total Scrape: 50
2026-04-26 04:11:01,378 - WARNING - Warning: 'NoneType' object has no attribute 'getProperty'
2026-04-26 04:11:07,757 - WARNING - Warning: 'NoneType' object has no attribute 'getProperty'
2026-04-26 04:11:14,206 - WARNING - Warning: 'NoneType' object has no attribute 'getProperty'
2026-04-26 04:11:15,859 - WARNING - Warning: 'NoneType' object has no attribute 'getProperty'
2026-04-26 04:11:20,940 - WARNING - Warning: 'NoneType' object has no attribute 'getProperty'
2026-04-26 04:11:25,923 - WARNING - Warning: 'NoneType' object has no attribute 'getProperty'
2026-04-26 04:11:29,715 - WARNING - Warning: 'NoneType' object has no attribute 'getProperty'
2026-04-26 04:11:34,656 - WARNING - Warning: 'NoneType' object has no attribute 'getProperty'
2026-04-26 04:11:43,365 - WARNING - Warning: 'NoneType' object has no attribute 'getProperty'
2026-04-26 04:11:44,978 - WARNING - Warning: 'NoneType' object has no attribute 'getProperty'
2026-04-26 04:11:46,536 - WARNING - Warning: 'NoneType' object has no attribute 'getProperty'
2026-04-26 04:11:49,889 - WARNING - Warning: 'NoneType' object has no attribute 'getProperty'
2026-04-26 04:11:53,190 - WARNING - Warning: 'NoneType' object has no attribute 'getProperty'
2026-04-26 04:11:54,936 - WARNING - Warning: 'NoneType' object has no attribute 'getProperty'
2026-04-26 04:11:56,543 - WARNING - Warning: 'NoneType' object has no attribute 'getProperty'
2026-04-26 04:11:58,211 - WARNING - Warning: 'NoneType' object has no attribute 'getProperty'
2026-04-26 04:11:59,986 - WARNING - Warning: 'NoneType' object has no attribute 'getProperty'
2026-04-26 04:12:07,473 - WARNING - Warning: 'NoneType' object has no attribute 'getProperty'
2026-04-26 04:12:11,282 - WARNING - Warning: 'NoneType' object has no attribute 'getProperty'
2026-04-26 04:12:12,923 - WARNING - Warning: 'NoneType' object has no attribute 'getProperty'
2026-04-26 04:12:14,897 - WARNING - Warning: 'NoneType' object has no attribute 'getProperty'
2026-04-26 04:12:21,997 - WARNING - Warning: 'NoneType' object has no attribute 'getProperty'
2026-04-26 04:12:23,793 - WARNING - Warning: 'NoneType' object has no attribute 'getProperty'
2026-04-26 04:12:23,805 - INFO - End Page Analysis | Total Card: 50| Total Scrape: 50
2026-04-26 04:12:28,865 - WARNING - Warning: 'NoneType' object has no attribute 'getProperty'
2026-04-26 04:12:30,836 - WARNING - Warning: 'NoneType' object has no attribute 'getProperty'
2026-04-26 04:12:34,480 - WARNING - Warning: 'NoneType' object has no attribute 'getProperty'
2026-04-26 04:12:37,932 - WARNING - Warning: 'NoneType' object has no attribute 'getProperty'
2026-04-26 04:12:39,791 - WARNING - Warning: 'NoneType' object has no attribute 'getProperty'
2026-04-26 04:12:41,999 - WARNING - Warning: 'NoneType' object has no attribute 'getProperty'
2026-04-26 04:12:49,275 - WARNING - Warning: 'NoneType' object has no attribute 'getProperty'
2026-04-26 04:12:52,859 - WARNING - Warning: 'NoneType' object has no attribute 'getProperty'
2026-04-26 04:13:00,544 - WARNING - Warning: 'NoneType' object has no attribute 'getProperty'
2026-04-26 04:13:04,385 - WARNING - Warning: 'NoneType' object has no attribute 'getProperty'
2026-04-26 04:13:06,685 - WARNING - Warning: 'NoneType' object has no attribute 'getProperty'
2026-04-26 04:13:12,647 - WARNING - Warning: 'NoneType' object has no attribute 'getProperty'
2026-04-26 04:13:14,708 - WARNING - Warning: 'NoneType' object has no attribute 'getProperty'
2026-04-26 04:13:16,544 - WARNING - Warning: 'NoneType' object has no attribute 'getProperty'
2026-04-26 04:13:20,290 - WARNING - Warning: 'NoneType' object has no attribute 'getProperty'
2026-04-26 04:13:24,079 - WARNING - Warning: 'NoneType' object has no attribute 'getProperty'
2026-04-26 04:13:25,994 - WARNING - Warning: 'NoneType' object has no attribute 'getProperty'
2026-04-26 04:13:27,950 - WARNING - Warning: 'NoneType' object has no attribute 'getProperty'
2026-04-26 04:13:30,231 - WARNING - Warning: 'NoneType' object has no attribute 'getProperty'
2026-04-26 04:13:32,111 - WARNING - Warning: 'NoneType' object has no attribute 'getProperty'
2026-04-26 04:13:34,138 - WARNING - Warning: 'NoneType' object has no attribute 'getProperty'
2026-04-26 04:13:35,983 - WARNING - Warning: 'NoneType' object has no attribute 'getProperty'
2026-04-26 04:13:39,817 - WARNING - Warning: 'NoneType' object has no attribute 'getProperty'
2026-04-26 04:13:41,520 - WARNING - Warning: 'NoneType' object has no attribute 'getProperty'
2026-04-26 04:13:43,513 - WARNING - Warning: 'NoneType' object has no attribute 'getProperty'
2026-04-26 04:13:45,395 - WARNING - Warning: 'NoneType' object has no attribute 'getProperty'
2026-04-26 04:13:49,796 - WARNING - Warning: 'NoneType' object has no attribute 'getProperty'
2026-04-26 04:13:51,849 - WARNING - Warning: 'NoneType' object has no attribute 'getProperty'
2026-04-26 04:13:55,330 - WARNING - Warning: 'NoneType' object has no attribute 'getProperty'
2026-04-26 04:13:57,236 - WARNING - Warning: 'NoneType' object has no attribute 'getProperty'
2026-04-26 04:13:59,169 - WARNING - Warning: 'NoneType' object has no attribute 'getProperty'
2026-04-26 04:14:01,189 - WARNING - Warning: 'NoneType' object has no attribute 'getProperty'
2026-04-26 04:14:03,354 - WARNING - Warning: 'NoneType' object has no attribute 'getProperty'
2026-04-26 04:14:03,543 - INFO - End Page Analysis | Total Card: 50| Total Scrape: 50
2026-04-26 04:14:08,765 - WARNING - Warning: 'NoneType' object has no attribute 'getProperty'
2026-04-26 04:14:10,689 - WARNING - Warning: 'NoneType' object has no attribute 'getProperty'
2026-04-26 04:14:12,645 - WARNING - Warning: 'NoneType' object has no attribute 'getProperty'
2026-04-26 04:14:16,666 - WARNING - Warning: 'NoneType' object has no attribute 'getProperty'
2026-04-26 04:14:25,190 - WARNING - Warning: 'NoneType' object has no attribute 'getProperty'
2026-04-26 04:14:27,149 - WARNING - Warning: 'NoneType' object has no attribute 'getProperty'
2026-04-26 04:14:30,925 - WARNING - Warning: 'NoneType' object has no attribute 'getProperty'
2026-04-26 04:14:37,478 - WARNING - Warning: 'NoneType' object has no attribute 'getProperty'
2026-04-26 04:14:39,440 - WARNING - Warning: 'NoneType' object has no attribute 'getProperty'
2026-04-26 04:14:47,942 - WARNING - Warning: 'NoneType' object has no attribute 'getProperty'
2026-04-26 04:14:56,615 - WARNING - Warning: 'NoneType' object has no attribute 'getProperty'
2026-04-26 04:14:58,553 - WARNING - Warning: 'NoneType' object has no attribute 'getProperty'
2026-04-26 04:15:03,010 - WARNING - Warning: 'NoneType' object has no attribute 'getProperty'
2026-04-26 04:15:05,248 - WARNING - Warning: 'NoneType' object has no attribute 'getProperty'
2026-04-26 04:15:14,064 - WARNING - Warning: 'NoneType' object has no attribute 'getProperty'
2026-04-26 04:15:16,191 - WARNING - Warning: 'NoneType' object has no attribute 'getProperty'
2026-04-26 04:15:19,041 - WARNING - Warning: 'NoneType' object has no attribute 'getProperty'
2026-04-26 04:15:25,748 - WARNING - Warning: 'NoneType' object has no attribute 'getProperty'
2026-04-26 04:15:32,325 - WARNING - Warning: 'NoneType' object has no attribute 'getProperty'
2026-04-26 04:15:45,886 - WARNING - Warning: 'NoneType' object has no attribute 'getProperty'
2026-04-26 04:15:48,129 - WARNING - Warning: 'NoneType' object has no attribute 'getProperty'
2026-04-26 04:15:52,605 - WARNING - Warning: 'NoneType' object has no attribute 'getProperty'
2026-04-26 04:15:54,808 - INFO - End Page Analysis | Total Card: 50| Total Scrape: 50
2026-04-26 04:15:57,027 - INFO - End Full Analysis | Total Card: 250| Total Scrape: 250
2026-04-26 04:15:57,027 - INFO - terminate chrome process...
2026-04-26 04:15:58,400 - INFO - CSV written successfully
2026-04-26 04:15:58,400 - INFO - Wrote CSV with 1250 rows to /home/runner/work/Skillsgauge/Skillsgauge/bronze_datasets/JS/js_2026_04_26.csv
2026-04-26 04:15:58,401 - INFO - Scrapper Ended successfully
