2025-09-14 01:56:29,102 - INFO - Scraper started
2025-09-14 01:56:55,957 - INFO - Browser listening on: ws://127.0.0.1:56161/devtools/browser/8e0ead65-87a3-4587-98e5-ac2299564726
2025-09-14 01:57:10,833 - WARNING - Warning: 'NoneType' object has no attribute 'getProperty'
2025-09-14 01:57:15,251 - WARNING - Warning: 'NoneType' object has no attribute 'getProperty'
2025-09-14 01:57:17,068 - WARNING - Warning: 'NoneType' object has no attribute 'getProperty'
2025-09-14 01:57:18,635 - WARNING - Warning: 'NoneType' object has no attribute 'getProperty'
2025-09-14 01:57:20,478 - WARNING - Warning: 'NoneType' object has no attribute 'getProperty'
2025-09-14 01:57:28,957 - WARNING - Warning: 'NoneType' object has no attribute 'getProperty'
2025-09-14 01:57:34,031 - WARNING - Warning: 'NoneType' object has no attribute 'getProperty'
2025-09-14 01:57:35,456 - WARNING - Warning: 'NoneType' object has no attribute 'getProperty'
2025-09-14 01:57:37,190 - WARNING - Warning: 'NoneType' object has no attribute 'getProperty'
2025-09-14 01:57:43,590 - WARNING - Warning: 'NoneType' object has no attribute 'getProperty'
2025-09-14 01:57:49,411 - WARNING - Warning: 'NoneType' object has no attribute 'getProperty'
2025-09-14 01:57:50,722 - WARNING - Warning: 'NoneType' object has no attribute 'getProperty'
2025-09-14 01:57:52,053 - WARNING - Warning: 'NoneType' object has no attribute 'getProperty'
2025-09-14 01:57:53,393 - WARNING - Warning: 'NoneType' object has no attribute 'getProperty'
2025-09-14 01:57:54,547 - WARNING - Warning: 'NoneType' object has no attribute 'getProperty'
2025-09-14 01:57:57,201 - WARNING - Warning: 'NoneType' object has no attribute 'getProperty'
2025-09-14 01:57:58,596 - WARNING - Warning: 'NoneType' object has no attribute 'getProperty'
2025-09-14 01:57:58,606 - INFO - End Page Analysis | Total Card: 32| Total Scrape: 32
2025-09-14 01:58:01,852 - WARNING - Warning: 'NoneType' object has no attribute 'getProperty'
2025-09-14 01:58:05,118 - WARNING - Warning: 'NoneType' object has no attribute 'getProperty'
2025-09-14 01:58:06,205 - WARNING - Warning: 'NoneType' object has no attribute 'getProperty'
2025-09-14 01:58:07,260 - WARNING - Warning: 'NoneType' object has no attribute 'getProperty'
2025-09-14 01:58:08,327 - WARNING - Warning: 'NoneType' object has no attribute 'getProperty'
2025-09-14 01:58:13,741 - WARNING - Warning: 'NoneType' object has no attribute 'getProperty'
2025-09-14 01:58:17,071 - WARNING - Warning: 'NoneType' object has no attribute 'getProperty'
2025-09-14 01:58:18,162 - WARNING - Warning: 'NoneType' object has no attribute 'getProperty'
2025-09-14 01:58:19,300 - WARNING - Warning: 'NoneType' object has no attribute 'getProperty'
2025-09-14 01:58:24,031 - WARNING - Warning: 'NoneType' object has no attribute 'getProperty'
2025-09-14 01:58:28,509 - WARNING - Warning: 'NoneType' object has no attribute 'getProperty'
2025-09-14 01:58:29,623 - WARNING - Warning: 'NoneType' object has no attribute 'getProperty'
2025-09-14 01:58:30,745 - WARNING - Warning: 'NoneType' object has no attribute 'getProperty'
2025-09-14 01:58:31,862 - WARNING - Warning: 'NoneType' object has no attribute 'getProperty'
2025-09-14 01:58:33,007 - WARNING - Warning: 'NoneType' object has no attribute 'getProperty'
2025-09-14 01:58:35,318 - WARNING - Warning: 'NoneType' object has no attribute 'getProperty'
2025-09-14 01:58:36,508 - WARNING - Warning: 'NoneType' object has no attribute 'getProperty'
2025-09-14 01:58:36,522 - INFO - End Page Analysis | Total Card: 32| Total Scrape: 32
2025-09-14 01:58:40,085 - WARNING - Warning: 'NoneType' object has no attribute 'getProperty'
2025-09-14 01:58:41,437 - WARNING - Warning: 'NoneType' object has no attribute 'getProperty'
2025-09-14 01:58:49,471 - WARNING - Warning: 'NoneType' object has no attribute 'getProperty'
2025-09-14 01:58:50,913 - WARNING - Warning: 'NoneType' object has no attribute 'getProperty'
2025-09-14 01:58:52,302 - WARNING - Warning: 'NoneType' object has no attribute 'getProperty'
2025-09-14 01:58:54,101 - WARNING - Warning: 'NoneType' object has no attribute 'getProperty'
2025-09-14 01:58:55,719 - WARNING - Warning: 'NoneType' object has no attribute 'getProperty'
2025-09-14 01:58:59,433 - WARNING - Warning: 'NoneType' object has no attribute 'getProperty'
2025-09-14 01:59:03,902 - WARNING - Warning: 'NoneType' object has no attribute 'getProperty'
2025-09-14 01:59:05,338 - WARNING - Warning: 'NoneType' object has no attribute 'getProperty'
2025-09-14 01:59:09,766 - WARNING - Warning: 'NoneType' object has no attribute 'getProperty'
2025-09-14 01:59:13,528 - WARNING - Warning: 'NoneType' object has no attribute 'getProperty'
2025-09-14 01:59:19,934 - WARNING - Warning: 'NoneType' object has no attribute 'getProperty'
2025-09-14 01:59:21,378 - WARNING - Warning: 'NoneType' object has no attribute 'getProperty'
2025-09-14 01:59:23,075 - WARNING - Warning: 'NoneType' object has no attribute 'getProperty'
2025-09-14 01:59:27,942 - WARNING - Warning: 'NoneType' object has no attribute 'getProperty'
2025-09-14 01:59:29,958 - WARNING - Warning: 'NoneType' object has no attribute 'getProperty'
2025-09-14 01:59:29,968 - INFO - End Page Analysis | Total Card: 32| Total Scrape: 32
2025-09-14 01:59:38,651 - WARNING - Warning: 'NoneType' object has no attribute 'getProperty'
2025-09-14 01:59:40,191 - WARNING - Warning: 'NoneType' object has no attribute 'getProperty'
2025-09-14 01:59:42,352 - WARNING - Warning: 'NoneType' object has no attribute 'getProperty'
2025-09-14 01:59:44,085 - WARNING - Warning: 'NoneType' object has no attribute 'getProperty'
2025-09-14 01:59:45,635 - WARNING - Warning: 'NoneType' object has no attribute 'getProperty'
2025-09-14 01:59:47,114 - WARNING - Warning: 'NoneType' object has no attribute 'getProperty'
2025-09-14 01:59:52,010 - WARNING - Warning: 'NoneType' object has no attribute 'getProperty'
2025-09-14 01:59:53,566 - WARNING - Warning: 'NoneType' object has no attribute 'getProperty'
2025-09-14 01:59:55,266 - WARNING - Warning: 'NoneType' object has no attribute 'getProperty'
2025-09-14 01:59:56,895 - WARNING - Warning: 'NoneType' object has no attribute 'getProperty'
2025-09-14 01:59:58,491 - WARNING - Warning: 'NoneType' object has no attribute 'getProperty'
2025-09-14 02:00:06,829 - WARNING - Warning: 'NoneType' object has no attribute 'getProperty'
2025-09-14 02:00:16,963 - WARNING - Warning: 'NoneType' object has no attribute 'getProperty'
2025-09-14 02:00:22,242 - WARNING - Warning: 'NoneType' object has no attribute 'getProperty'
2025-09-14 02:00:26,984 - WARNING - Warning: 'NoneType' object has no attribute 'getProperty'
2025-09-14 02:00:26,996 - INFO - End Page Analysis | Total Card: 32| Total Scrape: 32
2025-09-14 02:00:35,024 - WARNING - Warning: 'NoneType' object has no attribute 'getProperty'
2025-09-14 02:00:36,939 - WARNING - Warning: 'NoneType' object has no attribute 'getProperty'
2025-09-14 02:00:38,842 - WARNING - Warning: 'NoneType' object has no attribute 'getProperty'
2025-09-14 02:00:40,317 - WARNING - Warning: 'NoneType' object has no attribute 'getProperty'
2025-09-14 02:00:43,607 - WARNING - Warning: 'NoneType' object has no attribute 'getProperty'
2025-09-14 02:00:45,277 - WARNING - Warning: 'NoneType' object has no attribute 'getProperty'
2025-09-14 02:00:49,140 - WARNING - Warning: 'NoneType' object has no attribute 'getProperty'
2025-09-14 02:00:54,015 - WARNING - Warning: 'NoneType' object has no attribute 'getProperty'
2025-09-14 02:01:02,491 - WARNING - Warning: 'NoneType' object has no attribute 'getProperty'
2025-09-14 02:01:04,237 - WARNING - Warning: 'NoneType' object has no attribute 'getProperty'
2025-09-14 02:01:06,006 - WARNING - Warning: 'NoneType' object has no attribute 'getProperty'
2025-09-14 02:01:07,618 - WARNING - Warning: 'NoneType' object has no attribute 'getProperty'
2025-09-14 02:01:09,559 - WARNING - Warning: 'NoneType' object has no attribute 'getProperty'
2025-09-14 02:01:11,294 - WARNING - Warning: 'NoneType' object has no attribute 'getProperty'
2025-09-14 02:01:15,173 - WARNING - Warning: 'NoneType' object has no attribute 'getProperty'
2025-09-14 02:01:19,719 - WARNING - Warning: 'NoneType' object has no attribute 'getProperty'
2025-09-14 02:01:21,458 - WARNING - Warning: 'NoneType' object has no attribute 'getProperty'
2025-09-14 02:01:23,649 - WARNING - Warning: 'NoneType' object has no attribute 'getProperty'
2025-09-14 02:01:25,776 - WARNING - Warning: 'NoneType' object has no attribute 'getProperty'
2025-09-14 02:01:27,531 - INFO - End Page Analysis | Total Card: 32| Total Scrape: 32
2025-09-14 02:01:29,757 - INFO - End Full Analysis | Total Card: 160| Total Scrape: 160
2025-09-14 02:01:37,858 - WARNING - Warning: 'NoneType' object has no attribute 'getProperty'
2025-09-14 02:01:39,493 - WARNING - Warning: 'NoneType' object has no attribute 'getProperty'
2025-09-14 02:01:41,189 - WARNING - Warning: 'NoneType' object has no attribute 'getProperty'
2025-09-14 02:01:44,199 - WARNING - Warning: 'NoneType' object has no attribute 'getProperty'
2025-09-14 02:01:49,575 - WARNING - Warning: 'NoneType' object has no attribute 'getProperty'
2025-09-14 02:01:50,826 - WARNING - Warning: 'NoneType' object has no attribute 'getProperty'
2025-09-14 02:01:52,189 - WARNING - Warning: 'NoneType' object has no attribute 'getProperty'
2025-09-14 02:01:54,832 - WARNING - Warning: 'NoneType' object has no attribute 'getProperty'
2025-09-14 02:01:56,548 - WARNING - Warning: 'NoneType' object has no attribute 'getProperty'
2025-09-14 02:02:02,848 - WARNING - Warning: 'NoneType' object has no attribute 'getProperty'
2025-09-14 02:02:05,435 - WARNING - Warning: 'NoneType' object has no attribute 'getProperty'
2025-09-14 02:02:06,744 - WARNING - Warning: 'NoneType' object has no attribute 'getProperty'
2025-09-14 02:02:08,032 - WARNING - Warning: 'NoneType' object has no attribute 'getProperty'
2025-09-14 02:02:09,333 - WARNING - Warning: 'NoneType' object has no attribute 'getProperty'
2025-09-14 02:02:10,611 - WARNING - Warning: 'NoneType' object has no attribute 'getProperty'
2025-09-14 02:02:12,505 - WARNING - Warning: 'NoneType' object has no attribute 'getProperty'
2025-09-14 02:02:14,038 - WARNING - Warning: 'NoneType' object has no attribute 'getProperty'
2025-09-14 02:02:18,607 - WARNING - Warning: 'NoneType' object has no attribute 'getProperty'
2025-09-14 02:02:23,668 - INFO - End Page Analysis | Total Card: 32| Total Scrape: 32
2025-09-14 02:02:30,233 - WARNING - Warning: 'NoneType' object has no attribute 'getProperty'
2025-09-14 02:02:32,975 - WARNING - Warning: 'NoneType' object has no attribute 'getProperty'
2025-09-14 02:02:34,692 - WARNING - Warning: 'NoneType' object has no attribute 'getProperty'
2025-09-14 02:02:36,452 - WARNING - Warning: 'NoneType' object has no attribute 'getProperty'
2025-09-14 02:02:37,920 - WARNING - Warning: 'NoneType' object has no attribute 'getProperty'
2025-09-14 02:02:41,205 - WARNING - Warning: 'NoneType' object has no attribute 'getProperty'
2025-09-14 02:02:43,873 - WARNING - Warning: 'NoneType' object has no attribute 'getProperty'
2025-09-14 02:02:50,683 - WARNING - Warning: 'NoneType' object has no attribute 'getProperty'
2025-09-14 02:02:54,108 - WARNING - Warning: 'NoneType' object has no attribute 'getProperty'
2025-09-14 02:02:56,046 - WARNING - Warning: 'NoneType' object has no attribute 'getProperty'
2025-09-14 02:02:57,672 - WARNING - Warning: 'NoneType' object has no attribute 'getProperty'
2025-09-14 02:03:01,937 - WARNING - Warning: 'NoneType' object has no attribute 'getProperty'
2025-09-14 02:03:03,314 - WARNING - Warning: 'NoneType' object has no attribute 'getProperty'
2025-09-14 02:03:04,817 - WARNING - Warning: 'NoneType' object has no attribute 'getProperty'
2025-09-14 02:03:06,215 - WARNING - Warning: 'NoneType' object has no attribute 'getProperty'
2025-09-14 02:03:08,033 - WARNING - Warning: 'NoneType' object has no attribute 'getProperty'
2025-09-14 02:03:13,557 - WARNING - Warning: 'NoneType' object has no attribute 'getProperty'
2025-09-14 02:03:16,694 - WARNING - Warning: 'NoneType' object has no attribute 'getProperty'
2025-09-14 02:03:16,705 - INFO - End Page Analysis | Total Card: 32| Total Scrape: 32
2025-09-14 02:03:20,093 - WARNING - Warning: 'NoneType' object has no attribute 'getProperty'
2025-09-14 02:03:21,568 - WARNING - Warning: 'NoneType' object has no attribute 'getProperty'
2025-09-14 02:03:24,503 - WARNING - Warning: 'NoneType' object has no attribute 'getProperty'
2025-09-14 02:03:26,919 - WARNING - Warning: 'NoneType' object has no attribute 'getProperty'
2025-09-14 02:03:33,146 - WARNING - Warning: 'NoneType' object has no attribute 'getProperty'
2025-09-14 02:03:39,139 - WARNING - Warning: 'NoneType' object has no attribute 'getProperty'
2025-09-14 02:03:40,686 - WARNING - Warning: 'NoneType' object has no attribute 'getProperty'
2025-09-14 02:03:50,332 - WARNING - Warning: 'NoneType' object has no attribute 'getProperty'
2025-09-14 02:03:55,227 - WARNING - Warning: 'NoneType' object has no attribute 'getProperty'
2025-09-14 02:04:03,333 - WARNING - Warning: 'NoneType' object has no attribute 'getProperty'
2025-09-14 02:04:04,890 - WARNING - Warning: 'NoneType' object has no attribute 'getProperty'
2025-09-14 02:04:12,668 - WARNING - Warning: 'NoneType' object has no attribute 'getProperty'
2025-09-14 02:04:12,678 - INFO - End Page Analysis | Total Card: 32| Total Scrape: 32
2025-09-14 02:04:20,387 - WARNING - Warning: 'NoneType' object has no attribute 'getProperty'
2025-09-14 02:04:22,176 - WARNING - Warning: 'NoneType' object has no attribute 'getProperty'
2025-09-14 02:04:25,555 - WARNING - Warning: 'NoneType' object has no attribute 'getProperty'
2025-09-14 02:04:27,217 - WARNING - Warning: 'NoneType' object has no attribute 'getProperty'
2025-09-14 02:04:28,749 - WARNING - Warning: 'NoneType' object has no attribute 'getProperty'
2025-09-14 02:04:31,460 - WARNING - Warning: 'NoneType' object has no attribute 'getProperty'
2025-09-14 02:04:33,542 - WARNING - Warning: 'NoneType' object has no attribute 'getProperty'
2025-09-14 02:04:35,215 - WARNING - Warning: 'NoneType' object has no attribute 'getProperty'
2025-09-14 02:04:36,788 - WARNING - Warning: 'NoneType' object has no attribute 'getProperty'
2025-09-14 02:04:43,727 - WARNING - Warning: 'NoneType' object has no attribute 'getProperty'
2025-09-14 02:04:49,196 - WARNING - Warning: 'NoneType' object has no attribute 'getProperty'
2025-09-14 02:04:55,502 - WARNING - Warning: 'NoneType' object has no attribute 'getProperty'
2025-09-14 02:05:02,958 - WARNING - Warning: 'NoneType' object has no attribute 'getProperty'
2025-09-14 02:05:05,544 - WARNING - Warning: 'NoneType' object has no attribute 'getProperty'
2025-09-14 02:05:07,264 - WARNING - Warning: 'NoneType' object has no attribute 'getProperty'
2025-09-14 02:05:12,783 - WARNING - Warning: 'NoneType' object has no attribute 'getProperty'
2025-09-14 02:05:14,746 - WARNING - Warning: 'NoneType' object has no attribute 'getProperty'
2025-09-14 02:05:14,757 - INFO - End Page Analysis | Total Card: 32| Total Scrape: 32
2025-09-14 02:05:26,630 - WARNING - Warning: 'NoneType' object has no attribute 'getProperty'
2025-09-14 02:05:30,112 - WARNING - Warning: 'NoneType' object has no attribute 'getProperty'
2025-09-14 02:05:32,479 - WARNING - Warning: 'NoneType' object has no attribute 'getProperty'
2025-09-14 02:05:34,216 - WARNING - Warning: 'NoneType' object has no attribute 'getProperty'
2025-09-14 02:05:42,854 - WARNING - Warning: 'NoneType' object has no attribute 'getProperty'
2025-09-14 02:05:46,490 - WARNING - Warning: 'NoneType' object has no attribute 'getProperty'
2025-09-14 02:05:48,168 - WARNING - Warning: 'NoneType' object has no attribute 'getProperty'
2025-09-14 02:05:49,955 - WARNING - Warning: 'NoneType' object has no attribute 'getProperty'
2025-09-14 02:05:51,793 - WARNING - Warning: 'NoneType' object has no attribute 'getProperty'
2025-09-14 02:05:53,494 - WARNING - Warning: 'NoneType' object has no attribute 'getProperty'
2025-09-14 02:05:57,040 - WARNING - Warning: 'NoneType' object has no attribute 'getProperty'
2025-09-14 02:06:00,633 - WARNING - Warning: 'NoneType' object has no attribute 'getProperty'
2025-09-14 02:06:02,516 - WARNING - Warning: 'NoneType' object has no attribute 'getProperty'
2025-09-14 02:06:06,210 - WARNING - Warning: 'NoneType' object has no attribute 'getProperty'
2025-09-14 02:06:11,366 - WARNING - Warning: 'NoneType' object has no attribute 'getProperty'
2025-09-14 02:06:16,006 - WARNING - Warning: 'NoneType' object has no attribute 'getProperty'
2025-09-14 02:06:17,895 - INFO - End Page Analysis | Total Card: 32| Total Scrape: 32
2025-09-14 02:06:20,142 - INFO - End Full Analysis | Total Card: 160| Total Scrape: 160
2025-09-14 02:06:27,454 - WARNING - Warning: 'NoneType' object has no attribute 'getProperty'
2025-09-14 02:06:36,931 - WARNING - Warning: 'NoneType' object has no attribute 'getProperty'
2025-09-14 02:06:44,755 - WARNING - Warning: 'NoneType' object has no attribute 'getProperty'
2025-09-14 02:06:47,238 - WARNING - Warning: 'NoneType' object has no attribute 'getProperty'
2025-09-14 02:06:48,744 - WARNING - Warning: 'NoneType' object has no attribute 'getProperty'
2025-09-14 02:06:50,055 - WARNING - Warning: 'NoneType' object has no attribute 'getProperty'
2025-09-14 02:06:51,371 - WARNING - Warning: 'NoneType' object has no attribute 'getProperty'
2025-09-14 02:06:54,078 - WARNING - Warning: 'NoneType' object has no attribute 'getProperty'
2025-09-14 02:06:56,643 - WARNING - Warning: 'NoneType' object has no attribute 'getProperty'
2025-09-14 02:07:02,959 - WARNING - Warning: 'NoneType' object has no attribute 'getProperty'
2025-09-14 02:07:04,415 - WARNING - Warning: 'NoneType' object has no attribute 'getProperty'
2025-09-14 02:07:10,606 - WARNING - Warning: 'NoneType' object has no attribute 'getProperty'
2025-09-14 02:07:13,548 - WARNING - Warning: 'NoneType' object has no attribute 'getProperty'
2025-09-14 02:07:13,562 - INFO - End Page Analysis | Total Card: 32| Total Scrape: 32
2025-09-14 02:07:18,386 - WARNING - Warning: 'NoneType' object has no attribute 'getProperty'
2025-09-14 02:07:26,239 - WARNING - Warning: 'NoneType' object has no attribute 'getProperty'
2025-09-14 02:07:29,021 - WARNING - Warning: 'NoneType' object has no attribute 'getProperty'
2025-09-14 02:07:31,172 - WARNING - Warning: 'NoneType' object has no attribute 'getProperty'
2025-09-14 02:07:34,496 - WARNING - Warning: 'NoneType' object has no attribute 'getProperty'
2025-09-14 02:07:41,915 - WARNING - Warning: 'NoneType' object has no attribute 'getProperty'
2025-09-14 02:07:46,243 - WARNING - Warning: 'NoneType' object has no attribute 'getProperty'
2025-09-14 02:07:51,971 - WARNING - Warning: 'NoneType' object has no attribute 'getProperty'
2025-09-14 02:08:00,340 - WARNING - Warning: 'NoneType' object has no attribute 'getProperty'
2025-09-14 02:08:01,762 - INFO - End Page Analysis | Total Card: 32| Total Scrape: 32
2025-09-14 02:08:05,374 - WARNING - Warning: 'NoneType' object has no attribute 'getProperty'
2025-09-14 02:08:08,137 - WARNING - Warning: 'NoneType' object has no attribute 'getProperty'
2025-09-14 02:08:15,360 - WARNING - Warning: 'NoneType' object has no attribute 'getProperty'
2025-09-14 02:08:18,300 - WARNING - Warning: 'NoneType' object has no attribute 'getProperty'
2025-09-14 02:08:22,825 - WARNING - Warning: 'NoneType' object has no attribute 'getProperty'
2025-09-14 02:08:39,332 - WARNING - Warning: 'NoneType' object has no attribute 'getProperty'
2025-09-14 02:08:42,239 - WARNING - Warning: 'NoneType' object has no attribute 'getProperty'
2025-09-14 02:08:47,129 - WARNING - Warning: 'NoneType' object has no attribute 'getProperty'
2025-09-14 02:08:54,972 - INFO - End Page Analysis | Total Card: 32| Total Scrape: 32
2025-09-14 02:09:04,635 - WARNING - Warning: 'NoneType' object has no attribute 'getProperty'
2025-09-14 02:09:11,628 - WARNING - Warning: 'NoneType' object has no attribute 'getProperty'
2025-09-14 02:09:13,283 - WARNING - Warning: 'NoneType' object has no attribute 'getProperty'
2025-09-14 02:09:14,862 - WARNING - Warning: 'NoneType' object has no attribute 'getProperty'
2025-09-14 02:09:21,445 - WARNING - Warning: 'NoneType' object has no attribute 'getProperty'
2025-09-14 02:09:24,932 - WARNING - Warning: 'NoneType' object has no attribute 'getProperty'
2025-09-14 02:09:26,538 - WARNING - Warning: 'NoneType' object has no attribute 'getProperty'
2025-09-14 02:09:33,361 - WARNING - Warning: 'NoneType' object has no attribute 'getProperty'
2025-09-14 02:09:34,931 - WARNING - Warning: 'NoneType' object has no attribute 'getProperty'
2025-09-14 02:09:45,849 - WARNING - Warning: 'NoneType' object has no attribute 'getProperty'
2025-09-14 02:09:47,403 - WARNING - Warning: 'NoneType' object has no attribute 'getProperty'
2025-09-14 02:09:51,660 - WARNING - Warning: 'NoneType' object has no attribute 'getProperty'
2025-09-14 02:09:53,420 - WARNING - Warning: 'NoneType' object has no attribute 'getProperty'
2025-09-14 02:09:53,432 - INFO - End Page Analysis | Total Card: 32| Total Scrape: 32
2025-09-14 02:09:58,160 - WARNING - Warning: 'NoneType' object has no attribute 'getProperty'
2025-09-14 02:10:01,553 - WARNING - Warning: 'NoneType' object has no attribute 'getProperty'
2025-09-14 02:10:05,944 - WARNING - Warning: 'NoneType' object has no attribute 'getProperty'
2025-09-14 02:10:08,983 - WARNING - Warning: 'NoneType' object has no attribute 'getProperty'
2025-09-14 02:10:11,037 - WARNING - Warning: 'NoneType' object has no attribute 'getProperty'
2025-09-14 02:10:12,900 - WARNING - Warning: 'NoneType' object has no attribute 'getProperty'
2025-09-14 02:10:18,739 - WARNING - Warning: 'NoneType' object has no attribute 'getProperty'
2025-09-14 02:10:22,215 - WARNING - Warning: 'NoneType' object has no attribute 'getProperty'
2025-09-14 02:10:23,957 - WARNING - Warning: 'NoneType' object has no attribute 'getProperty'
2025-09-14 02:10:27,522 - WARNING - Warning: 'NoneType' object has no attribute 'getProperty'
2025-09-14 02:10:38,008 - WARNING - Warning: 'NoneType' object has no attribute 'getProperty'
2025-09-14 02:10:49,094 - WARNING - Warning: 'NoneType' object has no attribute 'getProperty'
2025-09-14 02:10:51,295 - WARNING - Warning: 'NoneType' object has no attribute 'getProperty'
2025-09-14 02:10:58,508 - INFO - End Page Analysis | Total Card: 32| Total Scrape: 32
2025-09-14 02:11:00,767 - INFO - End Full Analysis | Total Card: 160| Total Scrape: 160
2025-09-14 02:11:07,414 - WARNING - Warning: 'NoneType' object has no attribute 'getProperty'
2025-09-14 02:11:08,888 - WARNING - Warning: 'NoneType' object has no attribute 'getProperty'
2025-09-14 02:11:10,971 - WARNING - Warning: 'NoneType' object has no attribute 'getProperty'
2025-09-14 02:11:24,287 - WARNING - Warning: 'NoneType' object has no attribute 'getProperty'
2025-09-14 02:11:28,719 - WARNING - Warning: 'NoneType' object has no attribute 'getProperty'
2025-09-14 02:11:31,634 - WARNING - Warning: 'NoneType' object has no attribute 'getProperty'
2025-09-14 02:11:34,431 - WARNING - Warning: 'NoneType' object has no attribute 'getProperty'
2025-09-14 02:11:35,784 - WARNING - Warning: 'NoneType' object has no attribute 'getProperty'
2025-09-14 02:11:37,391 - WARNING - Warning: 'NoneType' object has no attribute 'getProperty'
2025-09-14 02:11:40,178 - WARNING - Warning: 'NoneType' object has no attribute 'getProperty'
2025-09-14 02:11:43,293 - WARNING - Warning: 'NoneType' object has no attribute 'getProperty'
2025-09-14 02:11:44,723 - WARNING - Warning: 'NoneType' object has no attribute 'getProperty'
2025-09-14 02:11:45,845 - WARNING - Warning: 'NoneType' object has no attribute 'getProperty'
2025-09-14 02:11:53,112 - INFO - End Page Analysis | Total Card: 32| Total Scrape: 32
2025-09-14 02:11:57,429 - WARNING - Warning: 'NoneType' object has no attribute 'getProperty'
2025-09-14 02:11:58,965 - WARNING - Warning: 'NoneType' object has no attribute 'getProperty'
2025-09-14 02:12:02,019 - WARNING - Warning: 'NoneType' object has no attribute 'getProperty'
2025-09-14 02:12:03,559 - WARNING - Warning: 'NoneType' object has no attribute 'getProperty'
2025-09-14 02:12:06,448 - WARNING - Warning: 'NoneType' object has no attribute 'getProperty'
2025-09-14 02:12:07,887 - WARNING - Warning: 'NoneType' object has no attribute 'getProperty'
2025-09-14 02:12:09,226 - WARNING - Warning: 'NoneType' object has no attribute 'getProperty'
2025-09-14 02:12:11,195 - WARNING - Warning: 'NoneType' object has no attribute 'getProperty'
2025-09-14 02:12:14,082 - WARNING - Warning: 'NoneType' object has no attribute 'getProperty'
2025-09-14 02:12:15,386 - WARNING - Warning: 'NoneType' object has no attribute 'getProperty'
2025-09-14 02:12:16,872 - WARNING - Warning: 'NoneType' object has no attribute 'getProperty'
2025-09-14 02:12:20,839 - WARNING - Warning: 'NoneType' object has no attribute 'getProperty'
2025-09-14 02:12:22,860 - WARNING - Warning: 'NoneType' object has no attribute 'getProperty'
2025-09-14 02:12:24,765 - WARNING - Warning: 'NoneType' object has no attribute 'getProperty'
2025-09-14 02:12:27,886 - WARNING - Warning: 'NoneType' object has no attribute 'getProperty'
2025-09-14 02:12:34,253 - WARNING - Warning: 'NoneType' object has no attribute 'getProperty'
2025-09-14 02:12:40,241 - WARNING - Warning: 'NoneType' object has no attribute 'getProperty'
2025-09-14 02:12:41,798 - WARNING - Warning: 'NoneType' object has no attribute 'getProperty'
2025-09-14 02:12:43,270 - WARNING - Warning: 'NoneType' object has no attribute 'getProperty'
2025-09-14 02:12:44,683 - WARNING - Warning: 'NoneType' object has no attribute 'getProperty'
2025-09-14 02:12:46,125 - INFO - End Page Analysis | Total Card: 32| Total Scrape: 32
2025-09-14 02:12:51,968 - WARNING - Warning: 'NoneType' object has no attribute 'getProperty'
2025-09-14 02:12:55,587 - WARNING - Warning: 'NoneType' object has no attribute 'getProperty'
2025-09-14 02:12:58,868 - WARNING - Warning: 'NoneType' object has no attribute 'getProperty'
2025-09-14 02:13:07,196 - WARNING - Warning: 'NoneType' object has no attribute 'getProperty'
2025-09-14 02:13:09,320 - WARNING - Warning: 'NoneType' object has no attribute 'getProperty'
2025-09-14 02:13:16,541 - WARNING - Warning: 'NoneType' object has no attribute 'getProperty'
2025-09-14 02:13:19,667 - WARNING - Warning: 'NoneType' object has no attribute 'getProperty'
2025-09-14 02:13:21,561 - WARNING - Warning: 'NoneType' object has no attribute 'getProperty'
2025-09-14 02:13:23,159 - WARNING - Warning: 'NoneType' object has no attribute 'getProperty'
2025-09-14 02:13:26,596 - WARNING - Warning: 'NoneType' object has no attribute 'getProperty'
2025-09-14 02:13:33,126 - WARNING - Warning: 'NoneType' object has no attribute 'getProperty'
2025-09-14 02:13:43,988 - INFO - End Page Analysis | Total Card: 32| Total Scrape: 32
2025-09-14 02:14:01,974 - WARNING - Warning: 'NoneType' object has no attribute 'getProperty'
2025-09-14 02:14:03,792 - WARNING - Warning: 'NoneType' object has no attribute 'getProperty'
2025-09-14 02:14:11,691 - WARNING - Warning: 'NoneType' object has no attribute 'getProperty'
2025-09-14 02:14:13,861 - WARNING - Warning: Unsupported relative time format
2025-09-14 02:14:17,193 - WARNING - Warning: 'NoneType' object has no attribute 'getProperty'
2025-09-14 02:14:23,576 - WARNING - Warning: 'NoneType' object has no attribute 'getProperty'
2025-09-14 02:14:26,998 - WARNING - Warning: 'NoneType' object has no attribute 'getProperty'
2025-09-14 02:14:32,071 - WARNING - Warning: 'NoneType' object has no attribute 'getProperty'
2025-09-14 02:14:37,409 - WARNING - Warning: 'NoneType' object has no attribute 'getProperty'
2025-09-14 02:14:39,074 - WARNING - Warning: 'NoneType' object has no attribute 'getProperty'
2025-09-14 02:14:40,747 - WARNING - Warning: 'NoneType' object has no attribute 'getProperty'
2025-09-14 02:14:42,357 - WARNING - Warning: 'NoneType' object has no attribute 'getProperty'
2025-09-14 02:14:44,173 - INFO - End Page Analysis | Total Card: 32| Total Scrape: 32
2025-09-14 02:14:50,643 - WARNING - Warning: 'NoneType' object has no attribute 'getProperty'
2025-09-14 02:14:55,162 - WARNING - Warning: 'NoneType' object has no attribute 'getProperty'
2025-09-14 02:14:59,230 - WARNING - Warning: 'NoneType' object has no attribute 'getProperty'
2025-09-14 02:15:06,812 - WARNING - Warning: 'NoneType' object has no attribute 'getProperty'
2025-09-14 02:15:08,472 - WARNING - Warning: 'NoneType' object has no attribute 'getProperty'
2025-09-14 02:15:11,792 - WARNING - Warning: 'NoneType' object has no attribute 'getProperty'
2025-09-14 02:15:13,738 - WARNING - Warning: 'NoneType' object has no attribute 'getProperty'
2025-09-14 02:15:15,854 - WARNING - Warning: 'NoneType' object has no attribute 'getProperty'
2025-09-14 02:15:17,576 - WARNING - Warning: 'NoneType' object has no attribute 'getProperty'
2025-09-14 02:15:21,197 - WARNING - Warning: 'NoneType' object has no attribute 'getProperty'
2025-09-14 02:15:22,980 - WARNING - Warning: 'NoneType' object has no attribute 'getProperty'
2025-09-14 02:15:25,382 - WARNING - Warning: 'NoneType' object has no attribute 'getProperty'
2025-09-14 02:15:29,383 - WARNING - Warning: 'NoneType' object has no attribute 'getProperty'
2025-09-14 02:15:31,452 - WARNING - Warning: 'NoneType' object has no attribute 'getProperty'
2025-09-14 02:15:35,004 - WARNING - Warning: 'NoneType' object has no attribute 'getProperty'
2025-09-14 02:15:48,242 - WARNING - Warning: 'NoneType' object has no attribute 'getProperty'
2025-09-14 02:15:50,057 - WARNING - Warning: 'NoneType' object has no attribute 'getProperty'
2025-09-14 02:15:50,073 - INFO - End Page Analysis | Total Card: 32| Total Scrape: 32
2025-09-14 02:15:52,299 - INFO - End Full Analysis | Total Card: 160| Total Scrape: 160
2025-09-14 02:16:01,586 - WARNING - Warning: 'NoneType' object has no attribute 'getProperty'
2025-09-14 02:16:04,698 - WARNING - Warning: 'NoneType' object has no attribute 'getProperty'
2025-09-14 02:16:06,102 - WARNING - Warning: 'NoneType' object has no attribute 'getProperty'
2025-09-14 02:16:12,033 - WARNING - Warning: 'NoneType' object has no attribute 'getProperty'
2025-09-14 02:16:16,613 - WARNING - Warning: 'NoneType' object has no attribute 'getProperty'
2025-09-14 02:16:19,162 - WARNING - Warning: 'NoneType' object has no attribute 'getProperty'
2025-09-14 02:16:20,413 - WARNING - Warning: 'NoneType' object has no attribute 'getProperty'
2025-09-14 02:16:21,683 - WARNING - Warning: 'NoneType' object has no attribute 'getProperty'
2025-09-14 02:16:33,266 - WARNING - Warning: 'NoneType' object has no attribute 'getProperty'
2025-09-14 02:16:37,465 - WARNING - Warning: 'NoneType' object has no attribute 'getProperty'
2025-09-14 02:16:42,866 - WARNING - Warning: 'NoneType' object has no attribute 'getProperty'
2025-09-14 02:16:44,431 - INFO - End Page Analysis | Total Card: 32| Total Scrape: 32
2025-09-14 02:16:49,512 - WARNING - Warning: 'NoneType' object has no attribute 'getProperty'
2025-09-14 02:16:50,964 - WARNING - Warning: 'NoneType' object has no attribute 'getProperty'
2025-09-14 02:17:03,553 - WARNING - Warning: 'NoneType' object has no attribute 'getProperty'
2025-09-14 02:17:07,178 - WARNING - Warning: 'NoneType' object has no attribute 'getProperty'
2025-09-14 02:17:08,740 - WARNING - Warning: 'NoneType' object has no attribute 'getProperty'
2025-09-14 02:17:10,276 - WARNING - Warning: 'NoneType' object has no attribute 'getProperty'
2025-09-14 02:17:12,368 - WARNING - Warning: 'NoneType' object has no attribute 'getProperty'
2025-09-14 02:17:15,086 - WARNING - Warning: 'NoneType' object has no attribute 'getProperty'
2025-09-14 02:17:16,818 - WARNING - Warning: 'NoneType' object has no attribute 'getProperty'
2025-09-14 02:17:18,427 - WARNING - Warning: 'NoneType' object has no attribute 'getProperty'
2025-09-14 02:17:19,768 - WARNING - Warning: 'NoneType' object has no attribute 'getProperty'
2025-09-14 02:17:28,195 - WARNING - Warning: 'NoneType' object has no attribute 'getProperty'
2025-09-14 02:17:29,931 - WARNING - Warning: 'NoneType' object has no attribute 'getProperty'
2025-09-14 02:17:31,403 - WARNING - Warning: 'NoneType' object has no attribute 'getProperty'
2025-09-14 02:17:34,338 - WARNING - Warning: 'NoneType' object has no attribute 'getProperty'
2025-09-14 02:17:35,829 - WARNING - Warning: 'NoneType' object has no attribute 'getProperty'
2025-09-14 02:17:37,313 - WARNING - Warning: 'NoneType' object has no attribute 'getProperty'
2025-09-14 02:17:37,324 - INFO - End Page Analysis | Total Card: 32| Total Scrape: 32
2025-09-14 02:17:44,532 - WARNING - Warning: 'NoneType' object has no attribute 'getProperty'
2025-09-14 02:17:47,629 - WARNING - Warning: 'NoneType' object has no attribute 'getProperty'
2025-09-14 02:17:49,198 - WARNING - Warning: 'NoneType' object has no attribute 'getProperty'
2025-09-14 02:17:55,838 - WARNING - Warning: 'NoneType' object has no attribute 'getProperty'
2025-09-14 02:17:59,355 - WARNING - Warning: 'NoneType' object has no attribute 'getProperty'
2025-09-14 02:18:00,970 - WARNING - Warning: 'NoneType' object has no attribute 'getProperty'
2025-09-14 02:18:07,449 - WARNING - Warning: 'NoneType' object has no attribute 'getProperty'
2025-09-14 02:18:08,856 - WARNING - Warning: 'NoneType' object has no attribute 'getProperty'
2025-09-14 02:18:12,624 - WARNING - Warning: 'NoneType' object has no attribute 'getProperty'
2025-09-14 02:18:14,244 - WARNING - Warning: 'NoneType' object has no attribute 'getProperty'
2025-09-14 02:18:15,780 - WARNING - Warning: 'NoneType' object has no attribute 'getProperty'
2025-09-14 02:18:21,878 - WARNING - Warning: 'NoneType' object has no attribute 'getProperty'
2025-09-14 02:18:28,959 - WARNING - Warning: 'NoneType' object has no attribute 'getProperty'
2025-09-14 02:18:31,996 - WARNING - Warning: 'NoneType' object has no attribute 'getProperty'
2025-09-14 02:18:33,549 - INFO - End Page Analysis | Total Card: 32| Total Scrape: 32
2025-09-14 02:18:37,477 - WARNING - Warning: 'NoneType' object has no attribute 'getProperty'
2025-09-14 02:18:39,171 - WARNING - Warning: 'NoneType' object has no attribute 'getProperty'
2025-09-14 02:18:46,279 - WARNING - Warning: 'NoneType' object has no attribute 'getProperty'
2025-09-14 02:18:48,529 - WARNING - Warning: 'NoneType' object has no attribute 'getProperty'
2025-09-14 02:18:50,172 - WARNING - Warning: 'NoneType' object has no attribute 'getProperty'
2025-09-14 02:18:51,902 - WARNING - Warning: 'NoneType' object has no attribute 'getProperty'
2025-09-14 02:18:54,993 - WARNING - Warning: 'NoneType' object has no attribute 'getProperty'
2025-09-14 02:18:56,564 - WARNING - Warning: 'NoneType' object has no attribute 'getProperty'
2025-09-14 02:18:58,228 - WARNING - Warning: 'NoneType' object has no attribute 'getProperty'
2025-09-14 02:19:01,764 - WARNING - Warning: 'NoneType' object has no attribute 'getProperty'
2025-09-14 02:19:03,536 - WARNING - Warning: 'NoneType' object has no attribute 'getProperty'
2025-09-14 02:19:05,263 - WARNING - Warning: 'NoneType' object has no attribute 'getProperty'
2025-09-14 02:19:06,853 - WARNING - Warning: 'NoneType' object has no attribute 'getProperty'
2025-09-14 02:19:08,513 - WARNING - Warning: 'NoneType' object has no attribute 'getProperty'
2025-09-14 02:19:13,758 - WARNING - Warning: 'NoneType' object has no attribute 'getProperty'
2025-09-14 02:19:15,633 - WARNING - Warning: 'NoneType' object has no attribute 'getProperty'
2025-09-14 02:19:19,072 - WARNING - Warning: 'NoneType' object has no attribute 'getProperty'
2025-09-14 02:19:20,787 - WARNING - Warning: 'NoneType' object has no attribute 'getProperty'
2025-09-14 02:19:28,036 - WARNING - Warning: 'NoneType' object has no attribute 'getProperty'
2025-09-14 02:19:33,232 - INFO - End Page Analysis | Total Card: 32| Total Scrape: 32
2025-09-14 02:19:38,121 - WARNING - Warning: 'NoneType' object has no attribute 'getProperty'
2025-09-14 02:19:40,545 - WARNING - Warning: 'NoneType' object has no attribute 'getProperty'
2025-09-14 02:19:47,320 - WARNING - Warning: 'NoneType' object has no attribute 'getProperty'
2025-09-14 02:19:49,219 - WARNING - Warning: 'NoneType' object has no attribute 'getProperty'
2025-09-14 02:19:50,909 - WARNING - Warning: 'NoneType' object has no attribute 'getProperty'
2025-09-14 02:19:53,068 - WARNING - Warning: 'NoneType' object has no attribute 'getProperty'
2025-09-14 02:19:58,896 - WARNING - Warning: 'NoneType' object has no attribute 'getProperty'
2025-09-14 02:20:10,603 - WARNING - Warning: 'NoneType' object has no attribute 'getProperty'
2025-09-14 02:20:14,965 - WARNING - Warning: 'NoneType' object has no attribute 'getProperty'
2025-09-14 02:20:16,924 - WARNING - Warning: 'NoneType' object has no attribute 'getProperty'
2025-09-14 02:20:19,523 - WARNING - Warning: 'NoneType' object has no attribute 'getProperty'
2025-09-14 02:20:23,755 - WARNING - Warning: 'NoneType' object has no attribute 'getProperty'
2025-09-14 02:20:29,593 - WARNING - Warning: 'NoneType' object has no attribute 'getProperty'
2025-09-14 02:20:31,458 - WARNING - Warning: 'NoneType' object has no attribute 'getProperty'
2025-09-14 02:20:37,885 - WARNING - Warning: 'NoneType' object has no attribute 'getProperty'
2025-09-14 02:20:39,778 - WARNING - Warning: 'NoneType' object has no attribute 'getProperty'
2025-09-14 02:20:43,478 - WARNING - Warning: 'NoneType' object has no attribute 'getProperty'
2025-09-14 02:20:43,490 - INFO - End Page Analysis | Total Card: 32| Total Scrape: 32
2025-09-14 02:20:45,733 - INFO - End Full Analysis | Total Card: 160| Total Scrape: 160
2025-09-14 02:20:45,733 - INFO - terminate chrome process...
2025-09-14 02:20:46,801 - INFO - CSV written successfully
2025-09-14 02:20:46,801 - INFO - Wrote CSV with 800 rows to /home/runner/work/Skillsgauge/Skillsgauge/bronze_datasets/JS/js_2025_09_14.csv
2025-09-14 02:20:46,802 - INFO - Scrapper Ended successfully
