2025-11-09 02:02:41,039 - INFO - Scraper started
2025-11-09 02:02:54,762 - INFO - Browser listening on: ws://127.0.0.1:46359/devtools/browser/16882436-ecf3-416b-b6d6-0be837a03f48
2025-11-09 02:03:06,197 - WARNING - Warning: 'NoneType' object has no attribute 'getProperty'
2025-11-09 02:03:11,688 - WARNING - Warning: 'NoneType' object has no attribute 'getProperty'
2025-11-09 02:03:13,321 - WARNING - Warning: 'NoneType' object has no attribute 'getProperty'
2025-11-09 02:03:15,269 - WARNING - Warning: 'NoneType' object has no attribute 'getProperty'
2025-11-09 02:03:20,824 - WARNING - Warning: 'NoneType' object has no attribute 'getProperty'
2025-11-09 02:03:22,322 - WARNING - Warning: 'NoneType' object has no attribute 'getProperty'
2025-11-09 02:03:25,581 - WARNING - Warning: 'NoneType' object has no attribute 'getProperty'
2025-11-09 02:03:27,130 - WARNING - Warning: 'NoneType' object has no attribute 'getProperty'
2025-11-09 02:03:28,852 - WARNING - Warning: 'NoneType' object has no attribute 'getProperty'
2025-11-09 02:03:30,677 - WARNING - Warning: 'NoneType' object has no attribute 'getProperty'
2025-11-09 02:03:34,011 - WARNING - Warning: 'NoneType' object has no attribute 'getProperty'
2025-11-09 02:03:37,329 - WARNING - Warning: 'NoneType' object has no attribute 'getProperty'
2025-11-09 02:03:44,383 - WARNING - Warning: 'NoneType' object has no attribute 'getProperty'
2025-11-09 02:03:46,127 - WARNING - Warning: 'NoneType' object has no attribute 'getProperty'
2025-11-09 02:03:50,825 - WARNING - Warning: 'NoneType' object has no attribute 'getProperty'
2025-11-09 02:03:55,899 - INFO - End Page Analysis | Total Card: 32| Total Scrape: 32
2025-11-09 02:03:59,033 - WARNING - Warning: 'NoneType' object has no attribute 'getProperty'
2025-11-09 02:04:03,557 - WARNING - Warning: 'NoneType' object has no attribute 'getProperty'
2025-11-09 02:04:05,111 - WARNING - Warning: 'NoneType' object has no attribute 'getProperty'
2025-11-09 02:04:06,261 - WARNING - Warning: 'NoneType' object has no attribute 'getProperty'
2025-11-09 02:04:10,111 - WARNING - Warning: 'NoneType' object has no attribute 'getProperty'
2025-11-09 02:04:11,151 - WARNING - Warning: 'NoneType' object has no attribute 'getProperty'
2025-11-09 02:04:13,343 - WARNING - Warning: 'NoneType' object has no attribute 'getProperty'
2025-11-09 02:04:14,509 - WARNING - Warning: 'NoneType' object has no attribute 'getProperty'
2025-11-09 02:04:15,584 - WARNING - Warning: 'NoneType' object has no attribute 'getProperty'
2025-11-09 02:04:16,973 - WARNING - Warning: 'NoneType' object has no attribute 'getProperty'
2025-11-09 02:04:19,215 - WARNING - Warning: 'NoneType' object has no attribute 'getProperty'
2025-11-09 02:04:21,393 - WARNING - Warning: 'NoneType' object has no attribute 'getProperty'
2025-11-09 02:04:26,311 - WARNING - Warning: 'NoneType' object has no attribute 'getProperty'
2025-11-09 02:04:27,448 - WARNING - Warning: 'NoneType' object has no attribute 'getProperty'
2025-11-09 02:04:30,891 - WARNING - Warning: 'NoneType' object has no attribute 'getProperty'
2025-11-09 02:04:35,490 - INFO - End Page Analysis | Total Card: 32| Total Scrape: 32
2025-11-09 02:04:39,024 - WARNING - Warning: 'NoneType' object has no attribute 'getProperty'
2025-11-09 02:04:40,267 - WARNING - Warning: 'NoneType' object has no attribute 'getProperty'
2025-11-09 02:04:42,104 - WARNING - Warning: 'NoneType' object has no attribute 'getProperty'
2025-11-09 02:04:43,826 - WARNING - Warning: 'NoneType' object has no attribute 'getProperty'
2025-11-09 02:04:45,285 - WARNING - Warning: 'NoneType' object has no attribute 'getProperty'
2025-11-09 02:04:46,618 - WARNING - Warning: 'NoneType' object has no attribute 'getProperty'
2025-11-09 02:04:53,612 - WARNING - Warning: 'NoneType' object has no attribute 'getProperty'
2025-11-09 02:04:56,292 - WARNING - Warning: 'NoneType' object has no attribute 'getProperty'
2025-11-09 02:04:57,671 - WARNING - Warning: 'NoneType' object has no attribute 'getProperty'
2025-11-09 02:04:59,117 - WARNING - Warning: 'NoneType' object has no attribute 'getProperty'
2025-11-09 02:05:00,544 - WARNING - Warning: 'NoneType' object has no attribute 'getProperty'
2025-11-09 02:05:01,950 - WARNING - Warning: 'NoneType' object has no attribute 'getProperty'
2025-11-09 02:05:05,136 - WARNING - Warning: 'NoneType' object has no attribute 'getProperty'
2025-11-09 02:05:06,635 - WARNING - Warning: 'NoneType' object has no attribute 'getProperty'
2025-11-09 02:05:08,191 - WARNING - Warning: 'NoneType' object has no attribute 'getProperty'
2025-11-09 02:05:09,616 - WARNING - Warning: 'NoneType' object has no attribute 'getProperty'
2025-11-09 02:05:12,745 - WARNING - Warning: 'NoneType' object has no attribute 'getProperty'
2025-11-09 02:05:14,405 - WARNING - Warning: 'NoneType' object has no attribute 'getProperty'
2025-11-09 02:05:25,235 - INFO - End Page Analysis | Total Card: 32| Total Scrape: 32
2025-11-09 02:05:32,355 - WARNING - Warning: 'NoneType' object has no attribute 'getProperty'
2025-11-09 02:05:36,993 - WARNING - Warning: 'NoneType' object has no attribute 'getProperty'
2025-11-09 02:05:43,521 - WARNING - Warning: 'NoneType' object has no attribute 'getProperty'
2025-11-09 02:05:51,662 - WARNING - Warning: 'NoneType' object has no attribute 'getProperty'
2025-11-09 02:05:53,580 - WARNING - Warning: 'NoneType' object has no attribute 'getProperty'
2025-11-09 02:05:55,170 - WARNING - Warning: 'NoneType' object has no attribute 'getProperty'
2025-11-09 02:06:03,389 - WARNING - Warning: 'NoneType' object has no attribute 'getProperty'
2025-11-09 02:06:06,736 - WARNING - Warning: 'NoneType' object has no attribute 'getProperty'
2025-11-09 02:06:08,330 - WARNING - Warning: 'NoneType' object has no attribute 'getProperty'
2025-11-09 02:06:09,980 - WARNING - Warning: 'NoneType' object has no attribute 'getProperty'
2025-11-09 02:06:11,579 - WARNING - Warning: 'NoneType' object has no attribute 'getProperty'
2025-11-09 02:06:15,214 - WARNING - Warning: 'NoneType' object has no attribute 'getProperty'
2025-11-09 02:06:21,640 - WARNING - Warning: 'NoneType' object has no attribute 'getProperty'
2025-11-09 02:06:21,653 - INFO - End Page Analysis | Total Card: 32| Total Scrape: 32
2025-11-09 02:06:27,588 - WARNING - Warning: 'NoneType' object has no attribute 'getProperty'
2025-11-09 02:06:29,269 - WARNING - Warning: 'NoneType' object has no attribute 'getProperty'
2025-11-09 02:06:30,885 - WARNING - Warning: 'NoneType' object has no attribute 'getProperty'
2025-11-09 02:06:35,046 - WARNING - Warning: 'NoneType' object has no attribute 'getProperty'
2025-11-09 02:06:38,381 - WARNING - Warning: 'NoneType' object has no attribute 'getProperty'
2025-11-09 02:06:39,930 - WARNING - Warning: 'NoneType' object has no attribute 'getProperty'
2025-11-09 02:06:41,613 - WARNING - Warning: 'NoneType' object has no attribute 'getProperty'
2025-11-09 02:06:43,234 - WARNING - Warning: 'NoneType' object has no attribute 'getProperty'
2025-11-09 02:06:44,910 - WARNING - Warning: 'NoneType' object has no attribute 'getProperty'
2025-11-09 02:06:46,573 - WARNING - Warning: 'NoneType' object has no attribute 'getProperty'
2025-11-09 02:06:49,993 - WARNING - Warning: 'NoneType' object has no attribute 'getProperty'
2025-11-09 02:06:51,697 - WARNING - Warning: 'NoneType' object has no attribute 'getProperty'
2025-11-09 02:06:55,188 - WARNING - Warning: 'NoneType' object has no attribute 'getProperty'
2025-11-09 02:06:58,800 - WARNING - Warning: 'NoneType' object has no attribute 'getProperty'
2025-11-09 02:07:00,834 - WARNING - Warning: 'NoneType' object has no attribute 'getProperty'
2025-11-09 02:07:03,112 - WARNING - Warning: 'NoneType' object has no attribute 'getProperty'
2025-11-09 02:07:04,861 - WARNING - Warning: 'NoneType' object has no attribute 'getProperty'
2025-11-09 02:07:08,153 - WARNING - Warning: 'NoneType' object has no attribute 'getProperty'
2025-11-09 02:07:09,843 - WARNING - Warning: 'NoneType' object has no attribute 'getProperty'
2025-11-09 02:07:13,428 - WARNING - Warning: 'NoneType' object has no attribute 'getProperty'
2025-11-09 02:07:15,216 - WARNING - Warning: 'NoneType' object has no attribute 'getProperty'
2025-11-09 02:07:17,121 - WARNING - Warning: 'NoneType' object has no attribute 'getProperty'
2025-11-09 02:07:18,841 - WARNING - Warning: 'NoneType' object has no attribute 'getProperty'
2025-11-09 02:07:20,556 - WARNING - Warning: 'NoneType' object has no attribute 'getProperty'
2025-11-09 02:07:22,397 - WARNING - Warning: 'NoneType' object has no attribute 'getProperty'
2025-11-09 02:07:22,407 - INFO - End Page Analysis | Total Card: 32| Total Scrape: 32
2025-11-09 02:07:24,656 - INFO - End Full Analysis | Total Card: 160| Total Scrape: 160
2025-11-09 02:07:41,038 - WARNING - Warning: 'NoneType' object has no attribute 'getProperty'
2025-11-09 02:07:46,526 - WARNING - Warning: 'NoneType' object has no attribute 'getProperty'
2025-11-09 02:07:48,367 - WARNING - Warning: 'NoneType' object has no attribute 'getProperty'
2025-11-09 02:07:49,657 - WARNING - Warning: 'NoneType' object has no attribute 'getProperty'
2025-11-09 02:07:54,033 - WARNING - Warning: 'NoneType' object has no attribute 'getProperty'
2025-11-09 02:07:55,490 - WARNING - Warning: 'NoneType' object has no attribute 'getProperty'
2025-11-09 02:07:56,901 - WARNING - Warning: 'NoneType' object has no attribute 'getProperty'
2025-11-09 02:07:58,587 - WARNING - Warning: 'NoneType' object has no attribute 'getProperty'
2025-11-09 02:08:01,583 - WARNING - Warning: 'NoneType' object has no attribute 'getProperty'
2025-11-09 02:08:09,220 - WARNING - Warning: 'NoneType' object has no attribute 'getProperty'
2025-11-09 02:08:13,899 - WARNING - Warning: 'NoneType' object has no attribute 'getProperty'
2025-11-09 02:08:15,332 - WARNING - Warning: 'NoneType' object has no attribute 'getProperty'
2025-11-09 02:08:19,624 - WARNING - Warning: 'NoneType' object has no attribute 'getProperty'
2025-11-09 02:08:19,633 - INFO - End Page Analysis | Total Card: 32| Total Scrape: 32
2025-11-09 02:08:22,935 - WARNING - Warning: 'NoneType' object has no attribute 'getProperty'
2025-11-09 02:08:25,779 - WARNING - Warning: 'NoneType' object has no attribute 'getProperty'
2025-11-09 02:08:27,711 - WARNING - Warning: 'NoneType' object has no attribute 'getProperty'
2025-11-09 02:08:29,134 - WARNING - Warning: 'NoneType' object has no attribute 'getProperty'
2025-11-09 02:08:31,068 - WARNING - Warning: 'NoneType' object has no attribute 'getProperty'
2025-11-09 02:08:34,815 - WARNING - Warning: 'NoneType' object has no attribute 'getProperty'
2025-11-09 02:08:39,576 - WARNING - Warning: 'NoneType' object has no attribute 'getProperty'
2025-11-09 02:08:41,302 - WARNING - Warning: 'NoneType' object has no attribute 'getProperty'
2025-11-09 02:08:44,209 - WARNING - Warning: 'NoneType' object has no attribute 'getProperty'
2025-11-09 02:08:49,845 - WARNING - Warning: 'NoneType' object has no attribute 'getProperty'
2025-11-09 02:08:52,729 - WARNING - Warning: 'NoneType' object has no attribute 'getProperty'
2025-11-09 02:08:54,367 - WARNING - Warning: 'NoneType' object has no attribute 'getProperty'
2025-11-09 02:08:59,038 - WARNING - Warning: 'NoneType' object has no attribute 'getProperty'
2025-11-09 02:09:01,997 - WARNING - Warning: 'NoneType' object has no attribute 'getProperty'
2025-11-09 02:09:03,737 - WARNING - Warning: 'NoneType' object has no attribute 'getProperty'
2025-11-09 02:09:11,024 - INFO - End Page Analysis | Total Card: 32| Total Scrape: 32
2025-11-09 02:09:15,112 - WARNING - Warning: 'NoneType' object has no attribute 'getProperty'
2025-11-09 02:09:16,628 - WARNING - Warning: 'NoneType' object has no attribute 'getProperty'
2025-11-09 02:09:21,051 - WARNING - Warning: 'NoneType' object has no attribute 'getProperty'
2025-11-09 02:09:22,668 - WARNING - Warning: 'NoneType' object has no attribute 'getProperty'
2025-11-09 02:09:24,305 - WARNING - Warning: 'NoneType' object has no attribute 'getProperty'
2025-11-09 02:09:27,402 - WARNING - Warning: 'NoneType' object has no attribute 'getProperty'
2025-11-09 02:09:29,329 - WARNING - Warning: 'NoneType' object has no attribute 'getProperty'
2025-11-09 02:09:35,364 - WARNING - Warning: 'NoneType' object has no attribute 'getProperty'
2025-11-09 02:09:38,558 - WARNING - Warning: 'NoneType' object has no attribute 'getProperty'
2025-11-09 02:09:42,048 - WARNING - Warning: 'NoneType' object has no attribute 'getProperty'
2025-11-09 02:09:44,955 - WARNING - Warning: 'NoneType' object has no attribute 'getProperty'
2025-11-09 02:09:52,382 - WARNING - Warning: 'NoneType' object has no attribute 'getProperty'
2025-11-09 02:09:57,189 - WARNING - Warning: 'NoneType' object has no attribute 'getProperty'
2025-11-09 02:09:58,661 - WARNING - Warning: 'NoneType' object has no attribute 'getProperty'
2025-11-09 02:10:03,503 - INFO - End Page Analysis | Total Card: 32| Total Scrape: 32
2025-11-09 02:10:07,369 - WARNING - Warning: 'NoneType' object has no attribute 'getProperty'
2025-11-09 02:10:10,424 - WARNING - Warning: 'NoneType' object has no attribute 'getProperty'
2025-11-09 02:10:13,974 - WARNING - Warning: 'NoneType' object has no attribute 'getProperty'
2025-11-09 02:10:18,927 - WARNING - Warning: 'NoneType' object has no attribute 'getProperty'
2025-11-09 02:10:20,522 - WARNING - Warning: 'NoneType' object has no attribute 'getProperty'
2025-11-09 02:10:24,093 - WARNING - Warning: 'NoneType' object has no attribute 'getProperty'
2025-11-09 02:10:27,729 - WARNING - Warning: 'NoneType' object has no attribute 'getProperty'
2025-11-09 02:10:29,331 - WARNING - Warning: 'NoneType' object has no attribute 'getProperty'
2025-11-09 02:10:30,869 - WARNING - Warning: 'NoneType' object has no attribute 'getProperty'
2025-11-09 02:10:32,548 - WARNING - Warning: 'NoneType' object has no attribute 'getProperty'
2025-11-09 02:10:38,151 - WARNING - Warning: 'NoneType' object has no attribute 'getProperty'
2025-11-09 02:10:40,330 - WARNING - Warning: 'NoneType' object has no attribute 'getProperty'
2025-11-09 02:10:45,413 - WARNING - Warning: 'NoneType' object has no attribute 'getProperty'
2025-11-09 02:10:47,358 - WARNING - Warning: 'NoneType' object has no attribute 'getProperty'
2025-11-09 02:10:49,384 - WARNING - Warning: 'NoneType' object has no attribute 'getProperty'
2025-11-09 02:10:50,986 - WARNING - Warning: 'NoneType' object has no attribute 'getProperty'
2025-11-09 02:10:52,651 - WARNING - Warning: 'NoneType' object has no attribute 'getProperty'
2025-11-09 02:11:01,126 - WARNING - Warning: 'NoneType' object has no attribute 'getProperty'
2025-11-09 02:11:01,138 - INFO - End Page Analysis | Total Card: 32| Total Scrape: 32
2025-11-09 02:11:12,096 - WARNING - Warning: 'NoneType' object has no attribute 'getProperty'
2025-11-09 02:11:13,907 - WARNING - Warning: 'NoneType' object has no attribute 'getProperty'
2025-11-09 02:11:22,279 - WARNING - Warning: 'NoneType' object has no attribute 'getProperty'
2025-11-09 02:11:24,038 - WARNING - Warning: 'NoneType' object has no attribute 'getProperty'
2025-11-09 02:11:27,734 - WARNING - Warning: 'NoneType' object has no attribute 'getProperty'
2025-11-09 02:11:29,579 - WARNING - Warning: 'NoneType' object has no attribute 'getProperty'
2025-11-09 02:11:33,399 - WARNING - Warning: 'NoneType' object has no attribute 'getProperty'
2025-11-09 02:11:35,235 - WARNING - Warning: 'NoneType' object has no attribute 'getProperty'
2025-11-09 02:11:37,078 - WARNING - Warning: 'NoneType' object has no attribute 'getProperty'
2025-11-09 02:11:40,553 - WARNING - Warning: 'NoneType' object has no attribute 'getProperty'
2025-11-09 02:11:46,054 - WARNING - Warning: 'NoneType' object has no attribute 'getProperty'
2025-11-09 02:11:50,216 - WARNING - Warning: 'NoneType' object has no attribute 'getProperty'
2025-11-09 02:11:52,214 - WARNING - Warning: 'NoneType' object has no attribute 'getProperty'
2025-11-09 02:11:54,204 - WARNING - Warning: 'NoneType' object has no attribute 'getProperty'
2025-11-09 02:11:57,800 - WARNING - Warning: 'NoneType' object has no attribute 'getProperty'
2025-11-09 02:12:03,288 - WARNING - Warning: 'NoneType' object has no attribute 'getProperty'
2025-11-09 02:12:03,300 - INFO - End Page Analysis | Total Card: 32| Total Scrape: 32
2025-11-09 02:12:05,561 - INFO - End Full Analysis | Total Card: 160| Total Scrape: 160
2025-11-09 02:12:11,767 - WARNING - Warning: 'NoneType' object has no attribute 'getProperty'
2025-11-09 02:12:20,244 - WARNING - Warning: 'NoneType' object has no attribute 'getProperty'
2025-11-09 02:12:25,394 - WARNING - Warning: 'NoneType' object has no attribute 'getProperty'
2025-11-09 02:12:27,858 - WARNING - Warning: 'NoneType' object has no attribute 'getProperty'
2025-11-09 02:12:53,591 - INFO - End Page Analysis | Total Card: 32| Total Scrape: 32
2025-11-09 02:12:59,741 - WARNING - Warning: 'NoneType' object has no attribute 'getProperty'
2025-11-09 02:13:08,283 - WARNING - Warning: 'NoneType' object has no attribute 'getProperty'
2025-11-09 02:13:17,991 - WARNING - Warning: 'NoneType' object has no attribute 'getProperty'
2025-11-09 02:13:20,901 - WARNING - Warning: 'NoneType' object has no attribute 'getProperty'
2025-11-09 02:13:26,630 - WARNING - Warning: 'NoneType' object has no attribute 'getProperty'
2025-11-09 02:13:36,677 - WARNING - Warning: 'NoneType' object has no attribute 'getProperty'
2025-11-09 02:13:42,348 - INFO - End Page Analysis | Total Card: 32| Total Scrape: 32
2025-11-09 02:13:45,940 - WARNING - Warning: 'NoneType' object has no attribute 'getProperty'
2025-11-09 02:13:50,276 - WARNING - Warning: 'NoneType' object has no attribute 'getProperty'
2025-11-09 02:13:53,253 - WARNING - Warning: 'NoneType' object has no attribute 'getProperty'
2025-11-09 02:13:59,075 - WARNING - Warning: 'NoneType' object has no attribute 'getProperty'
2025-11-09 02:14:03,704 - WARNING - Warning: 'NoneType' object has no attribute 'getProperty'
2025-11-09 02:14:06,798 - WARNING - Warning: 'NoneType' object has no attribute 'getProperty'
2025-11-09 02:14:09,902 - WARNING - Warning: 'NoneType' object has no attribute 'getProperty'
2025-11-09 02:14:18,177 - WARNING - Warning: 'NoneType' object has no attribute 'getProperty'
2025-11-09 02:14:28,931 - WARNING - Warning: 'NoneType' object has no attribute 'getProperty'
2025-11-09 02:14:32,118 - WARNING - Warning: 'NoneType' object has no attribute 'getProperty'
2025-11-09 02:14:35,427 - INFO - End Page Analysis | Total Card: 32| Total Scrape: 32
2025-11-09 02:14:39,170 - WARNING - Warning: 'NoneType' object has no attribute 'getProperty'
2025-11-09 02:14:40,676 - WARNING - Warning: 'NoneType' object has no attribute 'getProperty'
2025-11-09 02:14:42,212 - WARNING - Warning: 'NoneType' object has no attribute 'getProperty'
2025-11-09 02:14:51,304 - WARNING - Warning: 'NoneType' object has no attribute 'getProperty'
2025-11-09 02:14:52,880 - WARNING - Warning: 'NoneType' object has no attribute 'getProperty'
2025-11-09 02:14:54,430 - WARNING - Warning: 'NoneType' object has no attribute 'getProperty'
2025-11-09 02:14:56,019 - WARNING - Warning: 'NoneType' object has no attribute 'getProperty'
2025-11-09 02:14:59,282 - WARNING - Warning: 'NoneType' object has no attribute 'getProperty'
2025-11-09 02:15:01,031 - WARNING - Warning: 'NoneType' object has no attribute 'getProperty'
2025-11-09 02:15:04,455 - WARNING - Warning: 'NoneType' object has no attribute 'getProperty'
2025-11-09 02:15:10,034 - WARNING - Warning: 'NoneType' object has no attribute 'getProperty'
2025-11-09 02:15:11,641 - WARNING - Warning: 'NoneType' object has no attribute 'getProperty'
2025-11-09 02:15:13,420 - WARNING - Warning: 'NoneType' object has no attribute 'getProperty'
2025-11-09 02:15:15,251 - WARNING - Warning: 'NoneType' object has no attribute 'getProperty'
2025-11-09 02:15:16,966 - WARNING - Warning: 'NoneType' object has no attribute 'getProperty'
2025-11-09 02:15:20,608 - WARNING - Warning: 'NoneType' object has no attribute 'getProperty'
2025-11-09 02:15:22,416 - WARNING - Warning: 'NoneType' object has no attribute 'getProperty'
2025-11-09 02:15:23,996 - WARNING - Warning: 'NoneType' object has no attribute 'getProperty'
2025-11-09 02:15:25,834 - WARNING - Warning: 'NoneType' object has no attribute 'getProperty'
2025-11-09 02:15:27,593 - WARNING - Warning: 'NoneType' object has no attribute 'getProperty'
2025-11-09 02:15:31,045 - WARNING - Warning: 'NoneType' object has no attribute 'getProperty'
2025-11-09 02:15:33,233 - WARNING - Warning: 'NoneType' object has no attribute 'getProperty'
2025-11-09 02:15:33,252 - INFO - End Page Analysis | Total Card: 32| Total Scrape: 32
2025-11-09 02:15:38,943 - WARNING - Warning: 'NoneType' object has no attribute 'getProperty'
2025-11-09 02:15:40,580 - WARNING - Warning: 'NoneType' object has no attribute 'getProperty'
2025-11-09 02:15:46,444 - WARNING - Warning: 'NoneType' object has no attribute 'getProperty'
2025-11-09 02:15:48,098 - WARNING - Warning: 'NoneType' object has no attribute 'getProperty'
2025-11-09 02:15:53,283 - WARNING - Warning: 'NoneType' object has no attribute 'getProperty'
2025-11-09 02:15:54,933 - WARNING - Warning: 'NoneType' object has no attribute 'getProperty'
2025-11-09 02:15:57,228 - WARNING - Warning: 'NoneType' object has no attribute 'getProperty'
2025-11-09 02:16:02,395 - WARNING - Warning: 'NoneType' object has no attribute 'getProperty'
2025-11-09 02:16:04,083 - WARNING - Warning: 'NoneType' object has no attribute 'getProperty'
2025-11-09 02:16:05,736 - WARNING - Warning: 'NoneType' object has no attribute 'getProperty'
2025-11-09 02:16:13,227 - WARNING - Warning: 'NoneType' object has no attribute 'getProperty'
2025-11-09 02:16:16,940 - WARNING - Warning: 'NoneType' object has no attribute 'getProperty'
2025-11-09 02:16:18,828 - WARNING - Warning: 'NoneType' object has no attribute 'getProperty'
2025-11-09 02:16:22,496 - WARNING - Warning: Unsupported relative time format
2025-11-09 02:16:28,752 - WARNING - Warning: 'NoneType' object has no attribute 'getProperty'
2025-11-09 02:16:32,892 - WARNING - Warning: 'NoneType' object has no attribute 'getProperty'
2025-11-09 02:16:34,791 - WARNING - Warning: 'NoneType' object has no attribute 'getProperty'
2025-11-09 02:16:34,803 - INFO - End Page Analysis | Total Card: 32| Total Scrape: 32
2025-11-09 02:16:37,027 - INFO - End Full Analysis | Total Card: 160| Total Scrape: 160
2025-11-09 02:16:44,935 - WARNING - Warning: 'NoneType' object has no attribute 'getProperty'
2025-11-09 02:16:47,851 - WARNING - Warning: 'NoneType' object has no attribute 'getProperty'
2025-11-09 02:16:49,185 - WARNING - Warning: 'NoneType' object has no attribute 'getProperty'
2025-11-09 02:16:51,001 - WARNING - Warning: 'NoneType' object has no attribute 'getProperty'
2025-11-09 02:16:54,909 - WARNING - Warning: 'NoneType' object has no attribute 'getProperty'
2025-11-09 02:16:56,163 - WARNING - Warning: 'NoneType' object has no attribute 'getProperty'
2025-11-09 02:17:03,102 - WARNING - Warning: 'NoneType' object has no attribute 'getProperty'
2025-11-09 02:17:05,695 - WARNING - Warning: 'NoneType' object has no attribute 'getProperty'
2025-11-09 02:17:08,193 - WARNING - Warning: 'NoneType' object has no attribute 'getProperty'
2025-11-09 02:17:09,568 - WARNING - Warning: 'NoneType' object has no attribute 'getProperty'
2025-11-09 02:17:12,187 - WARNING - Warning: 'NoneType' object has no attribute 'getProperty'
2025-11-09 02:17:14,835 - WARNING - Warning: 'NoneType' object has no attribute 'getProperty'
2025-11-09 02:17:16,217 - WARNING - Warning: 'NoneType' object has no attribute 'getProperty'
2025-11-09 02:17:18,781 - WARNING - Warning: 'NoneType' object has no attribute 'getProperty'
2025-11-09 02:17:19,997 - WARNING - Warning: 'NoneType' object has no attribute 'getProperty'
2025-11-09 02:17:27,648 - WARNING - Warning: 'NoneType' object has no attribute 'getProperty'
2025-11-09 02:17:27,659 - INFO - End Page Analysis | Total Card: 32| Total Scrape: 32
2025-11-09 02:17:31,150 - WARNING - Warning: 'NoneType' object has no attribute 'getProperty'
2025-11-09 02:17:32,372 - WARNING - Warning: 'NoneType' object has no attribute 'getProperty'
2025-11-09 02:17:48,124 - WARNING - Warning: 'NoneType' object has no attribute 'getProperty'
2025-11-09 02:17:49,867 - WARNING - Warning: 'NoneType' object has no attribute 'getProperty'
2025-11-09 02:17:51,259 - WARNING - Warning: 'NoneType' object has no attribute 'getProperty'
2025-11-09 02:18:00,961 - WARNING - Warning: 'NoneType' object has no attribute 'getProperty'
2025-11-09 02:18:02,377 - WARNING - Warning: 'NoneType' object has no attribute 'getProperty'
2025-11-09 02:18:05,183 - WARNING - Warning: 'NoneType' object has no attribute 'getProperty'
2025-11-09 02:18:06,524 - WARNING - Warning: 'NoneType' object has no attribute 'getProperty'
2025-11-09 02:18:07,905 - WARNING - Warning: 'NoneType' object has no attribute 'getProperty'
2025-11-09 02:18:11,012 - WARNING - Warning: 'NoneType' object has no attribute 'getProperty'
2025-11-09 02:18:16,940 - INFO - End Page Analysis | Total Card: 32| Total Scrape: 32
2025-11-09 02:18:23,704 - WARNING - Warning: 'NoneType' object has no attribute 'getProperty'
2025-11-09 02:18:25,656 - WARNING - Warning: 'NoneType' object has no attribute 'getProperty'
2025-11-09 02:18:31,414 - WARNING - Warning: 'NoneType' object has no attribute 'getProperty'
2025-11-09 02:18:36,017 - WARNING - Warning: 'NoneType' object has no attribute 'getProperty'
2025-11-09 02:18:42,001 - WARNING - Warning: 'NoneType' object has no attribute 'getProperty'
2025-11-09 02:18:46,520 - WARNING - Warning: 'NoneType' object has no attribute 'getProperty'
2025-11-09 02:18:49,460 - WARNING - Warning: 'NoneType' object has no attribute 'getProperty'
2025-11-09 02:18:55,395 - WARNING - Warning: 'NoneType' object has no attribute 'getProperty'
2025-11-09 02:19:01,072 - WARNING - Warning: 'NoneType' object has no attribute 'getProperty'
2025-11-09 02:19:07,405 - WARNING - Warning: 'NoneType' object has no attribute 'getProperty'
2025-11-09 02:19:09,009 - INFO - End Page Analysis | Total Card: 32| Total Scrape: 32
2025-11-09 02:19:17,385 - WARNING - Warning: 'NoneType' object has no attribute 'getProperty'
2025-11-09 02:19:20,279 - WARNING - Warning: 'NoneType' object has no attribute 'getProperty'
2025-11-09 02:19:24,882 - WARNING - Warning: 'NoneType' object has no attribute 'getProperty'
2025-11-09 02:19:26,523 - WARNING - Warning: 'NoneType' object has no attribute 'getProperty'
2025-11-09 02:19:28,159 - WARNING - Warning: 'NoneType' object has no attribute 'getProperty'
2025-11-09 02:19:31,342 - WARNING - Warning: 'NoneType' object has no attribute 'getProperty'
2025-11-09 02:19:44,499 - WARNING - Warning: 'NoneType' object has no attribute 'getProperty'
2025-11-09 02:19:46,150 - WARNING - Warning: 'NoneType' object has no attribute 'getProperty'
2025-11-09 02:19:47,747 - WARNING - Warning: 'NoneType' object has no attribute 'getProperty'
2025-11-09 02:19:53,057 - WARNING - Warning: 'NoneType' object has no attribute 'getProperty'
2025-11-09 02:19:54,714 - WARNING - Warning: 'NoneType' object has no attribute 'getProperty'
2025-11-09 02:20:00,099 - WARNING - Warning: 'NoneType' object has no attribute 'getProperty'
2025-11-09 02:20:03,811 - WARNING - Warning: 'NoneType' object has no attribute 'getProperty'
2025-11-09 02:20:03,826 - INFO - End Page Analysis | Total Card: 32| Total Scrape: 32
2025-11-09 02:20:07,804 - WARNING - Warning: 'NoneType' object has no attribute 'getProperty'
2025-11-09 02:20:12,356 - WARNING - Warning: 'NoneType' object has no attribute 'getProperty'
2025-11-09 02:20:14,206 - WARNING - Warning: 'NoneType' object has no attribute 'getProperty'
2025-11-09 02:20:15,863 - WARNING - Warning: 'NoneType' object has no attribute 'getProperty'
2025-11-09 02:20:21,766 - WARNING - Warning: 'NoneType' object has no attribute 'getProperty'
2025-11-09 02:20:27,375 - WARNING - Warning: 'NoneType' object has no attribute 'getProperty'
2025-11-09 02:20:35,767 - WARNING - Warning: 'NoneType' object has no attribute 'getProperty'
2025-11-09 02:20:39,391 - WARNING - Warning: 'NoneType' object has no attribute 'getProperty'
2025-11-09 02:20:39,395 - WARNING - Warning: Unsupported relative time format
2025-11-09 02:20:42,842 - WARNING - Warning: Unsupported relative time format
2025-11-09 02:20:49,891 - WARNING - Warning: 'NoneType' object has no attribute 'getProperty'
2025-11-09 02:20:56,577 - WARNING - Warning: 'NoneType' object has no attribute 'getProperty'
2025-11-09 02:20:58,309 - WARNING - Warning: 'NoneType' object has no attribute 'getProperty'
2025-11-09 02:21:02,103 - WARNING - Warning: 'NoneType' object has no attribute 'getProperty'
2025-11-09 02:21:03,953 - WARNING - Warning: 'NoneType' object has no attribute 'getProperty'
2025-11-09 02:21:06,301 - WARNING - Warning: 'NoneType' object has no attribute 'getProperty'
2025-11-09 02:21:08,164 - INFO - End Page Analysis | Total Card: 32| Total Scrape: 32
2025-11-09 02:21:10,398 - INFO - End Full Analysis | Total Card: 160| Total Scrape: 160
2025-11-09 02:21:31,617 - WARNING - Warning: 'NoneType' object has no attribute 'getProperty'
2025-11-09 02:21:41,826 - WARNING - Warning: 'NoneType' object has no attribute 'getProperty'
2025-11-09 02:21:43,094 - WARNING - Warning: 'NoneType' object has no attribute 'getProperty'
2025-11-09 02:21:45,664 - WARNING - Warning: 'NoneType' object has no attribute 'getProperty'
2025-11-09 02:21:50,161 - WARNING - Warning: 'NoneType' object has no attribute 'getProperty'
2025-11-09 02:21:57,743 - WARNING - Warning: 'NoneType' object has no attribute 'getProperty'
2025-11-09 02:21:59,119 - WARNING - Warning: 'NoneType' object has no attribute 'getProperty'
2025-11-09 02:22:00,521 - INFO - End Page Analysis | Total Card: 32| Total Scrape: 32
2025-11-09 02:22:06,071 - WARNING - Warning: 'NoneType' object has no attribute 'getProperty'
2025-11-09 02:22:09,653 - WARNING - Warning: 'NoneType' object has no attribute 'getProperty'
2025-11-09 02:22:12,764 - WARNING - Warning: 'NoneType' object has no attribute 'getProperty'
2025-11-09 02:22:17,027 - WARNING - Warning: 'NoneType' object has no attribute 'getProperty'
2025-11-09 02:22:21,207 - WARNING - Warning: 'NoneType' object has no attribute 'getProperty'
2025-11-09 02:22:22,554 - WARNING - Warning: 'NoneType' object has no attribute 'getProperty'
2025-11-09 02:22:26,780 - WARNING - Warning: 'NoneType' object has no attribute 'getProperty'
2025-11-09 02:22:28,257 - WARNING - Warning: 'NoneType' object has no attribute 'getProperty'
2025-11-09 02:22:33,035 - WARNING - Warning: 'NoneType' object has no attribute 'getProperty'
2025-11-09 02:22:34,622 - WARNING - Warning: 'NoneType' object has no attribute 'getProperty'
2025-11-09 02:22:36,101 - WARNING - Warning: 'NoneType' object has no attribute 'getProperty'
2025-11-09 02:22:39,372 - WARNING - Warning: 'NoneType' object has no attribute 'getProperty'
2025-11-09 02:22:45,526 - WARNING - Warning: 'NoneType' object has no attribute 'getProperty'
2025-11-09 02:22:49,983 - WARNING - Warning: 'NoneType' object has no attribute 'getProperty'
2025-11-09 02:22:51,352 - WARNING - Warning: 'NoneType' object has no attribute 'getProperty'
2025-11-09 02:22:51,364 - INFO - End Page Analysis | Total Card: 32| Total Scrape: 32
2025-11-09 02:22:54,923 - WARNING - Warning: 'NoneType' object has no attribute 'getProperty'
2025-11-09 02:23:00,667 - WARNING - Warning: 'NoneType' object has no attribute 'getProperty'
2025-11-09 02:23:04,596 - WARNING - Warning: 'NoneType' object has no attribute 'getProperty'
2025-11-09 02:23:05,982 - WARNING - Warning: 'NoneType' object has no attribute 'getProperty'
2025-11-09 02:23:07,775 - WARNING - Warning: 'NoneType' object has no attribute 'getProperty'
2025-11-09 02:23:09,670 - WARNING - Warning: 'NoneType' object has no attribute 'getProperty'
2025-11-09 02:23:12,825 - WARNING - Warning: 'NoneType' object has no attribute 'getProperty'
2025-11-09 02:23:12,829 - WARNING - Warning: Unsupported relative time format
2025-11-09 02:23:17,254 - WARNING - Warning: 'NoneType' object has no attribute 'getProperty'
2025-11-09 02:23:19,107 - WARNING - Warning: 'NoneType' object has no attribute 'getProperty'
2025-11-09 02:23:25,154 - WARNING - Warning: 'NoneType' object has no attribute 'getProperty'
2025-11-09 02:23:28,297 - WARNING - Warning: 'NoneType' object has no attribute 'getProperty'
2025-11-09 02:23:29,790 - WARNING - Warning: 'NoneType' object has no attribute 'getProperty'
2025-11-09 02:23:37,500 - WARNING - Warning: 'NoneType' object has no attribute 'getProperty'
2025-11-09 02:23:39,060 - WARNING - Warning: 'NoneType' object has no attribute 'getProperty'
2025-11-09 02:23:40,491 - WARNING - Warning: 'NoneType' object has no attribute 'getProperty'
2025-11-09 02:23:43,406 - WARNING - Warning: 'NoneType' object has no attribute 'getProperty'
2025-11-09 02:23:43,417 - INFO - End Page Analysis | Total Card: 32| Total Scrape: 32
2025-11-09 02:23:48,568 - WARNING - Warning: 'NoneType' object has no attribute 'getProperty'
2025-11-09 02:23:50,284 - WARNING - Warning: 'NoneType' object has no attribute 'getProperty'
2025-11-09 02:23:53,391 - WARNING - Warning: 'NoneType' object has no attribute 'getProperty'
2025-11-09 02:24:05,218 - WARNING - Warning: 'NoneType' object has no attribute 'getProperty'
2025-11-09 02:24:08,339 - WARNING - Warning: 'NoneType' object has no attribute 'getProperty'
2025-11-09 02:24:14,947 - WARNING - Warning: 'NoneType' object has no attribute 'getProperty'
2025-11-09 02:24:16,617 - WARNING - Warning: 'NoneType' object has no attribute 'getProperty'
2025-11-09 02:24:20,064 - WARNING - Warning: 'NoneType' object has no attribute 'getProperty'
2025-11-09 02:24:26,981 - WARNING - Warning: 'NoneType' object has no attribute 'getProperty'
2025-11-09 02:24:28,677 - WARNING - Warning: 'NoneType' object has no attribute 'getProperty'
2025-11-09 02:24:30,530 - WARNING - Warning: 'NoneType' object has no attribute 'getProperty'
2025-11-09 02:24:32,222 - WARNING - Warning: 'NoneType' object has no attribute 'getProperty'
2025-11-09 02:24:35,660 - WARNING - Warning: 'NoneType' object has no attribute 'getProperty'
2025-11-09 02:24:39,508 - WARNING - Warning: 'NoneType' object has no attribute 'getProperty'
2025-11-09 02:24:39,534 - INFO - End Page Analysis | Total Card: 32| Total Scrape: 32
2025-11-09 02:24:43,605 - WARNING - Warning: 'NoneType' object has no attribute 'getProperty'
2025-11-09 02:24:45,350 - WARNING - Warning: 'NoneType' object has no attribute 'getProperty'
2025-11-09 02:24:49,083 - WARNING - Warning: 'NoneType' object has no attribute 'getProperty'
2025-11-09 02:24:50,832 - WARNING - Warning: 'NoneType' object has no attribute 'getProperty'
2025-11-09 02:24:52,502 - WARNING - Warning: 'NoneType' object has no attribute 'getProperty'
2025-11-09 02:24:55,773 - WARNING - Warning: 'NoneType' object has no attribute 'getProperty'
2025-11-09 02:24:57,503 - WARNING - Warning: 'NoneType' object has no attribute 'getProperty'
2025-11-09 02:25:01,109 - WARNING - Warning: 'NoneType' object has no attribute 'getProperty'
2025-11-09 02:25:02,939 - WARNING - Warning: 'NoneType' object has no attribute 'getProperty'
2025-11-09 02:25:04,666 - WARNING - Warning: 'NoneType' object has no attribute 'getProperty'
2025-11-09 02:25:06,369 - WARNING - Warning: 'NoneType' object has no attribute 'getProperty'
2025-11-09 02:25:08,049 - WARNING - Warning: 'NoneType' object has no attribute 'getProperty'
2025-11-09 02:25:26,684 - WARNING - Warning: 'NoneType' object has no attribute 'getProperty'
2025-11-09 02:25:28,600 - WARNING - Warning: 'NoneType' object has no attribute 'getProperty'
2025-11-09 02:25:35,175 - WARNING - Warning: 'NoneType' object has no attribute 'getProperty'
2025-11-09 02:25:37,225 - WARNING - Warning: 'NoneType' object has no attribute 'getProperty'
2025-11-09 02:25:41,289 - INFO - End Page Analysis | Total Card: 32| Total Scrape: 32
2025-11-09 02:25:43,520 - INFO - End Full Analysis | Total Card: 160| Total Scrape: 160
2025-11-09 02:25:43,520 - INFO - terminate chrome process...
2025-11-09 02:25:43,550 - ERROR - Future exception was never retrieved
future: <Future finished exception=NetworkError('Protocol error Target.detachFromTarget: Target closed.')>
pyppeteer.errors.NetworkError: Protocol error Target.detachFromTarget: Target closed.
2025-11-09 02:25:43,555 - ERROR - Future exception was never retrieved
future: <Future finished exception=NetworkError('Protocol error Target.sendMessageToTarget: Target closed.')>
pyppeteer.errors.NetworkError: Protocol error Target.sendMessageToTarget: Target closed.
2025-11-09 02:25:44,649 - INFO - CSV written successfully
2025-11-09 02:25:44,649 - INFO - Wrote CSV with 800 rows to /home/runner/work/Skillsgauge/Skillsgauge/bronze_datasets/JS/js_2025_11_09.csv
2025-11-09 02:25:44,651 - INFO - Scrapper Ended successfully
