2026-02-15 02:51:42,577 - INFO - Scraper started
2026-02-15 02:51:55,488 - INFO - Browser listening on: ws://127.0.0.1:54119/devtools/browser/9478392a-c2ba-43df-ac98-ca8724f7cd7a
2026-02-15 02:52:10,002 - WARNING - Warning: 'NoneType' object has no attribute 'getProperty'
2026-02-15 02:52:13,509 - WARNING - Warning: 'NoneType' object has no attribute 'getProperty'
2026-02-15 02:52:18,327 - WARNING - Warning: 'NoneType' object has no attribute 'getProperty'
2026-02-15 02:52:21,650 - WARNING - Warning: 'NoneType' object has no attribute 'getProperty'
2026-02-15 02:52:23,482 - WARNING - Warning: 'NoneType' object has no attribute 'getProperty'
2026-02-15 02:52:28,375 - WARNING - Warning: 'NoneType' object has no attribute 'getProperty'
2026-02-15 02:52:38,973 - WARNING - Warning: 'NoneType' object has no attribute 'getProperty'
2026-02-15 02:52:40,336 - WARNING - Warning: 'NoneType' object has no attribute 'getProperty'
2026-02-15 02:52:41,586 - WARNING - Warning: 'NoneType' object has no attribute 'getProperty'
2026-02-15 02:52:42,991 - WARNING - Warning: 'NoneType' object has no attribute 'getProperty'
2026-02-15 02:52:49,088 - WARNING - Warning: 'NoneType' object has no attribute 'getProperty'
2026-02-15 02:52:53,147 - WARNING - Warning: 'NoneType' object has no attribute 'getProperty'
2026-02-15 02:52:55,910 - WARNING - Warning: 'NoneType' object has no attribute 'getProperty'
2026-02-15 02:52:55,950 - INFO - End Page Analysis | Total Card: 32| Total Scrape: 32
2026-02-15 02:53:01,676 - WARNING - Warning: 'NoneType' object has no attribute 'getProperty'
2026-02-15 02:53:03,805 - WARNING - Warning: 'NoneType' object has no attribute 'getProperty'
2026-02-15 02:53:07,231 - WARNING - Warning: 'NoneType' object has no attribute 'getProperty'
2026-02-15 02:53:09,652 - WARNING - Warning: 'NoneType' object has no attribute 'getProperty'
2026-02-15 02:53:11,156 - WARNING - Warning: 'NoneType' object has no attribute 'getProperty'
2026-02-15 02:53:15,102 - WARNING - Warning: 'NoneType' object has no attribute 'getProperty'
2026-02-15 02:53:22,810 - WARNING - Warning: 'NoneType' object has no attribute 'getProperty'
2026-02-15 02:53:24,137 - WARNING - Warning: 'NoneType' object has no attribute 'getProperty'
2026-02-15 02:53:25,476 - WARNING - Warning: 'NoneType' object has no attribute 'getProperty'
2026-02-15 02:53:26,966 - WARNING - Warning: 'NoneType' object has no attribute 'getProperty'
2026-02-15 02:53:33,116 - WARNING - Warning: 'NoneType' object has no attribute 'getProperty'
2026-02-15 02:53:36,914 - WARNING - Warning: 'NoneType' object has no attribute 'getProperty'
2026-02-15 02:53:39,368 - WARNING - Warning: 'NoneType' object has no attribute 'getProperty'
2026-02-15 02:53:39,378 - INFO - End Page Analysis | Total Card: 32| Total Scrape: 32
2026-02-15 02:53:43,318 - WARNING - Warning: 'NoneType' object has no attribute 'getProperty'
2026-02-15 02:53:46,417 - WARNING - Warning: Unsupported relative time format
2026-02-15 02:53:49,498 - WARNING - Warning: 'NoneType' object has no attribute 'getProperty'
2026-02-15 02:53:49,503 - WARNING - Warning: Unsupported relative time format
2026-02-15 02:53:50,995 - WARNING - Warning: 'NoneType' object has no attribute 'getProperty'
2026-02-15 02:53:52,575 - WARNING - Warning: 'NoneType' object has no attribute 'getProperty'
2026-02-15 02:54:00,511 - WARNING - Warning: 'NoneType' object has no attribute 'getProperty'
2026-02-15 02:54:02,639 - WARNING - Warning: 'NoneType' object has no attribute 'getProperty'
2026-02-15 02:54:04,223 - WARNING - Warning: 'NoneType' object has no attribute 'getProperty'
2026-02-15 02:54:05,826 - WARNING - Warning: 'NoneType' object has no attribute 'getProperty'
2026-02-15 02:54:09,140 - WARNING - Warning: 'NoneType' object has no attribute 'getProperty'
2026-02-15 02:54:10,834 - WARNING - Warning: 'NoneType' object has no attribute 'getProperty'
2026-02-15 02:54:14,131 - WARNING - Warning: 'NoneType' object has no attribute 'getProperty'
2026-02-15 02:54:19,287 - WARNING - Warning: 'NoneType' object has no attribute 'getProperty'
2026-02-15 02:54:30,373 - WARNING - Warning: 'NoneType' object has no attribute 'getProperty'
2026-02-15 02:54:33,866 - WARNING - Warning: 'NoneType' object has no attribute 'getProperty'
2026-02-15 02:54:35,604 - INFO - End Page Analysis | Total Card: 32| Total Scrape: 32
2026-02-15 02:54:43,507 - WARNING - Warning: 'NoneType' object has no attribute 'getProperty'
2026-02-15 02:54:49,207 - WARNING - Warning: 'NoneType' object has no attribute 'getProperty'
2026-02-15 02:54:57,268 - WARNING - Warning: 'NoneType' object has no attribute 'getProperty'
2026-02-15 02:54:59,067 - WARNING - Warning: 'NoneType' object has no attribute 'getProperty'
2026-02-15 02:55:02,837 - WARNING - Warning: 'NoneType' object has no attribute 'getProperty'
2026-02-15 02:55:06,448 - WARNING - Warning: 'NoneType' object has no attribute 'getProperty'
2026-02-15 02:55:10,169 - WARNING - Warning: 'NoneType' object has no attribute 'getProperty'
2026-02-15 02:55:13,901 - WARNING - Warning: 'NoneType' object has no attribute 'getProperty'
2026-02-15 02:55:15,730 - WARNING - Warning: 'NoneType' object has no attribute 'getProperty'
2026-02-15 02:55:30,498 - WARNING - Warning: 'NoneType' object has no attribute 'getProperty'
2026-02-15 02:55:35,198 - WARNING - Warning: 'NoneType' object has no attribute 'getProperty'
2026-02-15 02:55:37,084 - WARNING - Warning: 'NoneType' object has no attribute 'getProperty'
2026-02-15 02:55:38,924 - WARNING - Warning: 'NoneType' object has no attribute 'getProperty'
2026-02-15 02:55:42,701 - INFO - End Page Analysis | Total Card: 32| Total Scrape: 32
2026-02-15 02:55:49,417 - WARNING - Warning: 'NoneType' object has no attribute 'getProperty'
2026-02-15 02:55:51,306 - WARNING - Warning: 'NoneType' object has no attribute 'getProperty'
2026-02-15 02:55:57,371 - WARNING - Warning: 'NoneType' object has no attribute 'getProperty'
2026-02-15 02:56:01,317 - WARNING - Warning: 'NoneType' object has no attribute 'getProperty'
2026-02-15 02:56:03,600 - WARNING - Warning: 'NoneType' object has no attribute 'getProperty'
2026-02-15 02:56:05,597 - WARNING - Warning: 'NoneType' object has no attribute 'getProperty'
2026-02-15 02:56:07,505 - WARNING - Warning: 'NoneType' object has no attribute 'getProperty'
2026-02-15 02:56:09,329 - WARNING - Warning: 'NoneType' object has no attribute 'getProperty'
2026-02-15 02:56:11,365 - WARNING - Warning: 'NoneType' object has no attribute 'getProperty'
2026-02-15 02:56:13,343 - WARNING - Warning: 'NoneType' object has no attribute 'getProperty'
2026-02-15 02:56:15,486 - WARNING - Warning: 'NoneType' object has no attribute 'getProperty'
2026-02-15 02:56:17,461 - WARNING - Warning: 'NoneType' object has no attribute 'getProperty'
2026-02-15 02:56:19,368 - WARNING - Warning: 'NoneType' object has no attribute 'getProperty'
2026-02-15 02:56:23,377 - WARNING - Warning: 'NoneType' object has no attribute 'getProperty'
2026-02-15 02:56:25,430 - WARNING - Warning: 'NoneType' object has no attribute 'getProperty'
2026-02-15 02:56:27,386 - WARNING - Warning: 'NoneType' object has no attribute 'getProperty'
2026-02-15 02:56:29,371 - WARNING - Warning: 'NoneType' object has no attribute 'getProperty'
2026-02-15 02:56:31,179 - WARNING - Warning: 'NoneType' object has no attribute 'getProperty'
2026-02-15 02:56:33,141 - WARNING - Warning: 'NoneType' object has no attribute 'getProperty'
2026-02-15 02:56:35,208 - WARNING - Warning: 'NoneType' object has no attribute 'getProperty'
2026-02-15 02:56:39,345 - WARNING - Warning: 'NoneType' object has no attribute 'getProperty'
2026-02-15 02:56:41,392 - WARNING - Warning: 'NoneType' object has no attribute 'getProperty'
2026-02-15 02:56:43,596 - WARNING - Warning: 'NoneType' object has no attribute 'getProperty'
2026-02-15 02:56:45,603 - WARNING - Warning: 'NoneType' object has no attribute 'getProperty'
2026-02-15 02:56:47,615 - WARNING - Warning: 'NoneType' object has no attribute 'getProperty'
2026-02-15 02:56:49,696 - INFO - End Page Analysis | Total Card: 32| Total Scrape: 32
2026-02-15 02:56:51,898 - INFO - End Full Analysis | Total Card: 160| Total Scrape: 160
2026-02-15 02:57:03,400 - WARNING - Warning: 'NoneType' object has no attribute 'getProperty'
2026-02-15 02:57:06,676 - WARNING - Warning: 'NoneType' object has no attribute 'getProperty'
2026-02-15 02:57:12,740 - WARNING - Warning: 'NoneType' object has no attribute 'getProperty'
2026-02-15 02:57:14,298 - WARNING - Warning: 'NoneType' object has no attribute 'getProperty'
2026-02-15 02:57:25,711 - WARNING - Warning: 'NoneType' object has no attribute 'getProperty'
2026-02-15 02:57:34,829 - WARNING - Warning: 'NoneType' object has no attribute 'getProperty'
2026-02-15 02:57:36,236 - WARNING - Warning: 'NoneType' object has no attribute 'getProperty'
2026-02-15 02:57:39,144 - WARNING - Warning: 'NoneType' object has no attribute 'getProperty'
2026-02-15 02:57:39,148 - WARNING - Warning: Unsupported relative time format
2026-02-15 02:57:40,637 - WARNING - Warning: 'NoneType' object has no attribute 'getProperty'
2026-02-15 02:57:48,069 - WARNING - Warning: 'NoneType' object has no attribute 'getProperty'
2026-02-15 02:57:48,079 - INFO - End Page Analysis | Total Card: 32| Total Scrape: 32
2026-02-15 02:57:51,641 - WARNING - Warning: 'NoneType' object has no attribute 'getProperty'
2026-02-15 02:57:53,082 - WARNING - Warning: 'NoneType' object has no attribute 'getProperty'
2026-02-15 02:57:56,162 - WARNING - Warning: 'NoneType' object has no attribute 'getProperty'
2026-02-15 02:57:57,509 - WARNING - Warning: 'NoneType' object has no attribute 'getProperty'
2026-02-15 02:58:05,631 - WARNING - Warning: 'NoneType' object has no attribute 'getProperty'
2026-02-15 02:58:10,287 - WARNING - Warning: 'NoneType' object has no attribute 'getProperty'
2026-02-15 02:58:12,196 - WARNING - Warning: 'NoneType' object has no attribute 'getProperty'
2026-02-15 02:58:13,661 - WARNING - Warning: 'NoneType' object has no attribute 'getProperty'
2026-02-15 02:58:15,352 - WARNING - Warning: 'NoneType' object has no attribute 'getProperty'
2026-02-15 02:58:23,486 - WARNING - Warning: 'NoneType' object has no attribute 'getProperty'
2026-02-15 02:58:39,152 - WARNING - Warning: 'NoneType' object has no attribute 'getProperty'
2026-02-15 02:58:40,671 - WARNING - Warning: 'NoneType' object has no attribute 'getProperty'
2026-02-15 02:58:40,684 - INFO - End Page Analysis | Total Card: 32| Total Scrape: 32
2026-02-15 02:58:44,425 - WARNING - Warning: 'NoneType' object has no attribute 'getProperty'
2026-02-15 02:58:47,363 - WARNING - Warning: 'NoneType' object has no attribute 'getProperty'
2026-02-15 02:58:49,025 - WARNING - Warning: 'NoneType' object has no attribute 'getProperty'
2026-02-15 02:58:50,640 - WARNING - Warning: 'NoneType' object has no attribute 'getProperty'
2026-02-15 02:58:52,301 - WARNING - Warning: 'NoneType' object has no attribute 'getProperty'
2026-02-15 02:58:54,242 - WARNING - Warning: 'NoneType' object has no attribute 'getProperty'
2026-02-15 02:59:03,845 - WARNING - Warning: 'NoneType' object has no attribute 'getProperty'
2026-02-15 02:59:05,496 - WARNING - Warning: 'NoneType' object has no attribute 'getProperty'
2026-02-15 02:59:07,252 - WARNING - Warning: 'NoneType' object has no attribute 'getProperty'
2026-02-15 02:59:17,916 - WARNING - Warning: 'NoneType' object has no attribute 'getProperty'
2026-02-15 02:59:21,425 - WARNING - Warning: 'NoneType' object has no attribute 'getProperty'
2026-02-15 02:59:25,179 - WARNING - Warning: 'NoneType' object has no attribute 'getProperty'
2026-02-15 02:59:26,889 - WARNING - Warning: 'NoneType' object has no attribute 'getProperty'
2026-02-15 02:59:32,202 - WARNING - Warning: 'NoneType' object has no attribute 'getProperty'
2026-02-15 02:59:35,391 - WARNING - Warning: 'NoneType' object has no attribute 'getProperty'
2026-02-15 02:59:37,116 - INFO - End Page Analysis | Total Card: 32| Total Scrape: 32
2026-02-15 02:59:44,793 - WARNING - Warning: 'NoneType' object has no attribute 'getProperty'
2026-02-15 02:59:48,077 - WARNING - Warning: 'NoneType' object has no attribute 'getProperty'
2026-02-15 02:59:51,454 - WARNING - Warning: 'NoneType' object has no attribute 'getProperty'
2026-02-15 02:59:55,125 - WARNING - Warning: 'NoneType' object has no attribute 'getProperty'
2026-02-15 03:00:02,265 - WARNING - Warning: 'NoneType' object has no attribute 'getProperty'
2026-02-15 03:00:04,355 - WARNING - Warning: 'NoneType' object has no attribute 'getProperty'
2026-02-15 03:00:13,756 - WARNING - Warning: 'NoneType' object has no attribute 'getProperty'
2026-02-15 03:00:15,469 - WARNING - Warning: 'NoneType' object has no attribute 'getProperty'
2026-02-15 03:00:23,298 - WARNING - Warning: 'NoneType' object has no attribute 'getProperty'
2026-02-15 03:00:26,875 - WARNING - Warning: 'NoneType' object has no attribute 'getProperty'
2026-02-15 03:00:34,370 - WARNING - Warning: Unsupported relative time format
2026-02-15 03:00:38,190 - INFO - End Page Analysis | Total Card: 32| Total Scrape: 32
2026-02-15 03:00:42,568 - WARNING - Warning: 'NoneType' object has no attribute 'getProperty'
2026-02-15 03:00:48,038 - WARNING - Warning: 'NoneType' object has no attribute 'getProperty'
2026-02-15 03:00:50,033 - WARNING - Warning: 'NoneType' object has no attribute 'getProperty'
2026-02-15 03:00:53,823 - WARNING - Warning: 'NoneType' object has no attribute 'getProperty'
2026-02-15 03:00:55,809 - WARNING - Warning: 'NoneType' object has no attribute 'getProperty'
2026-02-15 03:00:57,746 - WARNING - Warning: 'NoneType' object has no attribute 'getProperty'
2026-02-15 03:00:59,564 - WARNING - Warning: 'NoneType' object has no attribute 'getProperty'
2026-02-15 03:01:06,077 - WARNING - Warning: 'NoneType' object has no attribute 'getProperty'
2026-02-15 03:01:08,561 - WARNING - Warning: 'NoneType' object has no attribute 'getProperty'
2026-02-15 03:01:14,703 - WARNING - Warning: 'NoneType' object has no attribute 'getProperty'
2026-02-15 03:01:16,580 - WARNING - Warning: 'NoneType' object has no attribute 'getProperty'
2026-02-15 03:01:24,911 - WARNING - Warning: 'NoneType' object has no attribute 'getProperty'
2026-02-15 03:01:28,911 - WARNING - Warning: 'NoneType' object has no attribute 'getProperty'
2026-02-15 03:01:31,053 - WARNING - Warning: 'NoneType' object has no attribute 'getProperty'
2026-02-15 03:01:33,075 - WARNING - Warning: 'NoneType' object has no attribute 'getProperty'
2026-02-15 03:01:35,185 - WARNING - Warning: 'NoneType' object has no attribute 'getProperty'
2026-02-15 03:01:43,419 - WARNING - Warning: 'NoneType' object has no attribute 'getProperty'
2026-02-15 03:01:45,563 - WARNING - Warning: 'NoneType' object has no attribute 'getProperty'
2026-02-15 03:01:45,575 - INFO - End Page Analysis | Total Card: 32| Total Scrape: 32
2026-02-15 03:01:47,789 - INFO - End Full Analysis | Total Card: 160| Total Scrape: 160
2026-02-15 03:01:57,720 - WARNING - Warning: 'NoneType' object has no attribute 'getProperty'
2026-02-15 03:01:59,338 - WARNING - Warning: 'NoneType' object has no attribute 'getProperty'
2026-02-15 03:02:04,000 - WARNING - Warning: 'NoneType' object has no attribute 'getProperty'
2026-02-15 03:02:12,922 - WARNING - Warning: 'NoneType' object has no attribute 'getProperty'
2026-02-15 03:02:32,512 - WARNING - Warning: 'NoneType' object has no attribute 'getProperty'
2026-02-15 03:02:34,156 - WARNING - Warning: 'NoneType' object has no attribute 'getProperty'
2026-02-15 03:02:46,342 - INFO - End Page Analysis | Total Card: 32| Total Scrape: 32
2026-02-15 03:02:51,432 - WARNING - Warning: 'NoneType' object has no attribute 'getProperty'
2026-02-15 03:02:57,790 - WARNING - Warning: 'NoneType' object has no attribute 'getProperty'
2026-02-15 03:02:59,363 - WARNING - Warning: 'NoneType' object has no attribute 'getProperty'
2026-02-15 03:03:05,762 - WARNING - Warning: 'NoneType' object has no attribute 'getProperty'
2026-02-15 03:03:11,278 - WARNING - Warning: 'NoneType' object has no attribute 'getProperty'
2026-02-15 03:03:18,069 - WARNING - Warning: 'NoneType' object has no attribute 'getProperty'
2026-02-15 03:03:21,310 - WARNING - Warning: 'NoneType' object has no attribute 'getProperty'
2026-02-15 03:03:24,712 - WARNING - Warning: 'NoneType' object has no attribute 'getProperty'
2026-02-15 03:03:31,240 - WARNING - Warning: 'NoneType' object has no attribute 'getProperty'
2026-02-15 03:03:31,245 - WARNING - Warning: Unsupported relative time format
2026-02-15 03:03:36,360 - WARNING - Warning: 'NoneType' object has no attribute 'getProperty'
2026-02-15 03:03:41,361 - WARNING - Warning: 'NoneType' object has no attribute 'getProperty'
2026-02-15 03:03:41,372 - INFO - End Page Analysis | Total Card: 32| Total Scrape: 32
2026-02-15 03:03:54,250 - WARNING - Warning: 'NoneType' object has no attribute 'getProperty'
2026-02-15 03:03:56,068 - WARNING - Warning: 'NoneType' object has no attribute 'getProperty'
2026-02-15 03:04:05,499 - WARNING - Warning: 'NoneType' object has no attribute 'getProperty'
2026-02-15 03:04:41,851 - INFO - End Page Analysis | Total Card: 32| Total Scrape: 32
2026-02-15 03:04:48,079 - WARNING - Warning: 'NoneType' object has no attribute 'getProperty'
2026-02-15 03:04:53,346 - WARNING - Warning: 'NoneType' object has no attribute 'getProperty'
2026-02-15 03:04:59,051 - WARNING - Warning: 'NoneType' object has no attribute 'getProperty'
2026-02-15 03:05:04,317 - WARNING - Warning: 'NoneType' object has no attribute 'getProperty'
2026-02-15 03:05:06,136 - WARNING - Warning: 'NoneType' object has no attribute 'getProperty'
2026-02-15 03:05:09,721 - WARNING - Warning: 'NoneType' object has no attribute 'getProperty'
2026-02-15 03:05:11,405 - WARNING - Warning: 'NoneType' object has no attribute 'getProperty'
2026-02-15 03:05:13,481 - WARNING - Warning: 'NoneType' object has no attribute 'getProperty'
2026-02-15 03:05:21,805 - WARNING - Warning: 'NoneType' object has no attribute 'getProperty'
2026-02-15 03:05:26,395 - WARNING - Warning: 'NoneType' object has no attribute 'getProperty'
2026-02-15 03:05:28,280 - WARNING - Warning: 'NoneType' object has no attribute 'getProperty'
2026-02-15 03:05:30,167 - WARNING - Warning: 'NoneType' object has no attribute 'getProperty'
2026-02-15 03:05:32,137 - WARNING - Warning: 'NoneType' object has no attribute 'getProperty'
2026-02-15 03:05:34,334 - WARNING - Warning: 'NoneType' object has no attribute 'getProperty'
2026-02-15 03:05:38,400 - WARNING - Warning: 'NoneType' object has no attribute 'getProperty'
2026-02-15 03:05:46,406 - INFO - End Page Analysis | Total Card: 32| Total Scrape: 32
2026-02-15 03:05:53,292 - WARNING - Warning: 'NoneType' object has no attribute 'getProperty'
2026-02-15 03:05:55,431 - WARNING - Warning: 'NoneType' object has no attribute 'getProperty'
2026-02-15 03:06:04,481 - WARNING - Warning: 'NoneType' object has no attribute 'getProperty'
2026-02-15 03:06:08,936 - WARNING - Warning: 'NoneType' object has no attribute 'getProperty'
2026-02-15 03:06:11,062 - WARNING - Warning: 'NoneType' object has no attribute 'getProperty'
2026-02-15 03:06:26,533 - WARNING - Warning: 'NoneType' object has no attribute 'getProperty'
2026-02-15 03:06:28,590 - WARNING - Warning: 'NoneType' object has no attribute 'getProperty'
2026-02-15 03:06:39,500 - WARNING - Warning: 'NoneType' object has no attribute 'getProperty'
2026-02-15 03:06:59,425 - WARNING - Warning: Unsupported relative time format
2026-02-15 03:06:59,432 - INFO - End Page Analysis | Total Card: 32| Total Scrape: 32
2026-02-15 03:07:01,628 - INFO - End Full Analysis | Total Card: 160| Total Scrape: 160
2026-02-15 03:07:07,842 - ERROR - Future exception was never retrieved
future: <Future finished exception=NetworkError('Protocol error (Target.detachFromTarget): No session with given id')>
pyppeteer.errors.NetworkError: Protocol error (Target.detachFromTarget): No session with given id
2026-02-15 03:07:10,246 - WARNING - Warning: 'NoneType' object has no attribute 'getProperty'
2026-02-15 03:07:15,655 - WARNING - Warning: 'NoneType' object has no attribute 'getProperty'
2026-02-15 03:07:17,100 - WARNING - Warning: 'NoneType' object has no attribute 'getProperty'
2026-02-15 03:07:34,069 - WARNING - Warning: 'NoneType' object has no attribute 'getProperty'
2026-02-15 03:07:35,633 - WARNING - Warning: 'NoneType' object has no attribute 'getProperty'
2026-02-15 03:07:37,125 - WARNING - Warning: 'NoneType' object has no attribute 'getProperty'
2026-02-15 03:07:41,583 - WARNING - Warning: 'NoneType' object has no attribute 'getProperty'
2026-02-15 03:07:51,288 - WARNING - Warning: 'NoneType' object has no attribute 'getProperty'
2026-02-15 03:07:52,675 - WARNING - Warning: 'NoneType' object has no attribute 'getProperty'
2026-02-15 03:07:56,214 - WARNING - Warning: 'NoneType' object has no attribute 'getProperty'
2026-02-15 03:07:59,130 - WARNING - Warning: 'NoneType' object has no attribute 'getProperty'
2026-02-15 03:07:59,141 - INFO - End Page Analysis | Total Card: 32| Total Scrape: 32
2026-02-15 03:08:03,118 - WARNING - Warning: 'NoneType' object has no attribute 'getProperty'
2026-02-15 03:08:06,257 - WARNING - Warning: 'NoneType' object has no attribute 'getProperty'
2026-02-15 03:08:12,934 - WARNING - Warning: 'NoneType' object has no attribute 'getProperty'
2026-02-15 03:08:14,757 - WARNING - Warning: 'NoneType' object has no attribute 'getProperty'
2026-02-15 03:08:16,508 - WARNING - Warning: 'NoneType' object has no attribute 'getProperty'
2026-02-15 03:08:18,200 - WARNING - Warning: 'NoneType' object has no attribute 'getProperty'
2026-02-15 03:08:21,604 - WARNING - Warning: 'NoneType' object has no attribute 'getProperty'
2026-02-15 03:08:28,017 - WARNING - Warning: 'NoneType' object has no attribute 'getProperty'
2026-02-15 03:08:38,336 - WARNING - Warning: 'NoneType' object has no attribute 'getProperty'
2026-02-15 03:08:45,353 - WARNING - Warning: 'NoneType' object has no attribute 'getProperty'
2026-02-15 03:08:47,022 - WARNING - Warning: 'NoneType' object has no attribute 'getProperty'
2026-02-15 03:08:52,093 - WARNING - Warning: 'NoneType' object has no attribute 'getProperty'
2026-02-15 03:08:55,583 - WARNING - Warning: 'NoneType' object has no attribute 'getProperty'
2026-02-15 03:08:55,597 - INFO - End Page Analysis | Total Card: 32| Total Scrape: 32
2026-02-15 03:08:59,645 - WARNING - Warning: 'NoneType' object has no attribute 'getProperty'
2026-02-15 03:09:03,191 - WARNING - Warning: 'NoneType' object has no attribute 'getProperty'
2026-02-15 03:09:07,087 - WARNING - Warning: 'NoneType' object has no attribute 'getProperty'
2026-02-15 03:09:17,524 - WARNING - Warning: 'NoneType' object has no attribute 'getProperty'
2026-02-15 03:09:21,115 - WARNING - Warning: 'NoneType' object has no attribute 'getProperty'
2026-02-15 03:09:22,839 - WARNING - Warning: 'NoneType' object has no attribute 'getProperty'
2026-02-15 03:09:24,612 - WARNING - Warning: 'NoneType' object has no attribute 'getProperty'
2026-02-15 03:09:26,563 - WARNING - Warning: 'NoneType' object has no attribute 'getProperty'
2026-02-15 03:09:30,447 - WARNING - Warning: 'NoneType' object has no attribute 'getProperty'
2026-02-15 03:09:37,776 - WARNING - Warning: 'NoneType' object has no attribute 'getProperty'
2026-02-15 03:09:43,770 - WARNING - Warning: 'NoneType' object has no attribute 'getProperty'
2026-02-15 03:09:49,352 - WARNING - Warning: 'NoneType' object has no attribute 'getProperty'
2026-02-15 03:09:51,729 - WARNING - Warning: 'NoneType' object has no attribute 'getProperty'
2026-02-15 03:09:57,494 - INFO - End Page Analysis | Total Card: 32| Total Scrape: 32
2026-02-15 03:10:01,256 - WARNING - Warning: 'NoneType' object has no attribute 'getProperty'
2026-02-15 03:10:04,536 - WARNING - Warning: 'NoneType' object has no attribute 'getProperty'
2026-02-15 03:10:07,736 - WARNING - Warning: 'NoneType' object has no attribute 'getProperty'
2026-02-15 03:10:17,450 - WARNING - Warning: 'NoneType' object has no attribute 'getProperty'
2026-02-15 03:10:20,621 - WARNING - Warning: 'NoneType' object has no attribute 'getProperty'
2026-02-15 03:10:22,186 - WARNING - Warning: 'NoneType' object has no attribute 'getProperty'
2026-02-15 03:10:23,814 - WARNING - Warning: 'NoneType' object has no attribute 'getProperty'
2026-02-15 03:10:25,690 - WARNING - Warning: 'NoneType' object has no attribute 'getProperty'
2026-02-15 03:10:29,514 - WARNING - Warning: 'NoneType' object has no attribute 'getProperty'
2026-02-15 03:10:36,348 - WARNING - Warning: 'NoneType' object has no attribute 'getProperty'
2026-02-15 03:10:41,366 - WARNING - Warning: 'NoneType' object has no attribute 'getProperty'
2026-02-15 03:10:46,411 - WARNING - Warning: 'NoneType' object has no attribute 'getProperty'
2026-02-15 03:10:48,632 - WARNING - Warning: 'NoneType' object has no attribute 'getProperty'
2026-02-15 03:10:53,778 - INFO - End Page Analysis | Total Card: 32| Total Scrape: 32
2026-02-15 03:11:00,482 - WARNING - Warning: 'NoneType' object has no attribute 'getProperty'
2026-02-15 03:11:04,851 - WARNING - Warning: 'NoneType' object has no attribute 'getProperty'
2026-02-15 03:11:06,757 - WARNING - Warning: 'NoneType' object has no attribute 'getProperty'
2026-02-15 03:11:06,763 - WARNING - Warning: Unsupported relative time format
2026-02-15 03:11:10,646 - WARNING - Warning: 'NoneType' object has no attribute 'getProperty'
2026-02-15 03:11:16,112 - WARNING - Warning: 'NoneType' object has no attribute 'getProperty'
2026-02-15 03:11:18,152 - WARNING - Warning: 'NoneType' object has no attribute 'getProperty'
2026-02-15 03:11:21,985 - WARNING - Warning: 'NoneType' object has no attribute 'getProperty'
2026-02-15 03:11:23,969 - WARNING - Warning: 'NoneType' object has no attribute 'getProperty'
2026-02-15 03:11:31,658 - WARNING - Warning: 'NoneType' object has no attribute 'getProperty'
2026-02-15 03:11:36,186 - WARNING - Warning: 'NoneType' object has no attribute 'getProperty'
2026-02-15 03:11:40,589 - WARNING - Warning: 'NoneType' object has no attribute 'getProperty'
2026-02-15 03:11:42,630 - WARNING - Warning: 'NoneType' object has no attribute 'getProperty'
2026-02-15 03:11:50,972 - WARNING - Warning: 'NoneType' object has no attribute 'getProperty'
2026-02-15 03:11:57,456 - WARNING - Warning: 'NoneType' object has no attribute 'getProperty'
2026-02-15 03:11:59,446 - WARNING - Warning: 'NoneType' object has no attribute 'getProperty'
2026-02-15 03:12:01,585 - WARNING - Warning: 'NoneType' object has no attribute 'getProperty'
2026-02-15 03:12:03,679 - INFO - End Page Analysis | Total Card: 32| Total Scrape: 32
2026-02-15 03:12:05,878 - INFO - End Full Analysis | Total Card: 160| Total Scrape: 160
2026-02-15 03:12:15,098 - WARNING - Warning: 'NoneType' object has no attribute 'getProperty'
2026-02-15 03:12:24,353 - WARNING - Warning: 'NoneType' object has no attribute 'getProperty'
2026-02-15 03:12:27,921 - WARNING - Warning: 'NoneType' object has no attribute 'getProperty'
2026-02-15 03:12:32,399 - WARNING - Warning: 'NoneType' object has no attribute 'getProperty'
2026-02-15 03:12:34,019 - WARNING - Warning: 'NoneType' object has no attribute 'getProperty'
2026-02-15 03:12:38,545 - WARNING - Warning: 'NoneType' object has no attribute 'getProperty'
2026-02-15 03:12:44,562 - WARNING - Warning: 'NoneType' object has no attribute 'getProperty'
2026-02-15 03:12:46,138 - WARNING - Warning: 'NoneType' object has no attribute 'getProperty'
2026-02-15 03:12:47,740 - WARNING - Warning: 'NoneType' object has no attribute 'getProperty'
2026-02-15 03:12:50,738 - WARNING - Warning: 'NoneType' object has no attribute 'getProperty'
2026-02-15 03:12:52,127 - WARNING - Warning: 'NoneType' object has no attribute 'getProperty'
2026-02-15 03:12:54,101 - WARNING - Warning: 'NoneType' object has no attribute 'getProperty'
2026-02-15 03:12:55,628 - WARNING - Warning: 'NoneType' object has no attribute 'getProperty'
2026-02-15 03:12:58,852 - WARNING - Warning: 'NoneType' object has no attribute 'getProperty'
2026-02-15 03:13:05,051 - WARNING - Warning: 'NoneType' object has no attribute 'getProperty'
2026-02-15 03:13:05,062 - INFO - End Page Analysis | Total Card: 32| Total Scrape: 32
2026-02-15 03:13:10,639 - WARNING - Warning: 'NoneType' object has no attribute 'getProperty'
2026-02-15 03:13:12,706 - WARNING - Warning: 'NoneType' object has no attribute 'getProperty'
2026-02-15 03:13:17,905 - WARNING - Warning: 'NoneType' object has no attribute 'getProperty'
2026-02-15 03:13:22,715 - WARNING - Warning: 'NoneType' object has no attribute 'getProperty'
2026-02-15 03:13:24,433 - WARNING - Warning: 'NoneType' object has no attribute 'getProperty'
2026-02-15 03:13:29,299 - WARNING - Warning: 'NoneType' object has no attribute 'getProperty'
2026-02-15 03:13:30,919 - WARNING - Warning: 'NoneType' object has no attribute 'getProperty'
2026-02-15 03:13:36,080 - WARNING - Warning: 'NoneType' object has no attribute 'getProperty'
2026-02-15 03:13:38,041 - WARNING - Warning: 'NoneType' object has no attribute 'getProperty'
2026-02-15 03:13:39,669 - WARNING - Warning: 'NoneType' object has no attribute 'getProperty'
2026-02-15 03:13:41,239 - WARNING - Warning: 'NoneType' object has no attribute 'getProperty'
2026-02-15 03:13:49,655 - WARNING - Warning: 'NoneType' object has no attribute 'getProperty'
2026-02-15 03:13:52,713 - WARNING - Warning: 'NoneType' object has no attribute 'getProperty'
2026-02-15 03:13:54,319 - WARNING - Warning: 'NoneType' object has no attribute 'getProperty'
2026-02-15 03:13:57,827 - WARNING - Warning: 'NoneType' object has no attribute 'getProperty'
2026-02-15 03:14:01,139 - WARNING - Warning: 'NoneType' object has no attribute 'getProperty'
2026-02-15 03:14:01,149 - INFO - End Page Analysis | Total Card: 32| Total Scrape: 32
2026-02-15 03:14:05,351 - WARNING - Warning: 'NoneType' object has no attribute 'getProperty'
2026-02-15 03:14:08,771 - WARNING - Warning: 'NoneType' object has no attribute 'getProperty'
2026-02-15 03:14:13,979 - WARNING - Warning: 'NoneType' object has no attribute 'getProperty'
2026-02-15 03:14:18,365 - WARNING - Warning: 'NoneType' object has no attribute 'getProperty'
2026-02-15 03:14:19,914 - WARNING - Warning: 'NoneType' object has no attribute 'getProperty'
2026-02-15 03:14:21,761 - WARNING - Warning: 'NoneType' object has no attribute 'getProperty'
2026-02-15 03:14:23,643 - WARNING - Warning: 'NoneType' object has no attribute 'getProperty'
2026-02-15 03:14:26,951 - WARNING - Warning: 'NoneType' object has no attribute 'getProperty'
2026-02-15 03:14:28,679 - WARNING - Warning: 'NoneType' object has no attribute 'getProperty'
2026-02-15 03:14:37,902 - WARNING - Warning: 'NoneType' object has no attribute 'getProperty'
2026-02-15 03:14:39,567 - WARNING - Warning: 'NoneType' object has no attribute 'getProperty'
2026-02-15 03:14:41,500 - WARNING - Warning: 'NoneType' object has no attribute 'getProperty'
2026-02-15 03:14:45,226 - WARNING - Warning: 'NoneType' object has no attribute 'getProperty'
2026-02-15 03:14:47,056 - WARNING - Warning: 'NoneType' object has no attribute 'getProperty'
2026-02-15 03:14:52,916 - WARNING - Warning: 'NoneType' object has no attribute 'getProperty'
2026-02-15 03:14:56,686 - WARNING - Warning: 'NoneType' object has no attribute 'getProperty'
2026-02-15 03:15:00,178 - WARNING - Warning: 'NoneType' object has no attribute 'getProperty'
2026-02-15 03:15:01,967 - WARNING - Warning: 'NoneType' object has no attribute 'getProperty'
2026-02-15 03:15:01,979 - INFO - End Page Analysis | Total Card: 32| Total Scrape: 32
2026-02-15 03:15:06,803 - WARNING - Warning: 'NoneType' object has no attribute 'getProperty'
2026-02-15 03:15:10,276 - WARNING - Warning: 'NoneType' object has no attribute 'getProperty'
2026-02-15 03:15:21,309 - WARNING - Warning: 'NoneType' object has no attribute 'getProperty'
2026-02-15 03:15:23,033 - WARNING - Warning: 'NoneType' object has no attribute 'getProperty'
2026-02-15 03:15:33,656 - WARNING - Warning: 'NoneType' object has no attribute 'getProperty'
2026-02-15 03:15:35,407 - WARNING - Warning: 'NoneType' object has no attribute 'getProperty'
2026-02-15 03:15:37,243 - WARNING - Warning: 'NoneType' object has no attribute 'getProperty'
2026-02-15 03:15:39,282 - WARNING - Warning: 'NoneType' object has no attribute 'getProperty'
2026-02-15 03:15:40,952 - WARNING - Warning: 'NoneType' object has no attribute 'getProperty'
2026-02-15 03:15:44,997 - WARNING - Warning: 'NoneType' object has no attribute 'getProperty'
2026-02-15 03:15:48,607 - WARNING - Warning: 'NoneType' object has no attribute 'getProperty'
2026-02-15 03:15:50,432 - WARNING - Warning: 'NoneType' object has no attribute 'getProperty'
2026-02-15 03:15:54,086 - WARNING - Warning: 'NoneType' object has no attribute 'getProperty'
2026-02-15 03:15:58,947 - WARNING - Warning: 'NoneType' object has no attribute 'getProperty'
2026-02-15 03:16:00,749 - WARNING - Warning: 'NoneType' object has no attribute 'getProperty'
2026-02-15 03:16:06,229 - INFO - End Page Analysis | Total Card: 32| Total Scrape: 32
2026-02-15 03:16:10,733 - WARNING - Warning: 'NoneType' object has no attribute 'getProperty'
2026-02-15 03:16:13,145 - WARNING - Warning: 'NoneType' object has no attribute 'getProperty'
2026-02-15 03:16:15,060 - WARNING - Warning: 'NoneType' object has no attribute 'getProperty'
2026-02-15 03:16:21,090 - WARNING - Warning: 'NoneType' object has no attribute 'getProperty'
2026-02-15 03:16:23,098 - WARNING - Warning: 'NoneType' object has no attribute 'getProperty'
2026-02-15 03:16:27,490 - WARNING - Warning: 'NoneType' object has no attribute 'getProperty'
2026-02-15 03:16:31,826 - WARNING - Warning: 'NoneType' object has no attribute 'getProperty'
2026-02-15 03:16:35,699 - WARNING - Warning: 'NoneType' object has no attribute 'getProperty'
2026-02-15 03:16:37,518 - WARNING - Warning: 'NoneType' object has no attribute 'getProperty'
2026-02-15 03:16:39,427 - WARNING - Warning: 'NoneType' object has no attribute 'getProperty'
2026-02-15 03:16:43,980 - WARNING - Warning: 'NoneType' object has no attribute 'getProperty'
2026-02-15 03:16:46,432 - WARNING - Warning: 'NoneType' object has no attribute 'getProperty'
2026-02-15 03:16:48,480 - WARNING - Warning: 'NoneType' object has no attribute 'getProperty'
2026-02-15 03:16:52,245 - WARNING - Warning: 'NoneType' object has no attribute 'getProperty'
2026-02-15 03:17:00,881 - WARNING - Warning: 'NoneType' object has no attribute 'getProperty'
2026-02-15 03:17:02,965 - WARNING - Warning: 'NoneType' object has no attribute 'getProperty'
2026-02-15 03:17:09,374 - WARNING - Warning: 'NoneType' object has no attribute 'getProperty'
2026-02-15 03:17:16,430 - INFO - End Page Analysis | Total Card: 32| Total Scrape: 32
2026-02-15 03:17:18,657 - INFO - End Full Analysis | Total Card: 160| Total Scrape: 160
2026-02-15 03:17:18,658 - INFO - terminate chrome process...
2026-02-15 03:17:20,101 - INFO - CSV written successfully
2026-02-15 03:17:20,102 - INFO - Wrote CSV with 800 rows to /home/runner/work/Skillsgauge/Skillsgauge/bronze_datasets/JS/js_2026_02_15.csv
2026-02-15 03:17:20,102 - INFO - Scrapper Ended successfully
