2026-03-01 02:53:57,199 - INFO - Scraper started
2026-03-01 02:54:19,593 - INFO - Browser listening on: ws://127.0.0.1:59075/devtools/browser/ff1a815b-d5db-48e2-9e02-c828627e8502
2026-03-01 02:54:38,498 - WARNING - Warning: 'NoneType' object has no attribute 'getProperty'
2026-03-01 02:54:49,741 - WARNING - Warning: 'NoneType' object has no attribute 'getProperty'
2026-03-01 02:54:55,680 - WARNING - Warning: 'NoneType' object has no attribute 'getProperty'
2026-03-01 02:54:59,232 - WARNING - Warning: 'NoneType' object has no attribute 'getProperty'
2026-03-01 02:55:00,699 - WARNING - Warning: 'NoneType' object has no attribute 'getProperty'
2026-03-01 02:55:02,578 - WARNING - Warning: 'NoneType' object has no attribute 'getProperty'
2026-03-01 02:55:16,991 - WARNING - Warning: 'NoneType' object has no attribute 'getProperty'
2026-03-01 02:55:16,996 - WARNING - Warning: Unsupported relative time format
2026-03-01 02:55:18,562 - WARNING - Warning: 'NoneType' object has no attribute 'getProperty'
2026-03-01 02:55:20,509 - WARNING - Warning: Unsupported relative time format
2026-03-01 02:55:22,534 - WARNING - Warning: 'NoneType' object has no attribute 'getProperty'
2026-03-01 02:55:25,413 - WARNING - Warning: 'NoneType' object has no attribute 'getProperty'
2026-03-01 02:55:26,947 - WARNING - Warning: 'NoneType' object has no attribute 'getProperty'
2026-03-01 02:55:28,205 - WARNING - Warning: 'NoneType' object has no attribute 'getProperty'
2026-03-01 02:55:31,118 - WARNING - Warning: 'NoneType' object has no attribute 'getProperty'
2026-03-01 02:55:31,129 - INFO - End Page Analysis | Total Card: 32| Total Scrape: 32
2026-03-01 02:55:35,130 - WARNING - Warning: 'NoneType' object has no attribute 'getProperty'
2026-03-01 02:55:38,183 - WARNING - Warning: 'NoneType' object has no attribute 'getProperty'
2026-03-01 02:55:42,408 - WARNING - Warning: 'NoneType' object has no attribute 'getProperty'
2026-03-01 02:55:43,876 - WARNING - Warning: 'NoneType' object has no attribute 'getProperty'
2026-03-01 02:55:45,064 - WARNING - Warning: 'NoneType' object has no attribute 'getProperty'
2026-03-01 02:55:49,639 - WARNING - Warning: 'NoneType' object has no attribute 'getProperty'
2026-03-01 02:55:52,268 - WARNING - Warning: 'NoneType' object has no attribute 'getProperty'
2026-03-01 02:55:55,079 - WARNING - Warning: 'NoneType' object has no attribute 'getProperty'
2026-03-01 02:55:57,910 - WARNING - Warning: 'NoneType' object has no attribute 'getProperty'
2026-03-01 02:55:59,391 - WARNING - Warning: 'NoneType' object has no attribute 'getProperty'
2026-03-01 02:56:00,914 - WARNING - Warning: 'NoneType' object has no attribute 'getProperty'
2026-03-01 02:56:02,393 - WARNING - Warning: 'NoneType' object has no attribute 'getProperty'
2026-03-01 02:56:04,176 - WARNING - Warning: 'NoneType' object has no attribute 'getProperty'
2026-03-01 02:56:18,735 - WARNING - Warning: 'NoneType' object has no attribute 'getProperty'
2026-03-01 02:56:22,082 - WARNING - Warning: 'NoneType' object has no attribute 'getProperty'
2026-03-01 02:56:22,093 - INFO - End Page Analysis | Total Card: 32| Total Scrape: 32
2026-03-01 02:56:25,777 - WARNING - Warning: 'NoneType' object has no attribute 'getProperty'
2026-03-01 02:56:29,082 - WARNING - Warning: 'NoneType' object has no attribute 'getProperty'
2026-03-01 02:56:30,740 - WARNING - Warning: 'NoneType' object has no attribute 'getProperty'
2026-03-01 02:56:30,745 - WARNING - Warning: Unsupported relative time format
2026-03-01 02:56:32,592 - WARNING - Warning: 'NoneType' object has no attribute 'getProperty'
2026-03-01 02:56:35,888 - WARNING - Warning: 'NoneType' object has no attribute 'getProperty'
2026-03-01 02:56:44,185 - WARNING - Warning: 'NoneType' object has no attribute 'getProperty'
2026-03-01 02:56:48,897 - WARNING - Warning: 'NoneType' object has no attribute 'getProperty'
2026-03-01 02:56:53,618 - WARNING - Warning: 'NoneType' object has no attribute 'getProperty'
2026-03-01 02:56:55,188 - WARNING - Warning: Unsupported relative time format
2026-03-01 02:56:56,800 - WARNING - Warning: 'NoneType' object has no attribute 'getProperty'
2026-03-01 02:56:58,337 - WARNING - Warning: 'NoneType' object has no attribute 'getProperty'
2026-03-01 02:57:03,647 - WARNING - Warning: 'NoneType' object has no attribute 'getProperty'
2026-03-01 02:57:08,786 - WARNING - Warning: 'NoneType' object has no attribute 'getProperty'
2026-03-01 02:57:15,124 - WARNING - Warning: 'NoneType' object has no attribute 'getProperty'
2026-03-01 02:57:16,830 - INFO - End Page Analysis | Total Card: 32| Total Scrape: 32
2026-03-01 02:57:20,836 - WARNING - Warning: 'NoneType' object has no attribute 'getProperty'
2026-03-01 02:57:24,195 - WARNING - Warning: 'NoneType' object has no attribute 'getProperty'
2026-03-01 02:57:25,991 - WARNING - Warning: Unsupported relative time format
2026-03-01 02:57:30,977 - WARNING - Warning: 'NoneType' object has no attribute 'getProperty'
2026-03-01 02:57:34,755 - WARNING - Warning: 'NoneType' object has no attribute 'getProperty'
2026-03-01 02:57:38,356 - WARNING - Warning: 'NoneType' object has no attribute 'getProperty'
2026-03-01 02:57:40,131 - WARNING - Warning: 'NoneType' object has no attribute 'getProperty'
2026-03-01 02:57:41,893 - WARNING - Warning: 'NoneType' object has no attribute 'getProperty'
2026-03-01 02:57:43,659 - WARNING - Warning: 'NoneType' object has no attribute 'getProperty'
2026-03-01 02:57:45,310 - WARNING - Warning: 'NoneType' object has no attribute 'getProperty'
2026-03-01 02:57:48,693 - WARNING - Warning: 'NoneType' object has no attribute 'getProperty'
2026-03-01 02:57:50,471 - WARNING - Warning: 'NoneType' object has no attribute 'getProperty'
2026-03-01 02:57:52,139 - WARNING - Warning: 'NoneType' object has no attribute 'getProperty'
2026-03-01 02:57:55,644 - WARNING - Warning: 'NoneType' object has no attribute 'getProperty'
2026-03-01 02:57:57,431 - WARNING - Warning: 'NoneType' object has no attribute 'getProperty'
2026-03-01 02:57:59,557 - WARNING - Warning: 'NoneType' object has no attribute 'getProperty'
2026-03-01 02:58:01,832 - WARNING - Warning: 'NoneType' object has no attribute 'getProperty'
2026-03-01 02:58:05,499 - WARNING - Warning: 'NoneType' object has no attribute 'getProperty'
2026-03-01 02:58:07,189 - WARNING - Warning: 'NoneType' object has no attribute 'getProperty'
2026-03-01 02:58:08,961 - WARNING - Warning: 'NoneType' object has no attribute 'getProperty'
2026-03-01 02:58:12,670 - WARNING - Warning: 'NoneType' object has no attribute 'getProperty'
2026-03-01 02:58:16,208 - WARNING - Warning: 'NoneType' object has no attribute 'getProperty'
2026-03-01 02:58:16,219 - INFO - End Page Analysis | Total Card: 32| Total Scrape: 32
2026-03-01 02:58:22,161 - WARNING - Warning: 'NoneType' object has no attribute 'getProperty'
2026-03-01 02:58:23,873 - WARNING - Warning: 'NoneType' object has no attribute 'getProperty'
2026-03-01 02:58:25,765 - WARNING - Warning: 'NoneType' object has no attribute 'getProperty'
2026-03-01 02:58:25,772 - WARNING - Warning: Unsupported relative time format
2026-03-01 02:58:27,625 - WARNING - Warning: 'NoneType' object has no attribute 'getProperty'
2026-03-01 02:58:31,202 - WARNING - Warning: 'NoneType' object has no attribute 'getProperty'
2026-03-01 02:58:35,033 - WARNING - Warning: 'NoneType' object has no attribute 'getProperty'
2026-03-01 02:58:37,184 - WARNING - Warning: 'NoneType' object has no attribute 'getProperty'
2026-03-01 02:58:38,967 - WARNING - Warning: 'NoneType' object has no attribute 'getProperty'
2026-03-01 02:58:40,788 - WARNING - Warning: 'NoneType' object has no attribute 'getProperty'
2026-03-01 02:58:44,939 - WARNING - Warning: 'NoneType' object has no attribute 'getProperty'
2026-03-01 02:58:48,549 - WARNING - Warning: 'NoneType' object has no attribute 'getProperty'
2026-03-01 02:58:54,221 - WARNING - Warning: 'NoneType' object has no attribute 'getProperty'
2026-03-01 02:58:59,938 - WARNING - Warning: 'NoneType' object has no attribute 'getProperty'
2026-03-01 02:59:03,750 - WARNING - Warning: 'NoneType' object has no attribute 'getProperty'
2026-03-01 02:59:05,616 - WARNING - Warning: 'NoneType' object has no attribute 'getProperty'
2026-03-01 02:59:09,835 - WARNING - Warning: 'NoneType' object has no attribute 'getProperty'
2026-03-01 02:59:11,668 - WARNING - Warning: 'NoneType' object has no attribute 'getProperty'
2026-03-01 02:59:15,701 - WARNING - Warning: 'NoneType' object has no attribute 'getProperty'
2026-03-01 02:59:19,696 - INFO - End Page Analysis | Total Card: 32| Total Scrape: 32
2026-03-01 02:59:21,872 - INFO - End Full Analysis | Total Card: 160| Total Scrape: 160
2026-03-01 02:59:30,082 - WARNING - Warning: 'NoneType' object has no attribute 'getProperty'
2026-03-01 02:59:36,207 - WARNING - Warning: 'NoneType' object has no attribute 'getProperty'
2026-03-01 02:59:37,974 - WARNING - Warning: 'NoneType' object has no attribute 'getProperty'
2026-03-01 02:59:39,928 - WARNING - Warning: 'NoneType' object has no attribute 'getProperty'
2026-03-01 02:59:50,601 - WARNING - Warning: 'NoneType' object has no attribute 'getProperty'
2026-03-01 02:59:53,276 - WARNING - Warning: 'NoneType' object has no attribute 'getProperty'
2026-03-01 02:59:58,977 - WARNING - Warning: 'NoneType' object has no attribute 'getProperty'
2026-03-01 03:00:02,742 - WARNING - Warning: 'NoneType' object has no attribute 'getProperty'
2026-03-01 03:00:04,771 - WARNING - Warning: 'NoneType' object has no attribute 'getProperty'
2026-03-01 03:00:09,051 - WARNING - Warning: 'NoneType' object has no attribute 'getProperty'
2026-03-01 03:00:17,807 - INFO - End Page Analysis | Total Card: 32| Total Scrape: 32
2026-03-01 03:00:24,446 - WARNING - Warning: 'NoneType' object has no attribute 'getProperty'
2026-03-01 03:00:27,648 - WARNING - Warning: 'NoneType' object has no attribute 'getProperty'
2026-03-01 03:00:35,411 - WARNING - Warning: 'NoneType' object has no attribute 'getProperty'
2026-03-01 03:00:36,956 - WARNING - Warning: 'NoneType' object has no attribute 'getProperty'
2026-03-01 03:00:38,932 - WARNING - Warning: 'NoneType' object has no attribute 'getProperty'
2026-03-01 03:00:40,335 - WARNING - Warning: 'NoneType' object has no attribute 'getProperty'
2026-03-01 03:00:44,902 - WARNING - Warning: 'NoneType' object has no attribute 'getProperty'
2026-03-01 03:00:53,176 - WARNING - Warning: 'NoneType' object has no attribute 'getProperty'
2026-03-01 03:00:57,930 - WARNING - Warning: 'NoneType' object has no attribute 'getProperty'
2026-03-01 03:01:07,787 - WARNING - Warning: 'NoneType' object has no attribute 'getProperty'
2026-03-01 03:01:12,367 - WARNING - Warning: 'NoneType' object has no attribute 'getProperty'
2026-03-01 03:01:12,377 - INFO - End Page Analysis | Total Card: 32| Total Scrape: 32
2026-03-01 03:01:21,067 - WARNING - Warning: 'NoneType' object has no attribute 'getProperty'
2026-03-01 03:01:22,463 - WARNING - Warning: 'NoneType' object has no attribute 'getProperty'
2026-03-01 03:01:24,061 - WARNING - Warning: 'NoneType' object has no attribute 'getProperty'
2026-03-01 03:01:27,627 - WARNING - Warning: 'NoneType' object has no attribute 'getProperty'
2026-03-01 03:01:32,637 - WARNING - Warning: 'NoneType' object has no attribute 'getProperty'
2026-03-01 03:01:34,250 - WARNING - Warning: 'NoneType' object has no attribute 'getProperty'
2026-03-01 03:01:35,799 - WARNING - Warning: 'NoneType' object has no attribute 'getProperty'
2026-03-01 03:01:38,800 - WARNING - Warning: 'NoneType' object has no attribute 'getProperty'
2026-03-01 03:01:42,225 - WARNING - Warning: 'NoneType' object has no attribute 'getProperty'
2026-03-01 03:01:54,582 - WARNING - Warning: 'NoneType' object has no attribute 'getProperty'
2026-03-01 03:01:56,890 - WARNING - Warning: 'NoneType' object has no attribute 'getProperty'
2026-03-01 03:02:01,893 - WARNING - Warning: 'NoneType' object has no attribute 'getProperty'
2026-03-01 03:02:08,634 - INFO - End Page Analysis | Total Card: 32| Total Scrape: 32
2026-03-01 03:02:13,009 - WARNING - Warning: 'NoneType' object has no attribute 'getProperty'
2026-03-01 03:02:18,208 - WARNING - Warning: 'NoneType' object has no attribute 'getProperty'
2026-03-01 03:02:21,645 - WARNING - Warning: 'NoneType' object has no attribute 'getProperty'
2026-03-01 03:02:25,356 - WARNING - Warning: 'NoneType' object has no attribute 'getProperty'
2026-03-01 03:02:32,223 - WARNING - Warning: 'NoneType' object has no attribute 'getProperty'
2026-03-01 03:02:34,356 - WARNING - Warning: 'NoneType' object has no attribute 'getProperty'
2026-03-01 03:02:34,361 - WARNING - Warning: Unsupported relative time format
2026-03-01 03:02:39,894 - WARNING - Warning: 'NoneType' object has no attribute 'getProperty'
2026-03-01 03:02:41,679 - WARNING - Warning: 'NoneType' object has no attribute 'getProperty'
2026-03-01 03:02:45,177 - WARNING - Warning: 'NoneType' object has no attribute 'getProperty'
2026-03-01 03:02:46,956 - WARNING - Warning: Unsupported relative time format
2026-03-01 03:02:48,655 - WARNING - Warning: 'NoneType' object has no attribute 'getProperty'
2026-03-01 03:02:52,096 - WARNING - Warning: 'NoneType' object has no attribute 'getProperty'
2026-03-01 03:02:53,958 - WARNING - Warning: 'NoneType' object has no attribute 'getProperty'
2026-03-01 03:02:55,628 - WARNING - Warning: 'NoneType' object has no attribute 'getProperty'
2026-03-01 03:02:55,638 - WARNING - Warning: Unsupported relative time format
2026-03-01 03:02:59,464 - WARNING - Warning: 'NoneType' object has no attribute 'getProperty'
2026-03-01 03:03:01,344 - WARNING - Warning: 'NoneType' object has no attribute 'getProperty'
2026-03-01 03:03:03,141 - WARNING - Warning: 'NoneType' object has no attribute 'getProperty'
2026-03-01 03:03:05,227 - WARNING - Warning: 'NoneType' object has no attribute 'getProperty'
2026-03-01 03:03:11,135 - INFO - End Page Analysis | Total Card: 32| Total Scrape: 32
2026-03-01 03:03:21,244 - WARNING - Warning: 'NoneType' object has no attribute 'getProperty'
2026-03-01 03:03:23,141 - WARNING - Warning: 'NoneType' object has no attribute 'getProperty'
2026-03-01 03:03:26,677 - WARNING - Warning: 'NoneType' object has no attribute 'getProperty'
2026-03-01 03:03:28,447 - WARNING - Warning: 'NoneType' object has no attribute 'getProperty'
2026-03-01 03:03:33,766 - WARNING - Warning: 'NoneType' object has no attribute 'getProperty'
2026-03-01 03:03:35,487 - WARNING - Warning: 'NoneType' object has no attribute 'getProperty'
2026-03-01 03:03:37,393 - WARNING - Warning: 'NoneType' object has no attribute 'getProperty'
2026-03-01 03:03:41,386 - WARNING - Warning: 'NoneType' object has no attribute 'getProperty'
2026-03-01 03:03:45,060 - WARNING - Warning: 'NoneType' object has no attribute 'getProperty'
2026-03-01 03:04:01,987 - WARNING - Warning: 'NoneType' object has no attribute 'getProperty'
2026-03-01 03:04:03,830 - WARNING - Warning: 'NoneType' object has no attribute 'getProperty'
2026-03-01 03:04:06,134 - WARNING - Warning: 'NoneType' object has no attribute 'getProperty'
2026-03-01 03:04:06,155 - WARNING - Warning: Unsupported relative time format
2026-03-01 03:04:14,345 - WARNING - Warning: 'NoneType' object has no attribute 'getProperty'
2026-03-01 03:04:14,357 - INFO - End Page Analysis | Total Card: 32| Total Scrape: 32
2026-03-01 03:04:16,561 - INFO - End Full Analysis | Total Card: 160| Total Scrape: 160
2026-03-01 03:04:35,392 - WARNING - Warning: 'NoneType' object has no attribute 'getProperty'
2026-03-01 03:04:36,927 - WARNING - Warning: 'NoneType' object has no attribute 'getProperty'
2026-03-01 03:04:38,262 - WARNING - Warning: 'NoneType' object has no attribute 'getProperty'
2026-03-01 03:04:48,103 - WARNING - Warning: 'NoneType' object has no attribute 'getProperty'
2026-03-01 03:05:05,181 - WARNING - Warning: 'NoneType' object has no attribute 'getProperty'
2026-03-01 03:05:06,671 - WARNING - Warning: 'NoneType' object has no attribute 'getProperty'
2026-03-01 03:05:08,190 - WARNING - Warning: 'NoneType' object has no attribute 'getProperty'
2026-03-01 03:05:08,194 - WARNING - Warning: Unsupported relative time format
2026-03-01 03:05:11,256 - WARNING - Warning: 'NoneType' object has no attribute 'getProperty'
2026-03-01 03:05:14,311 - INFO - End Page Analysis | Total Card: 32| Total Scrape: 32
2026-03-01 03:05:26,435 - WARNING - Warning: 'NoneType' object has no attribute 'getProperty'
2026-03-01 03:05:40,706 - WARNING - Warning: 'NoneType' object has no attribute 'getProperty'
2026-03-01 03:05:45,328 - WARNING - Warning: 'NoneType' object has no attribute 'getProperty'
2026-03-01 03:05:51,552 - WARNING - Warning: Unsupported relative time format
2026-03-01 03:05:52,894 - WARNING - Warning: 'NoneType' object has no attribute 'getProperty'
2026-03-01 03:05:56,104 - WARNING - Warning: 'NoneType' object has no attribute 'getProperty'
2026-03-01 03:05:59,250 - WARNING - Warning: 'NoneType' object has no attribute 'getProperty'
2026-03-01 03:06:08,470 - INFO - End Page Analysis | Total Card: 32| Total Scrape: 32
2026-03-01 03:06:16,760 - WARNING - Warning: 'NoneType' object has no attribute 'getProperty'
2026-03-01 03:06:23,381 - WARNING - Warning: 'NoneType' object has no attribute 'getProperty'
2026-03-01 03:06:25,056 - WARNING - Warning: 'NoneType' object has no attribute 'getProperty'
2026-03-01 03:06:38,452 - WARNING - Warning: 'NoneType' object has no attribute 'getProperty'
2026-03-01 03:06:46,946 - WARNING - Warning: 'NoneType' object has no attribute 'getProperty'
2026-03-01 03:07:08,239 - INFO - End Page Analysis | Total Card: 32| Total Scrape: 32
2026-03-01 03:07:16,799 - WARNING - Warning: 'NoneType' object has no attribute 'getProperty'
2026-03-01 03:07:23,861 - WARNING - Warning: Unsupported relative time format
2026-03-01 03:07:27,599 - WARNING - Warning: 'NoneType' object has no attribute 'getProperty'
2026-03-01 03:07:27,604 - WARNING - Warning: Unsupported relative time format
2026-03-01 03:07:29,354 - WARNING - Warning: 'NoneType' object has no attribute 'getProperty'
2026-03-01 03:07:31,546 - WARNING - Warning: 'NoneType' object has no attribute 'getProperty'
2026-03-01 03:07:38,033 - WARNING - Warning: 'NoneType' object has no attribute 'getProperty'
2026-03-01 03:07:39,783 - WARNING - Warning: 'NoneType' object has no attribute 'getProperty'
2026-03-01 03:07:43,550 - WARNING - Warning: 'NoneType' object has no attribute 'getProperty'
2026-03-01 03:07:45,272 - WARNING - Warning: 'NoneType' object has no attribute 'getProperty'
2026-03-01 03:07:48,969 - WARNING - Warning: 'NoneType' object has no attribute 'getProperty'
2026-03-01 03:07:50,704 - WARNING - Warning: 'NoneType' object has no attribute 'getProperty'
2026-03-01 03:07:54,210 - WARNING - Warning: 'NoneType' object has no attribute 'getProperty'
2026-03-01 03:08:03,198 - WARNING - Warning: 'NoneType' object has no attribute 'getProperty'
2026-03-01 03:08:07,130 - WARNING - Warning: 'NoneType' object has no attribute 'getProperty'
2026-03-01 03:08:09,049 - WARNING - Warning: 'NoneType' object has no attribute 'getProperty'
2026-03-01 03:08:12,594 - WARNING - Warning: 'NoneType' object has no attribute 'getProperty'
2026-03-01 03:08:12,606 - INFO - End Page Analysis | Total Card: 32| Total Scrape: 32
2026-03-01 03:08:19,034 - WARNING - Warning: 'NoneType' object has no attribute 'getProperty'
2026-03-01 03:08:31,996 - WARNING - Warning: 'NoneType' object has no attribute 'getProperty'
2026-03-01 03:08:33,790 - WARNING - Warning: Unsupported relative time format
2026-03-01 03:08:38,092 - WARNING - Warning: 'NoneType' object has no attribute 'getProperty'
2026-03-01 03:08:40,082 - WARNING - Warning: 'NoneType' object has no attribute 'getProperty'
2026-03-01 03:08:44,030 - WARNING - Warning: 'NoneType' object has no attribute 'getProperty'
2026-03-01 03:08:57,584 - WARNING - Warning: 'NoneType' object has no attribute 'getProperty'
2026-03-01 03:08:59,727 - WARNING - Warning: 'NoneType' object has no attribute 'getProperty'
2026-03-01 03:09:14,828 - WARNING - Warning: 'NoneType' object has no attribute 'getProperty'
2026-03-01 03:09:23,732 - INFO - End Page Analysis | Total Card: 32| Total Scrape: 32
2026-03-01 03:09:25,942 - INFO - End Full Analysis | Total Card: 160| Total Scrape: 160
2026-03-01 03:09:40,666 - WARNING - Warning: 'NoneType' object has no attribute 'getProperty'
2026-03-01 03:09:47,296 - WARNING - Warning: 'NoneType' object has no attribute 'getProperty'
2026-03-01 03:09:48,755 - WARNING - Warning: 'NoneType' object has no attribute 'getProperty'
2026-03-01 03:09:53,976 - WARNING - Warning: 'NoneType' object has no attribute 'getProperty'
2026-03-01 03:09:56,785 - WARNING - Warning: 'NoneType' object has no attribute 'getProperty'
2026-03-01 03:10:00,243 - WARNING - Warning: 'NoneType' object has no attribute 'getProperty'
2026-03-01 03:10:21,856 - INFO - End Page Analysis | Total Card: 32| Total Scrape: 32
2026-03-01 03:10:29,898 - WARNING - Warning: 'NoneType' object has no attribute 'getProperty'
2026-03-01 03:10:39,063 - WARNING - Warning: 'NoneType' object has no attribute 'getProperty'
2026-03-01 03:10:42,047 - WARNING - Warning: 'NoneType' object has no attribute 'getProperty'
2026-03-01 03:10:43,547 - WARNING - Warning: 'NoneType' object has no attribute 'getProperty'
2026-03-01 03:10:47,153 - WARNING - Warning: 'NoneType' object has no attribute 'getProperty'
2026-03-01 03:10:50,402 - WARNING - Warning: 'NoneType' object has no attribute 'getProperty'
2026-03-01 03:10:52,001 - WARNING - Warning: 'NoneType' object has no attribute 'getProperty'
2026-03-01 03:10:58,233 - WARNING - Warning: 'NoneType' object has no attribute 'getProperty'
2026-03-01 03:10:59,660 - WARNING - Warning: 'NoneType' object has no attribute 'getProperty'
2026-03-01 03:11:01,228 - WARNING - Warning: 'NoneType' object has no attribute 'getProperty'
2026-03-01 03:11:05,044 - WARNING - Warning: 'NoneType' object has no attribute 'getProperty'
2026-03-01 03:11:13,571 - WARNING - Warning: 'NoneType' object has no attribute 'getProperty'
2026-03-01 03:11:15,079 - WARNING - Warning: 'NoneType' object has no attribute 'getProperty'
2026-03-01 03:11:15,091 - INFO - End Page Analysis | Total Card: 32| Total Scrape: 32
2026-03-01 03:11:24,910 - WARNING - Warning: 'NoneType' object has no attribute 'getProperty'
2026-03-01 03:11:29,753 - WARNING - Warning: 'NoneType' object has no attribute 'getProperty'
2026-03-01 03:11:34,791 - WARNING - Warning: 'NoneType' object has no attribute 'getProperty'
2026-03-01 03:11:43,733 - WARNING - Warning: 'NoneType' object has no attribute 'getProperty'
2026-03-01 03:11:48,706 - WARNING - Warning: 'NoneType' object has no attribute 'getProperty'
2026-03-01 03:11:53,730 - WARNING - Warning: 'NoneType' object has no attribute 'getProperty'
2026-03-01 03:11:55,326 - WARNING - Warning: 'NoneType' object has no attribute 'getProperty'
2026-03-01 03:11:57,172 - WARNING - Warning: 'NoneType' object has no attribute 'getProperty'
2026-03-01 03:12:00,522 - WARNING - Warning: 'NoneType' object has no attribute 'getProperty'
2026-03-01 03:12:04,277 - WARNING - Warning: 'NoneType' object has no attribute 'getProperty'
2026-03-01 03:12:06,062 - WARNING - Warning: 'NoneType' object has no attribute 'getProperty'
2026-03-01 03:12:17,366 - INFO - End Page Analysis | Total Card: 32| Total Scrape: 32
2026-03-01 03:12:25,045 - WARNING - Warning: 'NoneType' object has no attribute 'getProperty'
2026-03-01 03:12:27,860 - WARNING - Warning: 'NoneType' object has no attribute 'getProperty'
2026-03-01 03:12:32,101 - WARNING - Warning: 'NoneType' object has no attribute 'getProperty'
2026-03-01 03:12:39,879 - WARNING - Warning: 'NoneType' object has no attribute 'getProperty'
2026-03-01 03:12:44,646 - WARNING - Warning: 'NoneType' object has no attribute 'getProperty'
2026-03-01 03:12:49,419 - WARNING - Warning: 'NoneType' object has no attribute 'getProperty'
2026-03-01 03:12:51,032 - WARNING - Warning: 'NoneType' object has no attribute 'getProperty'
2026-03-01 03:12:52,569 - WARNING - Warning: 'NoneType' object has no attribute 'getProperty'
2026-03-01 03:12:55,710 - WARNING - Warning: 'NoneType' object has no attribute 'getProperty'
2026-03-01 03:12:58,907 - WARNING - Warning: 'NoneType' object has no attribute 'getProperty'
2026-03-01 03:13:00,486 - WARNING - Warning: 'NoneType' object has no attribute 'getProperty'
2026-03-01 03:13:12,030 - INFO - End Page Analysis | Total Card: 32| Total Scrape: 32
2026-03-01 03:13:22,038 - WARNING - Warning: 'NoneType' object has no attribute 'getProperty'
2026-03-01 03:13:31,132 - WARNING - Warning: 'NoneType' object has no attribute 'getProperty'
2026-03-01 03:13:33,736 - WARNING - Warning: 'NoneType' object has no attribute 'getProperty'
2026-03-01 03:13:39,481 - WARNING - Warning: 'NoneType' object has no attribute 'getProperty'
2026-03-01 03:13:41,570 - WARNING - Warning: 'NoneType' object has no attribute 'getProperty'
2026-03-01 03:13:50,980 - WARNING - Warning: 'NoneType' object has no attribute 'getProperty'
2026-03-01 03:13:52,986 - WARNING - Warning: 'NoneType' object has no attribute 'getProperty'
2026-03-01 03:13:54,784 - WARNING - Warning: 'NoneType' object has no attribute 'getProperty'
2026-03-01 03:13:58,596 - WARNING - Warning: 'NoneType' object has no attribute 'getProperty'
2026-03-01 03:14:02,741 - WARNING - Warning: 'NoneType' object has no attribute 'getProperty'
2026-03-01 03:14:13,363 - WARNING - Warning: 'NoneType' object has no attribute 'getProperty'
2026-03-01 03:14:19,084 - WARNING - Warning: Unsupported relative time format
2026-03-01 03:14:19,091 - INFO - End Page Analysis | Total Card: 32| Total Scrape: 32
2026-03-01 03:14:21,304 - INFO - End Full Analysis | Total Card: 160| Total Scrape: 160
2026-03-01 03:14:29,121 - WARNING - Warning: 'NoneType' object has no attribute 'getProperty'
2026-03-01 03:14:32,812 - WARNING - Warning: 'NoneType' object has no attribute 'getProperty'
2026-03-01 03:14:39,393 - WARNING - Warning: 'NoneType' object has no attribute 'getProperty'
2026-03-01 03:14:52,285 - WARNING - Warning: 'NoneType' object has no attribute 'getProperty'
2026-03-01 03:14:55,934 - WARNING - Warning: 'NoneType' object has no attribute 'getProperty'
2026-03-01 03:14:59,419 - WARNING - Warning: 'NoneType' object has no attribute 'getProperty'
2026-03-01 03:15:02,817 - WARNING - Warning: 'NoneType' object has no attribute 'getProperty'
2026-03-01 03:15:04,402 - WARNING - Warning: 'NoneType' object has no attribute 'getProperty'
2026-03-01 03:15:05,953 - WARNING - Warning: 'NoneType' object has no attribute 'getProperty'
2026-03-01 03:15:09,521 - WARNING - Warning: 'NoneType' object has no attribute 'getProperty'
2026-03-01 03:15:13,724 - WARNING - Warning: 'NoneType' object has no attribute 'getProperty'
2026-03-01 03:15:15,559 - WARNING - Warning: 'NoneType' object has no attribute 'getProperty'
2026-03-01 03:15:17,513 - WARNING - Warning: 'NoneType' object has no attribute 'getProperty'
2026-03-01 03:15:20,690 - WARNING - Warning: 'NoneType' object has no attribute 'getProperty'
2026-03-01 03:15:22,332 - INFO - End Page Analysis | Total Card: 32| Total Scrape: 32
2026-03-01 03:15:26,448 - WARNING - Warning: 'NoneType' object has no attribute 'getProperty'
2026-03-01 03:15:27,816 - WARNING - Warning: 'NoneType' object has no attribute 'getProperty'
2026-03-01 03:15:29,420 - WARNING - Warning: 'NoneType' object has no attribute 'getProperty'
2026-03-01 03:15:32,649 - WARNING - Warning: 'NoneType' object has no attribute 'getProperty'
2026-03-01 03:15:34,299 - WARNING - Warning: 'NoneType' object has no attribute 'getProperty'
2026-03-01 03:15:35,874 - WARNING - Warning: 'NoneType' object has no attribute 'getProperty'
2026-03-01 03:15:35,879 - WARNING - Warning: Unsupported relative time format
2026-03-01 03:15:39,857 - WARNING - Warning: 'NoneType' object has no attribute 'getProperty'
2026-03-01 03:15:54,647 - WARNING - Warning: 'NoneType' object has no attribute 'getProperty'
2026-03-01 03:16:04,377 - WARNING - Warning: 'NoneType' object has no attribute 'getProperty'
2026-03-01 03:16:11,481 - WARNING - Warning: 'NoneType' object has no attribute 'getProperty'
2026-03-01 03:16:16,938 - WARNING - Warning: 'NoneType' object has no attribute 'getProperty'
2026-03-01 03:16:18,492 - INFO - End Page Analysis | Total Card: 32| Total Scrape: 32
2026-03-01 03:16:24,541 - WARNING - Warning: 'NoneType' object has no attribute 'getProperty'
2026-03-01 03:16:26,163 - WARNING - Warning: 'NoneType' object has no attribute 'getProperty'
2026-03-01 03:16:27,753 - WARNING - Warning: 'NoneType' object has no attribute 'getProperty'
2026-03-01 03:16:29,330 - WARNING - Warning: 'NoneType' object has no attribute 'getProperty'
2026-03-01 03:16:31,136 - WARNING - Warning: 'NoneType' object has no attribute 'getProperty'
2026-03-01 03:16:35,025 - WARNING - Warning: 'NoneType' object has no attribute 'getProperty'
2026-03-01 03:16:38,797 - WARNING - Warning: 'NoneType' object has no attribute 'getProperty'
2026-03-01 03:16:48,165 - WARNING - Warning: 'NoneType' object has no attribute 'getProperty'
2026-03-01 03:16:53,757 - WARNING - Warning: 'NoneType' object has no attribute 'getProperty'
2026-03-01 03:16:59,214 - WARNING - Warning: 'NoneType' object has no attribute 'getProperty'
2026-03-01 03:17:01,417 - WARNING - Warning: 'NoneType' object has no attribute 'getProperty'
2026-03-01 03:17:03,475 - WARNING - Warning: 'NoneType' object has no attribute 'getProperty'
2026-03-01 03:17:07,506 - WARNING - Warning: 'NoneType' object has no attribute 'getProperty'
2026-03-01 03:17:09,198 - WARNING - Warning: 'NoneType' object has no attribute 'getProperty'
2026-03-01 03:17:18,140 - WARNING - Warning: 'NoneType' object has no attribute 'getProperty'
2026-03-01 03:17:20,229 - INFO - End Page Analysis | Total Card: 32| Total Scrape: 32
2026-03-01 03:17:27,491 - WARNING - Warning: 'NoneType' object has no attribute 'getProperty'
2026-03-01 03:17:31,259 - WARNING - Warning: 'NoneType' object has no attribute 'getProperty'
2026-03-01 03:17:33,002 - WARNING - Warning: 'NoneType' object has no attribute 'getProperty'
2026-03-01 03:17:42,362 - WARNING - Warning: 'NoneType' object has no attribute 'getProperty'
2026-03-01 03:17:43,958 - WARNING - Warning: 'NoneType' object has no attribute 'getProperty'
2026-03-01 03:17:52,529 - WARNING - Warning: 'NoneType' object has no attribute 'getProperty'
2026-03-01 03:18:02,821 - WARNING - Warning: 'NoneType' object has no attribute 'getProperty'
2026-03-01 03:18:04,956 - WARNING - Warning: 'NoneType' object has no attribute 'getProperty'
2026-03-01 03:18:06,800 - WARNING - Warning: Unsupported relative time format
2026-03-01 03:18:08,942 - WARNING - Warning: 'NoneType' object has no attribute 'getProperty'
2026-03-01 03:18:11,040 - WARNING - Warning: 'NoneType' object has no attribute 'getProperty'
2026-03-01 03:18:12,726 - WARNING - Warning: 'NoneType' object has no attribute 'getProperty'
2026-03-01 03:18:14,578 - WARNING - Warning: 'NoneType' object has no attribute 'getProperty'
2026-03-01 03:18:16,813 - WARNING - Warning: 'NoneType' object has no attribute 'getProperty'
2026-03-01 03:18:24,680 - WARNING - Warning: 'NoneType' object has no attribute 'getProperty'
2026-03-01 03:18:26,791 - INFO - End Page Analysis | Total Card: 32| Total Scrape: 32
2026-03-01 03:18:34,019 - WARNING - Warning: Unsupported relative time format
2026-03-01 03:18:38,510 - WARNING - Warning: 'NoneType' object has no attribute 'getProperty'
2026-03-01 03:18:40,552 - WARNING - Warning: 'NoneType' object has no attribute 'getProperty'
2026-03-01 03:18:44,942 - WARNING - Warning: 'NoneType' object has no attribute 'getProperty'
2026-03-01 03:18:47,232 - WARNING - Warning: 'NoneType' object has no attribute 'getProperty'
2026-03-01 03:18:50,906 - WARNING - Warning: 'NoneType' object has no attribute 'getProperty'
2026-03-01 03:18:52,794 - WARNING - Warning: 'NoneType' object has no attribute 'getProperty'
2026-03-01 03:18:54,765 - WARNING - Warning: 'NoneType' object has no attribute 'getProperty'
2026-03-01 03:18:57,216 - WARNING - Warning: 'NoneType' object has no attribute 'getProperty'
2026-03-01 03:18:59,108 - WARNING - Warning: 'NoneType' object has no attribute 'getProperty'
2026-03-01 03:19:01,106 - WARNING - Warning: 'NoneType' object has no attribute 'getProperty'
2026-03-01 03:19:06,225 - WARNING - Warning: 'NoneType' object has no attribute 'getProperty'
2026-03-01 03:19:06,234 - WARNING - Warning: Unsupported relative time format
2026-03-01 03:19:12,675 - WARNING - Warning: 'NoneType' object has no attribute 'getProperty'
2026-03-01 03:19:16,715 - WARNING - Warning: 'NoneType' object has no attribute 'getProperty'
2026-03-01 03:19:25,362 - WARNING - Warning: 'NoneType' object has no attribute 'getProperty'
2026-03-01 03:19:28,204 - WARNING - Warning: 'NoneType' object has no attribute 'getProperty'
2026-03-01 03:19:35,117 - WARNING - Warning: Unsupported relative time format
2026-03-01 03:19:37,787 - WARNING - Warning: 'NoneType' object has no attribute 'getProperty'
2026-03-01 03:19:39,666 - INFO - End Page Analysis | Total Card: 32| Total Scrape: 32
2026-03-01 03:19:41,881 - INFO - End Full Analysis | Total Card: 160| Total Scrape: 160
2026-03-01 03:19:41,881 - INFO - terminate chrome process...
2026-03-01 03:19:43,249 - INFO - CSV written successfully
2026-03-01 03:19:43,249 - INFO - Wrote CSV with 800 rows to /home/runner/work/Skillsgauge/Skillsgauge/bronze_datasets/JS/js_2026_03_01.csv
2026-03-01 03:19:43,250 - INFO - Scrapper Ended successfully
