2025-11-23 02:18:22,330 - INFO - Scraper started
2025-11-23 02:18:32,632 - INFO - Browser listening on: ws://127.0.0.1:39249/devtools/browser/1bb14eae-905d-4254-950f-32b34da58534
2025-11-23 02:18:42,853 - WARNING - Warning: 'NoneType' object has no attribute 'getProperty'
2025-11-23 02:18:43,965 - WARNING - Warning: 'NoneType' object has no attribute 'getProperty'
2025-11-23 02:18:45,315 - WARNING - Warning: 'NoneType' object has no attribute 'getProperty'
2025-11-23 02:18:48,210 - WARNING - Warning: 'NoneType' object has no attribute 'getProperty'
2025-11-23 02:18:49,559 - WARNING - Warning: 'NoneType' object has no attribute 'getProperty'
2025-11-23 02:18:51,501 - WARNING - Warning: 'NoneType' object has no attribute 'getProperty'
2025-11-23 02:18:53,225 - WARNING - Warning: 'NoneType' object has no attribute 'getProperty'
2025-11-23 02:18:56,959 - WARNING - Warning: 'NoneType' object has no attribute 'getProperty'
2025-11-23 02:18:58,540 - WARNING - Warning: 'NoneType' object has no attribute 'getProperty'
2025-11-23 02:19:01,611 - WARNING - Warning: 'NoneType' object has no attribute 'getProperty'
2025-11-23 02:19:04,579 - WARNING - Warning: 'NoneType' object has no attribute 'getProperty'
2025-11-23 02:19:08,095 - WARNING - Warning: 'NoneType' object has no attribute 'getProperty'
2025-11-23 02:19:09,538 - WARNING - Warning: 'NoneType' object has no attribute 'getProperty'
2025-11-23 02:19:11,092 - WARNING - Warning: 'NoneType' object has no attribute 'getProperty'
2025-11-23 02:19:15,408 - WARNING - Warning: 'NoneType' object has no attribute 'getProperty'
2025-11-23 02:19:16,860 - WARNING - Warning: 'NoneType' object has no attribute 'getProperty'
2025-11-23 02:19:20,715 - WARNING - Warning: 'NoneType' object has no attribute 'getProperty'
2025-11-23 02:19:22,222 - WARNING - Warning: 'NoneType' object has no attribute 'getProperty'
2025-11-23 02:19:23,418 - WARNING - Warning: 'NoneType' object has no attribute 'getProperty'
2025-11-23 02:19:24,630 - WARNING - Warning: 'NoneType' object has no attribute 'getProperty'
2025-11-23 02:19:26,925 - WARNING - Warning: 'NoneType' object has no attribute 'getProperty'
2025-11-23 02:19:28,071 - WARNING - Warning: 'NoneType' object has no attribute 'getProperty'
2025-11-23 02:19:29,770 - WARNING - Warning: 'NoneType' object has no attribute 'getProperty'
2025-11-23 02:19:29,779 - INFO - End Page Analysis | Total Card: 32| Total Scrape: 32
2025-11-23 02:19:38,233 - WARNING - Warning: 'NoneType' object has no attribute 'getProperty'
2025-11-23 02:19:39,602 - WARNING - Warning: 'NoneType' object has no attribute 'getProperty'
2025-11-23 02:19:42,199 - WARNING - Warning: 'NoneType' object has no attribute 'getProperty'
2025-11-23 02:19:47,147 - WARNING - Warning: 'NoneType' object has no attribute 'getProperty'
2025-11-23 02:19:50,973 - WARNING - Warning: 'NoneType' object has no attribute 'getProperty'
2025-11-23 02:19:52,089 - WARNING - Warning: 'NoneType' object has no attribute 'getProperty'
2025-11-23 02:19:53,392 - WARNING - Warning: 'NoneType' object has no attribute 'getProperty'
2025-11-23 02:19:56,060 - WARNING - Warning: 'NoneType' object has no attribute 'getProperty'
2025-11-23 02:19:57,184 - WARNING - Warning: 'NoneType' object has no attribute 'getProperty'
2025-11-23 02:19:59,552 - WARNING - Warning: 'NoneType' object has no attribute 'getProperty'
2025-11-23 02:20:02,629 - WARNING - Warning: 'NoneType' object has no attribute 'getProperty'
2025-11-23 02:20:05,155 - WARNING - Warning: 'NoneType' object has no attribute 'getProperty'
2025-11-23 02:20:06,694 - WARNING - Warning: 'NoneType' object has no attribute 'getProperty'
2025-11-23 02:20:09,156 - WARNING - Warning: 'NoneType' object has no attribute 'getProperty'
2025-11-23 02:20:10,441 - WARNING - Warning: 'NoneType' object has no attribute 'getProperty'
2025-11-23 02:20:13,088 - WARNING - Warning: 'NoneType' object has no attribute 'getProperty'
2025-11-23 02:20:13,134 - INFO - End Page Analysis | Total Card: 32| Total Scrape: 32
2025-11-23 02:20:20,893 - WARNING - Warning: 'NoneType' object has no attribute 'getProperty'
2025-11-23 02:20:22,006 - WARNING - Warning: 'NoneType' object has no attribute 'getProperty'
2025-11-23 02:20:24,529 - WARNING - Warning: 'NoneType' object has no attribute 'getProperty'
2025-11-23 02:20:29,211 - WARNING - Warning: 'NoneType' object has no attribute 'getProperty'
2025-11-23 02:20:32,708 - WARNING - Warning: 'NoneType' object has no attribute 'getProperty'
2025-11-23 02:20:33,904 - WARNING - Warning: 'NoneType' object has no attribute 'getProperty'
2025-11-23 02:20:35,082 - WARNING - Warning: 'NoneType' object has no attribute 'getProperty'
2025-11-23 02:20:37,453 - WARNING - Warning: 'NoneType' object has no attribute 'getProperty'
2025-11-23 02:20:38,644 - WARNING - Warning: 'NoneType' object has no attribute 'getProperty'
2025-11-23 02:20:41,052 - WARNING - Warning: 'NoneType' object has no attribute 'getProperty'
2025-11-23 02:20:43,500 - WARNING - Warning: 'NoneType' object has no attribute 'getProperty'
2025-11-23 02:20:45,921 - WARNING - Warning: 'NoneType' object has no attribute 'getProperty'
2025-11-23 02:20:47,212 - WARNING - Warning: 'NoneType' object has no attribute 'getProperty'
2025-11-23 02:20:50,054 - WARNING - Warning: 'NoneType' object has no attribute 'getProperty'
2025-11-23 02:20:51,295 - WARNING - Warning: 'NoneType' object has no attribute 'getProperty'
2025-11-23 02:20:53,790 - WARNING - Warning: 'NoneType' object has no attribute 'getProperty'
2025-11-23 02:20:53,799 - INFO - End Page Analysis | Total Card: 32| Total Scrape: 32
2025-11-23 02:20:58,992 - WARNING - Warning: 'NoneType' object has no attribute 'getProperty'
2025-11-23 02:21:03,522 - WARNING - Warning: 'NoneType' object has no attribute 'getProperty'
2025-11-23 02:21:11,802 - WARNING - Warning: 'NoneType' object has no attribute 'getProperty'
2025-11-23 02:21:13,199 - WARNING - Warning: 'NoneType' object has no attribute 'getProperty'
2025-11-23 02:21:16,335 - WARNING - Warning: 'NoneType' object has no attribute 'getProperty'
2025-11-23 02:21:18,015 - WARNING - Warning: 'NoneType' object has no attribute 'getProperty'
2025-11-23 02:21:21,068 - WARNING - Warning: 'NoneType' object has no attribute 'getProperty'
2025-11-23 02:21:22,724 - WARNING - Warning: 'NoneType' object has no attribute 'getProperty'
2025-11-23 02:21:38,239 - WARNING - Warning: 'NoneType' object has no attribute 'getProperty'
2025-11-23 02:21:39,901 - WARNING - Warning: 'NoneType' object has no attribute 'getProperty'
2025-11-23 02:21:43,089 - WARNING - Warning: 'NoneType' object has no attribute 'getProperty'
2025-11-23 02:21:44,672 - WARNING - Warning: 'NoneType' object has no attribute 'getProperty'
2025-11-23 02:21:48,102 - WARNING - Warning: 'NoneType' object has no attribute 'getProperty'
2025-11-23 02:21:48,115 - INFO - End Page Analysis | Total Card: 32| Total Scrape: 32
2025-11-23 02:21:52,087 - WARNING - Warning: 'NoneType' object has no attribute 'getProperty'
2025-11-23 02:21:53,748 - WARNING - Warning: 'NoneType' object has no attribute 'getProperty'
2025-11-23 02:21:55,369 - WARNING - Warning: 'NoneType' object has no attribute 'getProperty'
2025-11-23 02:21:59,149 - WARNING - Warning: 'NoneType' object has no attribute 'getProperty'
2025-11-23 02:22:01,253 - WARNING - Warning: 'NoneType' object has no attribute 'getProperty'
2025-11-23 02:22:01,263 - WARNING - Warning: Unsupported relative time format
2025-11-23 02:22:03,377 - WARNING - Warning: 'NoneType' object has no attribute 'getProperty'
2025-11-23 02:22:14,448 - WARNING - Warning: 'NoneType' object has no attribute 'getProperty'
2025-11-23 02:22:16,125 - WARNING - Warning: 'NoneType' object has no attribute 'getProperty'
2025-11-23 02:22:19,398 - WARNING - Warning: 'NoneType' object has no attribute 'getProperty'
2025-11-23 02:22:24,350 - WARNING - Warning: 'NoneType' object has no attribute 'getProperty'
2025-11-23 02:22:27,883 - WARNING - Warning: 'NoneType' object has no attribute 'getProperty'
2025-11-23 02:22:30,012 - WARNING - Warning: 'NoneType' object has no attribute 'getProperty'
2025-11-23 02:22:33,299 - WARNING - Warning: 'NoneType' object has no attribute 'getProperty'
2025-11-23 02:22:37,175 - WARNING - Warning: 'NoneType' object has no attribute 'getProperty'
2025-11-23 02:22:40,442 - WARNING - Warning: 'NoneType' object has no attribute 'getProperty'
2025-11-23 02:22:42,216 - WARNING - Warning: 'NoneType' object has no attribute 'getProperty'
2025-11-23 02:22:44,160 - WARNING - Warning: 'NoneType' object has no attribute 'getProperty'
2025-11-23 02:22:45,879 - WARNING - Warning: 'NoneType' object has no attribute 'getProperty'
2025-11-23 02:22:47,524 - WARNING - Warning: 'NoneType' object has no attribute 'getProperty'
2025-11-23 02:22:47,534 - INFO - End Page Analysis | Total Card: 32| Total Scrape: 32
2025-11-23 02:22:49,753 - INFO - End Full Analysis | Total Card: 160| Total Scrape: 160
2025-11-23 02:22:59,722 - WARNING - Warning: 'NoneType' object has no attribute 'getProperty'
2025-11-23 02:23:02,054 - WARNING - Warning: 'NoneType' object has no attribute 'getProperty'
2025-11-23 02:23:05,858 - WARNING - Warning: 'NoneType' object has no attribute 'getProperty'
2025-11-23 02:23:07,532 - WARNING - Warning: 'NoneType' object has no attribute 'getProperty'
2025-11-23 02:23:10,034 - WARNING - Warning: 'NoneType' object has no attribute 'getProperty'
2025-11-23 02:23:15,386 - WARNING - Warning: 'NoneType' object has no attribute 'getProperty'
2025-11-23 02:23:19,097 - WARNING - Warning: 'NoneType' object has no attribute 'getProperty'
2025-11-23 02:23:20,428 - WARNING - Warning: 'NoneType' object has no attribute 'getProperty'
2025-11-23 02:23:21,719 - WARNING - Warning: 'NoneType' object has no attribute 'getProperty'
2025-11-23 02:23:23,109 - WARNING - Warning: 'NoneType' object has no attribute 'getProperty'
2025-11-23 02:23:24,203 - WARNING - Warning: 'NoneType' object has no attribute 'getProperty'
2025-11-23 02:23:26,745 - WARNING - Warning: 'NoneType' object has no attribute 'getProperty'
2025-11-23 02:23:28,826 - WARNING - Warning: 'NoneType' object has no attribute 'getProperty'
2025-11-23 02:23:31,272 - WARNING - Warning: 'NoneType' object has no attribute 'getProperty'
2025-11-23 02:23:37,196 - WARNING - Warning: 'NoneType' object has no attribute 'getProperty'
2025-11-23 02:23:38,627 - INFO - End Page Analysis | Total Card: 32| Total Scrape: 32
2025-11-23 02:23:43,920 - WARNING - Warning: 'NoneType' object has no attribute 'getProperty'
2025-11-23 02:23:45,408 - WARNING - Warning: 'NoneType' object has no attribute 'getProperty'
2025-11-23 02:23:47,054 - WARNING - Warning: 'NoneType' object has no attribute 'getProperty'
2025-11-23 02:23:48,361 - WARNING - Warning: 'NoneType' object has no attribute 'getProperty'
2025-11-23 02:23:50,883 - WARNING - Warning: 'NoneType' object has no attribute 'getProperty'
2025-11-23 02:23:52,572 - WARNING - Warning: 'NoneType' object has no attribute 'getProperty'
2025-11-23 02:23:55,109 - WARNING - Warning: 'NoneType' object has no attribute 'getProperty'
2025-11-23 02:23:56,397 - WARNING - Warning: 'NoneType' object has no attribute 'getProperty'
2025-11-23 02:24:01,643 - WARNING - Warning: 'NoneType' object has no attribute 'getProperty'
2025-11-23 02:24:04,721 - WARNING - Warning: 'NoneType' object has no attribute 'getProperty'
2025-11-23 02:24:06,408 - WARNING - Warning: 'NoneType' object has no attribute 'getProperty'
2025-11-23 02:24:07,766 - WARNING - Warning: 'NoneType' object has no attribute 'getProperty'
2025-11-23 02:24:09,135 - WARNING - Warning: 'NoneType' object has no attribute 'getProperty'
2025-11-23 02:24:11,658 - WARNING - Warning: 'NoneType' object has no attribute 'getProperty'
2025-11-23 02:24:14,323 - WARNING - Warning: 'NoneType' object has no attribute 'getProperty'
2025-11-23 02:24:16,883 - WARNING - Warning: 'NoneType' object has no attribute 'getProperty'
2025-11-23 02:24:22,978 - WARNING - Warning: 'NoneType' object has no attribute 'getProperty'
2025-11-23 02:24:24,602 - WARNING - Warning: 'NoneType' object has no attribute 'getProperty'
2025-11-23 02:24:25,921 - INFO - End Page Analysis | Total Card: 32| Total Scrape: 32
2025-11-23 02:24:32,420 - WARNING - Warning: 'NoneType' object has no attribute 'getProperty'
2025-11-23 02:24:38,356 - WARNING - Warning: 'NoneType' object has no attribute 'getProperty'
2025-11-23 02:24:39,884 - WARNING - Warning: 'NoneType' object has no attribute 'getProperty'
2025-11-23 02:24:41,644 - WARNING - Warning: 'NoneType' object has no attribute 'getProperty'
2025-11-23 02:24:43,165 - WARNING - Warning: 'NoneType' object has no attribute 'getProperty'
2025-11-23 02:24:44,741 - WARNING - Warning: 'NoneType' object has no attribute 'getProperty'
2025-11-23 02:24:46,225 - WARNING - Warning: 'NoneType' object has no attribute 'getProperty'
2025-11-23 02:24:54,695 - WARNING - Warning: 'NoneType' object has no attribute 'getProperty'
2025-11-23 02:24:59,393 - WARNING - Warning: 'NoneType' object has no attribute 'getProperty'
2025-11-23 02:25:01,504 - WARNING - Warning: 'NoneType' object has no attribute 'getProperty'
2025-11-23 02:25:03,219 - WARNING - Warning: 'NoneType' object has no attribute 'getProperty'
2025-11-23 02:25:06,084 - WARNING - Warning: 'NoneType' object has no attribute 'getProperty'
2025-11-23 02:25:09,119 - WARNING - Warning: 'NoneType' object has no attribute 'getProperty'
2025-11-23 02:25:10,613 - WARNING - Warning: 'NoneType' object has no attribute 'getProperty'
2025-11-23 02:25:17,127 - WARNING - Warning: 'NoneType' object has no attribute 'getProperty'
2025-11-23 02:25:18,703 - WARNING - Warning: 'NoneType' object has no attribute 'getProperty'
2025-11-23 02:25:18,734 - INFO - End Page Analysis | Total Card: 32| Total Scrape: 32
2025-11-23 02:25:23,861 - WARNING - Warning: 'NoneType' object has no attribute 'getProperty'
2025-11-23 02:25:23,866 - WARNING - Warning: Unsupported relative time format
2025-11-23 02:25:25,389 - WARNING - Warning: 'NoneType' object has no attribute 'getProperty'
2025-11-23 02:25:31,330 - WARNING - Warning: 'NoneType' object has no attribute 'getProperty'
2025-11-23 02:25:31,337 - WARNING - Warning: Unsupported relative time format
2025-11-23 02:25:42,538 - WARNING - Warning: 'NoneType' object has no attribute 'getProperty'
2025-11-23 02:25:45,717 - WARNING - Warning: 'NoneType' object has no attribute 'getProperty'
2025-11-23 02:25:49,257 - WARNING - Warning: 'NoneType' object has no attribute 'getProperty'
2025-11-23 02:25:52,557 - WARNING - Warning: 'NoneType' object has no attribute 'getProperty'
2025-11-23 02:25:54,550 - WARNING - Warning: 'NoneType' object has no attribute 'getProperty'
2025-11-23 02:25:59,372 - WARNING - Warning: 'NoneType' object has no attribute 'getProperty'
2025-11-23 02:26:01,083 - WARNING - Warning: 'NoneType' object has no attribute 'getProperty'
2025-11-23 02:26:02,771 - WARNING - Warning: 'NoneType' object has no attribute 'getProperty'
2025-11-23 02:26:04,734 - WARNING - Warning: 'NoneType' object has no attribute 'getProperty'
2025-11-23 02:26:13,283 - WARNING - Warning: 'NoneType' object has no attribute 'getProperty'
2025-11-23 02:26:13,295 - INFO - End Page Analysis | Total Card: 32| Total Scrape: 32
2025-11-23 02:26:17,323 - WARNING - Warning: 'NoneType' object has no attribute 'getProperty'
2025-11-23 02:26:33,883 - WARNING - Warning: 'NoneType' object has no attribute 'getProperty'
2025-11-23 02:26:37,349 - WARNING - Warning: 'NoneType' object has no attribute 'getProperty'
2025-11-23 02:26:39,709 - WARNING - Warning: 'NoneType' object has no attribute 'getProperty'
2025-11-23 02:26:43,549 - WARNING - Warning: 'NoneType' object has no attribute 'getProperty'
2025-11-23 02:26:48,854 - WARNING - Warning: 'NoneType' object has no attribute 'getProperty'
2025-11-23 02:26:50,657 - WARNING - Warning: 'NoneType' object has no attribute 'getProperty'
2025-11-23 02:26:52,392 - WARNING - Warning: 'NoneType' object has no attribute 'getProperty'
2025-11-23 02:26:54,159 - WARNING - Warning: 'NoneType' object has no attribute 'getProperty'
2025-11-23 02:26:56,484 - WARNING - Warning: 'NoneType' object has no attribute 'getProperty'
2025-11-23 02:26:59,040 - WARNING - Warning: 'NoneType' object has no attribute 'getProperty'
2025-11-23 02:27:04,558 - WARNING - Warning: 'NoneType' object has no attribute 'getProperty'
2025-11-23 02:27:12,143 - WARNING - Warning: 'NoneType' object has no attribute 'getProperty'
2025-11-23 02:27:16,054 - WARNING - Warning: 'NoneType' object has no attribute 'getProperty'
2025-11-23 02:27:16,070 - INFO - End Page Analysis | Total Card: 32| Total Scrape: 32
2025-11-23 02:27:18,308 - INFO - End Full Analysis | Total Card: 160| Total Scrape: 160
2025-11-23 02:27:24,789 - WARNING - Warning: 'NoneType' object has no attribute 'getProperty'
2025-11-23 02:27:33,590 - WARNING - Warning: 'NoneType' object has no attribute 'getProperty'
2025-11-23 02:27:39,941 - WARNING - Warning: 'NoneType' object has no attribute 'getProperty'
2025-11-23 02:28:00,821 - WARNING - Warning: 'NoneType' object has no attribute 'getProperty'
2025-11-23 02:28:04,759 - INFO - End Page Analysis | Total Card: 32| Total Scrape: 32
2025-11-23 02:28:09,486 - WARNING - Warning: 'NoneType' object has no attribute 'getProperty'
2025-11-23 02:28:12,180 - WARNING - Warning: 'NoneType' object has no attribute 'getProperty'
2025-11-23 02:28:24,431 - WARNING - Warning: 'NoneType' object has no attribute 'getProperty'
2025-11-23 02:28:35,091 - WARNING - Warning: 'NoneType' object has no attribute 'getProperty'
2025-11-23 02:28:36,449 - WARNING - Warning: 'NoneType' object has no attribute 'getProperty'
2025-11-23 02:28:39,244 - WARNING - Warning: 'NoneType' object has no attribute 'getProperty'
2025-11-23 02:28:53,151 - INFO - End Page Analysis | Total Card: 32| Total Scrape: 32
2025-11-23 02:28:59,799 - WARNING - Warning: 'NoneType' object has no attribute 'getProperty'
2025-11-23 02:29:05,948 - WARNING - Warning: 'NoneType' object has no attribute 'getProperty'
2025-11-23 02:29:10,055 - WARNING - Warning: 'NoneType' object has no attribute 'getProperty'
2025-11-23 02:29:18,252 - WARNING - Warning: 'NoneType' object has no attribute 'getProperty'
2025-11-23 02:29:21,136 - WARNING - Warning: 'NoneType' object has no attribute 'getProperty'
2025-11-23 02:29:37,779 - WARNING - Warning: 'NoneType' object has no attribute 'getProperty'
2025-11-23 02:29:41,325 - WARNING - Warning: 'NoneType' object has no attribute 'getProperty'
2025-11-23 02:29:44,400 - INFO - End Page Analysis | Total Card: 32| Total Scrape: 32
2025-11-23 02:29:51,238 - WARNING - Warning: 'NoneType' object has no attribute 'getProperty'
2025-11-23 02:29:53,406 - WARNING - Warning: 'NoneType' object has no attribute 'getProperty'
2025-11-23 02:30:03,092 - WARNING - Warning: 'NoneType' object has no attribute 'getProperty'
2025-11-23 02:30:05,026 - WARNING - Warning: 'NoneType' object has no attribute 'getProperty'
2025-11-23 02:30:06,699 - WARNING - Warning: 'NoneType' object has no attribute 'getProperty'
2025-11-23 02:30:10,434 - WARNING - Warning: 'NoneType' object has no attribute 'getProperty'
2025-11-23 02:30:11,995 - WARNING - Warning: 'NoneType' object has no attribute 'getProperty'
2025-11-23 02:30:13,607 - WARNING - Warning: 'NoneType' object has no attribute 'getProperty'
2025-11-23 02:30:15,291 - WARNING - Warning: 'NoneType' object has no attribute 'getProperty'
2025-11-23 02:30:18,586 - WARNING - Warning: 'NoneType' object has no attribute 'getProperty'
2025-11-23 02:30:20,153 - WARNING - Warning: 'NoneType' object has no attribute 'getProperty'
2025-11-23 02:30:23,721 - WARNING - Warning: 'NoneType' object has no attribute 'getProperty'
2025-11-23 02:30:25,955 - WARNING - Warning: 'NoneType' object has no attribute 'getProperty'
2025-11-23 02:30:29,155 - WARNING - Warning: 'NoneType' object has no attribute 'getProperty'
2025-11-23 02:30:30,744 - WARNING - Warning: 'NoneType' object has no attribute 'getProperty'
2025-11-23 02:30:39,503 - WARNING - Warning: 'NoneType' object has no attribute 'getProperty'
2025-11-23 02:30:41,234 - INFO - End Page Analysis | Total Card: 32| Total Scrape: 32
2025-11-23 02:30:45,944 - WARNING - Warning: 'NoneType' object has no attribute 'getProperty'
2025-11-23 02:30:49,518 - WARNING - Warning: 'NoneType' object has no attribute 'getProperty'
2025-11-23 02:30:53,129 - WARNING - Warning: 'NoneType' object has no attribute 'getProperty'
2025-11-23 02:30:57,205 - WARNING - Warning: 'NoneType' object has no attribute 'getProperty'
2025-11-23 02:31:00,791 - WARNING - Warning: 'NoneType' object has no attribute 'getProperty'
2025-11-23 02:31:02,747 - WARNING - Warning: 'NoneType' object has no attribute 'getProperty'
2025-11-23 02:31:04,349 - WARNING - Warning: 'NoneType' object has no attribute 'getProperty'
2025-11-23 02:31:06,060 - WARNING - Warning: 'NoneType' object has no attribute 'getProperty'
2025-11-23 02:31:09,563 - WARNING - Warning: 'NoneType' object has no attribute 'getProperty'
2025-11-23 02:31:11,244 - WARNING - Warning: 'NoneType' object has no attribute 'getProperty'
2025-11-23 02:31:13,589 - WARNING - Warning: 'NoneType' object has no attribute 'getProperty'
2025-11-23 02:31:15,398 - WARNING - Warning: 'NoneType' object has no attribute 'getProperty'
2025-11-23 02:31:18,683 - WARNING - Warning: 'NoneType' object has no attribute 'getProperty'
2025-11-23 02:31:22,206 - WARNING - Warning: 'NoneType' object has no attribute 'getProperty'
2025-11-23 02:31:23,838 - WARNING - Warning: 'NoneType' object has no attribute 'getProperty'
2025-11-23 02:31:25,550 - WARNING - Warning: 'NoneType' object has no attribute 'getProperty'
2025-11-23 02:31:29,225 - WARNING - Warning: 'NoneType' object has no attribute 'getProperty'
2025-11-23 02:31:31,656 - WARNING - Warning: 'NoneType' object has no attribute 'getProperty'
2025-11-23 02:31:38,878 - WARNING - Warning: 'NoneType' object has no attribute 'getProperty'
2025-11-23 02:31:40,854 - WARNING - Warning: Unsupported relative time format
2025-11-23 02:31:42,557 - WARNING - Warning: 'NoneType' object has no attribute 'getProperty'
2025-11-23 02:31:42,569 - INFO - End Page Analysis | Total Card: 32| Total Scrape: 32
2025-11-23 02:31:44,860 - INFO - End Full Analysis | Total Card: 160| Total Scrape: 160
2025-11-23 02:31:53,427 - WARNING - Warning: 'NoneType' object has no attribute 'getProperty'
2025-11-23 02:31:57,757 - WARNING - Warning: 'NoneType' object has no attribute 'getProperty'
2025-11-23 02:32:01,435 - WARNING - Warning: 'NoneType' object has no attribute 'getProperty'
2025-11-23 02:32:05,361 - WARNING - Warning: 'NoneType' object has no attribute 'getProperty'
2025-11-23 02:32:09,459 - WARNING - Warning: 'NoneType' object has no attribute 'getProperty'
2025-11-23 02:32:10,701 - WARNING - Warning: 'NoneType' object has no attribute 'getProperty'
2025-11-23 02:32:16,063 - WARNING - Warning: 'NoneType' object has no attribute 'getProperty'
2025-11-23 02:32:17,299 - WARNING - Warning: 'NoneType' object has no attribute 'getProperty'
2025-11-23 02:32:20,788 - WARNING - Warning: 'NoneType' object has no attribute 'getProperty'
2025-11-23 02:32:23,508 - WARNING - Warning: 'NoneType' object has no attribute 'getProperty'
2025-11-23 02:32:24,612 - WARNING - Warning: 'NoneType' object has no attribute 'getProperty'
2025-11-23 02:32:25,954 - WARNING - Warning: 'NoneType' object has no attribute 'getProperty'
2025-11-23 02:32:27,112 - WARNING - Warning: 'NoneType' object has no attribute 'getProperty'
2025-11-23 02:32:29,820 - WARNING - Warning: 'NoneType' object has no attribute 'getProperty'
2025-11-23 02:32:32,512 - WARNING - Warning: 'NoneType' object has no attribute 'getProperty'
2025-11-23 02:32:32,527 - INFO - End Page Analysis | Total Card: 32| Total Scrape: 32
2025-11-23 02:32:38,956 - WARNING - Warning: 'NoneType' object has no attribute 'getProperty'
2025-11-23 02:32:40,216 - WARNING - Warning: 'NoneType' object has no attribute 'getProperty'
2025-11-23 02:32:46,581 - WARNING - Warning: 'NoneType' object has no attribute 'getProperty'
2025-11-23 02:32:51,543 - WARNING - Warning: 'NoneType' object has no attribute 'getProperty'
2025-11-23 02:32:54,189 - WARNING - Warning: 'NoneType' object has no attribute 'getProperty'
2025-11-23 02:32:56,704 - WARNING - Warning: 'NoneType' object has no attribute 'getProperty'
2025-11-23 02:32:58,111 - WARNING - Warning: 'NoneType' object has no attribute 'getProperty'
2025-11-23 02:33:04,188 - WARNING - Warning: 'NoneType' object has no attribute 'getProperty'
2025-11-23 02:33:05,597 - WARNING - Warning: 'NoneType' object has no attribute 'getProperty'
2025-11-23 02:33:16,716 - WARNING - Warning: 'NoneType' object has no attribute 'getProperty'
2025-11-23 02:33:19,245 - INFO - End Page Analysis | Total Card: 32| Total Scrape: 32
2025-11-23 02:33:25,714 - WARNING - Warning: 'NoneType' object has no attribute 'getProperty'
2025-11-23 02:33:28,527 - WARNING - Warning: 'NoneType' object has no attribute 'getProperty'
2025-11-23 02:33:34,999 - WARNING - Warning: 'NoneType' object has no attribute 'getProperty'
2025-11-23 02:33:36,398 - WARNING - Warning: 'NoneType' object has no attribute 'getProperty'
2025-11-23 02:33:41,014 - WARNING - Warning: 'NoneType' object has no attribute 'getProperty'
2025-11-23 02:33:42,644 - WARNING - Warning: 'NoneType' object has no attribute 'getProperty'
2025-11-23 02:33:48,726 - WARNING - Warning: 'NoneType' object has no attribute 'getProperty'
2025-11-23 02:33:50,151 - WARNING - Warning: 'NoneType' object has no attribute 'getProperty'
2025-11-23 02:33:54,783 - WARNING - Warning: 'NoneType' object has no attribute 'getProperty'
2025-11-23 02:33:57,786 - WARNING - Warning: 'NoneType' object has no attribute 'getProperty'
2025-11-23 02:33:59,354 - WARNING - Warning: 'NoneType' object has no attribute 'getProperty'
2025-11-23 02:34:11,723 - INFO - End Page Analysis | Total Card: 32| Total Scrape: 32
2025-11-23 02:34:15,484 - WARNING - Warning: 'NoneType' object has no attribute 'getProperty'
2025-11-23 02:34:21,432 - WARNING - Warning: 'NoneType' object has no attribute 'getProperty'
2025-11-23 02:34:30,790 - WARNING - Warning: 'NoneType' object has no attribute 'getProperty'
2025-11-23 02:34:33,878 - WARNING - Warning: 'NoneType' object has no attribute 'getProperty'
2025-11-23 02:34:35,381 - WARNING - Warning: 'NoneType' object has no attribute 'getProperty'
2025-11-23 02:35:02,680 - WARNING - Warning: 'NoneType' object has no attribute 'getProperty'
2025-11-23 02:35:04,328 - WARNING - Warning: 'NoneType' object has no attribute 'getProperty'
2025-11-23 02:35:04,347 - INFO - End Page Analysis | Total Card: 32| Total Scrape: 32
2025-11-23 02:35:10,030 - WARNING - Warning: 'NoneType' object has no attribute 'getProperty'
2025-11-23 02:35:13,341 - WARNING - Warning: 'NoneType' object has no attribute 'getProperty'
2025-11-23 02:35:16,574 - WARNING - Warning: 'NoneType' object has no attribute 'getProperty'
2025-11-23 02:35:23,548 - WARNING - Warning: 'NoneType' object has no attribute 'getProperty'
2025-11-23 02:35:36,332 - WARNING - Warning: 'NoneType' object has no attribute 'getProperty'
2025-11-23 02:35:49,530 - WARNING - Warning: 'NoneType' object has no attribute 'getProperty'
2025-11-23 02:35:54,878 - WARNING - Warning: 'NoneType' object has no attribute 'getProperty'
2025-11-23 02:35:56,680 - WARNING - Warning: 'NoneType' object has no attribute 'getProperty'
2025-11-23 02:36:06,866 - INFO - End Page Analysis | Total Card: 32| Total Scrape: 32
2025-11-23 02:36:09,100 - INFO - End Full Analysis | Total Card: 160| Total Scrape: 160
2025-11-23 02:36:17,496 - WARNING - Warning: 'NoneType' object has no attribute 'getProperty'
2025-11-23 02:36:30,683 - WARNING - Warning: 'NoneType' object has no attribute 'getProperty'
2025-11-23 02:36:34,728 - WARNING - Warning: 'NoneType' object has no attribute 'getProperty'
2025-11-23 02:36:38,702 - WARNING - Warning: 'NoneType' object has no attribute 'getProperty'
2025-11-23 02:36:39,796 - WARNING - Warning: 'NoneType' object has no attribute 'getProperty'
2025-11-23 02:36:41,252 - WARNING - Warning: 'NoneType' object has no attribute 'getProperty'
2025-11-23 02:36:50,476 - WARNING - Warning: 'NoneType' object has no attribute 'getProperty'
2025-11-23 02:36:53,100 - WARNING - Warning: 'NoneType' object has no attribute 'getProperty'
2025-11-23 02:36:54,579 - WARNING - Warning: Unsupported relative time format
2025-11-23 02:36:55,873 - WARNING - Warning: 'NoneType' object has no attribute 'getProperty'
2025-11-23 02:36:57,221 - INFO - End Page Analysis | Total Card: 32| Total Scrape: 32
2025-11-23 02:37:00,782 - WARNING - Warning: 'NoneType' object has no attribute 'getProperty'
2025-11-23 02:37:02,574 - WARNING - Warning: 'NoneType' object has no attribute 'getProperty'
2025-11-23 02:37:03,861 - WARNING - Warning: 'NoneType' object has no attribute 'getProperty'
2025-11-23 02:37:07,113 - WARNING - Warning: 'NoneType' object has no attribute 'getProperty'
2025-11-23 02:37:08,630 - WARNING - Warning: 'NoneType' object has no attribute 'getProperty'
2025-11-23 02:37:10,018 - WARNING - Warning: 'NoneType' object has no attribute 'getProperty'
2025-11-23 02:37:11,597 - WARNING - Warning: 'NoneType' object has no attribute 'getProperty'
2025-11-23 02:37:16,058 - WARNING - Warning: 'NoneType' object has no attribute 'getProperty'
2025-11-23 02:37:17,465 - WARNING - Warning: 'NoneType' object has no attribute 'getProperty'
2025-11-23 02:37:25,485 - WARNING - Warning: 'NoneType' object has no attribute 'getProperty'
2025-11-23 02:37:27,225 - WARNING - Warning: 'NoneType' object has no attribute 'getProperty'
2025-11-23 02:37:29,889 - WARNING - Warning: 'NoneType' object has no attribute 'getProperty'
2025-11-23 02:37:31,245 - WARNING - Warning: 'NoneType' object has no attribute 'getProperty'
2025-11-23 02:37:32,401 - WARNING - Warning: 'NoneType' object has no attribute 'getProperty'
2025-11-23 02:37:36,529 - WARNING - Warning: 'NoneType' object has no attribute 'getProperty'
2025-11-23 02:37:45,326 - WARNING - Warning: 'NoneType' object has no attribute 'getProperty'
2025-11-23 02:37:45,337 - INFO - End Page Analysis | Total Card: 32| Total Scrape: 32
2025-11-23 02:37:48,697 - WARNING - Warning: 'NoneType' object has no attribute 'getProperty'
2025-11-23 02:37:50,504 - WARNING - Warning: 'NoneType' object has no attribute 'getProperty'
2025-11-23 02:37:51,969 - WARNING - Warning: 'NoneType' object has no attribute 'getProperty'
2025-11-23 02:37:55,287 - WARNING - Warning: 'NoneType' object has no attribute 'getProperty'
2025-11-23 02:38:05,248 - WARNING - Warning: 'NoneType' object has no attribute 'getProperty'
2025-11-23 02:38:11,088 - WARNING - Warning: 'NoneType' object has no attribute 'getProperty'
2025-11-23 02:38:12,443 - WARNING - Warning: 'NoneType' object has no attribute 'getProperty'
2025-11-23 02:38:15,912 - WARNING - Warning: 'NoneType' object has no attribute 'getProperty'
2025-11-23 02:38:23,291 - WARNING - Warning: 'NoneType' object has no attribute 'getProperty'
2025-11-23 02:38:26,181 - WARNING - Warning: 'NoneType' object has no attribute 'getProperty'
2025-11-23 02:38:27,605 - WARNING - Warning: 'NoneType' object has no attribute 'getProperty'
2025-11-23 02:38:29,141 - WARNING - Warning: 'NoneType' object has no attribute 'getProperty'
2025-11-23 02:38:30,639 - WARNING - Warning: 'NoneType' object has no attribute 'getProperty'
2025-11-23 02:38:31,955 - WARNING - Warning: 'NoneType' object has no attribute 'getProperty'
2025-11-23 02:38:35,189 - INFO - End Page Analysis | Total Card: 32| Total Scrape: 32
2025-11-23 02:38:43,730 - WARNING - Warning: 'NoneType' object has no attribute 'getProperty'
2025-11-23 02:38:45,295 - WARNING - Warning: 'NoneType' object has no attribute 'getProperty'
2025-11-23 02:38:46,786 - WARNING - Warning: 'NoneType' object has no attribute 'getProperty'
2025-11-23 02:38:49,816 - WARNING - Warning: 'NoneType' object has no attribute 'getProperty'
2025-11-23 02:38:52,747 - WARNING - Warning: 'NoneType' object has no attribute 'getProperty'
2025-11-23 02:38:54,859 - WARNING - Warning: 'NoneType' object has no attribute 'getProperty'
2025-11-23 02:38:58,139 - WARNING - Warning: 'NoneType' object has no attribute 'getProperty'
2025-11-23 02:38:59,674 - WARNING - Warning: 'NoneType' object has no attribute 'getProperty'
2025-11-23 02:39:01,197 - WARNING - Warning: 'NoneType' object has no attribute 'getProperty'
2025-11-23 02:39:02,755 - WARNING - Warning: 'NoneType' object has no attribute 'getProperty'
2025-11-23 02:39:04,441 - WARNING - Warning: 'NoneType' object has no attribute 'getProperty'
2025-11-23 02:39:06,037 - WARNING - Warning: 'NoneType' object has no attribute 'getProperty'
2025-11-23 02:39:09,154 - WARNING - Warning: 'NoneType' object has no attribute 'getProperty'
2025-11-23 02:39:11,188 - WARNING - Warning: 'NoneType' object has no attribute 'getProperty'
2025-11-23 02:39:12,768 - WARNING - Warning: 'NoneType' object has no attribute 'getProperty'
2025-11-23 02:39:15,811 - WARNING - Warning: 'NoneType' object has no attribute 'getProperty'
2025-11-23 02:39:17,380 - WARNING - Warning: 'NoneType' object has no attribute 'getProperty'
2025-11-23 02:39:18,967 - WARNING - Warning: 'NoneType' object has no attribute 'getProperty'
2025-11-23 02:39:21,101 - WARNING - Warning: 'NoneType' object has no attribute 'getProperty'
2025-11-23 02:39:22,711 - WARNING - Warning: 'NoneType' object has no attribute 'getProperty'
2025-11-23 02:39:25,816 - WARNING - Warning: 'NoneType' object has no attribute 'getProperty'
2025-11-23 02:39:27,685 - WARNING - Warning: 'NoneType' object has no attribute 'getProperty'
2025-11-23 02:39:29,422 - WARNING - Warning: 'NoneType' object has no attribute 'getProperty'
2025-11-23 02:39:29,435 - INFO - End Page Analysis | Total Card: 32| Total Scrape: 32
2025-11-23 02:39:35,210 - WARNING - Warning: 'NoneType' object has no attribute 'getProperty'
2025-11-23 02:39:40,611 - WARNING - Warning: 'NoneType' object has no attribute 'getProperty'
2025-11-23 02:39:42,743 - WARNING - Warning: 'NoneType' object has no attribute 'getProperty'
2025-11-23 02:39:44,390 - WARNING - Warning: 'NoneType' object has no attribute 'getProperty'
2025-11-23 02:39:51,090 - WARNING - Warning: 'NoneType' object has no attribute 'getProperty'
2025-11-23 02:39:52,884 - WARNING - Warning: 'NoneType' object has no attribute 'getProperty'
2025-11-23 02:39:54,469 - WARNING - Warning: 'NoneType' object has no attribute 'getProperty'
2025-11-23 02:39:56,887 - WARNING - Warning: 'NoneType' object has no attribute 'getProperty'
2025-11-23 02:40:00,471 - WARNING - Warning: 'NoneType' object has no attribute 'getProperty'
2025-11-23 02:40:04,183 - WARNING - Warning: 'NoneType' object has no attribute 'getProperty'
2025-11-23 02:40:10,755 - WARNING - Warning: 'NoneType' object has no attribute 'getProperty'
2025-11-23 02:40:12,968 - WARNING - Warning: 'NoneType' object has no attribute 'getProperty'
2025-11-23 02:40:16,469 - WARNING - Warning: 'NoneType' object has no attribute 'getProperty'
2025-11-23 02:40:18,208 - WARNING - Warning: 'NoneType' object has no attribute 'getProperty'
2025-11-23 02:40:19,914 - WARNING - Warning: 'NoneType' object has no attribute 'getProperty'
2025-11-23 02:40:30,151 - WARNING - Warning: 'NoneType' object has no attribute 'getProperty'
2025-11-23 02:40:32,072 - WARNING - Warning: 'NoneType' object has no attribute 'getProperty'
2025-11-23 02:40:32,084 - INFO - End Page Analysis | Total Card: 32| Total Scrape: 32
2025-11-23 02:40:34,317 - INFO - End Full Analysis | Total Card: 160| Total Scrape: 160
2025-11-23 02:40:34,317 - INFO - terminate chrome process...
2025-11-23 02:40:35,298 - INFO - CSV written successfully
2025-11-23 02:40:35,298 - INFO - Wrote CSV with 800 rows to /home/runner/work/Skillsgauge/Skillsgauge/bronze_datasets/JS/js_2025_11_23.csv
2025-11-23 02:40:35,299 - INFO - Scrapper Ended successfully
