2025-12-28 02:25:18,739 - INFO - Scraper started
2025-12-28 02:25:27,192 - INFO - Browser listening on: ws://127.0.0.1:34959/devtools/browser/318ceabf-926f-468b-90d4-1e26610d986a
2025-12-28 02:25:36,988 - WARNING - Warning: 'NoneType' object has no attribute 'getProperty'
2025-12-28 02:25:40,063 - WARNING - Warning: 'NoneType' object has no attribute 'getProperty'
2025-12-28 02:25:42,296 - WARNING - Warning: 'NoneType' object has no attribute 'getProperty'
2025-12-28 02:25:45,932 - WARNING - Warning: 'NoneType' object has no attribute 'getProperty'
2025-12-28 02:25:47,639 - WARNING - Warning: 'NoneType' object has no attribute 'getProperty'
2025-12-28 02:25:49,204 - WARNING - Warning: 'NoneType' object has no attribute 'getProperty'
2025-12-28 02:25:51,054 - WARNING - Warning: 'NoneType' object has no attribute 'getProperty'
2025-12-28 02:25:52,740 - WARNING - Warning: 'NoneType' object has no attribute 'getProperty'
2025-12-28 02:25:57,990 - WARNING - Warning: 'NoneType' object has no attribute 'getProperty'
2025-12-28 02:25:59,701 - WARNING - Warning: 'NoneType' object has no attribute 'getProperty'
2025-12-28 02:26:01,453 - WARNING - Warning: 'NoneType' object has no attribute 'getProperty'
2025-12-28 02:26:03,125 - WARNING - Warning: 'NoneType' object has no attribute 'getProperty'
2025-12-28 02:26:04,958 - WARNING - Warning: 'NoneType' object has no attribute 'getProperty'
2025-12-28 02:26:08,858 - WARNING - Warning: 'NoneType' object has no attribute 'getProperty'
2025-12-28 02:26:11,954 - WARNING - Warning: 'NoneType' object has no attribute 'getProperty'
2025-12-28 02:26:13,406 - WARNING - Warning: 'NoneType' object has no attribute 'getProperty'
2025-12-28 02:26:24,337 - WARNING - Warning: 'NoneType' object has no attribute 'getProperty'
2025-12-28 02:26:28,965 - WARNING - Warning: 'NoneType' object has no attribute 'getProperty'
2025-12-28 02:26:29,015 - INFO - End Page Analysis | Total Card: 32| Total Scrape: 32
2025-12-28 02:26:34,077 - WARNING - Warning: 'NoneType' object has no attribute 'getProperty'
2025-12-28 02:26:35,789 - WARNING - Warning: 'NoneType' object has no attribute 'getProperty'
2025-12-28 02:26:37,618 - WARNING - Warning: 'NoneType' object has no attribute 'getProperty'
2025-12-28 02:26:40,553 - WARNING - Warning: 'NoneType' object has no attribute 'getProperty'
2025-12-28 02:26:42,034 - WARNING - Warning: 'NoneType' object has no attribute 'getProperty'
2025-12-28 02:26:46,475 - WARNING - Warning: 'NoneType' object has no attribute 'getProperty'
2025-12-28 02:26:47,955 - WARNING - Warning: 'NoneType' object has no attribute 'getProperty'
2025-12-28 02:26:49,553 - WARNING - Warning: 'NoneType' object has no attribute 'getProperty'
2025-12-28 02:26:51,038 - WARNING - Warning: 'NoneType' object has no attribute 'getProperty'
2025-12-28 02:26:55,465 - WARNING - Warning: 'NoneType' object has no attribute 'getProperty'
2025-12-28 02:26:55,470 - WARNING - Warning: Unsupported relative time format
2025-12-28 02:26:57,013 - WARNING - Warning: 'NoneType' object has no attribute 'getProperty'
2025-12-28 02:26:58,300 - WARNING - Warning: 'NoneType' object has no attribute 'getProperty'
2025-12-28 02:27:00,032 - WARNING - Warning: 'NoneType' object has no attribute 'getProperty'
2025-12-28 02:27:03,162 - WARNING - Warning: 'NoneType' object has no attribute 'getProperty'
2025-12-28 02:27:04,614 - WARNING - Warning: 'NoneType' object has no attribute 'getProperty'
2025-12-28 02:27:08,038 - WARNING - Warning: 'NoneType' object has no attribute 'getProperty'
2025-12-28 02:27:12,561 - WARNING - Warning: 'NoneType' object has no attribute 'getProperty'
2025-12-28 02:27:16,107 - WARNING - Warning: 'NoneType' object has no attribute 'getProperty'
2025-12-28 02:27:21,157 - WARNING - Warning: 'NoneType' object has no attribute 'getProperty'
2025-12-28 02:27:21,167 - INFO - End Page Analysis | Total Card: 32| Total Scrape: 32
2025-12-28 02:27:25,277 - WARNING - Warning: 'NoneType' object has no attribute 'getProperty'
2025-12-28 02:27:26,957 - WARNING - Warning: 'NoneType' object has no attribute 'getProperty'
2025-12-28 02:27:37,110 - WARNING - Warning: 'NoneType' object has no attribute 'getProperty'
2025-12-28 02:27:49,994 - WARNING - Warning: 'NoneType' object has no attribute 'getProperty'
2025-12-28 02:27:51,544 - WARNING - Warning: 'NoneType' object has no attribute 'getProperty'
2025-12-28 02:27:56,184 - WARNING - Warning: 'NoneType' object has no attribute 'getProperty'
2025-12-28 02:27:59,352 - WARNING - Warning: 'NoneType' object has no attribute 'getProperty'
2025-12-28 02:28:00,874 - WARNING - Warning: 'NoneType' object has no attribute 'getProperty'
2025-12-28 02:28:05,700 - WARNING - Warning: 'NoneType' object has no attribute 'getProperty'
2025-12-28 02:28:07,351 - WARNING - Warning: 'NoneType' object has no attribute 'getProperty'
2025-12-28 02:28:08,908 - WARNING - Warning: 'NoneType' object has no attribute 'getProperty'
2025-12-28 02:28:16,374 - WARNING - Warning: 'NoneType' object has no attribute 'getProperty'
2025-12-28 02:28:16,384 - INFO - End Page Analysis | Total Card: 32| Total Scrape: 32
2025-12-28 02:28:20,585 - WARNING - Warning: 'NoneType' object has no attribute 'getProperty'
2025-12-28 02:28:22,331 - WARNING - Warning: 'NoneType' object has no attribute 'getProperty'
2025-12-28 02:28:24,132 - WARNING - Warning: 'NoneType' object has no attribute 'getProperty'
2025-12-28 02:28:24,137 - WARNING - Warning: Unsupported relative time format
2025-12-28 02:28:25,834 - WARNING - Warning: 'NoneType' object has no attribute 'getProperty'
2025-12-28 02:28:27,583 - WARNING - Warning: 'NoneType' object has no attribute 'getProperty'
2025-12-28 02:28:29,363 - WARNING - Warning: 'NoneType' object has no attribute 'getProperty'
2025-12-28 02:28:36,250 - WARNING - Warning: 'NoneType' object has no attribute 'getProperty'
2025-12-28 02:28:38,383 - WARNING - Warning: 'NoneType' object has no attribute 'getProperty'
2025-12-28 02:28:42,085 - WARNING - Warning: 'NoneType' object has no attribute 'getProperty'
2025-12-28 02:28:43,726 - WARNING - Warning: 'NoneType' object has no attribute 'getProperty'
2025-12-28 02:28:47,069 - WARNING - Warning: 'NoneType' object has no attribute 'getProperty'
2025-12-28 02:28:54,256 - WARNING - Warning: 'NoneType' object has no attribute 'getProperty'
2025-12-28 02:28:56,574 - WARNING - Warning: 'NoneType' object has no attribute 'getProperty'
2025-12-28 02:29:01,319 - WARNING - Warning: 'NoneType' object has no attribute 'getProperty'
2025-12-28 02:29:03,670 - WARNING - Warning: 'NoneType' object has no attribute 'getProperty'
2025-12-28 02:29:05,672 - WARNING - Warning: 'NoneType' object has no attribute 'getProperty'
2025-12-28 02:29:07,516 - WARNING - Warning: 'NoneType' object has no attribute 'getProperty'
2025-12-28 02:29:09,539 - WARNING - Warning: 'NoneType' object has no attribute 'getProperty'
2025-12-28 02:29:11,426 - WARNING - Warning: 'NoneType' object has no attribute 'getProperty'
2025-12-28 02:29:15,694 - WARNING - Warning: 'NoneType' object has no attribute 'getProperty'
2025-12-28 02:29:17,608 - WARNING - Warning: 'NoneType' object has no attribute 'getProperty'
2025-12-28 02:29:19,460 - WARNING - Warning: 'NoneType' object has no attribute 'getProperty'
2025-12-28 02:29:19,472 - INFO - End Page Analysis | Total Card: 32| Total Scrape: 32
2025-12-28 02:29:26,150 - WARNING - Warning: 'NoneType' object has no attribute 'getProperty'
2025-12-28 02:29:28,110 - WARNING - Warning: 'NoneType' object has no attribute 'getProperty'
2025-12-28 02:29:38,594 - WARNING - Warning: 'NoneType' object has no attribute 'getProperty'
2025-12-28 02:29:45,750 - WARNING - Warning: 'NoneType' object has no attribute 'getProperty'
2025-12-28 02:29:47,639 - WARNING - Warning: 'NoneType' object has no attribute 'getProperty'
2025-12-28 02:29:49,286 - WARNING - Warning: 'NoneType' object has no attribute 'getProperty'
2025-12-28 02:29:51,447 - WARNING - Warning: Unsupported relative time format
2025-12-28 02:29:53,228 - WARNING - Warning: 'NoneType' object has no attribute 'getProperty'
2025-12-28 02:29:56,621 - WARNING - Warning: 'NoneType' object has no attribute 'getProperty'
2025-12-28 02:29:58,358 - WARNING - Warning: 'NoneType' object has no attribute 'getProperty'
2025-12-28 02:30:09,773 - WARNING - Warning: 'NoneType' object has no attribute 'getProperty'
2025-12-28 02:30:13,657 - WARNING - Warning: 'NoneType' object has no attribute 'getProperty'
2025-12-28 02:30:17,524 - WARNING - Warning: 'NoneType' object has no attribute 'getProperty'
2025-12-28 02:30:19,448 - WARNING - Warning: 'NoneType' object has no attribute 'getProperty'
2025-12-28 02:30:24,055 - WARNING - Warning: 'NoneType' object has no attribute 'getProperty'
2025-12-28 02:30:24,067 - INFO - End Page Analysis | Total Card: 32| Total Scrape: 32
2025-12-28 02:30:26,334 - INFO - End Full Analysis | Total Card: 160| Total Scrape: 160
2025-12-28 02:30:36,338 - WARNING - Warning: 'NoneType' object has no attribute 'getProperty'
2025-12-28 02:30:41,374 - WARNING - Warning: 'NoneType' object has no attribute 'getProperty'
2025-12-28 02:30:42,877 - WARNING - Warning: 'NoneType' object has no attribute 'getProperty'
2025-12-28 02:30:45,682 - WARNING - Warning: 'NoneType' object has no attribute 'getProperty'
2025-12-28 02:30:49,674 - WARNING - Warning: 'NoneType' object has no attribute 'getProperty'
2025-12-28 02:30:50,953 - WARNING - Warning: 'NoneType' object has no attribute 'getProperty'
2025-12-28 02:31:02,262 - WARNING - Warning: 'NoneType' object has no attribute 'getProperty'
2025-12-28 02:31:07,554 - WARNING - Warning: 'NoneType' object has no attribute 'getProperty'
2025-12-28 02:31:08,869 - WARNING - Warning: 'NoneType' object has no attribute 'getProperty'
2025-12-28 02:31:11,653 - WARNING - Warning: 'NoneType' object has no attribute 'getProperty'
2025-12-28 02:31:13,321 - WARNING - Warning: 'NoneType' object has no attribute 'getProperty'
2025-12-28 02:31:15,026 - WARNING - Warning: 'NoneType' object has no attribute 'getProperty'
2025-12-28 02:31:18,013 - WARNING - Warning: 'NoneType' object has no attribute 'getProperty'
2025-12-28 02:31:19,509 - WARNING - Warning: 'NoneType' object has no attribute 'getProperty'
2025-12-28 02:31:19,523 - INFO - End Page Analysis | Total Card: 32| Total Scrape: 32
2025-12-28 02:31:23,674 - WARNING - Warning: 'NoneType' object has no attribute 'getProperty'
2025-12-28 02:31:25,288 - WARNING - Warning: 'NoneType' object has no attribute 'getProperty'
2025-12-28 02:31:28,369 - WARNING - Warning: 'NoneType' object has no attribute 'getProperty'
2025-12-28 02:31:33,352 - WARNING - Warning: 'NoneType' object has no attribute 'getProperty'
2025-12-28 02:31:43,287 - WARNING - Warning: 'NoneType' object has no attribute 'getProperty'
2025-12-28 02:31:46,671 - WARNING - Warning: 'NoneType' object has no attribute 'getProperty'
2025-12-28 02:32:04,259 - WARNING - Warning: 'NoneType' object has no attribute 'getProperty'
2025-12-28 02:32:10,475 - WARNING - Warning: 'NoneType' object has no attribute 'getProperty'
2025-12-28 02:32:12,118 - WARNING - Warning: 'NoneType' object has no attribute 'getProperty'
2025-12-28 02:32:13,558 - INFO - End Page Analysis | Total Card: 32| Total Scrape: 32
2025-12-28 02:32:17,512 - WARNING - Warning: 'NoneType' object has no attribute 'getProperty'
2025-12-28 02:32:19,265 - WARNING - Warning: 'NoneType' object has no attribute 'getProperty'
2025-12-28 02:32:28,067 - WARNING - Warning: 'NoneType' object has no attribute 'getProperty'
2025-12-28 02:32:29,807 - WARNING - Warning: 'NoneType' object has no attribute 'getProperty'
2025-12-28 02:32:33,146 - WARNING - Warning: 'NoneType' object has no attribute 'getProperty'
2025-12-28 02:32:36,486 - WARNING - Warning: 'NoneType' object has no attribute 'getProperty'
2025-12-28 02:32:39,902 - WARNING - Warning: 'NoneType' object has no attribute 'getProperty'
2025-12-28 02:32:43,479 - WARNING - Warning: 'NoneType' object has no attribute 'getProperty'
2025-12-28 02:32:46,476 - WARNING - Warning: 'NoneType' object has no attribute 'getProperty'
2025-12-28 02:32:54,456 - WARNING - Warning: 'NoneType' object has no attribute 'getProperty'
2025-12-28 02:33:01,007 - WARNING - Warning: 'NoneType' object has no attribute 'getProperty'
2025-12-28 02:33:04,325 - WARNING - Warning: 'NoneType' object has no attribute 'getProperty'
2025-12-28 02:33:05,919 - WARNING - Warning: 'NoneType' object has no attribute 'getProperty'
2025-12-28 02:33:09,315 - WARNING - Warning: 'NoneType' object has no attribute 'getProperty'
2025-12-28 02:33:09,380 - INFO - End Page Analysis | Total Card: 32| Total Scrape: 32
2025-12-28 02:33:21,961 - WARNING - Warning: 'NoneType' object has no attribute 'getProperty'
2025-12-28 02:33:25,539 - WARNING - Warning: 'NoneType' object has no attribute 'getProperty'
2025-12-28 02:33:27,305 - WARNING - Warning: 'NoneType' object has no attribute 'getProperty'
2025-12-28 02:33:33,109 - WARNING - Warning: 'NoneType' object has no attribute 'getProperty'
2025-12-28 02:33:38,692 - WARNING - Warning: 'NoneType' object has no attribute 'getProperty'
2025-12-28 02:33:42,275 - WARNING - Warning: 'NoneType' object has no attribute 'getProperty'
2025-12-28 02:33:47,702 - WARNING - Warning: 'NoneType' object has no attribute 'getProperty'
2025-12-28 02:33:49,363 - WARNING - Warning: 'NoneType' object has no attribute 'getProperty'
2025-12-28 02:33:51,119 - WARNING - Warning: 'NoneType' object has no attribute 'getProperty'
2025-12-28 02:33:53,060 - WARNING - Warning: 'NoneType' object has no attribute 'getProperty'
2025-12-28 02:34:08,615 - WARNING - Warning: 'NoneType' object has no attribute 'getProperty'
2025-12-28 02:34:10,270 - INFO - End Page Analysis | Total Card: 32| Total Scrape: 32
2025-12-28 02:34:14,717 - WARNING - Warning: 'NoneType' object has no attribute 'getProperty'
2025-12-28 02:34:16,932 - WARNING - Warning: 'NoneType' object has no attribute 'getProperty'
2025-12-28 02:34:25,283 - WARNING - Warning: 'NoneType' object has no attribute 'getProperty'
2025-12-28 02:34:27,190 - WARNING - Warning: 'NoneType' object has no attribute 'getProperty'
2025-12-28 02:34:29,228 - WARNING - Warning: 'NoneType' object has no attribute 'getProperty'
2025-12-28 02:34:31,109 - WARNING - Warning: 'NoneType' object has no attribute 'getProperty'
2025-12-28 02:34:33,213 - WARNING - Warning: 'NoneType' object has no attribute 'getProperty'
2025-12-28 02:34:37,365 - WARNING - Warning: 'NoneType' object has no attribute 'getProperty'
2025-12-28 02:34:39,300 - WARNING - Warning: 'NoneType' object has no attribute 'getProperty'
2025-12-28 02:34:43,604 - WARNING - Warning: 'NoneType' object has no attribute 'getProperty'
2025-12-28 02:34:45,774 - WARNING - Warning: 'NoneType' object has no attribute 'getProperty'
2025-12-28 02:34:47,574 - WARNING - Warning: 'NoneType' object has no attribute 'getProperty'
2025-12-28 02:34:47,579 - WARNING - Warning: Unsupported relative time format
2025-12-28 02:34:49,532 - WARNING - Warning: 'NoneType' object has no attribute 'getProperty'
2025-12-28 02:34:51,265 - WARNING - Warning: 'NoneType' object has no attribute 'getProperty'
2025-12-28 02:34:53,051 - WARNING - Warning: 'NoneType' object has no attribute 'getProperty'
2025-12-28 02:35:01,620 - WARNING - Warning: 'NoneType' object has no attribute 'getProperty'
2025-12-28 02:35:07,546 - WARNING - Warning: 'NoneType' object has no attribute 'getProperty'
2025-12-28 02:35:16,920 - INFO - End Page Analysis | Total Card: 32| Total Scrape: 32
2025-12-28 02:35:19,185 - INFO - End Full Analysis | Total Card: 160| Total Scrape: 160
2025-12-28 02:35:28,873 - WARNING - Warning: 'NoneType' object has no attribute 'getProperty'
2025-12-28 02:35:36,433 - WARNING - Warning: 'NoneType' object has no attribute 'getProperty'
2025-12-28 02:35:39,247 - WARNING - Warning: 'NoneType' object has no attribute 'getProperty'
2025-12-28 02:35:42,314 - WARNING - Warning: 'NoneType' object has no attribute 'getProperty'
2025-12-28 02:35:48,305 - WARNING - Warning: 'NoneType' object has no attribute 'getProperty'
2025-12-28 02:35:51,144 - WARNING - Warning: 'NoneType' object has no attribute 'getProperty'
2025-12-28 02:35:54,992 - WARNING - Warning: 'NoneType' object has no attribute 'getProperty'
2025-12-28 02:35:58,110 - WARNING - Warning: 'NoneType' object has no attribute 'getProperty'
2025-12-28 02:36:06,969 - WARNING - Warning: 'NoneType' object has no attribute 'getProperty'
2025-12-28 02:36:09,970 - WARNING - Warning: 'NoneType' object has no attribute 'getProperty'
2025-12-28 02:36:13,474 - WARNING - Warning: 'NoneType' object has no attribute 'getProperty'
2025-12-28 02:36:13,488 - INFO - End Page Analysis | Total Card: 32| Total Scrape: 32
2025-12-28 02:36:17,325 - WARNING - Warning: 'NoneType' object has no attribute 'getProperty'
2025-12-28 02:36:20,273 - WARNING - Warning: 'NoneType' object has no attribute 'getProperty'
2025-12-28 02:36:24,774 - WARNING - Warning: 'NoneType' object has no attribute 'getProperty'
2025-12-28 02:36:26,377 - WARNING - Warning: 'NoneType' object has no attribute 'getProperty'
2025-12-28 02:36:33,102 - WARNING - Warning: 'NoneType' object has no attribute 'getProperty'
2025-12-28 02:36:34,902 - WARNING - Warning: 'NoneType' object has no attribute 'getProperty'
2025-12-28 02:36:36,510 - WARNING - Warning: 'NoneType' object has no attribute 'getProperty'
2025-12-28 02:36:41,131 - WARNING - Warning: 'NoneType' object has no attribute 'getProperty'
2025-12-28 02:36:50,152 - WARNING - Warning: 'NoneType' object has no attribute 'getProperty'
2025-12-28 02:36:54,690 - WARNING - Warning: 'NoneType' object has no attribute 'getProperty'
2025-12-28 02:36:57,491 - WARNING - Warning: 'NoneType' object has no attribute 'getProperty'
2025-12-28 02:37:00,312 - WARNING - Warning: Unsupported relative time format
2025-12-28 02:37:04,704 - INFO - End Page Analysis | Total Card: 32| Total Scrape: 32
2025-12-28 02:37:09,954 - WARNING - Warning: 'NoneType' object has no attribute 'getProperty'
2025-12-28 02:37:14,771 - WARNING - Warning: 'NoneType' object has no attribute 'getProperty'
2025-12-28 02:37:25,436 - WARNING - Warning: 'NoneType' object has no attribute 'getProperty'
2025-12-28 02:37:30,453 - WARNING - Warning: 'NoneType' object has no attribute 'getProperty'
2025-12-28 02:37:39,269 - WARNING - Warning: 'NoneType' object has no attribute 'getProperty'
2025-12-28 02:37:40,976 - WARNING - Warning: 'NoneType' object has no attribute 'getProperty'
2025-12-28 02:37:46,061 - WARNING - Warning: 'NoneType' object has no attribute 'getProperty'
2025-12-28 02:37:51,130 - WARNING - Warning: 'NoneType' object has no attribute 'getProperty'
2025-12-28 02:38:00,722 - INFO - End Page Analysis | Total Card: 32| Total Scrape: 32
2025-12-28 02:38:08,230 - WARNING - Warning: 'NoneType' object has no attribute 'getProperty'
2025-12-28 02:38:13,183 - WARNING - Warning: 'NoneType' object has no attribute 'getProperty'
2025-12-28 02:38:16,436 - WARNING - Warning: 'NoneType' object has no attribute 'getProperty'
2025-12-28 02:38:18,136 - WARNING - Warning: 'NoneType' object has no attribute 'getProperty'
2025-12-28 02:38:19,940 - WARNING - Warning: 'NoneType' object has no attribute 'getProperty'
2025-12-28 02:38:21,681 - WARNING - Warning: 'NoneType' object has no attribute 'getProperty'
2025-12-28 02:38:25,273 - WARNING - Warning: 'NoneType' object has no attribute 'getProperty'
2025-12-28 02:38:28,882 - WARNING - Warning: 'NoneType' object has no attribute 'getProperty'
2025-12-28 02:38:30,647 - WARNING - Warning: 'NoneType' object has no attribute 'getProperty'
2025-12-28 02:38:38,682 - WARNING - Warning: 'NoneType' object has no attribute 'getProperty'
2025-12-28 02:38:42,355 - WARNING - Warning: 'NoneType' object has no attribute 'getProperty'
2025-12-28 02:38:44,248 - WARNING - Warning: 'NoneType' object has no attribute 'getProperty'
2025-12-28 02:38:46,099 - WARNING - Warning: 'NoneType' object has no attribute 'getProperty'
2025-12-28 02:38:49,849 - WARNING - Warning: 'NoneType' object has no attribute 'getProperty'
2025-12-28 02:38:53,589 - WARNING - Warning: 'NoneType' object has no attribute 'getProperty'
2025-12-28 02:38:55,383 - WARNING - Warning: 'NoneType' object has no attribute 'getProperty'
2025-12-28 02:38:57,152 - WARNING - Warning: 'NoneType' object has no attribute 'getProperty'
2025-12-28 02:39:00,722 - INFO - End Page Analysis | Total Card: 32| Total Scrape: 32
2025-12-28 02:39:05,176 - WARNING - Warning: 'NoneType' object has no attribute 'getProperty'
2025-12-28 02:39:14,452 - WARNING - Warning: 'NoneType' object has no attribute 'getProperty'
2025-12-28 02:39:16,133 - WARNING - Warning: 'NoneType' object has no attribute 'getProperty'
2025-12-28 02:39:21,514 - WARNING - Warning: 'NoneType' object has no attribute 'getProperty'
2025-12-28 02:39:23,362 - WARNING - Warning: 'NoneType' object has no attribute 'getProperty'
2025-12-28 02:39:25,187 - WARNING - Warning: 'NoneType' object has no attribute 'getProperty'
2025-12-28 02:39:27,098 - WARNING - Warning: 'NoneType' object has no attribute 'getProperty'
2025-12-28 02:39:31,168 - WARNING - Warning: 'NoneType' object has no attribute 'getProperty'
2025-12-28 02:39:35,991 - WARNING - Warning: 'NoneType' object has no attribute 'getProperty'
2025-12-28 02:39:35,996 - WARNING - Warning: Unsupported relative time format
2025-12-28 02:39:37,954 - WARNING - Warning: 'NoneType' object has no attribute 'getProperty'
2025-12-28 02:39:39,996 - WARNING - Warning: 'NoneType' object has no attribute 'getProperty'
2025-12-28 02:39:44,132 - WARNING - Warning: 'NoneType' object has no attribute 'getProperty'
2025-12-28 02:39:46,446 - WARNING - Warning: 'NoneType' object has no attribute 'getProperty'
2025-12-28 02:39:48,471 - WARNING - Warning: 'NoneType' object has no attribute 'getProperty'
2025-12-28 02:39:50,284 - WARNING - Warning: 'NoneType' object has no attribute 'getProperty'
2025-12-28 02:39:52,119 - WARNING - Warning: 'NoneType' object has no attribute 'getProperty'
2025-12-28 02:39:53,813 - WARNING - Warning: 'NoneType' object has no attribute 'getProperty'
2025-12-28 02:39:53,818 - WARNING - Warning: Unsupported relative time format
2025-12-28 02:39:55,630 - WARNING - Warning: 'NoneType' object has no attribute 'getProperty'
2025-12-28 02:39:57,465 - WARNING - Warning: 'NoneType' object has no attribute 'getProperty'
2025-12-28 02:39:57,470 - WARNING - Warning: Unsupported relative time format
2025-12-28 02:40:01,166 - WARNING - Warning: 'NoneType' object has no attribute 'getProperty'
2025-12-28 02:40:03,091 - WARNING - Warning: 'NoneType' object has no attribute 'getProperty'
2025-12-28 02:40:04,954 - INFO - End Page Analysis | Total Card: 32| Total Scrape: 32
2025-12-28 02:40:07,184 - INFO - End Full Analysis | Total Card: 160| Total Scrape: 160
2025-12-28 02:40:19,858 - WARNING - Warning: 'NoneType' object has no attribute 'getProperty'
2025-12-28 02:40:26,973 - WARNING - Warning: 'NoneType' object has no attribute 'getProperty'
2025-12-28 02:40:28,427 - WARNING - Warning: 'NoneType' object has no attribute 'getProperty'
2025-12-28 02:40:34,323 - WARNING - Warning: 'NoneType' object has no attribute 'getProperty'
2025-12-28 02:40:41,548 - WARNING - Warning: 'NoneType' object has no attribute 'getProperty'
2025-12-28 02:40:43,133 - WARNING - Warning: 'NoneType' object has no attribute 'getProperty'
2025-12-28 02:40:44,525 - WARNING - Warning: 'NoneType' object has no attribute 'getProperty'
2025-12-28 02:40:49,033 - WARNING - Warning: 'NoneType' object has no attribute 'getProperty'
2025-12-28 02:40:53,881 - WARNING - Warning: 'NoneType' object has no attribute 'getProperty'
2025-12-28 02:40:55,112 - WARNING - Warning: 'NoneType' object has no attribute 'getProperty'
2025-12-28 02:40:56,548 - WARNING - Warning: 'NoneType' object has no attribute 'getProperty'
2025-12-28 02:40:58,104 - WARNING - Warning: 'NoneType' object has no attribute 'getProperty'
2025-12-28 02:40:59,746 - INFO - End Page Analysis | Total Card: 32| Total Scrape: 32
2025-12-28 02:41:12,306 - WARNING - Warning: 'NoneType' object has no attribute 'getProperty'
2025-12-28 02:41:16,517 - WARNING - Warning: 'NoneType' object has no attribute 'getProperty'
2025-12-28 02:41:17,945 - WARNING - Warning: 'NoneType' object has no attribute 'getProperty'
2025-12-28 02:41:19,397 - WARNING - Warning: 'NoneType' object has no attribute 'getProperty'
2025-12-28 02:41:21,174 - WARNING - Warning: 'NoneType' object has no attribute 'getProperty'
2025-12-28 02:41:24,557 - WARNING - Warning: 'NoneType' object has no attribute 'getProperty'
2025-12-28 02:41:29,302 - WARNING - Warning: 'NoneType' object has no attribute 'getProperty'
2025-12-28 02:41:36,262 - WARNING - Warning: 'NoneType' object has no attribute 'getProperty'
2025-12-28 02:41:48,577 - WARNING - Warning: 'NoneType' object has no attribute 'getProperty'
2025-12-28 02:41:54,066 - WARNING - Warning: 'NoneType' object has no attribute 'getProperty'
2025-12-28 02:41:55,531 - INFO - End Page Analysis | Total Card: 32| Total Scrape: 32
2025-12-28 02:41:59,432 - WARNING - Warning: 'NoneType' object has no attribute 'getProperty'
2025-12-28 02:42:08,503 - WARNING - Warning: 'NoneType' object has no attribute 'getProperty'
2025-12-28 02:42:23,623 - WARNING - Warning: 'NoneType' object has no attribute 'getProperty'
2025-12-28 02:42:25,475 - WARNING - Warning: 'NoneType' object has no attribute 'getProperty'
2025-12-28 02:42:27,306 - WARNING - Warning: 'NoneType' object has no attribute 'getProperty'
2025-12-28 02:42:30,913 - WARNING - Warning: 'NoneType' object has no attribute 'getProperty'
2025-12-28 02:42:32,612 - WARNING - Warning: 'NoneType' object has no attribute 'getProperty'
2025-12-28 02:42:36,210 - WARNING - Warning: 'NoneType' object has no attribute 'getProperty'
2025-12-28 02:42:40,030 - WARNING - Warning: 'NoneType' object has no attribute 'getProperty'
2025-12-28 02:42:41,839 - WARNING - Warning: 'NoneType' object has no attribute 'getProperty'
2025-12-28 02:42:46,857 - WARNING - Warning: 'NoneType' object has no attribute 'getProperty'
2025-12-28 02:42:53,838 - WARNING - Warning: 'NoneType' object has no attribute 'getProperty'
2025-12-28 02:42:55,426 - INFO - End Page Analysis | Total Card: 32| Total Scrape: 32
2025-12-28 02:42:59,602 - WARNING - Warning: 'NoneType' object has no attribute 'getProperty'
2025-12-28 02:43:03,995 - WARNING - Warning: 'NoneType' object has no attribute 'getProperty'
2025-12-28 02:43:08,956 - WARNING - Warning: 'NoneType' object has no attribute 'getProperty'
2025-12-28 02:43:25,682 - WARNING - Warning: 'NoneType' object has no attribute 'getProperty'
2025-12-28 02:43:33,131 - WARNING - Warning: Unsupported relative time format
2025-12-28 02:43:43,193 - WARNING - Warning: 'NoneType' object has no attribute 'getProperty'
2025-12-28 02:43:47,751 - WARNING - Warning: 'NoneType' object has no attribute 'getProperty'
2025-12-28 02:43:49,661 - WARNING - Warning: 'NoneType' object has no attribute 'getProperty'
2025-12-28 02:43:54,991 - WARNING - Warning: 'NoneType' object has no attribute 'getProperty'
2025-12-28 02:43:58,680 - INFO - End Page Analysis | Total Card: 32| Total Scrape: 32
2025-12-28 02:44:03,005 - WARNING - Warning: 'NoneType' object has no attribute 'getProperty'
2025-12-28 02:44:09,843 - WARNING - Warning: 'NoneType' object has no attribute 'getProperty'
2025-12-28 02:44:11,603 - WARNING - Warning: 'NoneType' object has no attribute 'getProperty'
2025-12-28 02:44:13,338 - WARNING - Warning: 'NoneType' object has no attribute 'getProperty'
2025-12-28 02:44:20,557 - WARNING - Warning: 'NoneType' object has no attribute 'getProperty'
2025-12-28 02:44:28,324 - WARNING - Warning: 'NoneType' object has no attribute 'getProperty'
2025-12-28 02:44:30,170 - WARNING - Warning: 'NoneType' object has no attribute 'getProperty'
2025-12-28 02:44:35,242 - WARNING - Warning: 'NoneType' object has no attribute 'getProperty'
2025-12-28 02:44:39,333 - WARNING - Warning: 'NoneType' object has no attribute 'getProperty'
2025-12-28 02:44:43,347 - WARNING - Warning: 'NoneType' object has no attribute 'getProperty'
2025-12-28 02:44:45,425 - WARNING - Warning: 'NoneType' object has no attribute 'getProperty'
2025-12-28 02:44:47,324 - WARNING - Warning: 'NoneType' object has no attribute 'getProperty'
2025-12-28 02:44:51,267 - WARNING - Warning: 'NoneType' object has no attribute 'getProperty'
2025-12-28 02:44:53,262 - WARNING - Warning: 'NoneType' object has no attribute 'getProperty'
2025-12-28 02:44:56,935 - WARNING - Warning: 'NoneType' object has no attribute 'getProperty'
2025-12-28 02:44:58,759 - WARNING - Warning: 'NoneType' object has no attribute 'getProperty'
2025-12-28 02:45:00,679 - WARNING - Warning: 'NoneType' object has no attribute 'getProperty'
2025-12-28 02:45:03,837 - WARNING - Warning: 'NoneType' object has no attribute 'getProperty'
2025-12-28 02:45:06,065 - WARNING - Warning: 'NoneType' object has no attribute 'getProperty'
2025-12-28 02:45:06,077 - INFO - End Page Analysis | Total Card: 32| Total Scrape: 32
2025-12-28 02:45:08,306 - INFO - End Full Analysis | Total Card: 160| Total Scrape: 160
2025-12-28 02:45:33,609 - WARNING - Warning: 'NoneType' object has no attribute 'getProperty'
2025-12-28 02:45:36,629 - WARNING - Warning: 'NoneType' object has no attribute 'getProperty'
2025-12-28 02:45:38,147 - WARNING - Warning: 'NoneType' object has no attribute 'getProperty'
2025-12-28 02:45:41,155 - WARNING - Warning: 'NoneType' object has no attribute 'getProperty'
2025-12-28 02:45:44,668 - WARNING - Warning: 'NoneType' object has no attribute 'getProperty'
2025-12-28 02:45:58,046 - WARNING - Warning: 'NoneType' object has no attribute 'getProperty'
2025-12-28 02:46:01,184 - WARNING - Warning: 'NoneType' object has no attribute 'getProperty'
2025-12-28 02:46:04,373 - INFO - End Page Analysis | Total Card: 32| Total Scrape: 32
2025-12-28 02:46:21,104 - WARNING - Warning: 'NoneType' object has no attribute 'getProperty'
2025-12-28 02:46:23,494 - WARNING - Warning: 'NoneType' object has no attribute 'getProperty'
2025-12-28 02:46:24,799 - WARNING - Warning: 'NoneType' object has no attribute 'getProperty'
2025-12-28 02:46:27,374 - WARNING - Warning: 'NoneType' object has no attribute 'getProperty'
2025-12-28 02:46:30,506 - WARNING - Warning: 'NoneType' object has no attribute 'getProperty'
2025-12-28 02:46:42,499 - WARNING - Warning: 'NoneType' object has no attribute 'getProperty'
2025-12-28 02:46:45,149 - WARNING - Warning: 'NoneType' object has no attribute 'getProperty'
2025-12-28 02:46:47,904 - INFO - End Page Analysis | Total Card: 32| Total Scrape: 32
2025-12-28 02:46:52,075 - WARNING - Warning: 'NoneType' object has no attribute 'getProperty'
2025-12-28 02:46:53,556 - WARNING - Warning: Unsupported relative time format
2025-12-28 02:46:55,180 - WARNING - Warning: 'NoneType' object has no attribute 'getProperty'
2025-12-28 02:46:59,803 - WARNING - Warning: 'NoneType' object has no attribute 'getProperty'
2025-12-28 02:47:04,371 - WARNING - Warning: 'NoneType' object has no attribute 'getProperty'
2025-12-28 02:47:11,478 - WARNING - Warning: 'NoneType' object has no attribute 'getProperty'
2025-12-28 02:47:22,892 - WARNING - Warning: 'NoneType' object has no attribute 'getProperty'
2025-12-28 02:47:26,497 - WARNING - Warning: 'NoneType' object has no attribute 'getProperty'
2025-12-28 02:47:28,328 - WARNING - Warning: 'NoneType' object has no attribute 'getProperty'
2025-12-28 02:47:33,657 - WARNING - Warning: 'NoneType' object has no attribute 'getProperty'
2025-12-28 02:47:44,496 - WARNING - Warning: 'NoneType' object has no attribute 'getProperty'
2025-12-28 02:47:46,394 - INFO - End Page Analysis | Total Card: 32| Total Scrape: 32
2025-12-28 02:47:53,197 - WARNING - Warning: 'NoneType' object has no attribute 'getProperty'
2025-12-28 02:48:05,666 - WARNING - Warning: 'NoneType' object has no attribute 'getProperty'
2025-12-28 02:48:07,362 - WARNING - Warning: 'NoneType' object has no attribute 'getProperty'
2025-12-28 02:48:09,196 - WARNING - Warning: 'NoneType' object has no attribute 'getProperty'
2025-12-28 02:48:14,441 - WARNING - Warning: 'NoneType' object has no attribute 'getProperty'
2025-12-28 02:48:19,635 - WARNING - Warning: 'NoneType' object has no attribute 'getProperty'
2025-12-28 02:48:23,779 - WARNING - Warning: 'NoneType' object has no attribute 'getProperty'
2025-12-28 02:48:25,659 - WARNING - Warning: 'NoneType' object has no attribute 'getProperty'
2025-12-28 02:48:37,310 - WARNING - Warning: 'NoneType' object has no attribute 'getProperty'
2025-12-28 02:48:47,101 - WARNING - Warning: 'NoneType' object has no attribute 'getProperty'
2025-12-28 02:48:51,192 - WARNING - Warning: 'NoneType' object has no attribute 'getProperty'
2025-12-28 02:48:51,205 - INFO - End Page Analysis | Total Card: 32| Total Scrape: 32
2025-12-28 02:48:58,864 - WARNING - Warning: 'NoneType' object has no attribute 'getProperty'
2025-12-28 02:49:00,727 - WARNING - Warning: 'NoneType' object has no attribute 'getProperty'
2025-12-28 02:49:02,583 - WARNING - Warning: 'NoneType' object has no attribute 'getProperty'
2025-12-28 02:49:09,864 - WARNING - Warning: 'NoneType' object has no attribute 'getProperty'
2025-12-28 02:49:11,702 - WARNING - Warning: 'NoneType' object has no attribute 'getProperty'
2025-12-28 02:49:13,468 - WARNING - Warning: 'NoneType' object has no attribute 'getProperty'
2025-12-28 02:49:17,347 - WARNING - Warning: 'NoneType' object has no attribute 'getProperty'
2025-12-28 02:49:22,318 - WARNING - Warning: 'NoneType' object has no attribute 'getProperty'
2025-12-28 02:49:22,323 - WARNING - Warning: Unsupported relative time format
2025-12-28 02:49:24,544 - WARNING - Warning: 'NoneType' object has no attribute 'getProperty'
2025-12-28 02:49:32,577 - WARNING - Warning: 'NoneType' object has no attribute 'getProperty'
2025-12-28 02:49:34,575 - WARNING - Warning: 'NoneType' object has no attribute 'getProperty'
2025-12-28 02:49:38,636 - WARNING - Warning: Unsupported relative time format
2025-12-28 02:49:45,230 - WARNING - Warning: 'NoneType' object has no attribute 'getProperty'
2025-12-28 02:49:45,277 - WARNING - Warning: Unsupported relative time format
2025-12-28 02:49:54,713 - WARNING - Warning: 'NoneType' object has no attribute 'getProperty'
2025-12-28 02:49:56,591 - WARNING - Warning: 'NoneType' object has no attribute 'getProperty'
2025-12-28 02:50:00,478 - INFO - End Page Analysis | Total Card: 32| Total Scrape: 32
2025-12-28 02:50:02,734 - INFO - End Full Analysis | Total Card: 160| Total Scrape: 160
2025-12-28 02:50:02,734 - INFO - terminate chrome process...
2025-12-28 02:50:04,130 - INFO - CSV written successfully
2025-12-28 02:50:04,130 - INFO - Wrote CSV with 800 rows to /home/runner/work/Skillsgauge/Skillsgauge/bronze_datasets/JS/js_2025_12_28.csv
2025-12-28 02:50:04,132 - INFO - Scrapper Ended successfully
