2026-05-17 04:02:12,157 - INFO - Scraper started
2026-05-17 04:02:33,200 - INFO - Browser listening on: ws://127.0.0.1:42485/devtools/browser/ca777be4-4d63-4014-83fc-88e134ad9ad8
2026-05-17 04:02:44,719 - WARNING - Warning: 'NoneType' object has no attribute 'getProperty'
2026-05-17 04:02:50,412 - WARNING - Warning: 'NoneType' object has no attribute 'getProperty'
2026-05-17 04:02:52,952 - WARNING - Warning: 'NoneType' object has no attribute 'getProperty'
2026-05-17 04:02:54,017 - WARNING - Warning: 'NoneType' object has no attribute 'getProperty'
2026-05-17 04:02:56,357 - WARNING - Warning: 'NoneType' object has no attribute 'getProperty'
2026-05-17 04:02:57,739 - WARNING - Warning: 'NoneType' object has no attribute 'getProperty'
2026-05-17 04:02:58,882 - WARNING - Warning: 'NoneType' object has no attribute 'getProperty'
2026-05-17 04:03:04,710 - WARNING - Warning: 'NoneType' object has no attribute 'getProperty'
2026-05-17 04:03:05,808 - WARNING - Warning: 'NoneType' object has no attribute 'getProperty'
2026-05-17 04:03:07,004 - WARNING - Warning: 'NoneType' object has no attribute 'getProperty'
2026-05-17 04:03:09,473 - WARNING - Warning: 'NoneType' object has no attribute 'getProperty'
2026-05-17 04:03:10,886 - WARNING - Warning: 'NoneType' object has no attribute 'getProperty'
2026-05-17 04:03:11,960 - WARNING - Warning: 'NoneType' object has no attribute 'getProperty'
2026-05-17 04:03:15,732 - WARNING - Warning: 'NoneType' object has no attribute 'getProperty'
2026-05-17 04:03:17,103 - WARNING - Warning: 'NoneType' object has no attribute 'getProperty'
2026-05-17 04:03:24,307 - WARNING - Warning: 'NoneType' object has no attribute 'getProperty'
2026-05-17 04:03:24,317 - INFO - End Page Analysis | Total Card: 32| Total Scrape: 32
2026-05-17 04:03:30,467 - WARNING - Warning: 'NoneType' object has no attribute 'getProperty'
2026-05-17 04:03:31,846 - WARNING - Warning: 'NoneType' object has no attribute 'getProperty'
2026-05-17 04:03:32,914 - WARNING - Warning: 'NoneType' object has no attribute 'getProperty'
2026-05-17 04:03:37,725 - WARNING - Warning: 'NoneType' object has no attribute 'getProperty'
2026-05-17 04:03:39,000 - WARNING - Warning: 'NoneType' object has no attribute 'getProperty'
2026-05-17 04:03:40,169 - WARNING - Warning: 'NoneType' object has no attribute 'getProperty'
2026-05-17 04:03:41,798 - WARNING - Warning: 'NoneType' object has no attribute 'getProperty'
2026-05-17 04:03:43,302 - WARNING - Warning: 'NoneType' object has no attribute 'getProperty'
2026-05-17 04:03:46,012 - WARNING - Warning: 'NoneType' object has no attribute 'getProperty'
2026-05-17 04:03:50,342 - WARNING - Warning: 'NoneType' object has no attribute 'getProperty'
2026-05-17 04:03:54,254 - WARNING - Warning: 'NoneType' object has no attribute 'getProperty'
2026-05-17 04:03:55,526 - WARNING - Warning: 'NoneType' object has no attribute 'getProperty'
2026-05-17 04:03:56,899 - WARNING - Warning: 'NoneType' object has no attribute 'getProperty'
2026-05-17 04:03:59,450 - WARNING - Warning: 'NoneType' object has no attribute 'getProperty'
2026-05-17 04:04:00,783 - WARNING - Warning: 'NoneType' object has no attribute 'getProperty'
2026-05-17 04:04:03,839 - WARNING - Warning: 'NoneType' object has no attribute 'getProperty'
2026-05-17 04:04:06,924 - WARNING - Warning: 'NoneType' object has no attribute 'getProperty'
2026-05-17 04:04:09,522 - INFO - End Page Analysis | Total Card: 32| Total Scrape: 32
2026-05-17 04:04:15,176 - WARNING - Warning: 'NoneType' object has no attribute 'getProperty'
2026-05-17 04:04:16,341 - WARNING - Warning: 'NoneType' object has no attribute 'getProperty'
2026-05-17 04:04:17,482 - WARNING - Warning: 'NoneType' object has no attribute 'getProperty'
2026-05-17 04:04:21,875 - WARNING - Warning: 'NoneType' object has no attribute 'getProperty'
2026-05-17 04:04:23,039 - WARNING - Warning: 'NoneType' object has no attribute 'getProperty'
2026-05-17 04:04:24,250 - WARNING - Warning: 'NoneType' object has no attribute 'getProperty'
2026-05-17 04:04:25,467 - WARNING - Warning: 'NoneType' object has no attribute 'getProperty'
2026-05-17 04:04:26,782 - WARNING - Warning: 'NoneType' object has no attribute 'getProperty'
2026-05-17 04:04:29,626 - WARNING - Warning: 'NoneType' object has no attribute 'getProperty'
2026-05-17 04:04:33,327 - WARNING - Warning: 'NoneType' object has no attribute 'getProperty'
2026-05-17 04:04:36,990 - WARNING - Warning: 'NoneType' object has no attribute 'getProperty'
2026-05-17 04:04:38,263 - WARNING - Warning: 'NoneType' object has no attribute 'getProperty'
2026-05-17 04:04:39,627 - WARNING - Warning: 'NoneType' object has no attribute 'getProperty'
2026-05-17 04:04:42,144 - WARNING - Warning: 'NoneType' object has no attribute 'getProperty'
2026-05-17 04:04:43,341 - WARNING - Warning: 'NoneType' object has no attribute 'getProperty'
2026-05-17 04:04:46,160 - WARNING - Warning: 'NoneType' object has no attribute 'getProperty'
2026-05-17 04:04:48,883 - WARNING - Warning: 'NoneType' object has no attribute 'getProperty'
2026-05-17 04:04:51,418 - INFO - End Page Analysis | Total Card: 32| Total Scrape: 32
2026-05-17 04:04:56,511 - WARNING - Warning: 'NoneType' object has no attribute 'getProperty'
2026-05-17 04:04:58,108 - WARNING - Warning: 'NoneType' object has no attribute 'getProperty'
2026-05-17 04:05:01,087 - WARNING - Warning: 'NoneType' object has no attribute 'getProperty'
2026-05-17 04:05:02,918 - WARNING - Warning: 'NoneType' object has no attribute 'getProperty'
2026-05-17 04:05:04,504 - WARNING - Warning: 'NoneType' object has no attribute 'getProperty'
2026-05-17 04:05:18,125 - WARNING - Warning: 'NoneType' object has no attribute 'getProperty'
2026-05-17 04:05:21,417 - WARNING - Warning: 'NoneType' object has no attribute 'getProperty'
2026-05-17 04:05:24,840 - WARNING - Warning: 'NoneType' object has no attribute 'getProperty'
2026-05-17 04:05:26,596 - WARNING - Warning: 'NoneType' object has no attribute 'getProperty'
2026-05-17 04:05:28,161 - WARNING - Warning: 'NoneType' object has no attribute 'getProperty'
2026-05-17 04:05:33,113 - WARNING - Warning: 'NoneType' object has no attribute 'getProperty'
2026-05-17 04:05:38,319 - WARNING - Warning: 'NoneType' object has no attribute 'getProperty'
2026-05-17 04:05:40,116 - WARNING - Warning: 'NoneType' object has no attribute 'getProperty'
2026-05-17 04:05:41,584 - WARNING - Warning: 'NoneType' object has no attribute 'getProperty'
2026-05-17 04:05:43,146 - WARNING - Warning: 'NoneType' object has no attribute 'getProperty'
2026-05-17 04:05:44,906 - WARNING - Warning: 'NoneType' object has no attribute 'getProperty'
2026-05-17 04:05:46,557 - INFO - End Page Analysis | Total Card: 32| Total Scrape: 32
2026-05-17 04:05:50,645 - WARNING - Warning: 'NoneType' object has no attribute 'getProperty'
2026-05-17 04:05:53,850 - WARNING - Warning: 'NoneType' object has no attribute 'getProperty'
2026-05-17 04:05:55,513 - WARNING - Warning: 'NoneType' object has no attribute 'getProperty'
2026-05-17 04:05:57,104 - WARNING - Warning: 'NoneType' object has no attribute 'getProperty'
2026-05-17 04:05:58,777 - WARNING - Warning: 'NoneType' object has no attribute 'getProperty'
2026-05-17 04:06:00,429 - WARNING - Warning: 'NoneType' object has no attribute 'getProperty'
2026-05-17 04:06:01,954 - WARNING - Warning: 'NoneType' object has no attribute 'getProperty'
2026-05-17 04:06:05,358 - WARNING - Warning: 'NoneType' object has no attribute 'getProperty'
2026-05-17 04:06:11,953 - WARNING - Warning: 'NoneType' object has no attribute 'getProperty'
2026-05-17 04:06:16,659 - WARNING - Warning: 'NoneType' object has no attribute 'getProperty'
2026-05-17 04:06:18,710 - WARNING - Warning: 'NoneType' object has no attribute 'getProperty'
2026-05-17 04:06:20,615 - WARNING - Warning: 'NoneType' object has no attribute 'getProperty'
2026-05-17 04:06:24,596 - WARNING - Warning: 'NoneType' object has no attribute 'getProperty'
2026-05-17 04:06:26,286 - WARNING - Warning: 'NoneType' object has no attribute 'getProperty'
2026-05-17 04:06:29,558 - WARNING - Warning: 'NoneType' object has no attribute 'getProperty'
2026-05-17 04:06:31,226 - WARNING - Warning: 'NoneType' object has no attribute 'getProperty'
2026-05-17 04:06:44,678 - WARNING - Warning: 'NoneType' object has no attribute 'getProperty'
2026-05-17 04:06:46,341 - WARNING - Warning: 'NoneType' object has no attribute 'getProperty'
2026-05-17 04:06:46,353 - INFO - End Page Analysis | Total Card: 32| Total Scrape: 32
2026-05-17 04:06:48,515 - INFO - End Full Analysis | Total Card: 160| Total Scrape: 160
2026-05-17 04:06:58,921 - WARNING - Warning: 'NoneType' object has no attribute 'getProperty'
2026-05-17 04:07:00,430 - WARNING - Warning: 'NoneType' object has no attribute 'getProperty'
2026-05-17 04:07:05,622 - WARNING - Warning: 'NoneType' object has no attribute 'getProperty'
2026-05-17 04:07:08,381 - WARNING - Warning: 'NoneType' object has no attribute 'getProperty'
2026-05-17 04:07:09,928 - WARNING - Warning: 'NoneType' object has no attribute 'getProperty'
2026-05-17 04:07:14,074 - WARNING - Warning: 'NoneType' object has no attribute 'getProperty'
2026-05-17 04:07:15,514 - WARNING - Warning: 'NoneType' object has no attribute 'getProperty'
2026-05-17 04:07:16,872 - WARNING - Warning: 'NoneType' object has no attribute 'getProperty'
2026-05-17 04:07:18,131 - WARNING - Warning: 'NoneType' object has no attribute 'getProperty'
2026-05-17 04:07:22,110 - WARNING - Warning: 'NoneType' object has no attribute 'getProperty'
2026-05-17 04:07:24,439 - WARNING - Warning: Unsupported relative time format
2026-05-17 04:07:25,712 - WARNING - Warning: 'NoneType' object has no attribute 'getProperty'
2026-05-17 04:07:27,173 - WARNING - Warning: 'NoneType' object has no attribute 'getProperty'
2026-05-17 04:07:29,717 - WARNING - Warning: 'NoneType' object has no attribute 'getProperty'
2026-05-17 04:07:30,954 - WARNING - Warning: 'NoneType' object has no attribute 'getProperty'
2026-05-17 04:07:37,751 - WARNING - Warning: 'NoneType' object has no attribute 'getProperty'
2026-05-17 04:07:37,785 - INFO - End Page Analysis | Total Card: 32| Total Scrape: 32
2026-05-17 04:07:41,578 - WARNING - Warning: 'NoneType' object has no attribute 'getProperty'
2026-05-17 04:07:49,425 - WARNING - Warning: 'NoneType' object has no attribute 'getProperty'
2026-05-17 04:07:52,185 - WARNING - Warning: 'NoneType' object has no attribute 'getProperty'
2026-05-17 04:07:55,956 - WARNING - Warning: 'NoneType' object has no attribute 'getProperty'
2026-05-17 04:07:57,200 - WARNING - Warning: 'NoneType' object has no attribute 'getProperty'
2026-05-17 04:08:02,947 - WARNING - Warning: 'NoneType' object has no attribute 'getProperty'
2026-05-17 04:08:06,883 - WARNING - Warning: 'NoneType' object has no attribute 'getProperty'
2026-05-17 04:08:20,295 - WARNING - Warning: 'NoneType' object has no attribute 'getProperty'
2026-05-17 04:08:24,384 - WARNING - Warning: 'NoneType' object has no attribute 'getProperty'
2026-05-17 04:08:24,393 - INFO - End Page Analysis | Total Card: 32| Total Scrape: 32
2026-05-17 04:08:29,502 - WARNING - Warning: 'NoneType' object has no attribute 'getProperty'
2026-05-17 04:08:30,649 - WARNING - Warning: 'NoneType' object has no attribute 'getProperty'
2026-05-17 04:08:33,187 - WARNING - Warning: 'NoneType' object has no attribute 'getProperty'
2026-05-17 04:08:37,358 - WARNING - Warning: 'NoneType' object has no attribute 'getProperty'
2026-05-17 04:08:38,679 - WARNING - Warning: 'NoneType' object has no attribute 'getProperty'
2026-05-17 04:08:44,991 - WARNING - Warning: 'NoneType' object has no attribute 'getProperty'
2026-05-17 04:08:49,338 - WARNING - Warning: 'NoneType' object has no attribute 'getProperty'
2026-05-17 04:08:52,462 - WARNING - Warning: 'NoneType' object has no attribute 'getProperty'
2026-05-17 04:08:53,983 - WARNING - Warning: 'NoneType' object has no attribute 'getProperty'
2026-05-17 04:08:55,538 - WARNING - Warning: 'NoneType' object has no attribute 'getProperty'
2026-05-17 04:08:58,611 - WARNING - Warning: 'NoneType' object has no attribute 'getProperty'
2026-05-17 04:08:59,920 - WARNING - Warning: 'NoneType' object has no attribute 'getProperty'
2026-05-17 04:09:01,869 - WARNING - Warning: 'NoneType' object has no attribute 'getProperty'
2026-05-17 04:09:03,679 - WARNING - Warning: 'NoneType' object has no attribute 'getProperty'
2026-05-17 04:09:13,622 - WARNING - Warning: 'NoneType' object has no attribute 'getProperty'
2026-05-17 04:09:13,631 - INFO - End Page Analysis | Total Card: 32| Total Scrape: 32
2026-05-17 04:09:17,464 - WARNING - Warning: 'NoneType' object has no attribute 'getProperty'
2026-05-17 04:09:18,861 - WARNING - Warning: 'NoneType' object has no attribute 'getProperty'
2026-05-17 04:09:21,780 - WARNING - Warning: 'NoneType' object has no attribute 'getProperty'
2026-05-17 04:09:25,998 - WARNING - Warning: 'NoneType' object has no attribute 'getProperty'
2026-05-17 04:09:30,365 - WARNING - Warning: 'NoneType' object has no attribute 'getProperty'
2026-05-17 04:09:37,464 - WARNING - Warning: 'NoneType' object has no attribute 'getProperty'
2026-05-17 04:09:45,023 - WARNING - Warning: 'NoneType' object has no attribute 'getProperty'
2026-05-17 04:09:48,145 - WARNING - Warning: 'NoneType' object has no attribute 'getProperty'
2026-05-17 04:09:49,657 - WARNING - Warning: 'NoneType' object has no attribute 'getProperty'
2026-05-17 04:09:52,901 - WARNING - Warning: 'NoneType' object has no attribute 'getProperty'
2026-05-17 04:09:54,374 - WARNING - Warning: 'NoneType' object has no attribute 'getProperty'
2026-05-17 04:09:55,804 - WARNING - Warning: 'NoneType' object has no attribute 'getProperty'
2026-05-17 04:09:58,923 - WARNING - Warning: 'NoneType' object has no attribute 'getProperty'
2026-05-17 04:10:04,151 - WARNING - Warning: 'NoneType' object has no attribute 'getProperty'
2026-05-17 04:10:04,161 - INFO - End Page Analysis | Total Card: 32| Total Scrape: 32
2026-05-17 04:10:08,106 - WARNING - Warning: 'NoneType' object has no attribute 'getProperty'
2026-05-17 04:10:09,859 - WARNING - Warning: 'NoneType' object has no attribute 'getProperty'
2026-05-17 04:10:11,931 - WARNING - Warning: 'NoneType' object has no attribute 'getProperty'
2026-05-17 04:10:24,529 - WARNING - Warning: 'NoneType' object has no attribute 'getProperty'
2026-05-17 04:10:25,979 - WARNING - Warning: 'NoneType' object has no attribute 'getProperty'
2026-05-17 04:10:31,008 - WARNING - Warning: 'NoneType' object has no attribute 'getProperty'
2026-05-17 04:10:34,994 - WARNING - Warning: 'NoneType' object has no attribute 'getProperty'
2026-05-17 04:10:47,209 - WARNING - Warning: 'NoneType' object has no attribute 'getProperty'
2026-05-17 04:10:48,756 - WARNING - Warning: 'NoneType' object has no attribute 'getProperty'
2026-05-17 04:10:50,474 - WARNING - Warning: 'NoneType' object has no attribute 'getProperty'
2026-05-17 04:10:53,640 - WARNING - Warning: 'NoneType' object has no attribute 'getProperty'
2026-05-17 04:10:55,410 - WARNING - Warning: 'NoneType' object has no attribute 'getProperty'
2026-05-17 04:11:00,515 - WARNING - Warning: 'NoneType' object has no attribute 'getProperty'
2026-05-17 04:11:00,533 - WARNING - Warning: Unsupported relative time format
2026-05-17 04:11:00,539 - INFO - End Page Analysis | Total Card: 32| Total Scrape: 32
2026-05-17 04:11:02,696 - INFO - End Full Analysis | Total Card: 160| Total Scrape: 160
2026-05-17 04:11:12,510 - WARNING - Warning: 'NoneType' object has no attribute 'getProperty'
2026-05-17 04:11:14,598 - WARNING - Warning: 'NoneType' object has no attribute 'getProperty'
2026-05-17 04:11:15,850 - WARNING - Warning: 'NoneType' object has no attribute 'getProperty'
2026-05-17 04:11:23,400 - WARNING - Warning: 'NoneType' object has no attribute 'getProperty'
2026-05-17 04:11:25,303 - WARNING - Warning: 'NoneType' object has no attribute 'getProperty'
2026-05-17 04:11:27,336 - WARNING - Warning: 'NoneType' object has no attribute 'getProperty'
2026-05-17 04:11:28,673 - WARNING - Warning: 'NoneType' object has no attribute 'getProperty'
2026-05-17 04:11:31,376 - WARNING - Warning: 'NoneType' object has no attribute 'getProperty'
2026-05-17 04:11:35,089 - WARNING - Warning: 'NoneType' object has no attribute 'getProperty'
2026-05-17 04:11:36,128 - WARNING - Warning: 'NoneType' object has no attribute 'getProperty'
2026-05-17 04:11:48,408 - INFO - End Page Analysis | Total Card: 32| Total Scrape: 32
2026-05-17 04:12:17,829 - WARNING - Warning: 'NoneType' object has no attribute 'getProperty'
2026-05-17 04:12:21,887 - WARNING - Warning: 'NoneType' object has no attribute 'getProperty'
2026-05-17 04:12:23,022 - WARNING - Warning: 'NoneType' object has no attribute 'getProperty'
2026-05-17 04:12:25,687 - WARNING - Warning: 'NoneType' object has no attribute 'getProperty'
2026-05-17 04:12:28,236 - WARNING - Warning: Unsupported relative time format
2026-05-17 04:12:29,847 - WARNING - Warning: 'NoneType' object has no attribute 'getProperty'
2026-05-17 04:12:31,022 - WARNING - Warning: 'NoneType' object has no attribute 'getProperty'
2026-05-17 04:12:31,035 - INFO - End Page Analysis | Total Card: 32| Total Scrape: 32
2026-05-17 04:12:40,142 - WARNING - Warning: 'NoneType' object has no attribute 'getProperty'
2026-05-17 04:12:48,662 - WARNING - Warning: 'NoneType' object has no attribute 'getProperty'
2026-05-17 04:12:56,961 - WARNING - Warning: 'NoneType' object has no attribute 'getProperty'
2026-05-17 04:12:59,573 - WARNING - Warning: 'NoneType' object has no attribute 'getProperty'
2026-05-17 04:13:00,840 - WARNING - Warning: 'NoneType' object has no attribute 'getProperty'
2026-05-17 04:13:00,844 - WARNING - Warning: Unsupported relative time format
2026-05-17 04:13:06,205 - WARNING - Warning: 'NoneType' object has no attribute 'getProperty'
2026-05-17 04:13:16,499 - INFO - End Page Analysis | Total Card: 32| Total Scrape: 32
2026-05-17 04:13:21,619 - WARNING - Warning: 'NoneType' object has no attribute 'getProperty'
2026-05-17 04:13:24,568 - WARNING - Warning: 'NoneType' object has no attribute 'getProperty'
2026-05-17 04:13:28,156 - WARNING - Warning: 'NoneType' object has no attribute 'getProperty'
2026-05-17 04:13:32,900 - WARNING - Warning: 'NoneType' object has no attribute 'getProperty'
2026-05-17 04:13:35,814 - WARNING - Warning: 'NoneType' object has no attribute 'getProperty'
2026-05-17 04:13:40,456 - WARNING - Warning: 'NoneType' object has no attribute 'getProperty'
2026-05-17 04:13:44,574 - WARNING - Warning: 'NoneType' object has no attribute 'getProperty'
2026-05-17 04:13:46,253 - WARNING - Warning: 'NoneType' object has no attribute 'getProperty'
2026-05-17 04:13:47,475 - WARNING - Warning: 'NoneType' object has no attribute 'getProperty'
2026-05-17 04:13:48,884 - WARNING - Warning: 'NoneType' object has no attribute 'getProperty'
2026-05-17 04:13:53,128 - WARNING - Warning: 'NoneType' object has no attribute 'getProperty'
2026-05-17 04:13:54,337 - WARNING - Warning: 'NoneType' object has no attribute 'getProperty'
2026-05-17 04:13:56,161 - WARNING - Warning: 'NoneType' object has no attribute 'getProperty'
2026-05-17 04:14:05,984 - WARNING - Warning: 'NoneType' object has no attribute 'getProperty'
2026-05-17 04:14:05,996 - INFO - End Page Analysis | Total Card: 32| Total Scrape: 32
2026-05-17 04:14:09,992 - WARNING - Warning: 'NoneType' object has no attribute 'getProperty'
2026-05-17 04:14:12,808 - WARNING - Warning: 'NoneType' object has no attribute 'getProperty'
2026-05-17 04:14:14,285 - WARNING - Warning: 'NoneType' object has no attribute 'getProperty'
2026-05-17 04:14:22,209 - WARNING - Warning: 'NoneType' object has no attribute 'getProperty'
2026-05-17 04:14:27,109 - WARNING - Warning: 'NoneType' object has no attribute 'getProperty'
2026-05-17 04:14:31,991 - WARNING - Warning: 'NoneType' object has no attribute 'getProperty'
2026-05-17 04:14:35,956 - WARNING - Warning: 'NoneType' object has no attribute 'getProperty'
2026-05-17 04:14:44,741 - WARNING - Warning: 'NoneType' object has no attribute 'getProperty'
2026-05-17 04:14:49,969 - WARNING - Warning: 'NoneType' object has no attribute 'getProperty'
2026-05-17 04:14:53,237 - WARNING - Warning: 'NoneType' object has no attribute 'getProperty'
2026-05-17 04:14:56,271 - WARNING - Warning: 'NoneType' object has no attribute 'getProperty'
2026-05-17 04:14:57,758 - WARNING - Warning: 'NoneType' object has no attribute 'getProperty'
2026-05-17 04:15:00,807 - WARNING - Warning: 'NoneType' object has no attribute 'getProperty'
2026-05-17 04:15:00,817 - INFO - End Page Analysis | Total Card: 32| Total Scrape: 32
2026-05-17 04:15:02,976 - INFO - End Full Analysis | Total Card: 160| Total Scrape: 160
2026-05-17 04:15:08,324 - WARNING - Warning: 'NoneType' object has no attribute 'getProperty'
2026-05-17 04:15:11,015 - WARNING - Warning: 'NoneType' object has no attribute 'getProperty'
2026-05-17 04:15:13,215 - WARNING - Warning: 'NoneType' object has no attribute 'getProperty'
2026-05-17 04:15:16,006 - WARNING - Warning: 'NoneType' object has no attribute 'getProperty'
2026-05-17 04:15:18,289 - WARNING - Warning: 'NoneType' object has no attribute 'getProperty'
2026-05-17 04:15:19,462 - WARNING - Warning: 'NoneType' object has no attribute 'getProperty'
2026-05-17 04:15:25,738 - WARNING - Warning: 'NoneType' object has no attribute 'getProperty'
2026-05-17 04:15:28,438 - WARNING - Warning: 'NoneType' object has no attribute 'getProperty'
2026-05-17 04:15:29,838 - WARNING - Warning: 'NoneType' object has no attribute 'getProperty'
2026-05-17 04:15:32,177 - WARNING - Warning: 'NoneType' object has no attribute 'getProperty'
2026-05-17 04:15:35,948 - WARNING - Warning: 'NoneType' object has no attribute 'getProperty'
2026-05-17 04:15:40,820 - WARNING - Warning: 'NoneType' object has no attribute 'getProperty'
2026-05-17 04:15:43,131 - WARNING - Warning: 'NoneType' object has no attribute 'getProperty'
2026-05-17 04:15:44,308 - WARNING - Warning: 'NoneType' object has no attribute 'getProperty'
2026-05-17 04:15:47,047 - INFO - End Page Analysis | Total Card: 32| Total Scrape: 32
2026-05-17 04:15:55,690 - WARNING - Warning: 'NoneType' object has no attribute 'getProperty'
2026-05-17 04:15:56,767 - WARNING - Warning: 'NoneType' object has no attribute 'getProperty'
2026-05-17 04:16:00,248 - WARNING - Warning: 'NoneType' object has no attribute 'getProperty'
2026-05-17 04:16:05,013 - WARNING - Warning: 'NoneType' object has no attribute 'getProperty'
2026-05-17 04:16:08,119 - WARNING - Warning: 'NoneType' object has no attribute 'getProperty'
2026-05-17 04:16:09,545 - WARNING - Warning: 'NoneType' object has no attribute 'getProperty'
2026-05-17 04:16:11,845 - WARNING - Warning: 'NoneType' object has no attribute 'getProperty'
2026-05-17 04:16:13,130 - WARNING - Warning: 'NoneType' object has no attribute 'getProperty'
2026-05-17 04:16:17,234 - WARNING - Warning: 'NoneType' object has no attribute 'getProperty'
2026-05-17 04:16:20,134 - WARNING - Warning: 'NoneType' object has no attribute 'getProperty'
2026-05-17 04:16:22,829 - WARNING - Warning: 'NoneType' object has no attribute 'getProperty'
2026-05-17 04:16:26,923 - WARNING - Warning: 'NoneType' object has no attribute 'getProperty'
2026-05-17 04:16:30,010 - WARNING - Warning: 'NoneType' object has no attribute 'getProperty'
2026-05-17 04:16:31,630 - WARNING - Warning: 'NoneType' object has no attribute 'getProperty'
2026-05-17 04:16:31,640 - INFO - End Page Analysis | Total Card: 32| Total Scrape: 32
2026-05-17 04:16:37,885 - WARNING - Warning: 'NoneType' object has no attribute 'getProperty'
2026-05-17 04:16:40,976 - WARNING - Warning: 'NoneType' object has no attribute 'getProperty'
2026-05-17 04:16:43,301 - WARNING - Warning: 'NoneType' object has no attribute 'getProperty'
2026-05-17 04:16:46,102 - WARNING - Warning: 'NoneType' object has no attribute 'getProperty'
2026-05-17 04:16:53,433 - WARNING - Warning: 'NoneType' object has no attribute 'getProperty'
2026-05-17 04:17:01,047 - WARNING - Warning: 'NoneType' object has no attribute 'getProperty'
2026-05-17 04:17:02,760 - WARNING - Warning: 'NoneType' object has no attribute 'getProperty'
2026-05-17 04:17:05,525 - WARNING - Warning: 'NoneType' object has no attribute 'getProperty'
2026-05-17 04:17:13,578 - WARNING - Warning: 'NoneType' object has no attribute 'getProperty'
2026-05-17 04:17:17,870 - WARNING - Warning: 'NoneType' object has no attribute 'getProperty'
2026-05-17 04:17:19,167 - INFO - End Page Analysis | Total Card: 32| Total Scrape: 32
2026-05-17 04:17:28,009 - WARNING - Warning: 'NoneType' object has no attribute 'getProperty'
2026-05-17 04:17:29,638 - WARNING - Warning: 'NoneType' object has no attribute 'getProperty'
2026-05-17 04:17:36,880 - WARNING - Warning: 'NoneType' object has no attribute 'getProperty'
2026-05-17 04:17:38,830 - WARNING - Warning: 'NoneType' object has no attribute 'getProperty'
2026-05-17 04:17:40,319 - WARNING - Warning: 'NoneType' object has no attribute 'getProperty'
2026-05-17 04:17:43,350 - WARNING - Warning: 'NoneType' object has no attribute 'getProperty'
2026-05-17 04:17:51,138 - WARNING - Warning: 'NoneType' object has no attribute 'getProperty'
2026-05-17 04:17:58,951 - WARNING - Warning: 'NoneType' object has no attribute 'getProperty'
2026-05-17 04:18:02,124 - WARNING - Warning: 'NoneType' object has no attribute 'getProperty'
2026-05-17 04:18:08,406 - WARNING - Warning: 'NoneType' object has no attribute 'getProperty'
2026-05-17 04:18:11,161 - INFO - End Page Analysis | Total Card: 32| Total Scrape: 32
2026-05-17 04:18:27,108 - WARNING - Warning: 'NoneType' object has no attribute 'getProperty'
2026-05-17 04:18:37,131 - WARNING - Warning: 'NoneType' object has no attribute 'getProperty'
2026-05-17 04:18:40,391 - WARNING - Warning: 'NoneType' object has no attribute 'getProperty'
2026-05-17 04:18:52,794 - WARNING - Warning: 'NoneType' object has no attribute 'getProperty'
2026-05-17 04:18:56,007 - WARNING - Warning: 'NoneType' object has no attribute 'getProperty'
2026-05-17 04:18:57,866 - WARNING - Warning: 'NoneType' object has no attribute 'getProperty'
2026-05-17 04:19:08,228 - WARNING - Warning: 'NoneType' object has no attribute 'getProperty'
2026-05-17 04:19:08,238 - INFO - End Page Analysis | Total Card: 32| Total Scrape: 32
2026-05-17 04:19:10,401 - INFO - End Full Analysis | Total Card: 160| Total Scrape: 160
2026-05-17 04:19:17,262 - WARNING - Warning: 'NoneType' object has no attribute 'getProperty'
2026-05-17 04:19:20,319 - WARNING - Warning: 'NoneType' object has no attribute 'getProperty'
2026-05-17 04:19:24,380 - WARNING - Warning: 'NoneType' object has no attribute 'getProperty'
2026-05-17 04:19:31,375 - WARNING - Warning: 'NoneType' object has no attribute 'getProperty'
2026-05-17 04:19:33,951 - WARNING - Warning: 'NoneType' object has no attribute 'getProperty'
2026-05-17 04:19:36,535 - WARNING - Warning: 'NoneType' object has no attribute 'getProperty'
2026-05-17 04:19:40,609 - WARNING - Warning: 'NoneType' object has no attribute 'getProperty'
2026-05-17 04:19:48,273 - WARNING - Warning: 'NoneType' object has no attribute 'getProperty'
2026-05-17 04:19:49,624 - WARNING - Warning: 'NoneType' object has no attribute 'getProperty'
2026-05-17 04:19:52,351 - WARNING - Warning: 'NoneType' object has no attribute 'getProperty'
2026-05-17 04:19:57,186 - WARNING - Warning: 'NoneType' object has no attribute 'getProperty'
2026-05-17 04:19:57,199 - INFO - End Page Analysis | Total Card: 32| Total Scrape: 32
2026-05-17 04:20:00,810 - WARNING - Warning: 'NoneType' object has no attribute 'getProperty'
2026-05-17 04:20:04,027 - WARNING - Warning: 'NoneType' object has no attribute 'getProperty'
2026-05-17 04:20:06,118 - WARNING - Warning: 'NoneType' object has no attribute 'getProperty'
2026-05-17 04:20:07,596 - WARNING - Warning: 'NoneType' object has no attribute 'getProperty'
2026-05-17 04:20:08,802 - WARNING - Warning: 'NoneType' object has no attribute 'getProperty'
2026-05-17 04:20:11,302 - WARNING - Warning: 'NoneType' object has no attribute 'getProperty'
2026-05-17 04:20:12,552 - WARNING - Warning: 'NoneType' object has no attribute 'getProperty'
2026-05-17 04:20:15,179 - WARNING - Warning: 'NoneType' object has no attribute 'getProperty'
2026-05-17 04:20:18,966 - WARNING - Warning: 'NoneType' object has no attribute 'getProperty'
2026-05-17 04:20:21,760 - WARNING - Warning: 'NoneType' object has no attribute 'getProperty'
2026-05-17 04:20:26,163 - WARNING - Warning: 'NoneType' object has no attribute 'getProperty'
2026-05-17 04:20:27,714 - WARNING - Warning: 'NoneType' object has no attribute 'getProperty'
2026-05-17 04:20:28,879 - WARNING - Warning: 'NoneType' object has no attribute 'getProperty'
2026-05-17 04:20:30,152 - WARNING - Warning: 'NoneType' object has no attribute 'getProperty'
2026-05-17 04:20:34,561 - WARNING - Warning: 'NoneType' object has no attribute 'getProperty'
2026-05-17 04:20:44,534 - WARNING - Warning: 'NoneType' object has no attribute 'getProperty'
2026-05-17 04:20:44,546 - INFO - End Page Analysis | Total Card: 32| Total Scrape: 32
2026-05-17 04:20:51,191 - WARNING - Warning: 'NoneType' object has no attribute 'getProperty'
2026-05-17 04:20:52,963 - WARNING - Warning: 'NoneType' object has no attribute 'getProperty'
2026-05-17 04:20:55,799 - WARNING - Warning: 'NoneType' object has no attribute 'getProperty'
2026-05-17 04:20:57,200 - WARNING - Warning: 'NoneType' object has no attribute 'getProperty'
2026-05-17 04:21:06,069 - WARNING - Warning: 'NoneType' object has no attribute 'getProperty'
2026-05-17 04:21:07,455 - WARNING - Warning: 'NoneType' object has no attribute 'getProperty'
2026-05-17 04:21:10,826 - WARNING - Warning: 'NoneType' object has no attribute 'getProperty'
2026-05-17 04:21:18,590 - WARNING - Warning: 'NoneType' object has no attribute 'getProperty'
2026-05-17 04:21:22,024 - WARNING - Warning: 'NoneType' object has no attribute 'getProperty'
2026-05-17 04:21:23,438 - WARNING - Warning: 'NoneType' object has no attribute 'getProperty'
2026-05-17 04:21:26,304 - WARNING - Warning: 'NoneType' object has no attribute 'getProperty'
2026-05-17 04:21:29,411 - WARNING - Warning: 'NoneType' object has no attribute 'getProperty'
2026-05-17 04:21:31,048 - WARNING - Warning: 'NoneType' object has no attribute 'getProperty'
2026-05-17 04:21:34,249 - WARNING - Warning: 'NoneType' object has no attribute 'getProperty'
2026-05-17 04:21:35,743 - WARNING - Warning: 'NoneType' object has no attribute 'getProperty'
2026-05-17 04:21:35,755 - INFO - End Page Analysis | Total Card: 32| Total Scrape: 32
2026-05-17 04:21:39,976 - WARNING - Warning: 'NoneType' object has no attribute 'getProperty'
2026-05-17 04:21:41,629 - WARNING - Warning: 'NoneType' object has no attribute 'getProperty'
2026-05-17 04:21:49,115 - WARNING - Warning: 'NoneType' object has no attribute 'getProperty'
2026-05-17 04:21:53,406 - WARNING - Warning: 'NoneType' object has no attribute 'getProperty'
2026-05-17 04:21:56,585 - WARNING - Warning: Unsupported relative time format
2026-05-17 04:21:59,759 - WARNING - Warning: 'NoneType' object has no attribute 'getProperty'
2026-05-17 04:22:06,452 - WARNING - Warning: 'NoneType' object has no attribute 'getProperty'
2026-05-17 04:22:09,513 - WARNING - Warning: 'NoneType' object has no attribute 'getProperty'
2026-05-17 04:22:12,824 - WARNING - Warning: 'NoneType' object has no attribute 'getProperty'
2026-05-17 04:22:14,557 - WARNING - Warning: 'NoneType' object has no attribute 'getProperty'
2026-05-17 04:22:16,449 - WARNING - Warning: 'NoneType' object has no attribute 'getProperty'
2026-05-17 04:22:21,656 - WARNING - Warning: 'NoneType' object has no attribute 'getProperty'
2026-05-17 04:22:26,556 - WARNING - Warning: 'NoneType' object has no attribute 'getProperty'
2026-05-17 04:22:28,068 - WARNING - Warning: 'NoneType' object has no attribute 'getProperty'
2026-05-17 04:22:29,518 - WARNING - Warning: 'NoneType' object has no attribute 'getProperty'
2026-05-17 04:22:31,537 - WARNING - Warning: 'NoneType' object has no attribute 'getProperty'
2026-05-17 04:22:33,111 - INFO - End Page Analysis | Total Card: 32| Total Scrape: 32
2026-05-17 04:22:37,531 - WARNING - Warning: 'NoneType' object has no attribute 'getProperty'
2026-05-17 04:22:44,187 - WARNING - Warning: 'NoneType' object has no attribute 'getProperty'
2026-05-17 04:22:49,823 - WARNING - Warning: 'NoneType' object has no attribute 'getProperty'
2026-05-17 04:22:51,340 - WARNING - Warning: 'NoneType' object has no attribute 'getProperty'
2026-05-17 04:22:55,216 - WARNING - Warning: 'NoneType' object has no attribute 'getProperty'
2026-05-17 04:22:56,717 - WARNING - Warning: 'NoneType' object has no attribute 'getProperty'
2026-05-17 04:22:58,307 - WARNING - Warning: 'NoneType' object has no attribute 'getProperty'
2026-05-17 04:22:59,841 - WARNING - Warning: 'NoneType' object has no attribute 'getProperty'
2026-05-17 04:23:01,585 - WARNING - Warning: 'NoneType' object has no attribute 'getProperty'
2026-05-17 04:23:03,342 - WARNING - Warning: 'NoneType' object has no attribute 'getProperty'
2026-05-17 04:23:07,895 - WARNING - Warning: 'NoneType' object has no attribute 'getProperty'
2026-05-17 04:23:11,347 - WARNING - Warning: 'NoneType' object has no attribute 'getProperty'
2026-05-17 04:23:13,277 - WARNING - Warning: 'NoneType' object has no attribute 'getProperty'
2026-05-17 04:23:15,021 - WARNING - Warning: 'NoneType' object has no attribute 'getProperty'
2026-05-17 04:23:23,100 - WARNING - Warning: 'NoneType' object has no attribute 'getProperty'
2026-05-17 04:23:24,904 - WARNING - Warning: 'NoneType' object has no attribute 'getProperty'
2026-05-17 04:23:31,931 - WARNING - Warning: 'NoneType' object has no attribute 'getProperty'
2026-05-17 04:23:31,978 - INFO - End Page Analysis | Total Card: 32| Total Scrape: 32
2026-05-17 04:23:34,170 - INFO - End Full Analysis | Total Card: 160| Total Scrape: 160
2026-05-17 04:23:34,170 - INFO - terminate chrome process...
2026-05-17 04:23:34,963 - INFO - CSV written successfully
2026-05-17 04:23:34,963 - INFO - Wrote CSV with 800 rows to /home/runner/work/Skillsgauge/Skillsgauge/bronze_datasets/JS/js_2026_05_17.csv
2026-05-17 04:23:34,964 - INFO - Scrapper Ended successfully
