2025-10-26 02:01:03,662 - INFO - Scraper started
2025-10-26 02:01:18,614 - INFO - Browser listening on: ws://127.0.0.1:58049/devtools/browser/191dbf88-97a3-4a34-a62f-85c4841f9bc0
2025-10-26 02:01:31,656 - WARNING - Warning: 'NoneType' object has no attribute 'getProperty'
2025-10-26 02:01:32,944 - WARNING - Warning: 'NoneType' object has no attribute 'getProperty'
2025-10-26 02:01:36,778 - WARNING - Warning: 'NoneType' object has no attribute 'getProperty'
2025-10-26 02:01:39,041 - WARNING - Warning: 'NoneType' object has no attribute 'getProperty'
2025-10-26 02:01:41,341 - WARNING - Warning: 'NoneType' object has no attribute 'getProperty'
2025-10-26 02:01:42,825 - WARNING - Warning: 'NoneType' object has no attribute 'getProperty'
2025-10-26 02:01:44,260 - WARNING - Warning: 'NoneType' object has no attribute 'getProperty'
2025-10-26 02:01:48,316 - WARNING - Warning: 'NoneType' object has no attribute 'getProperty'
2025-10-26 02:01:49,916 - WARNING - Warning: 'NoneType' object has no attribute 'getProperty'
2025-10-26 02:01:51,602 - WARNING - Warning: 'NoneType' object has no attribute 'getProperty'
2025-10-26 02:01:53,116 - WARNING - Warning: 'NoneType' object has no attribute 'getProperty'
2025-10-26 02:01:54,472 - WARNING - Warning: 'NoneType' object has no attribute 'getProperty'
2025-10-26 02:01:56,026 - WARNING - Warning: 'NoneType' object has no attribute 'getProperty'
2025-10-26 02:01:59,441 - WARNING - Warning: 'NoneType' object has no attribute 'getProperty'
2025-10-26 02:02:00,967 - WARNING - Warning: 'NoneType' object has no attribute 'getProperty'
2025-10-26 02:02:06,800 - WARNING - Warning: 'NoneType' object has no attribute 'getProperty'
2025-10-26 02:02:08,333 - WARNING - Warning: 'NoneType' object has no attribute 'getProperty'
2025-10-26 02:02:11,010 - WARNING - Warning: 'NoneType' object has no attribute 'getProperty'
2025-10-26 02:02:15,431 - WARNING - Warning: 'NoneType' object has no attribute 'getProperty'
2025-10-26 02:02:15,440 - INFO - End Page Analysis | Total Card: 32| Total Scrape: 32
2025-10-26 02:02:18,738 - WARNING - Warning: 'NoneType' object has no attribute 'getProperty'
2025-10-26 02:02:19,799 - WARNING - Warning: 'NoneType' object has no attribute 'getProperty'
2025-10-26 02:02:20,887 - WARNING - Warning: 'NoneType' object has no attribute 'getProperty'
2025-10-26 02:02:24,477 - WARNING - Warning: 'NoneType' object has no attribute 'getProperty'
2025-10-26 02:02:27,107 - WARNING - Warning: 'NoneType' object has no attribute 'getProperty'
2025-10-26 02:02:28,463 - WARNING - Warning: 'NoneType' object has no attribute 'getProperty'
2025-10-26 02:02:29,772 - WARNING - Warning: 'NoneType' object has no attribute 'getProperty'
2025-10-26 02:02:32,384 - WARNING - Warning: 'NoneType' object has no attribute 'getProperty'
2025-10-26 02:02:33,743 - WARNING - Warning: 'NoneType' object has no attribute 'getProperty'
2025-10-26 02:02:34,862 - WARNING - Warning: 'NoneType' object has no attribute 'getProperty'
2025-10-26 02:02:35,898 - WARNING - Warning: 'NoneType' object has no attribute 'getProperty'
2025-10-26 02:02:38,424 - WARNING - Warning: 'NoneType' object has no attribute 'getProperty'
2025-10-26 02:02:39,512 - WARNING - Warning: 'NoneType' object has no attribute 'getProperty'
2025-10-26 02:02:39,516 - WARNING - Warning: Unsupported relative time format
2025-10-26 02:02:40,543 - WARNING - Warning: 'NoneType' object has no attribute 'getProperty'
2025-10-26 02:02:44,009 - WARNING - Warning: 'NoneType' object has no attribute 'getProperty'
2025-10-26 02:02:45,244 - WARNING - Warning: 'NoneType' object has no attribute 'getProperty'
2025-10-26 02:02:46,306 - WARNING - Warning: 'NoneType' object has no attribute 'getProperty'
2025-10-26 02:02:47,658 - WARNING - Warning: 'NoneType' object has no attribute 'getProperty'
2025-10-26 02:02:50,832 - WARNING - Warning: 'NoneType' object has no attribute 'getProperty'
2025-10-26 02:02:54,543 - WARNING - Warning: 'NoneType' object has no attribute 'getProperty'
2025-10-26 02:02:56,818 - WARNING - Warning: 'NoneType' object has no attribute 'getProperty'
2025-10-26 02:02:56,827 - INFO - End Page Analysis | Total Card: 32| Total Scrape: 32
2025-10-26 02:03:08,992 - WARNING - Warning: 'NoneType' object has no attribute 'getProperty'
2025-10-26 02:03:10,466 - WARNING - Warning: 'NoneType' object has no attribute 'getProperty'
2025-10-26 02:03:11,627 - WARNING - Warning: 'NoneType' object has no attribute 'getProperty'
2025-10-26 02:03:14,327 - WARNING - Warning: 'NoneType' object has no attribute 'getProperty'
2025-10-26 02:03:17,091 - WARNING - Warning: 'NoneType' object has no attribute 'getProperty'
2025-10-26 02:03:19,836 - WARNING - Warning: 'NoneType' object has no attribute 'getProperty'
2025-10-26 02:03:26,064 - WARNING - Warning: 'NoneType' object has no attribute 'getProperty'
2025-10-26 02:03:33,282 - WARNING - Warning: 'NoneType' object has no attribute 'getProperty'
2025-10-26 02:03:34,645 - WARNING - Warning: 'NoneType' object has no attribute 'getProperty'
2025-10-26 02:03:37,352 - WARNING - Warning: 'NoneType' object has no attribute 'getProperty'
2025-10-26 02:03:41,724 - WARNING - Warning: 'NoneType' object has no attribute 'getProperty'
2025-10-26 02:03:41,737 - INFO - End Page Analysis | Total Card: 32| Total Scrape: 32
2025-10-26 02:03:46,754 - WARNING - Warning: 'NoneType' object has no attribute 'getProperty'
2025-10-26 02:03:49,400 - WARNING - Warning: 'NoneType' object has no attribute 'getProperty'
2025-10-26 02:03:55,513 - WARNING - Warning: 'NoneType' object has no attribute 'getProperty'
2025-10-26 02:03:57,159 - WARNING - Warning: 'NoneType' object has no attribute 'getProperty'
2025-10-26 02:03:58,930 - WARNING - Warning: 'NoneType' object has no attribute 'getProperty'
2025-10-26 02:04:00,381 - WARNING - Warning: 'NoneType' object has no attribute 'getProperty'
2025-10-26 02:04:04,576 - WARNING - Warning: 'NoneType' object has no attribute 'getProperty'
2025-10-26 02:04:06,031 - WARNING - Warning: 'NoneType' object has no attribute 'getProperty'
2025-10-26 02:04:07,471 - WARNING - Warning: 'NoneType' object has no attribute 'getProperty'
2025-10-26 02:04:08,909 - WARNING - Warning: 'NoneType' object has no attribute 'getProperty'
2025-10-26 02:04:10,600 - WARNING - Warning: 'NoneType' object has no attribute 'getProperty'
2025-10-26 02:04:15,371 - WARNING - Warning: 'NoneType' object has no attribute 'getProperty'
2025-10-26 02:04:18,311 - WARNING - Warning: 'NoneType' object has no attribute 'getProperty'
2025-10-26 02:04:19,663 - WARNING - Warning: 'NoneType' object has no attribute 'getProperty'
2025-10-26 02:04:21,477 - WARNING - Warning: 'NoneType' object has no attribute 'getProperty'
2025-10-26 02:04:23,302 - WARNING - Warning: 'NoneType' object has no attribute 'getProperty'
2025-10-26 02:04:30,648 - WARNING - Warning: 'NoneType' object has no attribute 'getProperty'
2025-10-26 02:04:32,666 - WARNING - Warning: 'NoneType' object has no attribute 'getProperty'
2025-10-26 02:04:34,121 - WARNING - Warning: 'NoneType' object has no attribute 'getProperty'
2025-10-26 02:04:35,988 - INFO - End Page Analysis | Total Card: 32| Total Scrape: 32
2025-10-26 02:04:41,139 - WARNING - Warning: 'NoneType' object has no attribute 'getProperty'
2025-10-26 02:04:42,754 - WARNING - Warning: 'NoneType' object has no attribute 'getProperty'
2025-10-26 02:04:44,160 - WARNING - Warning: 'NoneType' object has no attribute 'getProperty'
2025-10-26 02:04:45,749 - WARNING - Warning: 'NoneType' object has no attribute 'getProperty'
2025-10-26 02:04:48,795 - WARNING - Warning: 'NoneType' object has no attribute 'getProperty'
2025-10-26 02:04:51,898 - WARNING - Warning: 'NoneType' object has no attribute 'getProperty'
2025-10-26 02:04:55,524 - WARNING - Warning: 'NoneType' object has no attribute 'getProperty'
2025-10-26 02:04:57,693 - WARNING - Warning: 'NoneType' object has no attribute 'getProperty'
2025-10-26 02:04:59,712 - WARNING - Warning: 'NoneType' object has no attribute 'getProperty'
2025-10-26 02:05:01,767 - WARNING - Warning: 'NoneType' object has no attribute 'getProperty'
2025-10-26 02:05:03,579 - WARNING - Warning: 'NoneType' object has no attribute 'getProperty'
2025-10-26 02:05:05,174 - WARNING - Warning: 'NoneType' object has no attribute 'getProperty'
2025-10-26 02:05:06,536 - WARNING - Warning: 'NoneType' object has no attribute 'getProperty'
2025-10-26 02:05:07,920 - WARNING - Warning: 'NoneType' object has no attribute 'getProperty'
2025-10-26 02:05:10,101 - WARNING - Warning: 'NoneType' object has no attribute 'getProperty'
2025-10-26 02:05:11,852 - WARNING - Warning: 'NoneType' object has no attribute 'getProperty'
2025-10-26 02:05:14,971 - WARNING - Warning: 'NoneType' object has no attribute 'getProperty'
2025-10-26 02:05:16,346 - WARNING - Warning: 'NoneType' object has no attribute 'getProperty'
2025-10-26 02:05:17,970 - WARNING - Warning: 'NoneType' object has no attribute 'getProperty'
2025-10-26 02:05:19,735 - WARNING - Warning: 'NoneType' object has no attribute 'getProperty'
2025-10-26 02:05:22,930 - WARNING - Warning: 'NoneType' object has no attribute 'getProperty'
2025-10-26 02:05:24,493 - WARNING - Warning: 'NoneType' object has no attribute 'getProperty'
2025-10-26 02:05:26,079 - WARNING - Warning: 'NoneType' object has no attribute 'getProperty'
2025-10-26 02:05:30,784 - INFO - End Page Analysis | Total Card: 32| Total Scrape: 32
2025-10-26 02:05:32,975 - INFO - End Full Analysis | Total Card: 160| Total Scrape: 160
2025-10-26 02:05:39,473 - WARNING - Warning: 'NoneType' object has no attribute 'getProperty'
2025-10-26 02:05:43,360 - WARNING - Warning: Unsupported relative time format
2025-10-26 02:05:47,190 - WARNING - Warning: 'NoneType' object has no attribute 'getProperty'
2025-10-26 02:05:48,728 - WARNING - Warning: 'NoneType' object has no attribute 'getProperty'
2025-10-26 02:05:51,001 - WARNING - Warning: 'NoneType' object has no attribute 'getProperty'
2025-10-26 02:05:53,544 - WARNING - Warning: 'NoneType' object has no attribute 'getProperty'
2025-10-26 02:05:54,605 - WARNING - Warning: 'NoneType' object has no attribute 'getProperty'
2025-10-26 02:05:57,009 - WARNING - Warning: 'NoneType' object has no attribute 'getProperty'
2025-10-26 02:05:58,218 - WARNING - Warning: 'NoneType' object has no attribute 'getProperty'
2025-10-26 02:06:09,223 - WARNING - Warning: 'NoneType' object has no attribute 'getProperty'
2025-10-26 02:06:11,483 - WARNING - Warning: 'NoneType' object has no attribute 'getProperty'
2025-10-26 02:06:15,350 - WARNING - Warning: 'NoneType' object has no attribute 'getProperty'
2025-10-26 02:06:17,647 - INFO - End Page Analysis | Total Card: 32| Total Scrape: 32
2025-10-26 02:06:22,483 - WARNING - Warning: 'NoneType' object has no attribute 'getProperty'
2025-10-26 02:06:23,847 - WARNING - Warning: 'NoneType' object has no attribute 'getProperty'
2025-10-26 02:06:24,891 - WARNING - Warning: 'NoneType' object has no attribute 'getProperty'
2025-10-26 02:06:25,958 - WARNING - Warning: 'NoneType' object has no attribute 'getProperty'
2025-10-26 02:06:27,220 - WARNING - Warning: 'NoneType' object has no attribute 'getProperty'
2025-10-26 02:06:28,748 - WARNING - Warning: 'NoneType' object has no attribute 'getProperty'
2025-10-26 02:06:31,382 - WARNING - Warning: 'NoneType' object has no attribute 'getProperty'
2025-10-26 02:06:37,098 - WARNING - Warning: 'NoneType' object has no attribute 'getProperty'
2025-10-26 02:06:39,574 - WARNING - Warning: 'NoneType' object has no attribute 'getProperty'
2025-10-26 02:06:42,511 - WARNING - Warning: 'NoneType' object has no attribute 'getProperty'
2025-10-26 02:06:44,073 - WARNING - Warning: 'NoneType' object has no attribute 'getProperty'
2025-10-26 02:06:45,530 - WARNING - Warning: 'NoneType' object has no attribute 'getProperty'
2025-10-26 02:06:47,865 - WARNING - Warning: 'NoneType' object has no attribute 'getProperty'
2025-10-26 02:06:49,474 - WARNING - Warning: 'NoneType' object has no attribute 'getProperty'
2025-10-26 02:06:52,004 - WARNING - Warning: 'NoneType' object has no attribute 'getProperty'
2025-10-26 02:06:53,236 - WARNING - Warning: 'NoneType' object has no attribute 'getProperty'
2025-10-26 02:06:55,705 - WARNING - Warning: 'NoneType' object has no attribute 'getProperty'
2025-10-26 02:06:56,759 - WARNING - Warning: 'NoneType' object has no attribute 'getProperty'
2025-10-26 02:06:58,345 - WARNING - Warning: 'NoneType' object has no attribute 'getProperty'
2025-10-26 02:07:01,273 - WARNING - Warning: 'NoneType' object has no attribute 'getProperty'
2025-10-26 02:07:02,728 - INFO - End Page Analysis | Total Card: 32| Total Scrape: 32
2025-10-26 02:07:06,127 - WARNING - Warning: 'NoneType' object has no attribute 'getProperty'
2025-10-26 02:07:09,166 - WARNING - Warning: 'NoneType' object has no attribute 'getProperty'
2025-10-26 02:07:10,523 - WARNING - Warning: 'NoneType' object has no attribute 'getProperty'
2025-10-26 02:07:13,258 - WARNING - Warning: 'NoneType' object has no attribute 'getProperty'
2025-10-26 02:07:18,181 - WARNING - Warning: 'NoneType' object has no attribute 'getProperty'
2025-10-26 02:07:19,660 - WARNING - Warning: 'NoneType' object has no attribute 'getProperty'
2025-10-26 02:07:29,860 - WARNING - Warning: 'NoneType' object has no attribute 'getProperty'
2025-10-26 02:07:32,680 - WARNING - Warning: 'NoneType' object has no attribute 'getProperty'
2025-10-26 02:07:34,275 - WARNING - Warning: 'NoneType' object has no attribute 'getProperty'
2025-10-26 02:07:38,593 - WARNING - Warning: 'NoneType' object has no attribute 'getProperty'
2025-10-26 02:07:40,253 - WARNING - Warning: 'NoneType' object has no attribute 'getProperty'
2025-10-26 02:07:43,290 - WARNING - Warning: 'NoneType' object has no attribute 'getProperty'
2025-10-26 02:07:44,712 - WARNING - Warning: 'NoneType' object has no attribute 'getProperty'
2025-10-26 02:07:48,519 - WARNING - Warning: 'NoneType' object has no attribute 'getProperty'
2025-10-26 02:07:48,535 - INFO - End Page Analysis | Total Card: 32| Total Scrape: 32
2025-10-26 02:07:52,137 - WARNING - Warning: 'NoneType' object has no attribute 'getProperty'
2025-10-26 02:07:56,469 - WARNING - Warning: 'NoneType' object has no attribute 'getProperty'
2025-10-26 02:07:59,803 - WARNING - Warning: 'NoneType' object has no attribute 'getProperty'
2025-10-26 02:08:01,270 - WARNING - Warning: 'NoneType' object has no attribute 'getProperty'
2025-10-26 02:08:02,714 - WARNING - Warning: 'NoneType' object has no attribute 'getProperty'
2025-10-26 02:08:04,070 - WARNING - Warning: 'NoneType' object has no attribute 'getProperty'
2025-10-26 02:08:05,975 - WARNING - Warning: 'NoneType' object has no attribute 'getProperty'
2025-10-26 02:08:08,867 - WARNING - Warning: 'NoneType' object has no attribute 'getProperty'
2025-10-26 02:08:10,391 - WARNING - Warning: 'NoneType' object has no attribute 'getProperty'
2025-10-26 02:08:19,250 - WARNING - Warning: 'NoneType' object has no attribute 'getProperty'
2025-10-26 02:08:20,596 - WARNING - Warning: 'NoneType' object has no attribute 'getProperty'
2025-10-26 02:08:22,452 - WARNING - Warning: 'NoneType' object has no attribute 'getProperty'
2025-10-26 02:08:26,871 - WARNING - Warning: 'NoneType' object has no attribute 'getProperty'
2025-10-26 02:08:31,322 - WARNING - Warning: 'NoneType' object has no attribute 'getProperty'
2025-10-26 02:08:34,345 - WARNING - Warning: 'NoneType' object has no attribute 'getProperty'
2025-10-26 02:08:37,458 - WARNING - Warning: 'NoneType' object has no attribute 'getProperty'
2025-10-26 02:08:39,382 - WARNING - Warning: 'NoneType' object has no attribute 'getProperty'
2025-10-26 02:08:39,400 - INFO - End Page Analysis | Total Card: 32| Total Scrape: 32
2025-10-26 02:08:43,196 - WARNING - Warning: 'NoneType' object has no attribute 'getProperty'
2025-10-26 02:08:44,974 - WARNING - Warning: 'NoneType' object has no attribute 'getProperty'
2025-10-26 02:08:47,005 - WARNING - Warning: 'NoneType' object has no attribute 'getProperty'
2025-10-26 02:08:48,603 - WARNING - Warning: 'NoneType' object has no attribute 'getProperty'
2025-10-26 02:08:51,456 - WARNING - Warning: 'NoneType' object has no attribute 'getProperty'
2025-10-26 02:08:57,748 - WARNING - Warning: 'NoneType' object has no attribute 'getProperty'
2025-10-26 02:09:00,848 - WARNING - Warning: 'NoneType' object has no attribute 'getProperty'
2025-10-26 02:09:07,569 - WARNING - Warning: 'NoneType' object has no attribute 'getProperty'
2025-10-26 02:09:10,556 - WARNING - Warning: 'NoneType' object has no attribute 'getProperty'
2025-10-26 02:09:12,486 - WARNING - Warning: 'NoneType' object has no attribute 'getProperty'
2025-10-26 02:09:15,650 - WARNING - Warning: 'NoneType' object has no attribute 'getProperty'
2025-10-26 02:09:20,299 - WARNING - Warning: 'NoneType' object has no attribute 'getProperty'
2025-10-26 02:09:22,410 - WARNING - Warning: 'NoneType' object has no attribute 'getProperty'
2025-10-26 02:09:24,424 - WARNING - Warning: 'NoneType' object has no attribute 'getProperty'
2025-10-26 02:09:26,394 - WARNING - Warning: 'NoneType' object has no attribute 'getProperty'
2025-10-26 02:09:28,386 - WARNING - Warning: 'NoneType' object has no attribute 'getProperty'
2025-10-26 02:09:30,024 - WARNING - Warning: 'NoneType' object has no attribute 'getProperty'
2025-10-26 02:09:33,218 - WARNING - Warning: 'NoneType' object has no attribute 'getProperty'
2025-10-26 02:09:34,854 - WARNING - Warning: 'NoneType' object has no attribute 'getProperty'
2025-10-26 02:09:36,392 - INFO - End Page Analysis | Total Card: 32| Total Scrape: 32
2025-10-26 02:09:38,590 - INFO - End Full Analysis | Total Card: 160| Total Scrape: 160
2025-10-26 02:09:45,541 - WARNING - Warning: 'NoneType' object has no attribute 'getProperty'
2025-10-26 02:09:55,638 - WARNING - Warning: 'NoneType' object has no attribute 'getProperty'
2025-10-26 02:09:59,232 - WARNING - Warning: 'NoneType' object has no attribute 'getProperty'
2025-10-26 02:10:02,086 - WARNING - Warning: 'NoneType' object has no attribute 'getProperty'
2025-10-26 02:10:09,021 - WARNING - Warning: 'NoneType' object has no attribute 'getProperty'
2025-10-26 02:10:12,384 - WARNING - Warning: 'NoneType' object has no attribute 'getProperty'
2025-10-26 02:10:13,475 - WARNING - Warning: 'NoneType' object has no attribute 'getProperty'
2025-10-26 02:10:17,785 - WARNING - Warning: 'NoneType' object has no attribute 'getProperty'
2025-10-26 02:10:21,153 - INFO - End Page Analysis | Total Card: 32| Total Scrape: 32
2025-10-26 02:10:27,011 - WARNING - Warning: 'NoneType' object has no attribute 'getProperty'
2025-10-26 02:10:33,423 - WARNING - Warning: 'NoneType' object has no attribute 'getProperty'
2025-10-26 02:10:35,525 - WARNING - Warning: 'NoneType' object has no attribute 'getProperty'
2025-10-26 02:10:41,591 - WARNING - Warning: 'NoneType' object has no attribute 'getProperty'
2025-10-26 02:10:53,355 - WARNING - Warning: 'NoneType' object has no attribute 'getProperty'
2025-10-26 02:10:59,579 - WARNING - Warning: 'NoneType' object has no attribute 'getProperty'
2025-10-26 02:11:00,866 - WARNING - Warning: 'NoneType' object has no attribute 'getProperty'
2025-10-26 02:11:02,334 - WARNING - Warning: 'NoneType' object has no attribute 'getProperty'
2025-10-26 02:11:03,648 - WARNING - Warning: 'NoneType' object has no attribute 'getProperty'
2025-10-26 02:11:03,673 - INFO - End Page Analysis | Total Card: 32| Total Scrape: 32
2025-10-26 02:11:18,183 - WARNING - Warning: 'NoneType' object has no attribute 'getProperty'
2025-10-26 02:11:19,296 - WARNING - Warning: 'NoneType' object has no attribute 'getProperty'
2025-10-26 02:11:22,116 - WARNING - Warning: Unsupported relative time format
2025-10-26 02:11:24,684 - WARNING - Warning: 'NoneType' object has no attribute 'getProperty'
2025-10-26 02:11:28,519 - WARNING - Warning: 'NoneType' object has no attribute 'getProperty'
2025-10-26 02:11:38,624 - WARNING - Warning: 'NoneType' object has no attribute 'getProperty'
2025-10-26 02:11:41,153 - WARNING - Warning: 'NoneType' object has no attribute 'getProperty'
2025-10-26 02:11:42,734 - WARNING - Warning: 'NoneType' object has no attribute 'getProperty'
2025-10-26 02:11:44,164 - WARNING - Warning: 'NoneType' object has no attribute 'getProperty'
2025-10-26 02:11:46,862 - INFO - End Page Analysis | Total Card: 32| Total Scrape: 32
2025-10-26 02:11:50,508 - WARNING - Warning: 'NoneType' object has no attribute 'getProperty'
2025-10-26 02:11:51,924 - WARNING - Warning: 'NoneType' object has no attribute 'getProperty'
2025-10-26 02:11:54,742 - WARNING - Warning: 'NoneType' object has no attribute 'getProperty'
2025-10-26 02:11:57,478 - WARNING - Warning: 'NoneType' object has no attribute 'getProperty'
2025-10-26 02:12:00,266 - WARNING - Warning: 'NoneType' object has no attribute 'getProperty'
2025-10-26 02:12:01,636 - WARNING - Warning: 'NoneType' object has no attribute 'getProperty'
2025-10-26 02:12:03,451 - WARNING - Warning: 'NoneType' object has no attribute 'getProperty'
2025-10-26 02:12:06,163 - WARNING - Warning: 'NoneType' object has no attribute 'getProperty'
2025-10-26 02:12:08,946 - WARNING - Warning: 'NoneType' object has no attribute 'getProperty'
2025-10-26 02:12:10,370 - WARNING - Warning: 'NoneType' object has no attribute 'getProperty'
2025-10-26 02:12:16,216 - WARNING - Warning: 'NoneType' object has no attribute 'getProperty'
2025-10-26 02:12:20,816 - WARNING - Warning: 'NoneType' object has no attribute 'getProperty'
2025-10-26 02:12:26,657 - WARNING - Warning: Unsupported relative time format
2025-10-26 02:12:28,054 - WARNING - Warning: 'NoneType' object has no attribute 'getProperty'
2025-10-26 02:12:29,399 - WARNING - Warning: 'NoneType' object has no attribute 'getProperty'
2025-10-26 02:12:30,843 - WARNING - Warning: 'NoneType' object has no attribute 'getProperty'
2025-10-26 02:12:35,095 - WARNING - Warning: 'NoneType' object has no attribute 'getProperty'
2025-10-26 02:12:36,667 - INFO - End Page Analysis | Total Card: 32| Total Scrape: 32
2025-10-26 02:12:40,556 - WARNING - Warning: 'NoneType' object has no attribute 'getProperty'
2025-10-26 02:12:42,143 - WARNING - Warning: 'NoneType' object has no attribute 'getProperty'
2025-10-26 02:12:46,879 - WARNING - Warning: 'NoneType' object has no attribute 'getProperty'
2025-10-26 02:12:50,091 - WARNING - Warning: 'NoneType' object has no attribute 'getProperty'
2025-10-26 02:12:51,537 - WARNING - Warning: 'NoneType' object has no attribute 'getProperty'
2025-10-26 02:12:57,823 - WARNING - Warning: 'NoneType' object has no attribute 'getProperty'
2025-10-26 02:13:05,675 - WARNING - Warning: Unsupported relative time format
2025-10-26 02:13:08,365 - WARNING - Warning: 'NoneType' object has no attribute 'getProperty'
2025-10-26 02:13:29,495 - INFO - End Page Analysis | Total Card: 32| Total Scrape: 32
2025-10-26 02:13:31,714 - INFO - End Full Analysis | Total Card: 160| Total Scrape: 160
2025-10-26 02:13:40,577 - WARNING - Warning: 'NoneType' object has no attribute 'getProperty'
2025-10-26 02:13:45,608 - WARNING - Warning: 'NoneType' object has no attribute 'getProperty'
2025-10-26 02:13:46,627 - WARNING - Warning: 'NoneType' object has no attribute 'getProperty'
2025-10-26 02:13:48,996 - WARNING - Warning: 'NoneType' object has no attribute 'getProperty'
2025-10-26 02:13:51,273 - WARNING - Warning: 'NoneType' object has no attribute 'getProperty'
2025-10-26 02:13:52,690 - WARNING - Warning: 'NoneType' object has no attribute 'getProperty'
2025-10-26 02:13:55,486 - WARNING - Warning: 'NoneType' object has no attribute 'getProperty'
2025-10-26 02:14:03,270 - WARNING - Warning: 'NoneType' object has no attribute 'getProperty'
2025-10-26 02:14:04,922 - WARNING - Warning: 'NoneType' object has no attribute 'getProperty'
2025-10-26 02:14:08,695 - WARNING - Warning: 'NoneType' object has no attribute 'getProperty'
2025-10-26 02:14:09,891 - WARNING - Warning: 'NoneType' object has no attribute 'getProperty'
2025-10-26 02:14:13,484 - WARNING - Warning: 'NoneType' object has no attribute 'getProperty'
2025-10-26 02:14:15,703 - WARNING - Warning: 'NoneType' object has no attribute 'getProperty'
2025-10-26 02:14:16,967 - WARNING - Warning: 'NoneType' object has no attribute 'getProperty'
2025-10-26 02:14:18,245 - INFO - End Page Analysis | Total Card: 32| Total Scrape: 32
2025-10-26 02:14:26,090 - WARNING - Warning: 'NoneType' object has no attribute 'getProperty'
2025-10-26 02:14:27,119 - WARNING - Warning: 'NoneType' object has no attribute 'getProperty'
2025-10-26 02:14:28,240 - WARNING - Warning: 'NoneType' object has no attribute 'getProperty'
2025-10-26 02:14:30,844 - WARNING - Warning: 'NoneType' object has no attribute 'getProperty'
2025-10-26 02:14:33,432 - WARNING - Warning: 'NoneType' object has no attribute 'getProperty'
2025-10-26 02:14:34,535 - WARNING - Warning: 'NoneType' object has no attribute 'getProperty'
2025-10-26 02:14:35,856 - WARNING - Warning: 'NoneType' object has no attribute 'getProperty'
2025-10-26 02:14:37,208 - WARNING - Warning: 'NoneType' object has no attribute 'getProperty'
2025-10-26 02:14:51,217 - WARNING - Warning: 'NoneType' object has no attribute 'getProperty'
2025-10-26 02:14:53,820 - WARNING - Warning: 'NoneType' object has no attribute 'getProperty'
2025-10-26 02:14:57,590 - WARNING - Warning: 'NoneType' object has no attribute 'getProperty'
2025-10-26 02:15:01,650 - WARNING - Warning: 'NoneType' object has no attribute 'getProperty'
2025-10-26 02:15:01,666 - INFO - End Page Analysis | Total Card: 32| Total Scrape: 32
2025-10-26 02:15:10,749 - WARNING - Warning: 'NoneType' object has no attribute 'getProperty'
2025-10-26 02:15:12,138 - WARNING - Warning: 'NoneType' object has no attribute 'getProperty'
2025-10-26 02:15:13,548 - WARNING - Warning: 'NoneType' object has no attribute 'getProperty'
2025-10-26 02:15:14,836 - WARNING - Warning: 'NoneType' object has no attribute 'getProperty'
2025-10-26 02:15:18,633 - WARNING - Warning: 'NoneType' object has no attribute 'getProperty'
2025-10-26 02:15:20,119 - WARNING - Warning: 'NoneType' object has no attribute 'getProperty'
2025-10-26 02:15:21,530 - WARNING - Warning: 'NoneType' object has no attribute 'getProperty'
2025-10-26 02:15:33,963 - WARNING - Warning: 'NoneType' object has no attribute 'getProperty'
2025-10-26 02:15:36,662 - WARNING - Warning: 'NoneType' object has no attribute 'getProperty'
2025-10-26 02:15:37,980 - WARNING - Warning: 'NoneType' object has no attribute 'getProperty'
2025-10-26 02:15:39,374 - WARNING - Warning: 'NoneType' object has no attribute 'getProperty'
2025-10-26 02:15:42,322 - WARNING - Warning: 'NoneType' object has no attribute 'getProperty'
2025-10-26 02:15:43,492 - WARNING - Warning: 'NoneType' object has no attribute 'getProperty'
2025-10-26 02:15:46,588 - WARNING - Warning: 'NoneType' object has no attribute 'getProperty'
2025-10-26 02:15:47,868 - WARNING - Warning: 'NoneType' object has no attribute 'getProperty'
2025-10-26 02:15:47,877 - INFO - End Page Analysis | Total Card: 32| Total Scrape: 32
2025-10-26 02:15:55,781 - WARNING - Warning: 'NoneType' object has no attribute 'getProperty'
2025-10-26 02:16:04,292 - WARNING - Warning: 'NoneType' object has no attribute 'getProperty'
2025-10-26 02:16:05,698 - WARNING - Warning: 'NoneType' object has no attribute 'getProperty'
2025-10-26 02:16:08,340 - WARNING - Warning: 'NoneType' object has no attribute 'getProperty'
2025-10-26 02:16:11,168 - WARNING - Warning: 'NoneType' object has no attribute 'getProperty'
2025-10-26 02:16:12,675 - WARNING - Warning: 'NoneType' object has no attribute 'getProperty'
2025-10-26 02:16:14,067 - WARNING - Warning: 'NoneType' object has no attribute 'getProperty'
2025-10-26 02:16:15,332 - WARNING - Warning: 'NoneType' object has no attribute 'getProperty'
2025-10-26 02:16:18,159 - WARNING - Warning: 'NoneType' object has no attribute 'getProperty'
2025-10-26 02:16:25,500 - WARNING - Warning: 'NoneType' object has no attribute 'getProperty'
2025-10-26 02:16:30,295 - WARNING - Warning: 'NoneType' object has no attribute 'getProperty'
2025-10-26 02:16:34,447 - WARNING - Warning: 'NoneType' object has no attribute 'getProperty'
2025-10-26 02:16:36,004 - WARNING - Warning: 'NoneType' object has no attribute 'getProperty'
2025-10-26 02:16:37,434 - INFO - End Page Analysis | Total Card: 32| Total Scrape: 32
2025-10-26 02:16:46,988 - WARNING - Warning: 'NoneType' object has no attribute 'getProperty'
2025-10-26 02:16:51,770 - WARNING - Warning: 'NoneType' object has no attribute 'getProperty'
2025-10-26 02:16:53,330 - WARNING - Warning: 'NoneType' object has no attribute 'getProperty'
2025-10-26 02:17:00,854 - WARNING - Warning: 'NoneType' object has no attribute 'getProperty'
2025-10-26 02:17:08,586 - WARNING - Warning: 'NoneType' object has no attribute 'getProperty'
2025-10-26 02:17:10,168 - WARNING - Warning: 'NoneType' object has no attribute 'getProperty'
2025-10-26 02:17:11,665 - WARNING - Warning: 'NoneType' object has no attribute 'getProperty'
2025-10-26 02:17:13,154 - WARNING - Warning: 'NoneType' object has no attribute 'getProperty'
2025-10-26 02:17:29,296 - INFO - End Page Analysis | Total Card: 32| Total Scrape: 32
2025-10-26 02:17:31,542 - INFO - End Full Analysis | Total Card: 160| Total Scrape: 160
2025-10-26 02:17:43,716 - WARNING - Warning: 'NoneType' object has no attribute 'getProperty'
2025-10-26 02:17:47,146 - WARNING - Warning: 'NoneType' object has no attribute 'getProperty'
2025-10-26 02:17:50,655 - WARNING - Warning: 'NoneType' object has no attribute 'getProperty'
2025-10-26 02:17:51,906 - WARNING - Warning: 'NoneType' object has no attribute 'getProperty'
2025-10-26 02:17:54,363 - WARNING - Warning: 'NoneType' object has no attribute 'getProperty'
2025-10-26 02:17:56,811 - WARNING - Warning: 'NoneType' object has no attribute 'getProperty'
2025-10-26 02:17:58,171 - WARNING - Warning: 'NoneType' object has no attribute 'getProperty'
2025-10-26 02:18:00,443 - WARNING - Warning: 'NoneType' object has no attribute 'getProperty'
2025-10-26 02:18:05,833 - WARNING - Warning: 'NoneType' object has no attribute 'getProperty'
2025-10-26 02:18:08,052 - WARNING - Warning: 'NoneType' object has no attribute 'getProperty'
2025-10-26 02:18:11,371 - WARNING - Warning: 'NoneType' object has no attribute 'getProperty'
2025-10-26 02:18:12,650 - WARNING - Warning: 'NoneType' object has no attribute 'getProperty'
2025-10-26 02:18:13,682 - WARNING - Warning: 'NoneType' object has no attribute 'getProperty'
2025-10-26 02:18:14,870 - WARNING - Warning: 'NoneType' object has no attribute 'getProperty'
2025-10-26 02:18:14,882 - INFO - End Page Analysis | Total Card: 32| Total Scrape: 32
2025-10-26 02:18:18,202 - WARNING - Warning: 'NoneType' object has no attribute 'getProperty'
2025-10-26 02:18:20,437 - WARNING - Warning: 'NoneType' object has no attribute 'getProperty'
2025-10-26 02:18:22,911 - WARNING - Warning: 'NoneType' object has no attribute 'getProperty'
2025-10-26 02:18:24,443 - WARNING - Warning: 'NoneType' object has no attribute 'getProperty'
2025-10-26 02:18:26,980 - WARNING - Warning: 'NoneType' object has no attribute 'getProperty'
2025-10-26 02:18:35,027 - WARNING - Warning: 'NoneType' object has no attribute 'getProperty'
2025-10-26 02:18:36,851 - WARNING - Warning: 'NoneType' object has no attribute 'getProperty'
2025-10-26 02:18:40,998 - WARNING - Warning: 'NoneType' object has no attribute 'getProperty'
2025-10-26 02:18:42,444 - WARNING - Warning: 'NoneType' object has no attribute 'getProperty'
2025-10-26 02:18:48,674 - WARNING - Warning: 'NoneType' object has no attribute 'getProperty'
2025-10-26 02:18:53,615 - WARNING - Warning: 'NoneType' object has no attribute 'getProperty'
2025-10-26 02:18:54,995 - WARNING - Warning: 'NoneType' object has no attribute 'getProperty'
2025-10-26 02:18:57,603 - WARNING - Warning: 'NoneType' object has no attribute 'getProperty'
2025-10-26 02:18:57,629 - INFO - End Page Analysis | Total Card: 32| Total Scrape: 32
2025-10-26 02:19:03,755 - WARNING - Warning: 'NoneType' object has no attribute 'getProperty'
2025-10-26 02:19:07,681 - WARNING - Warning: 'NoneType' object has no attribute 'getProperty'
2025-10-26 02:19:10,225 - WARNING - Warning: 'NoneType' object has no attribute 'getProperty'
2025-10-26 02:19:11,644 - WARNING - Warning: 'NoneType' object has no attribute 'getProperty'
2025-10-26 02:19:14,229 - WARNING - Warning: 'NoneType' object has no attribute 'getProperty'
2025-10-26 02:19:15,879 - WARNING - Warning: 'NoneType' object has no attribute 'getProperty'
2025-10-26 02:19:17,353 - WARNING - Warning: 'NoneType' object has no attribute 'getProperty'
2025-10-26 02:19:24,612 - WARNING - Warning: 'NoneType' object has no attribute 'getProperty'
2025-10-26 02:19:27,242 - WARNING - Warning: 'NoneType' object has no attribute 'getProperty'
2025-10-26 02:19:28,708 - WARNING - Warning: 'NoneType' object has no attribute 'getProperty'
2025-10-26 02:19:38,258 - WARNING - Warning: 'NoneType' object has no attribute 'getProperty'
2025-10-26 02:19:40,847 - WARNING - Warning: 'NoneType' object has no attribute 'getProperty'
2025-10-26 02:19:42,461 - WARNING - Warning: 'NoneType' object has no attribute 'getProperty'
2025-10-26 02:19:43,892 - WARNING - Warning: 'NoneType' object has no attribute 'getProperty'
2025-10-26 02:19:43,906 - INFO - End Page Analysis | Total Card: 32| Total Scrape: 32
2025-10-26 02:19:47,445 - WARNING - Warning: 'NoneType' object has no attribute 'getProperty'
2025-10-26 02:19:52,308 - WARNING - Warning: 'NoneType' object has no attribute 'getProperty'
2025-10-26 02:19:53,907 - WARNING - Warning: 'NoneType' object has no attribute 'getProperty'
2025-10-26 02:20:10,907 - WARNING - Warning: 'NoneType' object has no attribute 'getProperty'
2025-10-26 02:20:12,382 - WARNING - Warning: Unsupported relative time format
2025-10-26 02:20:16,893 - WARNING - Warning: 'NoneType' object has no attribute 'getProperty'
2025-10-26 02:20:18,173 - WARNING - Warning: 'NoneType' object has no attribute 'getProperty'
2025-10-26 02:20:19,551 - WARNING - Warning: 'NoneType' object has no attribute 'getProperty'
2025-10-26 02:20:20,977 - WARNING - Warning: 'NoneType' object has no attribute 'getProperty'
2025-10-26 02:20:22,522 - WARNING - Warning: 'NoneType' object has no attribute 'getProperty'
2025-10-26 02:20:23,846 - WARNING - Warning: 'NoneType' object has no attribute 'getProperty'
2025-10-26 02:20:25,386 - WARNING - Warning: 'NoneType' object has no attribute 'getProperty'
2025-10-26 02:20:26,905 - WARNING - Warning: 'NoneType' object has no attribute 'getProperty'
2025-10-26 02:20:28,447 - WARNING - Warning: 'NoneType' object has no attribute 'getProperty'
2025-10-26 02:20:29,875 - WARNING - Warning: 'NoneType' object has no attribute 'getProperty'
2025-10-26 02:20:32,891 - WARNING - Warning: 'NoneType' object has no attribute 'getProperty'
2025-10-26 02:20:32,906 - INFO - End Page Analysis | Total Card: 32| Total Scrape: 32
2025-10-26 02:20:36,629 - WARNING - Warning: 'NoneType' object has no attribute 'getProperty'
2025-10-26 02:20:38,292 - WARNING - Warning: 'NoneType' object has no attribute 'getProperty'
2025-10-26 02:20:41,331 - WARNING - Warning: 'NoneType' object has no attribute 'getProperty'
2025-10-26 02:20:46,264 - WARNING - Warning: 'NoneType' object has no attribute 'getProperty'
2025-10-26 02:20:49,264 - WARNING - Warning: 'NoneType' object has no attribute 'getProperty'
2025-10-26 02:20:50,763 - WARNING - Warning: 'NoneType' object has no attribute 'getProperty'
2025-10-26 02:20:52,324 - WARNING - Warning: 'NoneType' object has no attribute 'getProperty'
2025-10-26 02:20:56,671 - WARNING - Warning: 'NoneType' object has no attribute 'getProperty'
2025-10-26 02:20:59,855 - WARNING - Warning: 'NoneType' object has no attribute 'getProperty'
2025-10-26 02:21:01,795 - WARNING - Warning: 'NoneType' object has no attribute 'getProperty'
2025-10-26 02:21:03,483 - WARNING - Warning: 'NoneType' object has no attribute 'getProperty'
2025-10-26 02:21:09,898 - WARNING - Warning: 'NoneType' object has no attribute 'getProperty'
2025-10-26 02:21:11,404 - WARNING - Warning: 'NoneType' object has no attribute 'getProperty'
2025-10-26 02:21:16,486 - WARNING - Warning: 'NoneType' object has no attribute 'getProperty'
2025-10-26 02:21:19,901 - WARNING - Warning: 'NoneType' object has no attribute 'getProperty'
2025-10-26 02:21:21,935 - WARNING - Warning: 'NoneType' object has no attribute 'getProperty'
2025-10-26 02:21:23,703 - WARNING - Warning: 'NoneType' object has no attribute 'getProperty'
2025-10-26 02:21:25,585 - WARNING - Warning: 'NoneType' object has no attribute 'getProperty'
2025-10-26 02:21:27,332 - INFO - End Page Analysis | Total Card: 32| Total Scrape: 32
2025-10-26 02:21:29,530 - INFO - End Full Analysis | Total Card: 160| Total Scrape: 160
2025-10-26 02:21:29,530 - INFO - terminate chrome process...
2025-10-26 02:21:30,352 - INFO - CSV written successfully
2025-10-26 02:21:30,352 - INFO - Wrote CSV with 800 rows to /home/runner/work/Skillsgauge/Skillsgauge/bronze_datasets/JS/js_2025_10_26.csv
2025-10-26 02:21:30,353 - INFO - Scrapper Ended successfully
