2025-09-07 01:56:45,558 - INFO - Scraper started
2025-09-07 01:57:01,146 - INFO - Browser listening on: ws://127.0.0.1:55497/devtools/browser/9b0cf88b-a55a-4de8-b33c-01b5b120ca36
2025-09-07 01:57:13,018 - WARNING - Warning: 'NoneType' object has no attribute 'getProperty'
2025-09-07 01:57:16,368 - WARNING - Warning: 'NoneType' object has no attribute 'getProperty'
2025-09-07 01:57:17,849 - WARNING - Warning: 'NoneType' object has no attribute 'getProperty'
2025-09-07 01:57:20,979 - WARNING - Warning: 'NoneType' object has no attribute 'getProperty'
2025-09-07 01:57:22,463 - WARNING - Warning: 'NoneType' object has no attribute 'getProperty'
2025-09-07 01:57:23,849 - WARNING - Warning: 'NoneType' object has no attribute 'getProperty'
2025-09-07 01:57:25,787 - WARNING - Warning: 'NoneType' object has no attribute 'getProperty'
2025-09-07 01:57:30,422 - WARNING - Warning: 'NoneType' object has no attribute 'getProperty'
2025-09-07 01:57:34,262 - WARNING - Warning: 'NoneType' object has no attribute 'getProperty'
2025-09-07 01:57:35,963 - WARNING - Warning: 'NoneType' object has no attribute 'getProperty'
2025-09-07 01:57:37,488 - WARNING - Warning: 'NoneType' object has no attribute 'getProperty'
2025-09-07 01:57:40,558 - WARNING - Warning: 'NoneType' object has no attribute 'getProperty'
2025-09-07 01:57:44,921 - WARNING - Warning: 'NoneType' object has no attribute 'getProperty'
2025-09-07 01:57:49,294 - WARNING - Warning: 'NoneType' object has no attribute 'getProperty'
2025-09-07 01:57:52,826 - WARNING - Warning: 'NoneType' object has no attribute 'getProperty'
2025-09-07 01:57:54,180 - WARNING - Warning: 'NoneType' object has no attribute 'getProperty'
2025-09-07 01:57:57,559 - WARNING - Warning: 'NoneType' object has no attribute 'getProperty'
2025-09-07 01:57:58,965 - WARNING - Warning: 'NoneType' object has no attribute 'getProperty'
2025-09-07 01:58:00,176 - WARNING - Warning: 'NoneType' object has no attribute 'getProperty'
2025-09-07 01:58:00,189 - INFO - End Page Analysis | Total Card: 32| Total Scrape: 32
2025-09-07 01:58:05,939 - WARNING - Warning: 'NoneType' object has no attribute 'getProperty'
2025-09-07 01:58:10,257 - WARNING - Warning: 'NoneType' object has no attribute 'getProperty'
2025-09-07 01:58:11,591 - WARNING - Warning: 'NoneType' object has no attribute 'getProperty'
2025-09-07 01:58:17,473 - WARNING - Warning: 'NoneType' object has no attribute 'getProperty'
2025-09-07 01:58:22,613 - WARNING - Warning: 'NoneType' object has no attribute 'getProperty'
2025-09-07 01:58:28,324 - WARNING - Warning: 'NoneType' object has no attribute 'getProperty'
2025-09-07 01:58:29,940 - WARNING - Warning: 'NoneType' object has no attribute 'getProperty'
2025-09-07 01:58:31,330 - WARNING - Warning: 'NoneType' object has no attribute 'getProperty'
2025-09-07 01:58:33,246 - WARNING - Warning: 'NoneType' object has no attribute 'getProperty'
2025-09-07 01:58:37,214 - WARNING - Warning: 'NoneType' object has no attribute 'getProperty'
2025-09-07 01:58:38,414 - WARNING - Warning: 'NoneType' object has no attribute 'getProperty'
2025-09-07 01:58:39,993 - WARNING - Warning: 'NoneType' object has no attribute 'getProperty'
2025-09-07 01:58:41,257 - WARNING - Warning: 'NoneType' object has no attribute 'getProperty'
2025-09-07 01:58:42,677 - WARNING - Warning: 'NoneType' object has no attribute 'getProperty'
2025-09-07 01:58:43,825 - WARNING - Warning: 'NoneType' object has no attribute 'getProperty'
2025-09-07 01:58:45,113 - WARNING - Warning: 'NoneType' object has no attribute 'getProperty'
2025-09-07 01:58:46,674 - INFO - End Page Analysis | Total Card: 32| Total Scrape: 32
2025-09-07 01:58:52,834 - WARNING - Warning: 'NoneType' object has no attribute 'getProperty'
2025-09-07 01:58:55,476 - WARNING - Warning: 'NoneType' object has no attribute 'getProperty'
2025-09-07 01:58:56,905 - WARNING - Warning: 'NoneType' object has no attribute 'getProperty'
2025-09-07 01:59:03,152 - WARNING - Warning: 'NoneType' object has no attribute 'getProperty'
2025-09-07 01:59:07,405 - WARNING - Warning: 'NoneType' object has no attribute 'getProperty'
2025-09-07 01:59:10,310 - WARNING - Warning: 'NoneType' object has no attribute 'getProperty'
2025-09-07 01:59:11,827 - WARNING - Warning: 'NoneType' object has no attribute 'getProperty'
2025-09-07 01:59:14,846 - WARNING - Warning: 'NoneType' object has no attribute 'getProperty'
2025-09-07 01:59:17,629 - WARNING - Warning: 'NoneType' object has no attribute 'getProperty'
2025-09-07 01:59:19,317 - WARNING - Warning: 'NoneType' object has no attribute 'getProperty'
2025-09-07 01:59:21,026 - WARNING - Warning: 'NoneType' object has no attribute 'getProperty'
2025-09-07 01:59:25,562 - WARNING - Warning: 'NoneType' object has no attribute 'getProperty'
2025-09-07 01:59:27,065 - WARNING - Warning: 'NoneType' object has no attribute 'getProperty'
2025-09-07 01:59:32,717 - WARNING - Warning: 'NoneType' object has no attribute 'getProperty'
2025-09-07 01:59:35,471 - INFO - End Page Analysis | Total Card: 32| Total Scrape: 32
2025-09-07 01:59:40,603 - WARNING - Warning: 'NoneType' object has no attribute 'getProperty'
2025-09-07 01:59:47,743 - WARNING - Warning: 'NoneType' object has no attribute 'getProperty'
2025-09-07 01:59:49,412 - WARNING - Warning: 'NoneType' object has no attribute 'getProperty'
2025-09-07 01:59:50,767 - WARNING - Warning: 'NoneType' object has no attribute 'getProperty'
2025-09-07 02:00:01,062 - WARNING - Warning: 'NoneType' object has no attribute 'getProperty'
2025-09-07 02:00:06,707 - WARNING - Warning: 'NoneType' object has no attribute 'getProperty'
2025-09-07 02:00:11,797 - WARNING - Warning: 'NoneType' object has no attribute 'getProperty'
2025-09-07 02:00:15,047 - WARNING - Warning: 'NoneType' object has no attribute 'getProperty'
2025-09-07 02:00:21,180 - WARNING - Warning: 'NoneType' object has no attribute 'getProperty'
2025-09-07 02:00:25,544 - WARNING - Warning: 'NoneType' object has no attribute 'getProperty'
2025-09-07 02:00:30,119 - WARNING - Warning: 'NoneType' object has no attribute 'getProperty'
2025-09-07 02:00:35,065 - WARNING - Warning: 'NoneType' object has no attribute 'getProperty'
2025-09-07 02:00:35,077 - INFO - End Page Analysis | Total Card: 32| Total Scrape: 32
2025-09-07 02:00:39,397 - WARNING - Warning: 'NoneType' object has no attribute 'getProperty'
2025-09-07 02:00:42,812 - WARNING - Warning: 'NoneType' object has no attribute 'getProperty'
2025-09-07 02:00:44,400 - WARNING - Warning: 'NoneType' object has no attribute 'getProperty'
2025-09-07 02:00:46,027 - WARNING - Warning: 'NoneType' object has no attribute 'getProperty'
2025-09-07 02:00:59,498 - WARNING - Warning: 'NoneType' object has no attribute 'getProperty'
2025-09-07 02:01:01,473 - WARNING - Warning: 'NoneType' object has no attribute 'getProperty'
2025-09-07 02:01:03,150 - WARNING - Warning: 'NoneType' object has no attribute 'getProperty'
2025-09-07 02:01:05,227 - WARNING - Warning: 'NoneType' object has no attribute 'getProperty'
2025-09-07 02:01:08,800 - WARNING - Warning: 'NoneType' object has no attribute 'getProperty'
2025-09-07 02:01:10,583 - WARNING - Warning: 'NoneType' object has no attribute 'getProperty'
2025-09-07 02:01:12,513 - WARNING - Warning: 'NoneType' object has no attribute 'getProperty'
2025-09-07 02:01:14,667 - WARNING - Warning: 'NoneType' object has no attribute 'getProperty'
2025-09-07 02:01:16,360 - WARNING - Warning: 'NoneType' object has no attribute 'getProperty'
2025-09-07 02:01:18,049 - WARNING - Warning: 'NoneType' object has no attribute 'getProperty'
2025-09-07 02:01:19,745 - WARNING - Warning: 'NoneType' object has no attribute 'getProperty'
2025-09-07 02:01:22,113 - WARNING - Warning: 'NoneType' object has no attribute 'getProperty'
2025-09-07 02:01:23,795 - WARNING - Warning: 'NoneType' object has no attribute 'getProperty'
2025-09-07 02:01:25,557 - WARNING - Warning: 'NoneType' object has no attribute 'getProperty'
2025-09-07 02:01:27,355 - WARNING - Warning: 'NoneType' object has no attribute 'getProperty'
2025-09-07 02:01:33,175 - WARNING - Warning: 'NoneType' object has no attribute 'getProperty'
2025-09-07 02:01:37,144 - INFO - End Page Analysis | Total Card: 32| Total Scrape: 32
2025-09-07 02:01:39,337 - INFO - End Full Analysis | Total Card: 160| Total Scrape: 160
2025-09-07 02:01:47,296 - WARNING - Warning: 'NoneType' object has no attribute 'getProperty'
2025-09-07 02:01:50,041 - WARNING - Warning: 'NoneType' object has no attribute 'getProperty'
2025-09-07 02:01:52,429 - WARNING - Warning: 'NoneType' object has no attribute 'getProperty'
2025-09-07 02:01:56,770 - WARNING - Warning: 'NoneType' object has no attribute 'getProperty'
2025-09-07 02:02:00,361 - WARNING - Warning: 'NoneType' object has no attribute 'getProperty'
2025-09-07 02:02:06,718 - WARNING - Warning: 'NoneType' object has no attribute 'getProperty'
2025-09-07 02:02:09,363 - WARNING - Warning: 'NoneType' object has no attribute 'getProperty'
2025-09-07 02:02:11,983 - WARNING - Warning: 'NoneType' object has no attribute 'getProperty'
2025-09-07 02:02:13,767 - WARNING - Warning: 'NoneType' object has no attribute 'getProperty'
2025-09-07 02:02:18,370 - WARNING - Warning: 'NoneType' object has no attribute 'getProperty'
2025-09-07 02:02:20,587 - WARNING - Warning: 'NoneType' object has no attribute 'getProperty'
2025-09-07 02:02:25,288 - WARNING - Warning: 'NoneType' object has no attribute 'getProperty'
2025-09-07 02:02:32,383 - WARNING - Warning: 'NoneType' object has no attribute 'getProperty'
2025-09-07 02:02:34,368 - WARNING - Warning: 'NoneType' object has no attribute 'getProperty'
2025-09-07 02:02:34,379 - INFO - End Page Analysis | Total Card: 32| Total Scrape: 32
2025-09-07 02:02:39,106 - WARNING - Warning: 'NoneType' object has no attribute 'getProperty'
2025-09-07 02:02:42,374 - WARNING - Warning: 'NoneType' object has no attribute 'getProperty'
2025-09-07 02:02:44,006 - WARNING - Warning: 'NoneType' object has no attribute 'getProperty'
2025-09-07 02:02:45,825 - WARNING - Warning: 'NoneType' object has no attribute 'getProperty'
2025-09-07 02:02:47,265 - WARNING - Warning: 'NoneType' object has no attribute 'getProperty'
2025-09-07 02:02:51,553 - WARNING - Warning: 'NoneType' object has no attribute 'getProperty'
2025-09-07 02:02:52,836 - WARNING - Warning: 'NoneType' object has no attribute 'getProperty'
2025-09-07 02:02:54,119 - WARNING - Warning: 'NoneType' object has no attribute 'getProperty'
2025-09-07 02:02:56,876 - WARNING - Warning: 'NoneType' object has no attribute 'getProperty'
2025-09-07 02:02:58,190 - WARNING - Warning: 'NoneType' object has no attribute 'getProperty'
2025-09-07 02:03:09,961 - WARNING - Warning: 'NoneType' object has no attribute 'getProperty'
2025-09-07 02:03:13,311 - WARNING - Warning: 'NoneType' object has no attribute 'getProperty'
2025-09-07 02:03:15,237 - WARNING - Warning: 'NoneType' object has no attribute 'getProperty'
2025-09-07 02:03:16,533 - WARNING - Warning: 'NoneType' object has no attribute 'getProperty'
2025-09-07 02:03:19,599 - WARNING - Warning: 'NoneType' object has no attribute 'getProperty'
2025-09-07 02:03:22,734 - WARNING - Warning: 'NoneType' object has no attribute 'getProperty'
2025-09-07 02:03:22,744 - WARNING - Warning: Unsupported relative time format
2025-09-07 02:03:24,936 - INFO - End Page Analysis | Total Card: 32| Total Scrape: 32
2025-09-07 02:03:33,113 - WARNING - Warning: 'NoneType' object has no attribute 'getProperty'
2025-09-07 02:03:35,899 - WARNING - Warning: 'NoneType' object has no attribute 'getProperty'
2025-09-07 02:03:37,370 - WARNING - Warning: 'NoneType' object has no attribute 'getProperty'
2025-09-07 02:03:42,432 - WARNING - Warning: 'NoneType' object has no attribute 'getProperty'
2025-09-07 02:03:50,260 - WARNING - Warning: 'NoneType' object has no attribute 'getProperty'
2025-09-07 02:03:56,260 - WARNING - Warning: 'NoneType' object has no attribute 'getProperty'
2025-09-07 02:04:01,586 - WARNING - Warning: 'NoneType' object has no attribute 'getProperty'
2025-09-07 02:04:03,111 - WARNING - Warning: 'NoneType' object has no attribute 'getProperty'
2025-09-07 02:04:05,018 - WARNING - Warning: 'NoneType' object has no attribute 'getProperty'
2025-09-07 02:04:08,315 - WARNING - Warning: 'NoneType' object has no attribute 'getProperty'
2025-09-07 02:04:12,927 - WARNING - Warning: 'NoneType' object has no attribute 'getProperty'
2025-09-07 02:04:16,353 - WARNING - Warning: 'NoneType' object has no attribute 'getProperty'
2025-09-07 02:04:16,364 - INFO - End Page Analysis | Total Card: 32| Total Scrape: 32
2025-09-07 02:04:20,014 - WARNING - Warning: 'NoneType' object has no attribute 'getProperty'
2025-09-07 02:04:27,646 - WARNING - Warning: 'NoneType' object has no attribute 'getProperty'
2025-09-07 02:04:29,179 - WARNING - Warning: 'NoneType' object has no attribute 'getProperty'
2025-09-07 02:04:33,333 - WARNING - Warning: 'NoneType' object has no attribute 'getProperty'
2025-09-07 02:04:36,736 - WARNING - Warning: 'NoneType' object has no attribute 'getProperty'
2025-09-07 02:04:39,989 - WARNING - Warning: 'NoneType' object has no attribute 'getProperty'
2025-09-07 02:04:43,097 - WARNING - Warning: 'NoneType' object has no attribute 'getProperty'
2025-09-07 02:04:44,713 - WARNING - Warning: 'NoneType' object has no attribute 'getProperty'
2025-09-07 02:04:47,877 - WARNING - Warning: 'NoneType' object has no attribute 'getProperty'
2025-09-07 02:04:49,373 - WARNING - Warning: 'NoneType' object has no attribute 'getProperty'
2025-09-07 02:04:53,219 - WARNING - Warning: 'NoneType' object has no attribute 'getProperty'
2025-09-07 02:04:57,990 - WARNING - Warning: 'NoneType' object has no attribute 'getProperty'
2025-09-07 02:05:06,767 - WARNING - Warning: 'NoneType' object has no attribute 'getProperty'
2025-09-07 02:05:08,486 - WARNING - Warning: 'NoneType' object has no attribute 'getProperty'
2025-09-07 02:05:11,797 - WARNING - Warning: 'NoneType' object has no attribute 'getProperty'
2025-09-07 02:05:11,809 - INFO - End Page Analysis | Total Card: 32| Total Scrape: 32
2025-09-07 02:05:19,068 - WARNING - Warning: 'NoneType' object has no attribute 'getProperty'
2025-09-07 02:05:20,696 - WARNING - Warning: 'NoneType' object has no attribute 'getProperty'
2025-09-07 02:05:24,110 - WARNING - Warning: 'NoneType' object has no attribute 'getProperty'
2025-09-07 02:05:25,958 - WARNING - Warning: 'NoneType' object has no attribute 'getProperty'
2025-09-07 02:05:29,413 - WARNING - Warning: 'NoneType' object has no attribute 'getProperty'
2025-09-07 02:05:32,806 - WARNING - Warning: 'NoneType' object has no attribute 'getProperty'
2025-09-07 02:05:41,067 - WARNING - Warning: 'NoneType' object has no attribute 'getProperty'
2025-09-07 02:05:47,902 - WARNING - Warning: 'NoneType' object has no attribute 'getProperty'
2025-09-07 02:05:49,624 - WARNING - Warning: 'NoneType' object has no attribute 'getProperty'
2025-09-07 02:05:51,861 - WARNING - Warning: 'NoneType' object has no attribute 'getProperty'
2025-09-07 02:05:55,326 - WARNING - Warning: 'NoneType' object has no attribute 'getProperty'
2025-09-07 02:05:57,149 - WARNING - Warning: 'NoneType' object has no attribute 'getProperty'
2025-09-07 02:05:59,427 - WARNING - Warning: 'NoneType' object has no attribute 'getProperty'
2025-09-07 02:06:07,025 - WARNING - Warning: 'NoneType' object has no attribute 'getProperty'
2025-09-07 02:06:12,391 - INFO - End Page Analysis | Total Card: 32| Total Scrape: 32
2025-09-07 02:06:14,597 - INFO - End Full Analysis | Total Card: 160| Total Scrape: 160
2025-09-07 02:06:25,537 - WARNING - Warning: 'NoneType' object has no attribute 'getProperty'
2025-09-07 02:06:30,852 - WARNING - Warning: 'NoneType' object has no attribute 'getProperty'
2025-09-07 02:06:32,132 - WARNING - Warning: 'NoneType' object has no attribute 'getProperty'
2025-09-07 02:06:36,448 - WARNING - Warning: 'NoneType' object has no attribute 'getProperty'
2025-09-07 02:06:37,682 - WARNING - Warning: 'NoneType' object has no attribute 'getProperty'
2025-09-07 02:06:38,794 - WARNING - Warning: 'NoneType' object has no attribute 'getProperty'
2025-09-07 02:06:41,374 - WARNING - Warning: 'NoneType' object has no attribute 'getProperty'
2025-09-07 02:06:42,645 - WARNING - Warning: 'NoneType' object has no attribute 'getProperty'
2025-09-07 02:06:45,453 - WARNING - Warning: 'NoneType' object has no attribute 'getProperty'
2025-09-07 02:06:51,874 - WARNING - Warning: 'NoneType' object has no attribute 'getProperty'
2025-09-07 02:06:53,286 - WARNING - Warning: 'NoneType' object has no attribute 'getProperty'
2025-09-07 02:06:54,727 - WARNING - Warning: 'NoneType' object has no attribute 'getProperty'
2025-09-07 02:06:59,298 - WARNING - Warning: 'NoneType' object has no attribute 'getProperty'
2025-09-07 02:07:02,837 - INFO - End Page Analysis | Total Card: 32| Total Scrape: 32
2025-09-07 02:07:07,218 - WARNING - Warning: 'NoneType' object has no attribute 'getProperty'
2025-09-07 02:07:11,414 - WARNING - Warning: 'NoneType' object has no attribute 'getProperty'
2025-09-07 02:07:14,136 - WARNING - Warning: 'NoneType' object has no attribute 'getProperty'
2025-09-07 02:07:18,833 - WARNING - Warning: 'NoneType' object has no attribute 'getProperty'
2025-09-07 02:07:21,569 - WARNING - Warning: 'NoneType' object has no attribute 'getProperty'
2025-09-07 02:07:24,398 - WARNING - Warning: 'NoneType' object has no attribute 'getProperty'
2025-09-07 02:07:33,401 - WARNING - Warning: Unsupported relative time format
2025-09-07 02:07:37,665 - WARNING - Warning: 'NoneType' object has no attribute 'getProperty'
2025-09-07 02:07:39,129 - WARNING - Warning: 'NoneType' object has no attribute 'getProperty'
2025-09-07 02:07:43,161 - WARNING - Warning: 'NoneType' object has no attribute 'getProperty'
2025-09-07 02:07:45,944 - WARNING - Warning: 'NoneType' object has no attribute 'getProperty'
2025-09-07 02:07:47,201 - WARNING - Warning: 'NoneType' object has no attribute 'getProperty'
2025-09-07 02:07:48,674 - WARNING - Warning: 'NoneType' object has no attribute 'getProperty'
2025-09-07 02:07:50,683 - INFO - End Page Analysis | Total Card: 32| Total Scrape: 32
2025-09-07 02:07:55,268 - WARNING - Warning: 'NoneType' object has no attribute 'getProperty'
2025-09-07 02:08:00,931 - WARNING - Warning: 'NoneType' object has no attribute 'getProperty'
2025-09-07 02:08:02,475 - WARNING - Warning: 'NoneType' object has no attribute 'getProperty'
2025-09-07 02:08:07,880 - WARNING - Warning: 'NoneType' object has no attribute 'getProperty'
2025-09-07 02:08:10,773 - WARNING - Warning: 'NoneType' object has no attribute 'getProperty'
2025-09-07 02:08:13,872 - WARNING - Warning: 'NoneType' object has no attribute 'getProperty'
2025-09-07 02:08:21,333 - WARNING - Warning: 'NoneType' object has no attribute 'getProperty'
2025-09-07 02:08:22,834 - WARNING - Warning: 'NoneType' object has no attribute 'getProperty'
2025-09-07 02:08:27,153 - WARNING - Warning: 'NoneType' object has no attribute 'getProperty'
2025-09-07 02:08:28,624 - WARNING - Warning: 'NoneType' object has no attribute 'getProperty'
2025-09-07 02:08:30,035 - WARNING - Warning: 'NoneType' object has no attribute 'getProperty'
2025-09-07 02:08:33,530 - WARNING - Warning: 'NoneType' object has no attribute 'getProperty'
2025-09-07 02:08:36,418 - WARNING - Warning: 'NoneType' object has no attribute 'getProperty'
2025-09-07 02:08:37,917 - WARNING - Warning: 'NoneType' object has no attribute 'getProperty'
2025-09-07 02:08:39,492 - INFO - End Page Analysis | Total Card: 32| Total Scrape: 32
2025-09-07 02:08:42,953 - WARNING - Warning: 'NoneType' object has no attribute 'getProperty'
2025-09-07 02:08:46,733 - WARNING - Warning: 'NoneType' object has no attribute 'getProperty'
2025-09-07 02:08:48,184 - WARNING - Warning: 'NoneType' object has no attribute 'getProperty'
2025-09-07 02:08:56,612 - WARNING - Warning: 'NoneType' object has no attribute 'getProperty'
2025-09-07 02:08:59,799 - WARNING - Warning: 'NoneType' object has no attribute 'getProperty'
2025-09-07 02:09:04,468 - WARNING - Warning: 'NoneType' object has no attribute 'getProperty'
2025-09-07 02:09:12,947 - WARNING - Warning: 'NoneType' object has no attribute 'getProperty'
2025-09-07 02:09:16,171 - WARNING - Warning: 'NoneType' object has no attribute 'getProperty'
2025-09-07 02:09:20,069 - WARNING - Warning: 'NoneType' object has no attribute 'getProperty'
2025-09-07 02:09:21,730 - WARNING - Warning: 'NoneType' object has no attribute 'getProperty'
2025-09-07 02:09:23,302 - WARNING - Warning: 'NoneType' object has no attribute 'getProperty'
2025-09-07 02:09:27,460 - WARNING - Warning: 'NoneType' object has no attribute 'getProperty'
2025-09-07 02:09:31,500 - WARNING - Warning: 'NoneType' object has no attribute 'getProperty'
2025-09-07 02:09:33,180 - WARNING - Warning: 'NoneType' object has no attribute 'getProperty'
2025-09-07 02:09:36,526 - WARNING - Warning: 'NoneType' object has no attribute 'getProperty'
2025-09-07 02:09:36,539 - INFO - End Page Analysis | Total Card: 32| Total Scrape: 32
2025-09-07 02:09:40,503 - WARNING - Warning: 'NoneType' object has no attribute 'getProperty'
2025-09-07 02:09:52,568 - WARNING - Warning: 'NoneType' object has no attribute 'getProperty'
2025-09-07 02:09:55,921 - WARNING - Warning: 'NoneType' object has no attribute 'getProperty'
2025-09-07 02:09:59,709 - WARNING - Warning: 'NoneType' object has no attribute 'getProperty'
2025-09-07 02:10:05,101 - WARNING - Warning: 'NoneType' object has no attribute 'getProperty'
2025-09-07 02:10:14,499 - WARNING - Warning: 'NoneType' object has no attribute 'getProperty'
2025-09-07 02:10:24,018 - WARNING - Warning: 'NoneType' object has no attribute 'getProperty'
2025-09-07 02:10:27,763 - WARNING - Warning: 'NoneType' object has no attribute 'getProperty'
2025-09-07 02:10:39,462 - INFO - End Page Analysis | Total Card: 32| Total Scrape: 32
2025-09-07 02:10:41,713 - INFO - End Full Analysis | Total Card: 160| Total Scrape: 160
2025-09-07 02:10:54,370 - WARNING - Warning: 'NoneType' object has no attribute 'getProperty'
2025-09-07 02:10:58,626 - WARNING - Warning: 'NoneType' object has no attribute 'getProperty'
2025-09-07 02:11:01,402 - WARNING - Warning: 'NoneType' object has no attribute 'getProperty'
2025-09-07 02:11:02,896 - WARNING - Warning: 'NoneType' object has no attribute 'getProperty'
2025-09-07 02:11:05,636 - WARNING - Warning: 'NoneType' object has no attribute 'getProperty'
2025-09-07 02:11:06,814 - WARNING - Warning: 'NoneType' object has no attribute 'getProperty'
2025-09-07 02:11:08,135 - WARNING - Warning: 'NoneType' object has no attribute 'getProperty'
2025-09-07 02:11:12,605 - WARNING - Warning: 'NoneType' object has no attribute 'getProperty'
2025-09-07 02:11:15,280 - WARNING - Warning: 'NoneType' object has no attribute 'getProperty'
2025-09-07 02:11:21,748 - WARNING - Warning: 'NoneType' object has no attribute 'getProperty'
2025-09-07 02:11:30,937 - WARNING - Warning: 'NoneType' object has no attribute 'getProperty'
2025-09-07 02:11:32,283 - WARNING - Warning: 'NoneType' object has no attribute 'getProperty'
2025-09-07 02:11:32,296 - INFO - End Page Analysis | Total Card: 32| Total Scrape: 32
2025-09-07 02:11:35,633 - WARNING - Warning: 'NoneType' object has no attribute 'getProperty'
2025-09-07 02:11:37,444 - WARNING - Warning: 'NoneType' object has no attribute 'getProperty'
2025-09-07 02:11:39,004 - WARNING - Warning: 'NoneType' object has no attribute 'getProperty'
2025-09-07 02:11:40,328 - WARNING - Warning: 'NoneType' object has no attribute 'getProperty'
2025-09-07 02:11:42,849 - WARNING - Warning: 'NoneType' object has no attribute 'getProperty'
2025-09-07 02:11:44,678 - WARNING - Warning: 'NoneType' object has no attribute 'getProperty'
2025-09-07 02:11:46,128 - WARNING - Warning: 'NoneType' object has no attribute 'getProperty'
2025-09-07 02:11:47,535 - WARNING - Warning: 'NoneType' object has no attribute 'getProperty'
2025-09-07 02:11:53,080 - WARNING - Warning: 'NoneType' object has no attribute 'getProperty'
2025-09-07 02:11:55,820 - WARNING - Warning: 'NoneType' object has no attribute 'getProperty'
2025-09-07 02:12:00,105 - WARNING - Warning: 'NoneType' object has no attribute 'getProperty'
2025-09-07 02:12:02,896 - WARNING - Warning: 'NoneType' object has no attribute 'getProperty'
2025-09-07 02:12:04,050 - WARNING - Warning: 'NoneType' object has no attribute 'getProperty'
2025-09-07 02:12:12,520 - WARNING - Warning: 'NoneType' object has no attribute 'getProperty'
2025-09-07 02:12:14,087 - WARNING - Warning: 'NoneType' object has no attribute 'getProperty'
2025-09-07 02:12:16,878 - WARNING - Warning: 'NoneType' object has no attribute 'getProperty'
2025-09-07 02:12:18,346 - WARNING - Warning: 'NoneType' object has no attribute 'getProperty'
2025-09-07 02:12:19,868 - WARNING - Warning: 'NoneType' object has no attribute 'getProperty'
2025-09-07 02:12:21,236 - INFO - End Page Analysis | Total Card: 32| Total Scrape: 32
2025-09-07 02:12:27,535 - WARNING - Warning: 'NoneType' object has no attribute 'getProperty'
2025-09-07 02:12:32,103 - WARNING - Warning: 'NoneType' object has no attribute 'getProperty'
2025-09-07 02:12:44,602 - WARNING - Warning: 'NoneType' object has no attribute 'getProperty'
2025-09-07 02:12:46,179 - WARNING - Warning: 'NoneType' object has no attribute 'getProperty'
2025-09-07 02:12:50,681 - WARNING - Warning: 'NoneType' object has no attribute 'getProperty'
2025-09-07 02:12:52,209 - WARNING - Warning: 'NoneType' object has no attribute 'getProperty'
2025-09-07 02:12:54,263 - WARNING - Warning: 'NoneType' object has no attribute 'getProperty'
2025-09-07 02:13:00,155 - WARNING - Warning: 'NoneType' object has no attribute 'getProperty'
2025-09-07 02:13:08,440 - WARNING - Warning: 'NoneType' object has no attribute 'getProperty'
2025-09-07 02:13:13,327 - INFO - End Page Analysis | Total Card: 32| Total Scrape: 32
2025-09-07 02:13:18,555 - WARNING - Warning: 'NoneType' object has no attribute 'getProperty'
2025-09-07 02:13:19,878 - WARNING - Warning: 'NoneType' object has no attribute 'getProperty'
2025-09-07 02:13:26,094 - WARNING - Warning: 'NoneType' object has no attribute 'getProperty'
2025-09-07 02:13:35,192 - WARNING - Warning: 'NoneType' object has no attribute 'getProperty'
2025-09-07 02:13:42,274 - WARNING - Warning: 'NoneType' object has no attribute 'getProperty'
2025-09-07 02:13:43,780 - WARNING - Warning: 'NoneType' object has no attribute 'getProperty'
2025-09-07 02:13:47,207 - WARNING - Warning: 'NoneType' object has no attribute 'getProperty'
2025-09-07 02:13:51,924 - WARNING - Warning: 'NoneType' object has no attribute 'getProperty'
2025-09-07 02:14:00,111 - WARNING - Warning: 'NoneType' object has no attribute 'getProperty'
2025-09-07 02:14:01,796 - WARNING - Warning: 'NoneType' object has no attribute 'getProperty'
2025-09-07 02:14:07,453 - WARNING - Warning: 'NoneType' object has no attribute 'getProperty'
2025-09-07 02:14:09,584 - WARNING - Warning: 'NoneType' object has no attribute 'getProperty'
2025-09-07 02:14:11,977 - INFO - End Page Analysis | Total Card: 32| Total Scrape: 32
2025-09-07 02:14:20,012 - WARNING - Warning: 'NoneType' object has no attribute 'getProperty'
2025-09-07 02:14:25,737 - WARNING - Warning: 'NoneType' object has no attribute 'getProperty'
2025-09-07 02:14:27,578 - WARNING - Warning: 'NoneType' object has no attribute 'getProperty'
2025-09-07 02:14:29,217 - WARNING - Warning: 'NoneType' object has no attribute 'getProperty'
2025-09-07 02:14:37,412 - WARNING - Warning: 'NoneType' object has no attribute 'getProperty'
2025-09-07 02:14:39,487 - WARNING - Warning: 'NoneType' object has no attribute 'getProperty'
2025-09-07 02:14:41,868 - WARNING - Warning: 'NoneType' object has no attribute 'getProperty'
2025-09-07 02:14:44,070 - WARNING - Warning: 'NoneType' object has no attribute 'getProperty'
2025-09-07 02:14:46,498 - WARNING - Warning: 'NoneType' object has no attribute 'getProperty'
2025-09-07 02:14:48,269 - WARNING - Warning: 'NoneType' object has no attribute 'getProperty'
2025-09-07 02:14:53,780 - WARNING - Warning: 'NoneType' object has no attribute 'getProperty'
2025-09-07 02:14:55,534 - WARNING - Warning: 'NoneType' object has no attribute 'getProperty'
2025-09-07 02:15:00,140 - WARNING - Warning: 'NoneType' object has no attribute 'getProperty'
2025-09-07 02:15:12,727 - WARNING - Warning: 'NoneType' object has no attribute 'getProperty'
2025-09-07 02:15:17,624 - WARNING - Warning: 'NoneType' object has no attribute 'getProperty'
2025-09-07 02:15:19,329 - INFO - End Page Analysis | Total Card: 32| Total Scrape: 32
2025-09-07 02:15:21,546 - INFO - End Full Analysis | Total Card: 160| Total Scrape: 160
2025-09-07 02:15:28,446 - WARNING - Warning: 'NoneType' object has no attribute 'getProperty'
2025-09-07 02:15:35,811 - WARNING - Warning: 'NoneType' object has no attribute 'getProperty'
2025-09-07 02:15:37,111 - WARNING - Warning: 'NoneType' object has no attribute 'getProperty'
2025-09-07 02:15:38,933 - WARNING - Warning: 'NoneType' object has no attribute 'getProperty'
2025-09-07 02:15:40,257 - WARNING - Warning: 'NoneType' object has no attribute 'getProperty'
2025-09-07 02:15:45,048 - WARNING - Warning: 'NoneType' object has no attribute 'getProperty'
2025-09-07 02:15:48,414 - WARNING - Warning: 'NoneType' object has no attribute 'getProperty'
2025-09-07 02:15:52,834 - WARNING - Warning: 'NoneType' object has no attribute 'getProperty'
2025-09-07 02:16:02,402 - WARNING - Warning: 'NoneType' object has no attribute 'getProperty'
2025-09-07 02:16:09,332 - WARNING - Warning: 'NoneType' object has no attribute 'getProperty'
2025-09-07 02:16:13,609 - WARNING - Warning: 'NoneType' object has no attribute 'getProperty'
2025-09-07 02:16:13,620 - INFO - End Page Analysis | Total Card: 32| Total Scrape: 32
2025-09-07 02:16:16,849 - WARNING - Warning: 'NoneType' object has no attribute 'getProperty'
2025-09-07 02:16:18,239 - WARNING - Warning: 'NoneType' object has no attribute 'getProperty'
2025-09-07 02:16:19,538 - WARNING - Warning: 'NoneType' object has no attribute 'getProperty'
2025-09-07 02:16:23,467 - WARNING - Warning: 'NoneType' object has no attribute 'getProperty'
2025-09-07 02:16:31,321 - WARNING - Warning: 'NoneType' object has no attribute 'getProperty'
2025-09-07 02:16:34,997 - WARNING - Warning: 'NoneType' object has no attribute 'getProperty'
2025-09-07 02:16:36,847 - WARNING - Warning: 'NoneType' object has no attribute 'getProperty'
2025-09-07 02:16:38,264 - WARNING - Warning: 'NoneType' object has no attribute 'getProperty'
2025-09-07 02:16:47,492 - WARNING - Warning: 'NoneType' object has no attribute 'getProperty'
2025-09-07 02:16:49,217 - WARNING - Warning: 'NoneType' object has no attribute 'getProperty'
2025-09-07 02:16:51,155 - WARNING - Warning: 'NoneType' object has no attribute 'getProperty'
2025-09-07 02:16:53,106 - WARNING - Warning: 'NoneType' object has no attribute 'getProperty'
2025-09-07 02:16:56,033 - WARNING - Warning: 'NoneType' object has no attribute 'getProperty'
2025-09-07 02:16:57,879 - WARNING - Warning: 'NoneType' object has no attribute 'getProperty'
2025-09-07 02:17:01,041 - WARNING - Warning: 'NoneType' object has no attribute 'getProperty'
2025-09-07 02:17:05,251 - WARNING - Warning: 'NoneType' object has no attribute 'getProperty'
2025-09-07 02:17:05,262 - INFO - End Page Analysis | Total Card: 32| Total Scrape: 32
2025-09-07 02:17:09,960 - WARNING - Warning: 'NoneType' object has no attribute 'getProperty'
2025-09-07 02:17:11,278 - WARNING - Warning: 'NoneType' object has no attribute 'getProperty'
2025-09-07 02:17:12,865 - WARNING - Warning: 'NoneType' object has no attribute 'getProperty'
2025-09-07 02:17:14,692 - WARNING - Warning: 'NoneType' object has no attribute 'getProperty'
2025-09-07 02:17:21,009 - WARNING - Warning: 'NoneType' object has no attribute 'getProperty'
2025-09-07 02:17:24,411 - WARNING - Warning: 'NoneType' object has no attribute 'getProperty'
2025-09-07 02:17:25,867 - WARNING - Warning: 'NoneType' object has no attribute 'getProperty'
2025-09-07 02:17:27,311 - WARNING - Warning: 'NoneType' object has no attribute 'getProperty'
2025-09-07 02:17:30,218 - WARNING - Warning: 'NoneType' object has no attribute 'getProperty'
2025-09-07 02:17:36,045 - WARNING - Warning: 'NoneType' object has no attribute 'getProperty'
2025-09-07 02:17:37,419 - WARNING - Warning: 'NoneType' object has no attribute 'getProperty'
2025-09-07 02:17:38,691 - WARNING - Warning: 'NoneType' object has no attribute 'getProperty'
2025-09-07 02:17:52,589 - WARNING - Warning: 'NoneType' object has no attribute 'getProperty'
2025-09-07 02:17:54,144 - WARNING - Warning: 'NoneType' object has no attribute 'getProperty'
2025-09-07 02:17:56,046 - WARNING - Warning: 'NoneType' object has no attribute 'getProperty'
2025-09-07 02:17:56,070 - INFO - End Page Analysis | Total Card: 32| Total Scrape: 32
2025-09-07 02:18:03,138 - WARNING - Warning: 'NoneType' object has no attribute 'getProperty'
2025-09-07 02:18:06,811 - WARNING - Warning: 'NoneType' object has no attribute 'getProperty'
2025-09-07 02:18:08,982 - WARNING - Warning: 'NoneType' object has no attribute 'getProperty'
2025-09-07 02:18:10,591 - WARNING - Warning: 'NoneType' object has no attribute 'getProperty'
2025-09-07 02:18:17,414 - WARNING - Warning: 'NoneType' object has no attribute 'getProperty'
2025-09-07 02:18:20,530 - WARNING - Warning: 'NoneType' object has no attribute 'getProperty'
2025-09-07 02:18:22,112 - WARNING - Warning: 'NoneType' object has no attribute 'getProperty'
2025-09-07 02:18:24,137 - WARNING - Warning: 'NoneType' object has no attribute 'getProperty'
2025-09-07 02:18:29,153 - WARNING - Warning: 'NoneType' object has no attribute 'getProperty'
2025-09-07 02:18:32,646 - WARNING - Warning: 'NoneType' object has no attribute 'getProperty'
2025-09-07 02:18:44,840 - WARNING - Warning: 'NoneType' object has no attribute 'getProperty'
2025-09-07 02:18:46,897 - WARNING - Warning: 'NoneType' object has no attribute 'getProperty'
2025-09-07 02:18:46,902 - WARNING - Warning: Unsupported relative time format
2025-09-07 02:18:49,012 - WARNING - Warning: 'NoneType' object has no attribute 'getProperty'
2025-09-07 02:18:51,070 - WARNING - Warning: 'NoneType' object has no attribute 'getProperty'
2025-09-07 02:18:52,798 - WARNING - Warning: 'NoneType' object has no attribute 'getProperty'
2025-09-07 02:18:55,103 - INFO - End Page Analysis | Total Card: 32| Total Scrape: 32
2025-09-07 02:19:02,797 - WARNING - Warning: 'NoneType' object has no attribute 'getProperty'
2025-09-07 02:19:06,443 - WARNING - Warning: 'NoneType' object has no attribute 'getProperty'
2025-09-07 02:19:08,245 - WARNING - Warning: 'NoneType' object has no attribute 'getProperty'
2025-09-07 02:19:09,984 - WARNING - Warning: 'NoneType' object has no attribute 'getProperty'
2025-09-07 02:19:15,442 - WARNING - Warning: 'NoneType' object has no attribute 'getProperty'
2025-09-07 02:19:23,047 - WARNING - Warning: 'NoneType' object has no attribute 'getProperty'
2025-09-07 02:19:28,584 - WARNING - Warning: 'NoneType' object has no attribute 'getProperty'
2025-09-07 02:19:30,592 - WARNING - Warning: 'NoneType' object has no attribute 'getProperty'
2025-09-07 02:19:37,529 - WARNING - Warning: 'NoneType' object has no attribute 'getProperty'
2025-09-07 02:19:39,253 - WARNING - Warning: 'NoneType' object has no attribute 'getProperty'
2025-09-07 02:19:43,021 - WARNING - Warning: 'NoneType' object has no attribute 'getProperty'
2025-09-07 02:19:46,650 - WARNING - Warning: 'NoneType' object has no attribute 'getProperty'
2025-09-07 02:19:50,163 - WARNING - Warning: 'NoneType' object has no attribute 'getProperty'
2025-09-07 02:19:51,840 - WARNING - Warning: 'NoneType' object has no attribute 'getProperty'
2025-09-07 02:19:55,775 - INFO - End Page Analysis | Total Card: 32| Total Scrape: 32
2025-09-07 02:19:57,982 - INFO - End Full Analysis | Total Card: 160| Total Scrape: 160
2025-09-07 02:19:57,983 - INFO - terminate chrome process...
2025-09-07 02:20:00,513 - INFO - CSV written successfully
2025-09-07 02:20:00,513 - INFO - Wrote CSV with 800 rows to /home/runner/work/Skillsgauge/Skillsgauge/bronze_datasets/JS/js_2025_09_07.csv
2025-09-07 02:20:00,514 - INFO - Scrapper Ended successfully
