2026-02-22 02:46:47,271 - INFO - Scraper started
2026-02-22 02:47:00,476 - INFO - Browser listening on: ws://127.0.0.1:39327/devtools/browser/47bb03dc-6610-4b53-a619-fcc1539f6fae
2026-02-22 02:47:15,109 - WARNING - Warning: 'NoneType' object has no attribute 'getProperty'
2026-02-22 02:47:18,028 - WARNING - Warning: 'NoneType' object has no attribute 'getProperty'
2026-02-22 02:47:20,621 - WARNING - Warning: 'NoneType' object has no attribute 'getProperty'
2026-02-22 02:47:22,010 - WARNING - Warning: 'NoneType' object has no attribute 'getProperty'
2026-02-22 02:47:25,147 - WARNING - Warning: 'NoneType' object has no attribute 'getProperty'
2026-02-22 02:47:28,148 - WARNING - Warning: 'NoneType' object has no attribute 'getProperty'
2026-02-22 02:47:31,278 - WARNING - Warning: 'NoneType' object has no attribute 'getProperty'
2026-02-22 02:47:33,009 - WARNING - Warning: 'NoneType' object has no attribute 'getProperty'
2026-02-22 02:47:34,706 - WARNING - Warning: 'NoneType' object has no attribute 'getProperty'
2026-02-22 02:47:39,703 - WARNING - Warning: 'NoneType' object has no attribute 'getProperty'
2026-02-22 02:47:41,423 - WARNING - Warning: 'NoneType' object has no attribute 'getProperty'
2026-02-22 02:47:45,790 - WARNING - Warning: 'NoneType' object has no attribute 'getProperty'
2026-02-22 02:47:47,351 - WARNING - Warning: 'NoneType' object has no attribute 'getProperty'
2026-02-22 02:47:56,068 - WARNING - Warning: 'NoneType' object has no attribute 'getProperty'
2026-02-22 02:47:57,617 - WARNING - Warning: 'NoneType' object has no attribute 'getProperty'
2026-02-22 02:47:58,812 - WARNING - Warning: 'NoneType' object has no attribute 'getProperty'
2026-02-22 02:48:00,236 - INFO - End Page Analysis | Total Card: 32| Total Scrape: 32
2026-02-22 02:48:03,747 - WARNING - Warning: 'NoneType' object has no attribute 'getProperty'
2026-02-22 02:48:05,046 - WARNING - Warning: 'NoneType' object has no attribute 'getProperty'
2026-02-22 02:48:08,714 - WARNING - Warning: 'NoneType' object has no attribute 'getProperty'
2026-02-22 02:48:15,504 - WARNING - Warning: 'NoneType' object has no attribute 'getProperty'
2026-02-22 02:48:17,013 - WARNING - Warning: 'NoneType' object has no attribute 'getProperty'
2026-02-22 02:48:22,725 - WARNING - Warning: 'NoneType' object has no attribute 'getProperty'
2026-02-22 02:48:24,427 - WARNING - Warning: 'NoneType' object has no attribute 'getProperty'
2026-02-22 02:48:27,135 - WARNING - Warning: 'NoneType' object has no attribute 'getProperty'
2026-02-22 02:48:30,028 - WARNING - Warning: 'NoneType' object has no attribute 'getProperty'
2026-02-22 02:48:34,523 - WARNING - Warning: 'NoneType' object has no attribute 'getProperty'
2026-02-22 02:48:35,797 - WARNING - Warning: 'NoneType' object has no attribute 'getProperty'
2026-02-22 02:48:40,085 - WARNING - Warning: 'NoneType' object has no attribute 'getProperty'
2026-02-22 02:48:47,919 - INFO - End Page Analysis | Total Card: 32| Total Scrape: 32
2026-02-22 02:48:53,012 - WARNING - Warning: 'NoneType' object has no attribute 'getProperty'
2026-02-22 02:48:54,731 - WARNING - Warning: 'NoneType' object has no attribute 'getProperty'
2026-02-22 02:48:56,240 - WARNING - Warning: 'NoneType' object has no attribute 'getProperty'
2026-02-22 02:48:57,700 - WARNING - Warning: 'NoneType' object has no attribute 'getProperty'
2026-02-22 02:48:59,116 - WARNING - Warning: 'NoneType' object has no attribute 'getProperty'
2026-02-22 02:49:03,517 - WARNING - Warning: 'NoneType' object has no attribute 'getProperty'
2026-02-22 02:49:14,465 - WARNING - Warning: 'NoneType' object has no attribute 'getProperty'
2026-02-22 02:49:15,956 - WARNING - Warning: 'NoneType' object has no attribute 'getProperty'
2026-02-22 02:49:17,517 - WARNING - Warning: 'NoneType' object has no attribute 'getProperty'
2026-02-22 02:49:21,035 - WARNING - Warning: 'NoneType' object has no attribute 'getProperty'
2026-02-22 02:49:22,755 - WARNING - Warning: 'NoneType' object has no attribute 'getProperty'
2026-02-22 02:49:24,284 - WARNING - Warning: 'NoneType' object has no attribute 'getProperty'
2026-02-22 02:49:27,431 - WARNING - Warning: 'NoneType' object has no attribute 'getProperty'
2026-02-22 02:49:29,052 - WARNING - Warning: 'NoneType' object has no attribute 'getProperty'
2026-02-22 02:49:30,479 - WARNING - Warning: 'NoneType' object has no attribute 'getProperty'
2026-02-22 02:49:35,174 - WARNING - Warning: 'NoneType' object has no attribute 'getProperty'
2026-02-22 02:49:36,703 - WARNING - Warning: 'NoneType' object has no attribute 'getProperty'
2026-02-22 02:49:38,227 - WARNING - Warning: 'NoneType' object has no attribute 'getProperty'
2026-02-22 02:49:40,085 - INFO - End Page Analysis | Total Card: 32| Total Scrape: 32
2026-02-22 02:49:44,179 - WARNING - Warning: 'NoneType' object has no attribute 'getProperty'
2026-02-22 02:49:52,638 - WARNING - Warning: 'NoneType' object has no attribute 'getProperty'
2026-02-22 02:49:54,565 - WARNING - Warning: 'NoneType' object has no attribute 'getProperty'
2026-02-22 02:49:56,126 - WARNING - Warning: 'NoneType' object has no attribute 'getProperty'
2026-02-22 02:49:57,818 - WARNING - Warning: 'NoneType' object has no attribute 'getProperty'
2026-02-22 02:49:59,422 - WARNING - Warning: 'NoneType' object has no attribute 'getProperty'
2026-02-22 02:50:01,076 - WARNING - Warning: 'NoneType' object has no attribute 'getProperty'
2026-02-22 02:50:03,030 - WARNING - Warning: 'NoneType' object has no attribute 'getProperty'
2026-02-22 02:50:04,641 - WARNING - Warning: 'NoneType' object has no attribute 'getProperty'
2026-02-22 02:50:06,325 - WARNING - Warning: 'NoneType' object has no attribute 'getProperty'
2026-02-22 02:50:13,446 - WARNING - Warning: 'NoneType' object has no attribute 'getProperty'
2026-02-22 02:50:15,078 - WARNING - Warning: 'NoneType' object has no attribute 'getProperty'
2026-02-22 02:50:20,058 - WARNING - Warning: 'NoneType' object has no attribute 'getProperty'
2026-02-22 02:50:25,383 - WARNING - Warning: 'NoneType' object has no attribute 'getProperty'
2026-02-22 02:50:27,035 - WARNING - Warning: 'NoneType' object has no attribute 'getProperty'
2026-02-22 02:50:30,470 - WARNING - Warning: 'NoneType' object has no attribute 'getProperty'
2026-02-22 02:50:34,327 - WARNING - Warning: 'NoneType' object has no attribute 'getProperty'
2026-02-22 02:50:36,699 - WARNING - Warning: 'NoneType' object has no attribute 'getProperty'
2026-02-22 02:50:38,942 - WARNING - Warning: 'NoneType' object has no attribute 'getProperty'
2026-02-22 02:50:38,958 - INFO - End Page Analysis | Total Card: 32| Total Scrape: 32
2026-02-22 02:50:44,487 - WARNING - Warning: 'NoneType' object has no attribute 'getProperty'
2026-02-22 02:50:50,601 - WARNING - Warning: 'NoneType' object has no attribute 'getProperty'
2026-02-22 02:50:52,189 - WARNING - Warning: 'NoneType' object has no attribute 'getProperty'
2026-02-22 02:50:54,209 - WARNING - Warning: 'NoneType' object has no attribute 'getProperty'
2026-02-22 02:50:56,082 - WARNING - Warning: 'NoneType' object has no attribute 'getProperty'
2026-02-22 02:50:59,698 - WARNING - Warning: 'NoneType' object has no attribute 'getProperty'
2026-02-22 02:51:01,628 - WARNING - Warning: 'NoneType' object has no attribute 'getProperty'
2026-02-22 02:51:03,297 - WARNING - Warning: 'NoneType' object has no attribute 'getProperty'
2026-02-22 02:51:08,979 - WARNING - Warning: 'NoneType' object has no attribute 'getProperty'
2026-02-22 02:51:12,391 - WARNING - Warning: 'NoneType' object has no attribute 'getProperty'
2026-02-22 02:51:16,039 - WARNING - Warning: 'NoneType' object has no attribute 'getProperty'
2026-02-22 02:51:17,964 - WARNING - Warning: 'NoneType' object has no attribute 'getProperty'
2026-02-22 02:51:23,631 - WARNING - Warning: 'NoneType' object has no attribute 'getProperty'
2026-02-22 02:51:25,756 - WARNING - Warning: 'NoneType' object has no attribute 'getProperty'
2026-02-22 02:51:31,616 - WARNING - Warning: 'NoneType' object has no attribute 'getProperty'
2026-02-22 02:51:33,459 - WARNING - Warning: 'NoneType' object has no attribute 'getProperty'
2026-02-22 02:51:39,004 - WARNING - Warning: 'NoneType' object has no attribute 'getProperty'
2026-02-22 02:51:41,040 - WARNING - Warning: 'NoneType' object has no attribute 'getProperty'
2026-02-22 02:51:43,033 - INFO - End Page Analysis | Total Card: 32| Total Scrape: 32
2026-02-22 02:51:45,223 - INFO - End Full Analysis | Total Card: 160| Total Scrape: 160
2026-02-22 02:51:53,199 - WARNING - Warning: 'NoneType' object has no attribute 'getProperty'
2026-02-22 02:51:54,596 - WARNING - Warning: 'NoneType' object has no attribute 'getProperty'
2026-02-22 02:51:57,337 - WARNING - Warning: 'NoneType' object has no attribute 'getProperty'
2026-02-22 02:52:02,003 - WARNING - Warning: 'NoneType' object has no attribute 'getProperty'
2026-02-22 02:52:03,388 - WARNING - Warning: 'NoneType' object has no attribute 'getProperty'
2026-02-22 02:52:10,151 - WARNING - Warning: 'NoneType' object has no attribute 'getProperty'
2026-02-22 02:52:12,853 - WARNING - Warning: 'NoneType' object has no attribute 'getProperty'
2026-02-22 02:52:15,729 - WARNING - Warning: 'NoneType' object has no attribute 'getProperty'
2026-02-22 02:52:18,541 - WARNING - Warning: 'NoneType' object has no attribute 'getProperty'
2026-02-22 02:52:19,775 - WARNING - Warning: 'NoneType' object has no attribute 'getProperty'
2026-02-22 02:52:25,566 - WARNING - Warning: 'NoneType' object has no attribute 'getProperty'
2026-02-22 02:52:34,999 - WARNING - Warning: 'NoneType' object has no attribute 'getProperty'
2026-02-22 02:52:35,010 - INFO - End Page Analysis | Total Card: 32| Total Scrape: 32
2026-02-22 02:52:38,479 - WARNING - Warning: 'NoneType' object has no attribute 'getProperty'
2026-02-22 02:52:46,927 - WARNING - Warning: 'NoneType' object has no attribute 'getProperty'
2026-02-22 02:52:48,604 - WARNING - Warning: 'NoneType' object has no attribute 'getProperty'
2026-02-22 02:52:52,091 - WARNING - Warning: 'NoneType' object has no attribute 'getProperty'
2026-02-22 02:52:53,460 - WARNING - Warning: 'NoneType' object has no attribute 'getProperty'
2026-02-22 02:52:54,722 - WARNING - Warning: 'NoneType' object has no attribute 'getProperty'
2026-02-22 02:53:05,577 - WARNING - Warning: 'NoneType' object has no attribute 'getProperty'
2026-02-22 02:53:11,384 - WARNING - Warning: 'NoneType' object has no attribute 'getProperty'
2026-02-22 02:53:12,922 - WARNING - Warning: 'NoneType' object has no attribute 'getProperty'
2026-02-22 02:53:18,548 - WARNING - Warning: 'NoneType' object has no attribute 'getProperty'
2026-02-22 02:53:19,973 - WARNING - Warning: 'NoneType' object has no attribute 'getProperty'
2026-02-22 02:53:23,338 - INFO - End Page Analysis | Total Card: 32| Total Scrape: 32
2026-02-22 02:53:37,037 - WARNING - Warning: 'NoneType' object has no attribute 'getProperty'
2026-02-22 02:53:42,982 - WARNING - Warning: 'NoneType' object has no attribute 'getProperty'
2026-02-22 02:53:46,093 - WARNING - Warning: 'NoneType' object has no attribute 'getProperty'
2026-02-22 02:53:52,877 - WARNING - Warning: 'NoneType' object has no attribute 'getProperty'
2026-02-22 02:54:00,671 - WARNING - Warning: 'NoneType' object has no attribute 'getProperty'
2026-02-22 02:54:02,762 - WARNING - Warning: 'NoneType' object has no attribute 'getProperty'
2026-02-22 02:54:04,350 - WARNING - Warning: 'NoneType' object has no attribute 'getProperty'
2026-02-22 02:54:05,966 - WARNING - Warning: 'NoneType' object has no attribute 'getProperty'
2026-02-22 02:54:07,663 - WARNING - Warning: 'NoneType' object has no attribute 'getProperty'
2026-02-22 02:54:12,346 - WARNING - Warning: 'NoneType' object has no attribute 'getProperty'
2026-02-22 02:54:15,429 - WARNING - Warning: 'NoneType' object has no attribute 'getProperty'
2026-02-22 02:54:15,439 - INFO - End Page Analysis | Total Card: 32| Total Scrape: 32
2026-02-22 02:54:19,241 - WARNING - Warning: 'NoneType' object has no attribute 'getProperty'
2026-02-22 02:54:27,198 - WARNING - Warning: 'NoneType' object has no attribute 'getProperty'
2026-02-22 02:54:29,265 - WARNING - Warning: 'NoneType' object has no attribute 'getProperty'
2026-02-22 02:54:33,991 - WARNING - Warning: 'NoneType' object has no attribute 'getProperty'
2026-02-22 02:54:35,762 - WARNING - Warning: 'NoneType' object has no attribute 'getProperty'
2026-02-22 02:54:39,002 - WARNING - Warning: 'NoneType' object has no attribute 'getProperty'
2026-02-22 02:54:40,661 - WARNING - Warning: 'NoneType' object has no attribute 'getProperty'
2026-02-22 02:54:42,357 - WARNING - Warning: 'NoneType' object has no attribute 'getProperty'
2026-02-22 02:54:48,703 - WARNING - Warning: 'NoneType' object has no attribute 'getProperty'
2026-02-22 02:54:52,113 - WARNING - Warning: 'NoneType' object has no attribute 'getProperty'
2026-02-22 02:54:53,914 - WARNING - Warning: 'NoneType' object has no attribute 'getProperty'
2026-02-22 02:54:55,670 - WARNING - Warning: 'NoneType' object has no attribute 'getProperty'
2026-02-22 02:55:03,904 - WARNING - Warning: 'NoneType' object has no attribute 'getProperty'
2026-02-22 02:55:07,633 - WARNING - Warning: 'NoneType' object has no attribute 'getProperty'
2026-02-22 02:55:09,278 - WARNING - Warning: 'NoneType' object has no attribute 'getProperty'
2026-02-22 02:55:10,946 - INFO - End Page Analysis | Total Card: 32| Total Scrape: 32
2026-02-22 02:55:25,241 - WARNING - Warning: 'NoneType' object has no attribute 'getProperty'
2026-02-22 02:55:28,526 - WARNING - Warning: 'NoneType' object has no attribute 'getProperty'
2026-02-22 02:55:30,269 - WARNING - Warning: 'NoneType' object has no attribute 'getProperty'
2026-02-22 02:55:33,610 - WARNING - Warning: 'NoneType' object has no attribute 'getProperty'
2026-02-22 02:55:35,449 - WARNING - Warning: 'NoneType' object has no attribute 'getProperty'
2026-02-22 02:55:37,206 - WARNING - Warning: 'NoneType' object has no attribute 'getProperty'
2026-02-22 02:55:40,587 - WARNING - Warning: 'NoneType' object has no attribute 'getProperty'
2026-02-22 02:55:42,343 - WARNING - Warning: 'NoneType' object has no attribute 'getProperty'
2026-02-22 02:55:44,165 - WARNING - Warning: 'NoneType' object has no attribute 'getProperty'
2026-02-22 02:55:45,935 - WARNING - Warning: 'NoneType' object has no attribute 'getProperty'
2026-02-22 02:55:49,731 - WARNING - Warning: 'NoneType' object has no attribute 'getProperty'
2026-02-22 02:55:53,367 - WARNING - Warning: 'NoneType' object has no attribute 'getProperty'
2026-02-22 02:55:55,116 - WARNING - Warning: 'NoneType' object has no attribute 'getProperty'
2026-02-22 02:56:02,607 - WARNING - Warning: 'NoneType' object has no attribute 'getProperty'
2026-02-22 02:56:04,424 - WARNING - Warning: 'NoneType' object has no attribute 'getProperty'
2026-02-22 02:56:06,389 - WARNING - Warning: 'NoneType' object has no attribute 'getProperty'
2026-02-22 02:56:08,273 - WARNING - Warning: 'NoneType' object has no attribute 'getProperty'
2026-02-22 02:56:10,029 - INFO - End Page Analysis | Total Card: 32| Total Scrape: 32
2026-02-22 02:56:12,199 - INFO - End Full Analysis | Total Card: 160| Total Scrape: 160
2026-02-22 02:56:20,562 - WARNING - Warning: 'NoneType' object has no attribute 'getProperty'
2026-02-22 02:56:23,691 - WARNING - Warning: 'NoneType' object has no attribute 'getProperty'
2026-02-22 02:56:32,417 - WARNING - Warning: 'NoneType' object has no attribute 'getProperty'
2026-02-22 02:56:33,513 - WARNING - Warning: 'NoneType' object has no attribute 'getProperty'
2026-02-22 02:56:43,136 - WARNING - Warning: 'NoneType' object has no attribute 'getProperty'
2026-02-22 02:56:46,964 - WARNING - Warning: 'NoneType' object has no attribute 'getProperty'
2026-02-22 02:56:48,271 - WARNING - Warning: 'NoneType' object has no attribute 'getProperty'
2026-02-22 02:56:49,657 - WARNING - Warning: 'NoneType' object has no attribute 'getProperty'
2026-02-22 02:57:00,548 - INFO - End Page Analysis | Total Card: 32| Total Scrape: 32
2026-02-22 02:57:05,270 - WARNING - Warning: 'NoneType' object has no attribute 'getProperty'
2026-02-22 02:57:07,911 - WARNING - Warning: 'NoneType' object has no attribute 'getProperty'
2026-02-22 02:57:18,785 - WARNING - Warning: 'NoneType' object has no attribute 'getProperty'
2026-02-22 02:57:21,236 - WARNING - Warning: 'NoneType' object has no attribute 'getProperty'
2026-02-22 02:57:28,257 - WARNING - Warning: 'NoneType' object has no attribute 'getProperty'
2026-02-22 02:57:34,044 - WARNING - Warning: 'NoneType' object has no attribute 'getProperty'
2026-02-22 02:57:47,629 - WARNING - Warning: 'NoneType' object has no attribute 'getProperty'
2026-02-22 02:57:47,640 - INFO - End Page Analysis | Total Card: 32| Total Scrape: 32
2026-02-22 02:57:51,173 - WARNING - Warning: 'NoneType' object has no attribute 'getProperty'
2026-02-22 02:57:55,584 - WARNING - Warning: 'NoneType' object has no attribute 'getProperty'
2026-02-22 02:58:00,151 - WARNING - Warning: 'NoneType' object has no attribute 'getProperty'
2026-02-22 02:58:03,131 - WARNING - Warning: 'NoneType' object has no attribute 'getProperty'
2026-02-22 02:58:12,149 - WARNING - Warning: 'NoneType' object has no attribute 'getProperty'
2026-02-22 02:58:22,902 - WARNING - Warning: 'NoneType' object has no attribute 'getProperty'
2026-02-22 02:58:25,951 - WARNING - Warning: 'NoneType' object has no attribute 'getProperty'
2026-02-22 02:58:29,462 - WARNING - Warning: 'NoneType' object has no attribute 'getProperty'
2026-02-22 02:58:36,927 - WARNING - Warning: 'NoneType' object has no attribute 'getProperty'
2026-02-22 02:58:38,644 - WARNING - Warning: 'NoneType' object has no attribute 'getProperty'
2026-02-22 02:58:38,655 - INFO - End Page Analysis | Total Card: 32| Total Scrape: 32
2026-02-22 02:58:42,515 - WARNING - Warning: 'NoneType' object has no attribute 'getProperty'
2026-02-22 02:58:44,056 - WARNING - Warning: 'NoneType' object has no attribute 'getProperty'
2026-02-22 02:58:45,519 - WARNING - Warning: 'NoneType' object has no attribute 'getProperty'
2026-02-22 02:58:45,524 - WARNING - Warning: Unsupported relative time format
2026-02-22 02:58:55,086 - WARNING - Warning: 'NoneType' object has no attribute 'getProperty'
2026-02-22 02:58:57,162 - WARNING - Warning: 'NoneType' object has no attribute 'getProperty'
2026-02-22 02:58:58,841 - WARNING - Warning: 'NoneType' object has no attribute 'getProperty'
2026-02-22 02:59:02,249 - WARNING - Warning: Unsupported relative time format
2026-02-22 02:59:05,509 - WARNING - Warning: 'NoneType' object has no attribute 'getProperty'
2026-02-22 02:59:07,094 - WARNING - Warning: 'NoneType' object has no attribute 'getProperty'
2026-02-22 02:59:10,428 - WARNING - Warning: 'NoneType' object has no attribute 'getProperty'
2026-02-22 02:59:12,044 - WARNING - Warning: 'NoneType' object has no attribute 'getProperty'
2026-02-22 02:59:13,751 - WARNING - Warning: 'NoneType' object has no attribute 'getProperty'
2026-02-22 02:59:15,407 - WARNING - Warning: 'NoneType' object has no attribute 'getProperty'
2026-02-22 02:59:20,578 - WARNING - Warning: 'NoneType' object has no attribute 'getProperty'
2026-02-22 02:59:23,435 - WARNING - Warning: 'NoneType' object has no attribute 'getProperty'
2026-02-22 02:59:25,350 - WARNING - Warning: 'NoneType' object has no attribute 'getProperty'
2026-02-22 02:59:33,165 - WARNING - Warning: 'NoneType' object has no attribute 'getProperty'
2026-02-22 02:59:36,625 - INFO - End Page Analysis | Total Card: 32| Total Scrape: 32
2026-02-22 02:59:42,506 - WARNING - Warning: 'NoneType' object has no attribute 'getProperty'
2026-02-22 02:59:44,403 - WARNING - Warning: 'NoneType' object has no attribute 'getProperty'
2026-02-22 02:59:47,836 - WARNING - Warning: 'NoneType' object has no attribute 'getProperty'
2026-02-22 02:59:49,630 - WARNING - Warning: 'NoneType' object has no attribute 'getProperty'
2026-02-22 02:59:58,594 - WARNING - Warning: 'NoneType' object has no attribute 'getProperty'
2026-02-22 03:00:02,340 - WARNING - Warning: 'NoneType' object has no attribute 'getProperty'
2026-02-22 03:00:23,720 - WARNING - Warning: 'NoneType' object has no attribute 'getProperty'
2026-02-22 03:00:29,414 - WARNING - Warning: 'NoneType' object has no attribute 'getProperty'
2026-02-22 03:00:33,264 - WARNING - Warning: 'NoneType' object has no attribute 'getProperty'
2026-02-22 03:00:38,840 - INFO - End Page Analysis | Total Card: 32| Total Scrape: 32
2026-02-22 03:00:41,021 - INFO - End Full Analysis | Total Card: 160| Total Scrape: 160
2026-02-22 03:00:48,239 - WARNING - Warning: 'NoneType' object has no attribute 'getProperty'
2026-02-22 03:00:49,665 - WARNING - Warning: 'NoneType' object has no attribute 'getProperty'
2026-02-22 03:00:55,147 - WARNING - Warning: 'NoneType' object has no attribute 'getProperty'
2026-02-22 03:00:57,876 - WARNING - Warning: 'NoneType' object has no attribute 'getProperty'
2026-02-22 03:01:00,679 - WARNING - Warning: 'NoneType' object has no attribute 'getProperty'
2026-02-22 03:01:03,189 - WARNING - Warning: 'NoneType' object has no attribute 'getProperty'
2026-02-22 03:01:04,840 - WARNING - Warning: 'NoneType' object has no attribute 'getProperty'
2026-02-22 03:01:07,187 - WARNING - Warning: 'NoneType' object has no attribute 'getProperty'
2026-02-22 03:01:08,683 - WARNING - Warning: 'NoneType' object has no attribute 'getProperty'
2026-02-22 03:01:11,268 - WARNING - Warning: 'NoneType' object has no attribute 'getProperty'
2026-02-22 03:01:15,534 - WARNING - Warning: 'NoneType' object has no attribute 'getProperty'
2026-02-22 03:01:19,770 - WARNING - Warning: 'NoneType' object has no attribute 'getProperty'
2026-02-22 03:01:21,153 - WARNING - Warning: 'NoneType' object has no attribute 'getProperty'
2026-02-22 03:01:23,784 - WARNING - Warning: 'NoneType' object has no attribute 'getProperty'
2026-02-22 03:01:30,430 - WARNING - Warning: 'NoneType' object has no attribute 'getProperty'
2026-02-22 03:01:31,548 - INFO - End Page Analysis | Total Card: 32| Total Scrape: 32
2026-02-22 03:01:37,854 - WARNING - Warning: 'NoneType' object has no attribute 'getProperty'
2026-02-22 03:01:45,587 - WARNING - Warning: 'NoneType' object has no attribute 'getProperty'
2026-02-22 03:01:51,435 - WARNING - Warning: 'NoneType' object has no attribute 'getProperty'
2026-02-22 03:02:03,369 - WARNING - Warning: 'NoneType' object has no attribute 'getProperty'
2026-02-22 03:02:04,941 - WARNING - Warning: 'NoneType' object has no attribute 'getProperty'
2026-02-22 03:02:06,393 - WARNING - Warning: 'NoneType' object has no attribute 'getProperty'
2026-02-22 03:02:10,880 - WARNING - Warning: 'NoneType' object has no attribute 'getProperty'
2026-02-22 03:02:13,865 - WARNING - Warning: 'NoneType' object has no attribute 'getProperty'
2026-02-22 03:02:18,563 - WARNING - Warning: 'NoneType' object has no attribute 'getProperty'
2026-02-22 03:02:21,489 - WARNING - Warning: 'NoneType' object has no attribute 'getProperty'
2026-02-22 03:02:21,499 - INFO - End Page Analysis | Total Card: 32| Total Scrape: 32
2026-02-22 03:02:26,562 - WARNING - Warning: 'NoneType' object has no attribute 'getProperty'
2026-02-22 03:02:32,450 - WARNING - Warning: 'NoneType' object has no attribute 'getProperty'
2026-02-22 03:02:34,070 - WARNING - Warning: 'NoneType' object has no attribute 'getProperty'
2026-02-22 03:02:38,845 - WARNING - Warning: 'NoneType' object has no attribute 'getProperty'
2026-02-22 03:02:42,489 - WARNING - Warning: 'NoneType' object has no attribute 'getProperty'
2026-02-22 03:02:49,822 - WARNING - Warning: 'NoneType' object has no attribute 'getProperty'
2026-02-22 03:02:57,702 - WARNING - Warning: 'NoneType' object has no attribute 'getProperty'
2026-02-22 03:02:59,362 - WARNING - Warning: 'NoneType' object has no attribute 'getProperty'
2026-02-22 03:03:03,545 - WARNING - Warning: 'NoneType' object has no attribute 'getProperty'
2026-02-22 03:03:14,932 - WARNING - Warning: 'NoneType' object has no attribute 'getProperty'
2026-02-22 03:03:17,256 - WARNING - Warning: 'NoneType' object has no attribute 'getProperty'
2026-02-22 03:03:18,868 - WARNING - Warning: 'NoneType' object has no attribute 'getProperty'
2026-02-22 03:03:18,886 - INFO - End Page Analysis | Total Card: 32| Total Scrape: 32
2026-02-22 03:03:22,973 - WARNING - Warning: 'NoneType' object has no attribute 'getProperty'
2026-02-22 03:03:27,668 - WARNING - Warning: 'NoneType' object has no attribute 'getProperty'
2026-02-22 03:03:38,908 - WARNING - Warning: 'NoneType' object has no attribute 'getProperty'
2026-02-22 03:03:40,643 - WARNING - Warning: 'NoneType' object has no attribute 'getProperty'
2026-02-22 03:03:42,151 - WARNING - Warning: 'NoneType' object has no attribute 'getProperty'
2026-02-22 03:03:44,003 - WARNING - Warning: 'NoneType' object has no attribute 'getProperty'
2026-02-22 03:03:52,987 - WARNING - Warning: 'NoneType' object has no attribute 'getProperty'
2026-02-22 03:03:56,354 - WARNING - Warning: 'NoneType' object has no attribute 'getProperty'
2026-02-22 03:03:57,977 - WARNING - Warning: 'NoneType' object has no attribute 'getProperty'
2026-02-22 03:03:59,863 - WARNING - Warning: 'NoneType' object has no attribute 'getProperty'
2026-02-22 03:04:03,550 - WARNING - Warning: 'NoneType' object has no attribute 'getProperty'
2026-02-22 03:04:09,462 - WARNING - Warning: 'NoneType' object has no attribute 'getProperty'
2026-02-22 03:04:12,964 - WARNING - Warning: 'NoneType' object has no attribute 'getProperty'
2026-02-22 03:04:16,413 - WARNING - Warning: 'NoneType' object has no attribute 'getProperty'
2026-02-22 03:04:18,213 - INFO - End Page Analysis | Total Card: 32| Total Scrape: 32
2026-02-22 03:04:28,450 - WARNING - Warning: 'NoneType' object has no attribute 'getProperty'
2026-02-22 03:04:30,045 - WARNING - Warning: 'NoneType' object has no attribute 'getProperty'
2026-02-22 03:04:31,712 - WARNING - Warning: 'NoneType' object has no attribute 'getProperty'
2026-02-22 03:04:33,480 - WARNING - Warning: 'NoneType' object has no attribute 'getProperty'
2026-02-22 03:04:36,965 - WARNING - Warning: 'NoneType' object has no attribute 'getProperty'
2026-02-22 03:04:42,296 - WARNING - Warning: 'NoneType' object has no attribute 'getProperty'
2026-02-22 03:04:50,756 - WARNING - Warning: 'NoneType' object has no attribute 'getProperty'
2026-02-22 03:04:52,934 - WARNING - Warning: 'NoneType' object has no attribute 'getProperty'
2026-02-22 03:05:03,804 - WARNING - Warning: 'NoneType' object has no attribute 'getProperty'
2026-02-22 03:05:05,518 - WARNING - Warning: 'NoneType' object has no attribute 'getProperty'
2026-02-22 03:05:09,913 - WARNING - Warning: 'NoneType' object has no attribute 'getProperty'
2026-02-22 03:05:13,896 - WARNING - Warning: 'NoneType' object has no attribute 'getProperty'
2026-02-22 03:05:21,668 - INFO - End Page Analysis | Total Card: 32| Total Scrape: 32
2026-02-22 03:05:23,850 - INFO - End Full Analysis | Total Card: 160| Total Scrape: 160
2026-02-22 03:05:32,184 - WARNING - Warning: 'NoneType' object has no attribute 'getProperty'
2026-02-22 03:05:35,072 - WARNING - Warning: 'NoneType' object has no attribute 'getProperty'
2026-02-22 03:05:37,924 - WARNING - Warning: 'NoneType' object has no attribute 'getProperty'
2026-02-22 03:05:39,387 - WARNING - Warning: 'NoneType' object has no attribute 'getProperty'
2026-02-22 03:05:41,939 - WARNING - Warning: 'NoneType' object has no attribute 'getProperty'
2026-02-22 03:05:43,276 - WARNING - Warning: 'NoneType' object has no attribute 'getProperty'
2026-02-22 03:05:45,900 - WARNING - Warning: 'NoneType' object has no attribute 'getProperty'
2026-02-22 03:05:48,288 - WARNING - Warning: 'NoneType' object has no attribute 'getProperty'
2026-02-22 03:05:50,898 - WARNING - Warning: 'NoneType' object has no attribute 'getProperty'
2026-02-22 03:05:55,362 - WARNING - Warning: 'NoneType' object has no attribute 'getProperty'
2026-02-22 03:05:56,751 - WARNING - Warning: 'NoneType' object has no attribute 'getProperty'
2026-02-22 03:06:02,190 - WARNING - Warning: 'NoneType' object has no attribute 'getProperty'
2026-02-22 03:06:04,107 - WARNING - Warning: 'NoneType' object has no attribute 'getProperty'
2026-02-22 03:06:05,356 - WARNING - Warning: 'NoneType' object has no attribute 'getProperty'
2026-02-22 03:06:10,116 - WARNING - Warning: 'NoneType' object has no attribute 'getProperty'
2026-02-22 03:06:12,817 - WARNING - Warning: 'NoneType' object has no attribute 'getProperty'
2026-02-22 03:06:15,639 - WARNING - Warning: 'NoneType' object has no attribute 'getProperty'
2026-02-22 03:06:15,652 - INFO - End Page Analysis | Total Card: 32| Total Scrape: 32
2026-02-22 03:06:22,335 - WARNING - Warning: 'NoneType' object has no attribute 'getProperty'
2026-02-22 03:06:25,346 - WARNING - Warning: 'NoneType' object has no attribute 'getProperty'
2026-02-22 03:06:27,178 - WARNING - Warning: 'NoneType' object has no attribute 'getProperty'
2026-02-22 03:06:27,183 - WARNING - Warning: Unsupported relative time format
2026-02-22 03:06:28,741 - WARNING - Warning: 'NoneType' object has no attribute 'getProperty'
2026-02-22 03:06:33,117 - WARNING - Warning: 'NoneType' object has no attribute 'getProperty'
2026-02-22 03:06:34,691 - WARNING - Warning: 'NoneType' object has no attribute 'getProperty'
2026-02-22 03:06:40,353 - WARNING - Warning: 'NoneType' object has no attribute 'getProperty'
2026-02-22 03:06:43,274 - WARNING - Warning: 'NoneType' object has no attribute 'getProperty'
2026-02-22 03:06:49,165 - WARNING - Warning: 'NoneType' object has no attribute 'getProperty'
2026-02-22 03:06:51,932 - WARNING - Warning: 'NoneType' object has no attribute 'getProperty'
2026-02-22 03:06:53,323 - WARNING - Warning: 'NoneType' object has no attribute 'getProperty'
2026-02-22 03:07:01,706 - WARNING - Warning: 'NoneType' object has no attribute 'getProperty'
2026-02-22 03:07:04,611 - WARNING - Warning: 'NoneType' object has no attribute 'getProperty'
2026-02-22 03:07:06,047 - WARNING - Warning: 'NoneType' object has no attribute 'getProperty'
2026-02-22 03:07:06,058 - INFO - End Page Analysis | Total Card: 32| Total Scrape: 32
2026-02-22 03:07:09,559 - WARNING - Warning: 'NoneType' object has no attribute 'getProperty'
2026-02-22 03:07:10,688 - WARNING - Warning: 'NoneType' object has no attribute 'getProperty'
2026-02-22 03:07:12,176 - WARNING - Warning: 'NoneType' object has no attribute 'getProperty'
2026-02-22 03:07:18,625 - WARNING - Warning: 'NoneType' object has no attribute 'getProperty'
2026-02-22 03:07:20,687 - WARNING - Warning: 'NoneType' object has no attribute 'getProperty'
2026-02-22 03:07:22,412 - WARNING - Warning: 'NoneType' object has no attribute 'getProperty'
2026-02-22 03:07:24,124 - WARNING - Warning: 'NoneType' object has no attribute 'getProperty'
2026-02-22 03:07:31,689 - WARNING - Warning: 'NoneType' object has no attribute 'getProperty'
2026-02-22 03:07:36,635 - WARNING - Warning: 'NoneType' object has no attribute 'getProperty'
2026-02-22 03:07:39,705 - WARNING - Warning: 'NoneType' object has no attribute 'getProperty'
2026-02-22 03:07:41,215 - WARNING - Warning: 'NoneType' object has no attribute 'getProperty'
2026-02-22 03:07:44,760 - WARNING - Warning: 'NoneType' object has no attribute 'getProperty'
2026-02-22 03:07:47,929 - WARNING - Warning: 'NoneType' object has no attribute 'getProperty'
2026-02-22 03:07:57,452 - WARNING - Warning: 'NoneType' object has no attribute 'getProperty'
2026-02-22 03:07:59,051 - WARNING - Warning: 'NoneType' object has no attribute 'getProperty'
2026-02-22 03:08:02,236 - WARNING - Warning: 'NoneType' object has no attribute 'getProperty'
2026-02-22 03:08:02,247 - INFO - End Page Analysis | Total Card: 32| Total Scrape: 32
2026-02-22 03:08:05,988 - WARNING - Warning: 'NoneType' object has no attribute 'getProperty'
2026-02-22 03:08:07,804 - WARNING - Warning: 'NoneType' object has no attribute 'getProperty'
2026-02-22 03:08:09,418 - WARNING - Warning: 'NoneType' object has no attribute 'getProperty'
2026-02-22 03:08:17,366 - WARNING - Warning: 'NoneType' object has no attribute 'getProperty'
2026-02-22 03:08:22,142 - WARNING - Warning: 'NoneType' object has no attribute 'getProperty'
2026-02-22 03:08:29,267 - WARNING - Warning: 'NoneType' object has no attribute 'getProperty'
2026-02-22 03:08:30,769 - WARNING - Warning: 'NoneType' object has no attribute 'getProperty'
2026-02-22 03:08:32,397 - WARNING - Warning: 'NoneType' object has no attribute 'getProperty'
2026-02-22 03:08:37,522 - WARNING - Warning: 'NoneType' object has no attribute 'getProperty'
2026-02-22 03:08:40,722 - WARNING - Warning: 'NoneType' object has no attribute 'getProperty'
2026-02-22 03:08:42,671 - WARNING - Warning: 'NoneType' object has no attribute 'getProperty'
2026-02-22 03:08:44,465 - WARNING - Warning: 'NoneType' object has no attribute 'getProperty'
2026-02-22 03:08:48,234 - WARNING - Warning: 'NoneType' object has no attribute 'getProperty'
2026-02-22 03:08:58,396 - INFO - End Page Analysis | Total Card: 32| Total Scrape: 32
2026-02-22 03:09:02,566 - WARNING - Warning: 'NoneType' object has no attribute 'getProperty'
2026-02-22 03:09:10,065 - WARNING - Warning: 'NoneType' object has no attribute 'getProperty'
2026-02-22 03:09:12,343 - WARNING - Warning: 'NoneType' object has no attribute 'getProperty'
2026-02-22 03:09:14,363 - WARNING - Warning: 'NoneType' object has no attribute 'getProperty'
2026-02-22 03:09:16,153 - WARNING - Warning: 'NoneType' object has no attribute 'getProperty'
2026-02-22 03:09:19,609 - WARNING - Warning: 'NoneType' object has no attribute 'getProperty'
2026-02-22 03:09:25,356 - WARNING - Warning: 'NoneType' object has no attribute 'getProperty'
2026-02-22 03:09:27,101 - WARNING - Warning: 'NoneType' object has no attribute 'getProperty'
2026-02-22 03:09:28,942 - WARNING - Warning: 'NoneType' object has no attribute 'getProperty'
2026-02-22 03:09:38,143 - WARNING - Warning: 'NoneType' object has no attribute 'getProperty'
2026-02-22 03:09:47,307 - WARNING - Warning: 'NoneType' object has no attribute 'getProperty'
2026-02-22 03:09:56,186 - WARNING - Warning: 'NoneType' object has no attribute 'getProperty'
2026-02-22 03:10:00,509 - WARNING - Warning: 'NoneType' object has no attribute 'getProperty'
2026-02-22 03:10:00,515 - WARNING - Warning: Unsupported relative time format
2026-02-22 03:10:02,528 - WARNING - Warning: Unsupported relative time format
2026-02-22 03:10:06,720 - WARNING - Warning: 'NoneType' object has no attribute 'getProperty'
2026-02-22 03:10:06,736 - INFO - End Page Analysis | Total Card: 32| Total Scrape: 32
2026-02-22 03:10:08,969 - INFO - End Full Analysis | Total Card: 160| Total Scrape: 160
2026-02-22 03:10:08,970 - INFO - terminate chrome process...
2026-02-22 03:10:08,978 - ERROR - Future exception was never retrieved
future: <Future finished exception=NetworkError('Protocol error Target.detachFromTarget: Target closed.')>
pyppeteer.errors.NetworkError: Protocol error Target.detachFromTarget: Target closed.
2026-02-22 03:10:08,986 - ERROR - Future exception was never retrieved
future: <Future finished exception=NetworkError('Protocol error Target.sendMessageToTarget: Target closed.')>
pyppeteer.errors.NetworkError: Protocol error Target.sendMessageToTarget: Target closed.
2026-02-22 03:10:10,229 - INFO - CSV written successfully
2026-02-22 03:10:10,229 - INFO - Wrote CSV with 800 rows to /home/runner/work/Skillsgauge/Skillsgauge/bronze_datasets/JS/js_2026_02_22.csv
2026-02-22 03:10:10,231 - INFO - Scrapper Ended successfully
